
Training Setting: backend=modelB | batch_size=128 | epoch=0 | lr=1.0e-02 | circles=1 
Training: Epoch=0 | Loss: 12.646 |  Acc: 26.534,30.866,38.476,42.834,46.608,48.770,48.938,49.358,% 
Testing: Epoch=0 | Loss: 11.022 |  Acc: 27.000,33.950,45.420,51.640,57.850,60.330,60.280,61.190,% 

Training Setting: backend=modelB | batch_size=128 | epoch=1 | lr=1.0e-02 | circles=1 
Training: Epoch=1 | Loss: 9.892 |  Acc: 31.984,39.266,50.944,58.052,62.632,65.818,66.096,66.550,% 
Testing: Epoch=1 | Loss: 10.157 |  Acc: 28.350,37.440,51.520,58.600,62.550,64.990,65.130,65.580,% 

Training Setting: backend=modelB | batch_size=128 | epoch=2 | lr=1.0e-02 | circles=1 
Training: Epoch=2 | Loss: 8.713 |  Acc: 34.126,43.986,55.892,63.862,68.738,72.404,73.158,73.316,% 
Testing: Epoch=2 | Loss: 9.023 |  Acc: 34.180,42.260,54.110,62.320,68.310,72.760,73.260,74.120,% 

Training Setting: backend=modelB | batch_size=128 | epoch=3 | lr=1.0e-02 | circles=1 
Training: Epoch=3 | Loss: 7.850 |  Acc: 36.004,47.220,59.200,68.044,74.212,77.768,78.422,78.574,% 
Testing: Epoch=3 | Loss: 7.767 |  Acc: 33.200,47.040,58.700,70.020,75.370,78.910,79.570,79.460,% 

Training Setting: backend=modelB | batch_size=128 | epoch=4 | lr=1.0e-02 | circles=1 
Training: Epoch=4 | Loss: 7.287 |  Acc: 37.168,49.290,61.152,70.950,77.652,80.806,81.118,81.204,% 
Testing: Epoch=4 | Loss: 7.535 |  Acc: 36.040,48.110,59.730,69.360,76.120,79.760,80.840,81.040,% 

Training Setting: backend=modelB | batch_size=128 | epoch=5 | lr=1.0e-02 | circles=1 
Training: Epoch=5 | Loss: 6.887 |  Acc: 38.702,51.150,62.784,72.438,79.646,82.732,83.244,83.348,% 
Testing: Epoch=5 | Loss: 7.093 |  Acc: 37.820,47.630,61.910,73.850,79.620,82.870,83.240,83.560,% 

Training Setting: backend=modelB | batch_size=128 | epoch=6 | lr=1.0e-02 | circles=1 
Training: Epoch=6 | Loss: 6.499 |  Acc: 40.076,52.470,64.538,74.544,81.646,84.678,85.044,84.980,% 
Testing: Epoch=6 | Loss: 7.513 |  Acc: 21.350,52.140,62.870,74.570,81.690,84.170,84.890,85.020,% 

Training Setting: backend=modelB | batch_size=128 | epoch=7 | lr=1.0e-02 | circles=1 
Training: Epoch=7 | Loss: 6.242 |  Acc: 40.824,53.738,65.472,76.104,83.196,85.936,86.350,86.286,% 
Testing: Epoch=7 | Loss: 6.971 |  Acc: 40.970,50.350,61.470,74.180,80.610,83.850,84.130,84.190,% 

Training Setting: backend=modelB | batch_size=128 | epoch=8 | lr=1.0e-02 | circles=1 
Training: Epoch=8 | Loss: 5.982 |  Acc: 41.888,54.502,66.700,77.200,84.344,87.344,87.782,87.688,% 
Testing: Epoch=8 | Loss: 7.223 |  Acc: 41.640,51.160,60.930,72.720,79.520,83.310,84.040,83.990,% 

Training Setting: backend=modelB | batch_size=128 | epoch=9 | lr=1.0e-02 | circles=1 



==> Preparing data..
Files already downloaded and verified
Files already downloaded and verified
==> Building model..
PredNetBpD(
  (classifiers): ModuleList(
    (0): ClassifierModule(
      (relu): ReLU(inplace=True)
      (BN): BatchNorm2d(64, eps=1e-05, momentum=0.1, affine=True, track_running_stats=True)
      (linear): Linear(in_features=64, out_features=10, bias=True)
      (linear_bw): Linear(in_features=10, out_features=64, bias=True)
      (b0): ParameterList(  (0): Parameter containing: [torch.FloatTensor of size 1x10])
    )
    (1): ClassifierModule(
      (relu): ReLU(inplace=True)
      (BN): BatchNorm2d(64, eps=1e-05, momentum=0.1, affine=True, track_running_stats=True)
      (linear): Linear(in_features=64, out_features=10, bias=True)
      (linear_bw): Linear(in_features=10, out_features=64, bias=True)
      (b0): ParameterList(  (0): Parameter containing: [torch.FloatTensor of size 1x10])
    )
    (2): ClassifierModule(
      (relu): ReLU(inplace=True)
      (BN): BatchNorm2d(128, eps=1e-05, momentum=0.1, affine=True, track_running_stats=True)
      (linear): Linear(in_features=128, out_features=10, bias=True)
      (linear_bw): Linear(in_features=10, out_features=128, bias=True)
      (b0): ParameterList(  (0): Parameter containing: [torch.FloatTensor of size 1x10])
    )
    (3): ClassifierModule(
      (relu): ReLU(inplace=True)
      (BN): BatchNorm2d(128, eps=1e-05, momentum=0.1, affine=True, track_running_stats=True)
      (linear): Linear(in_features=128, out_features=10, bias=True)
      (linear_bw): Linear(in_features=10, out_features=128, bias=True)
      (b0): ParameterList(  (0): Parameter containing: [torch.FloatTensor of size 1x10])
    )
    (4): ClassifierModule(
      (relu): ReLU(inplace=True)
      (BN): BatchNorm2d(256, eps=1e-05, momentum=0.1, affine=True, track_running_stats=True)
      (linear): Linear(in_features=256, out_features=10, bias=True)
      (linear_bw): Linear(in_features=10, out_features=256, bias=True)
      (b0): ParameterList(  (0): Parameter containing: [torch.FloatTensor of size 1x10])
    )
    (5): ClassifierModule(
      (relu): ReLU(inplace=True)
      (BN): BatchNorm2d(256, eps=1e-05, momentum=0.1, affine=True, track_running_stats=True)
      (linear): Linear(in_features=256, out_features=10, bias=True)
      (linear_bw): Linear(in_features=10, out_features=256, bias=True)
      (b0): ParameterList(  (0): Parameter containing: [torch.FloatTensor of size 1x10])
    )
    (6): ClassifierModule(
      (relu): ReLU(inplace=True)
      (BN): BatchNorm2d(512, eps=1e-05, momentum=0.1, affine=True, track_running_stats=True)
      (linear): Linear(in_features=512, out_features=10, bias=True)
      (linear_bw): Linear(in_features=10, out_features=512, bias=True)
      (b0): ParameterList(  (0): Parameter containing: [torch.FloatTensor of size 1x10])
    )
    (7): ClassifierModule(
      (relu): ReLU(inplace=True)
      (BN): BatchNorm2d(512, eps=1e-05, momentum=0.1, affine=True, track_running_stats=True)
      (linear): Linear(in_features=512, out_features=10, bias=True)
      (linear_bw): Linear(in_features=10, out_features=512, bias=True)
      (b0): ParameterList(  (0): Parameter containing: [torch.FloatTensor of size 1x10])
    )
  )
  (PcConvs): ModuleList(
    (0): PcConvBp(
      (FFconv): Conv2d(3, 64, kernel_size=(3, 3), stride=(1, 1), padding=(1, 1), bias=False)
      (FBconv): ConvTranspose2d(64, 3, kernel_size=(3, 3), stride=(1, 1), padding=(1, 1), bias=False)
      (b0): ParameterList(  (0): Parameter containing: [torch.FloatTensor of size 1x64x1x1])
      (relu): ReLU(inplace=True)
      (bypass): Conv2d(3, 64, kernel_size=(1, 1), stride=(1, 1), bias=False)
    )
    (1): PcConvBp(
      (FFconv): Conv2d(64, 64, kernel_size=(3, 3), stride=(1, 1), padding=(1, 1), bias=False)
      (FBconv): ConvTranspose2d(64, 64, kernel_size=(3, 3), stride=(1, 1), padding=(1, 1), bias=False)
      (b0): ParameterList(  (0): Parameter containing: [torch.FloatTensor of size 1x64x1x1])
      (relu): ReLU(inplace=True)
      (bypass): Conv2d(64, 64, kernel_size=(1, 1), stride=(1, 1), bias=False)
    )
    (2): PcConvBp(
      (FFconv): Conv2d(64, 128, kernel_size=(3, 3), stride=(1, 1), padding=(1, 1), bias=False)
      (FBconv): ConvTranspose2d(128, 64, kernel_size=(3, 3), stride=(1, 1), padding=(1, 1), bias=False)
      (b0): ParameterList(  (0): Parameter containing: [torch.FloatTensor of size 1x128x1x1])
      (relu): ReLU(inplace=True)
      (bypass): Conv2d(64, 128, kernel_size=(1, 1), stride=(1, 1), bias=False)
    )
    (3): PcConvBp(
      (FFconv): Conv2d(128, 128, kernel_size=(3, 3), stride=(1, 1), padding=(1, 1), bias=False)
      (FBconv): ConvTranspose2d(128, 128, kernel_size=(3, 3), stride=(1, 1), padding=(1, 1), bias=False)
      (b0): ParameterList(  (0): Parameter containing: [torch.FloatTensor of size 1x128x1x1])
      (relu): ReLU(inplace=True)
      (bypass): Conv2d(128, 128, kernel_size=(1, 1), stride=(1, 1), bias=False)
    )
    (4): PcConvBp(
      (FFconv): Conv2d(128, 256, kernel_size=(3, 3), stride=(1, 1), padding=(1, 1), bias=False)
      (FBconv): ConvTranspose2d(256, 128, kernel_size=(3, 3), stride=(1, 1), padding=(1, 1), bias=False)
      (b0): ParameterList(  (0): Parameter containing: [torch.FloatTensor of size 1x256x1x1])
      (relu): ReLU(inplace=True)
      (bypass): Conv2d(128, 256, kernel_size=(1, 1), stride=(1, 1), bias=False)
    )
    (5): PcConvBp(
      (FFconv): Conv2d(256, 256, kernel_size=(3, 3), stride=(1, 1), padding=(1, 1), bias=False)
      (FBconv): ConvTranspose2d(256, 256, kernel_size=(3, 3), stride=(1, 1), padding=(1, 1), bias=False)
      (b0): ParameterList(  (0): Parameter containing: [torch.FloatTensor of size 1x256x1x1])
      (relu): ReLU(inplace=True)
      (bypass): Conv2d(256, 256, kernel_size=(1, 1), stride=(1, 1), bias=False)
    )
    (6): PcConvBp(
      (FFconv): Conv2d(256, 512, kernel_size=(3, 3), stride=(1, 1), padding=(1, 1), bias=False)
      (FBconv): ConvTranspose2d(512, 256, kernel_size=(3, 3), stride=(1, 1), padding=(1, 1), bias=False)
      (b0): ParameterList(  (0): Parameter containing: [torch.FloatTensor of size 1x512x1x1])
      (relu): ReLU(inplace=True)
      (bypass): Conv2d(256, 512, kernel_size=(1, 1), stride=(1, 1), bias=False)
    )
    (7): PcConvBp(
      (FFconv): Conv2d(512, 512, kernel_size=(3, 3), stride=(1, 1), padding=(1, 1), bias=False)
      (FBconv): ConvTranspose2d(512, 512, kernel_size=(3, 3), stride=(1, 1), padding=(1, 1), bias=False)
      (b0): ParameterList(  (0): Parameter containing: [torch.FloatTensor of size 1x512x1x1])
      (relu): ReLU(inplace=True)
      (bypass): Conv2d(512, 512, kernel_size=(1, 1), stride=(1, 1), bias=False)
    )
  )
  (BNs): ModuleList(
    (0): BatchNorm2d(3, eps=1e-05, momentum=0.1, affine=True, track_running_stats=True)
    (1): BatchNorm2d(64, eps=1e-05, momentum=0.1, affine=True, track_running_stats=True)
    (2): BatchNorm2d(64, eps=1e-05, momentum=0.1, affine=True, track_running_stats=True)
    (3): BatchNorm2d(128, eps=1e-05, momentum=0.1, affine=True, track_running_stats=True)
    (4): BatchNorm2d(128, eps=1e-05, momentum=0.1, affine=True, track_running_stats=True)
    (5): BatchNorm2d(256, eps=1e-05, momentum=0.1, affine=True, track_running_stats=True)
    (6): BatchNorm2d(256, eps=1e-05, momentum=0.1, affine=True, track_running_stats=True)
    (7): BatchNorm2d(512, eps=1e-05, momentum=0.1, affine=True, track_running_stats=True)
  )
  (linear): Linear(in_features=512, out_features=100, bias=True)
  (maxpool2d): MaxPool2d(kernel_size=2, stride=2, padding=0, dilation=1, ceil_mode=False)
  (relu): ReLU(inplace=True)
  (BNend): BatchNorm2d(512, eps=1e-05, momentum=0.1, affine=True, track_running_stats=True)
)

Epoch: 0
Batch: 0 | Loss: 19.311 | Acc: 8.594,5.469,14.062,8.594,12.500,14.062,4.688,10.156,%
Batch: 20 | Loss: 16.939 | Acc: 16.555,18.080,19.382,22.470,23.103,25.298,24.256,24.926,%
Batch: 40 | Loss: 16.163 | Acc: 19.036,22.294,22.675,26.220,27.115,28.430,27.496,28.011,%
Batch: 60 | Loss: 15.686 | Acc: 19.954,23.066,24.398,27.549,29.047,30.213,29.559,29.777,%
Batch: 80 | Loss: 15.368 | Acc: 20.814,23.910,26.022,29.109,30.575,32.041,31.375,31.858,%
Batch: 100 | Loss: 15.066 | Acc: 21.612,24.636,27.112,30.314,32.147,33.485,33.222,33.640,%
Batch: 120 | Loss: 14.818 | Acc: 22.224,25.187,28.396,31.437,33.620,35.059,34.963,35.376,%
Batch: 140 | Loss: 14.609 | Acc: 22.512,25.737,29.399,32.469,34.752,36.298,36.270,36.636,%
Batch: 160 | Loss: 14.366 | Acc: 23.035,26.383,30.624,33.924,36.224,37.854,37.806,38.233,%
Batch: 180 | Loss: 14.139 | Acc: 23.589,27.068,31.582,35.066,37.673,39.326,39.403,39.835,%
Batch: 200 | Loss: 13.975 | Acc: 23.908,27.585,32.385,36.015,38.763,40.423,40.536,40.951,%
Batch: 220 | Loss: 13.792 | Acc: 24.318,28.054,33.219,36.906,39.883,41.657,41.774,42.131,%
Batch: 240 | Loss: 13.622 | Acc: 24.562,28.452,33.937,37.785,40.933,42.742,42.881,43.241,%
Batch: 260 | Loss: 13.479 | Acc: 24.949,28.900,34.722,38.628,41.786,43.624,43.744,44.136,%
Batch: 280 | Loss: 13.337 | Acc: 25.206,29.109,35.368,39.321,42.646,44.531,44.695,45.132,%
Batch: 300 | Loss: 13.185 | Acc: 25.524,29.480,36.028,40.059,43.527,45.489,45.562,46.000,%
Batch: 320 | Loss: 13.048 | Acc: 25.798,29.785,36.556,40.693,44.324,46.335,46.430,46.853,%
Batch: 340 | Loss: 12.927 | Acc: 25.916,30.027,37.078,41.262,44.925,47.095,47.164,47.583,%
Batch: 360 | Loss: 12.800 | Acc: 26.169,30.387,37.699,41.971,45.676,47.849,47.955,48.381,%
Batch: 380 | Loss: 12.689 | Acc: 26.403,30.700,38.275,42.571,46.332,48.522,48.684,49.088,%
Batch: 0 | Loss: 9.097 | Acc: 30.000,30.000,50.000,50.000,50.000,60.000,70.000,70.000,%
Batch: 20 | Loss: 10.592 | Acc: 30.952,37.619,42.857,51.429,57.619,62.857,62.381,61.429,%
Batch: 40 | Loss: 10.655 | Acc: 30.244,38.049,44.146,52.195,57.317,62.439,61.707,61.463,%
Batch: 60 | Loss: 10.699 | Acc: 27.869,34.426,44.754,51.803,57.705,62.295,61.311,60.984,%
Batch: 80 | Loss: 10.838 | Acc: 26.667,33.827,45.062,51.605,57.901,61.852,60.864,61.111,%
Batch: 100 | Loss: 10.896 | Acc: 26.535,33.564,45.248,51.683,57.426,61.386,60.891,60.792,%
Batch: 120 | Loss: 11.020 | Acc: 26.281,33.554,44.545,51.157,56.446,60.909,60.579,60.744,%
Batch: 140 | Loss: 10.967 | Acc: 26.170,33.546,45.106,51.702,56.596,60.922,60.922,60.993,%
Batch: 160 | Loss: 11.064 | Acc: 25.839,33.354,45.155,50.621,56.149,60.186,60.124,60.497,%
Batch: 180 | Loss: 10.949 | Acc: 26.519,33.978,45.691,51.326,56.740,60.663,60.718,61.215,%
Batch: 200 | Loss: 10.959 | Acc: 26.965,33.682,46.070,51.393,57.214,60.995,60.796,61.343,%
Batch: 220 | Loss: 10.978 | Acc: 27.421,34.027,46.063,51.357,56.968,60.498,60.498,61.131,%
Batch: 240 | Loss: 11.044 | Acc: 27.137,33.361,45.685,51.245,56.929,60.207,60.124,60.747,%
Batch: 260 | Loss: 11.058 | Acc: 27.203,33.410,45.556,51.188,56.973,60.153,60.192,60.843,%
Batch: 280 | Loss: 11.062 | Acc: 26.940,33.345,45.302,51.317,57.153,60.320,60.178,60.819,%
Batch: 300 | Loss: 11.043 | Acc: 26.777,33.322,45.050,51.296,57.176,60.432,60.365,60.930,%
Batch: 320 | Loss: 11.032 | Acc: 26.729,33.520,45.140,51.153,57.134,60.436,60.249,60.903,%
Batch: 340 | Loss: 11.072 | Acc: 26.481,33.578,45.455,51.144,57.185,60.323,60.117,60.792,%
Batch: 360 | Loss: 11.083 | Acc: 26.454,33.712,45.679,51.247,57.119,60.055,59.723,60.471,%
Batch: 380 | Loss: 11.086 | Acc: 26.430,33.622,45.486,51.207,57.139,59.921,59.580,60.262,%
Batch: 400 | Loss: 11.097 | Acc: 26.259,33.516,45.736,51.397,57.207,59.950,59.501,60.274,%
Batch: 420 | Loss: 11.095 | Acc: 26.366,33.349,45.701,51.710,57.458,60.095,59.620,60.380,%
Batch: 440 | Loss: 11.048 | Acc: 26.440,33.583,46.077,52.154,57.959,60.499,59.977,60.658,%
Batch: 460 | Loss: 11.035 | Acc: 26.464,33.796,46.052,52.082,58.091,60.434,59.913,60.651,%
Batch: 480 | Loss: 11.017 | Acc: 26.528,33.742,46.008,52.287,58.337,60.541,60.083,60.832,%
Batch: 500 | Loss: 10.999 | Acc: 26.467,33.573,46.028,52.275,58.403,60.599,60.200,60.958,%
Batch: 520 | Loss: 11.002 | Acc: 26.353,33.493,46.104,52.246,58.311,60.633,60.250,60.998,%
Batch: 540 | Loss: 11.017 | Acc: 26.414,33.494,45.878,51.959,58.115,60.407,60.055,60.813,%
Batch: 560 | Loss: 11.065 | Acc: 26.310,33.316,45.740,51.889,58.039,60.321,59.947,60.713,%
Batch: 580 | Loss: 11.033 | Acc: 26.489,33.425,45.800,51.979,58.107,60.413,60.034,60.740,%
Batch: 600 | Loss: 11.040 | Acc: 26.439,33.627,45.874,52.013,58.037,60.383,59.983,60.649,%
Batch: 620 | Loss: 11.061 | Acc: 26.490,33.639,45.733,51.804,57.826,60.242,59.871,60.596,%
Batch: 640 | Loss: 11.046 | Acc: 26.615,33.588,45.601,51.732,57.832,60.312,59.828,60.608,%
Batch: 660 | Loss: 11.070 | Acc: 26.626,33.585,45.537,51.634,57.670,60.257,59.834,60.605,%
Batch: 680 | Loss: 11.069 | Acc: 26.608,33.598,45.492,51.586,57.651,60.279,59.824,60.631,%
Batch: 700 | Loss: 11.084 | Acc: 26.519,33.680,45.549,51.526,57.660,60.243,59.815,60.685,%
Batch: 720 | Loss: 11.064 | Acc: 26.713,33.717,45.603,51.637,57.739,60.374,59.958,60.846,%
Batch: 740 | Loss: 11.032 | Acc: 26.734,33.914,45.655,51.714,57.895,60.499,60.067,60.999,%
Batch: 760 | Loss: 11.021 | Acc: 26.754,34.008,45.703,51.787,58.055,60.539,60.145,61.038,%
Batch: 780 | Loss: 11.006 | Acc: 26.965,34.097,45.698,51.869,58.207,60.615,60.179,61.063,%
Batch: 800 | Loss: 11.033 | Acc: 26.891,34.007,45.556,51.748,57.990,60.437,60.025,60.986,%
Batch: 820 | Loss: 11.013 | Acc: 26.979,33.995,45.615,51.754,58.100,60.499,60.146,61.011,%
Batch: 840 | Loss: 11.038 | Acc: 26.849,33.936,45.386,51.546,57.812,60.357,60.024,60.892,%
Batch: 860 | Loss: 11.048 | Acc: 26.852,33.902,45.470,51.649,57.863,60.395,60.081,60.929,%
Batch: 880 | Loss: 11.051 | Acc: 26.799,33.802,45.380,51.612,57.753,60.306,60.057,60.897,%
Batch: 900 | Loss: 11.049 | Acc: 26.915,33.829,45.350,51.632,57.758,60.333,60.078,60.943,%
Batch: 920 | Loss: 11.028 | Acc: 26.982,33.974,45.364,51.672,57.872,60.467,60.239,61.129,%
Batch: 940 | Loss: 11.026 | Acc: 26.939,33.964,45.420,51.658,57.864,60.478,60.329,61.222,%
Batch: 960 | Loss: 11.030 | Acc: 26.951,33.933,45.453,51.727,57.971,60.531,60.364,61.249,%
Batch: 980 | Loss: 11.027 | Acc: 26.962,33.935,45.464,51.743,57.880,60.459,60.387,61.274,%

Epoch: 1
Batch: 0 | Loss: 9.534 | Acc: 30.469,44.531,57.031,61.719,64.844,65.625,64.844,67.188,%
Batch: 20 | Loss: 10.537 | Acc: 30.246,35.789,47.470,55.432,59.635,62.686,62.760,63.504,%
Batch: 40 | Loss: 10.589 | Acc: 30.240,35.804,47.790,54.821,59.375,62.557,62.614,62.862,%
Batch: 60 | Loss: 10.581 | Acc: 30.379,36.206,48.053,54.764,59.273,62.052,62.321,62.884,%
Batch: 80 | Loss: 10.559 | Acc: 30.729,36.574,47.965,54.475,59.211,62.018,62.346,62.867,%
Batch: 100 | Loss: 10.498 | Acc: 30.716,36.750,48.546,54.935,59.561,62.454,62.856,63.366,%
Batch: 120 | Loss: 10.465 | Acc: 30.275,36.176,48.747,55.036,59.601,62.765,63.133,63.636,%
Batch: 140 | Loss: 10.425 | Acc: 30.541,36.553,48.964,55.269,59.946,63.220,63.525,64.018,%
Batch: 160 | Loss: 10.360 | Acc: 30.828,36.923,49.107,55.478,60.205,63.432,63.655,64.150,%
Batch: 180 | Loss: 10.304 | Acc: 30.991,37.099,49.240,55.736,60.454,63.657,63.907,64.382,%
Batch: 200 | Loss: 10.262 | Acc: 31.304,37.434,49.557,56.009,60.669,63.853,64.109,64.614,%
Batch: 220 | Loss: 10.214 | Acc: 31.529,37.712,49.848,56.381,60.930,64.133,64.324,64.830,%
Batch: 240 | Loss: 10.165 | Acc: 31.526,37.840,49.997,56.668,61.194,64.481,64.665,65.171,%
Batch: 260 | Loss: 10.123 | Acc: 31.651,38.120,50.186,56.929,61.404,64.667,64.871,65.377,%
Batch: 280 | Loss: 10.086 | Acc: 31.611,38.262,50.336,57.115,61.560,64.810,65.061,65.555,%
Batch: 300 | Loss: 10.049 | Acc: 31.702,38.460,50.428,57.376,61.797,64.989,65.254,65.737,%
Batch: 320 | Loss: 10.001 | Acc: 31.841,38.678,50.582,57.615,62.025,65.182,65.518,66.005,%
Batch: 340 | Loss: 9.966 | Acc: 31.885,38.875,50.708,57.721,62.170,65.293,65.609,66.044,%
Batch: 360 | Loss: 9.953 | Acc: 31.843,39.000,50.738,57.728,62.268,65.465,65.783,66.211,%
Batch: 380 | Loss: 9.910 | Acc: 31.966,39.190,50.888,57.972,62.551,65.752,66.023,66.476,%
Batch: 0 | Loss: 9.271 | Acc: 30.000,40.000,60.000,40.000,40.000,40.000,50.000,60.000,%
Batch: 20 | Loss: 9.818 | Acc: 33.333,40.000,52.381,59.048,60.476,61.429,61.905,62.857,%
Batch: 40 | Loss: 9.890 | Acc: 33.902,38.780,51.463,58.780,62.439,64.390,65.366,66.341,%
Batch: 60 | Loss: 9.719 | Acc: 30.492,38.361,51.311,59.344,64.098,67.049,67.377,68.197,%
Batch: 80 | Loss: 9.842 | Acc: 28.765,38.765,51.975,59.506,64.444,66.914,67.284,67.531,%
Batch: 100 | Loss: 9.960 | Acc: 29.010,38.614,51.683,59.208,63.465,65.941,66.238,66.931,%
Batch: 120 | Loss: 10.019 | Acc: 28.099,38.347,51.405,58.512,62.727,65.702,66.281,66.860,%
Batch: 140 | Loss: 9.947 | Acc: 28.156,38.014,51.418,58.582,63.050,66.312,66.667,67.163,%
Batch: 160 | Loss: 10.061 | Acc: 28.199,37.578,51.429,58.323,62.857,65.652,65.963,66.460,%
Batch: 180 | Loss: 10.013 | Acc: 28.343,37.624,52.044,58.840,62.928,65.691,66.188,66.796,%
Batch: 200 | Loss: 10.046 | Acc: 28.259,37.562,52.189,59.104,63.134,65.423,65.821,66.418,%
Batch: 220 | Loss: 10.084 | Acc: 28.326,37.466,51.991,59.140,62.851,64.751,65.249,65.928,%
Batch: 240 | Loss: 10.171 | Acc: 28.340,37.054,51.328,58.921,62.365,64.232,64.730,65.353,%
Batch: 260 | Loss: 10.239 | Acc: 28.851,37.126,51.111,58.621,62.299,64.176,64.521,65.057,%
Batch: 280 | Loss: 10.252 | Acc: 28.648,36.833,50.925,58.292,61.779,64.093,64.520,65.018,%
Batch: 300 | Loss: 10.200 | Acc: 28.571,36.844,51.096,58.372,62.126,64.551,65.116,65.415,%
Batch: 320 | Loss: 10.191 | Acc: 28.629,37.040,50.997,58.380,62.212,64.517,65.047,65.265,%
Batch: 340 | Loss: 10.214 | Acc: 28.504,37.126,50.968,58.152,62.141,64.721,65.161,65.425,%
Batch: 360 | Loss: 10.236 | Acc: 28.726,37.313,50.970,58.144,61.884,64.654,65.042,65.263,%
Batch: 380 | Loss: 10.271 | Acc: 28.871,37.034,50.866,58.031,61.759,64.436,64.829,65.092,%
Batch: 400 | Loss: 10.258 | Acc: 28.703,37.132,50.948,58.229,61.820,64.264,64.688,65.037,%
Batch: 420 | Loss: 10.242 | Acc: 28.551,37.078,51.021,58.409,61.971,64.418,64.798,65.202,%
Batch: 440 | Loss: 10.192 | Acc: 28.481,37.279,51.383,58.844,62.381,64.785,65.102,65.488,%
Batch: 460 | Loss: 10.184 | Acc: 28.482,37.375,51.323,58.742,62.343,64.772,64.946,65.271,%
Batch: 480 | Loss: 10.154 | Acc: 28.607,37.339,51.331,58.898,62.495,64.969,65.114,65.509,%
Batch: 500 | Loss: 10.137 | Acc: 28.363,37.285,51.397,58.902,62.575,65.050,65.210,65.629,%
Batch: 520 | Loss: 10.132 | Acc: 28.234,37.102,51.574,59.060,62.687,65.106,65.240,65.739,%
Batch: 540 | Loss: 10.134 | Acc: 28.226,36.895,51.516,59.002,62.754,65.157,65.194,65.693,%
Batch: 560 | Loss: 10.161 | Acc: 28.217,36.952,51.622,59.020,62.692,65.223,65.241,65.704,%
Batch: 580 | Loss: 10.138 | Acc: 28.434,37.126,51.842,59.105,62.651,65.181,65.215,65.697,%
Batch: 600 | Loss: 10.155 | Acc: 28.220,37.321,51.897,58.935,62.479,65.058,65.092,65.507,%
Batch: 620 | Loss: 10.177 | Acc: 28.196,37.279,51.691,58.824,62.383,64.960,65.024,65.443,%
Batch: 640 | Loss: 10.182 | Acc: 28.066,37.363,51.607,58.768,62.496,64.945,65.023,65.445,%
Batch: 660 | Loss: 10.197 | Acc: 28.306,37.443,51.589,58.623,62.360,64.947,65.053,65.461,%
Batch: 680 | Loss: 10.192 | Acc: 28.370,37.474,51.689,58.561,62.305,64.934,65.095,65.521,%
Batch: 700 | Loss: 10.208 | Acc: 28.245,37.475,51.612,58.545,62.240,64.779,64.964,65.421,%
Batch: 720 | Loss: 10.187 | Acc: 28.377,37.462,51.637,58.641,62.302,64.827,65.007,65.465,%
Batch: 740 | Loss: 10.156 | Acc: 28.381,37.571,51.768,58.704,62.456,65.047,65.101,65.587,%
Batch: 760 | Loss: 10.146 | Acc: 28.384,37.516,51.761,58.725,62.536,65.151,65.204,65.703,%
Batch: 780 | Loss: 10.145 | Acc: 28.399,37.439,51.895,58.784,62.663,65.211,65.186,65.723,%
Batch: 800 | Loss: 10.161 | Acc: 28.302,37.278,51.635,58.577,62.472,65.044,65.069,65.655,%
Batch: 820 | Loss: 10.156 | Acc: 28.356,37.393,51.693,58.611,62.497,64.945,65.006,65.603,%
Batch: 840 | Loss: 10.165 | Acc: 28.323,37.360,51.522,58.514,62.509,64.970,65.018,65.577,%
Batch: 860 | Loss: 10.172 | Acc: 28.374,37.433,51.510,58.560,62.567,65.029,65.075,65.691,%
Batch: 880 | Loss: 10.173 | Acc: 28.320,37.514,51.589,58.513,62.452,64.949,65.006,65.596,%
Batch: 900 | Loss: 10.183 | Acc: 28.413,37.503,51.521,58.513,62.408,64.928,65.028,65.572,%
Batch: 920 | Loss: 10.163 | Acc: 28.436,37.481,51.585,58.632,62.519,64.995,65.147,65.700,%
Batch: 940 | Loss: 10.160 | Acc: 28.332,37.492,51.690,58.714,62.582,65.016,65.197,65.675,%
Batch: 960 | Loss: 10.152 | Acc: 28.262,37.451,51.759,58.783,62.664,65.078,65.234,65.734,%
Batch: 980 | Loss: 10.156 | Acc: 28.287,37.503,51.682,58.695,62.630,65.025,65.178,65.637,%

Epoch: 2
Batch: 0 | Loss: 8.990 | Acc: 35.938,45.312,60.156,65.625,67.188,70.312,70.312,69.531,%
Batch: 20 | Loss: 9.161 | Acc: 33.966,41.853,53.534,61.049,65.885,69.978,69.829,69.940,%
Batch: 40 | Loss: 9.227 | Acc: 33.594,41.578,53.373,60.728,65.568,69.855,69.950,70.351,%
Batch: 60 | Loss: 9.055 | Acc: 34.285,42.585,54.777,61.860,66.611,70.633,70.889,71.427,%
Batch: 80 | Loss: 8.957 | Acc: 34.211,43.181,54.919,62.423,67.004,70.988,71.316,71.846,%
Batch: 100 | Loss: 8.931 | Acc: 34.120,43.185,54.765,62.361,66.986,70.939,71.357,71.898,%
Batch: 120 | Loss: 8.983 | Acc: 34.059,43.150,54.784,62.035,66.845,70.739,71.262,71.772,%
Batch: 140 | Loss: 8.977 | Acc: 33.993,43.129,54.904,62.289,67.055,70.944,71.454,71.947,%
Batch: 160 | Loss: 8.965 | Acc: 33.865,43.022,54.794,62.340,67.294,71.016,71.574,72.011,%
Batch: 180 | Loss: 8.938 | Acc: 33.697,43.064,55.063,62.500,67.485,71.107,71.733,72.095,%
Batch: 200 | Loss: 8.907 | Acc: 33.741,43.159,55.204,62.659,67.662,71.280,71.914,72.229,%
Batch: 220 | Loss: 8.880 | Acc: 33.809,43.259,55.380,62.839,67.785,71.458,72.126,72.377,%
Batch: 240 | Loss: 8.835 | Acc: 33.879,43.423,55.469,62.960,67.923,71.625,72.277,72.536,%
Batch: 260 | Loss: 8.828 | Acc: 34.007,43.487,55.556,63.060,67.999,71.710,72.381,72.623,%
Batch: 280 | Loss: 8.807 | Acc: 34.002,43.611,55.613,63.273,68.127,71.867,72.576,72.762,%
Batch: 300 | Loss: 8.786 | Acc: 34.118,43.732,55.570,63.344,68.278,71.974,72.719,72.916,%
Batch: 320 | Loss: 8.775 | Acc: 34.175,43.835,55.620,63.498,68.409,72.077,72.800,72.982,%
Batch: 340 | Loss: 8.755 | Acc: 34.095,43.897,55.744,63.584,68.487,72.157,72.876,73.057,%
Batch: 360 | Loss: 8.743 | Acc: 34.091,43.936,55.839,63.688,68.583,72.223,72.968,73.135,%
Batch: 380 | Loss: 8.730 | Acc: 34.063,43.969,55.838,63.767,68.625,72.302,73.058,73.208,%
Batch: 0 | Loss: 8.383 | Acc: 40.000,40.000,60.000,50.000,80.000,70.000,60.000,70.000,%
Batch: 20 | Loss: 8.732 | Acc: 34.762,37.143,52.381,62.857,69.048,76.190,76.667,77.619,%
Batch: 40 | Loss: 8.985 | Acc: 35.854,37.561,51.220,61.463,67.317,73.659,74.390,75.610,%
Batch: 60 | Loss: 8.723 | Acc: 34.590,40.328,52.787,62.459,68.197,74.426,75.082,76.230,%
Batch: 80 | Loss: 8.918 | Acc: 33.827,40.370,53.086,60.988,66.914,73.086,73.827,75.062,%
Batch: 100 | Loss: 8.968 | Acc: 33.960,40.000,52.772,60.792,66.832,72.871,73.564,74.554,%
Batch: 120 | Loss: 8.996 | Acc: 33.223,40.413,52.893,60.744,67.025,72.975,73.719,74.380,%
Batch: 140 | Loss: 8.886 | Acc: 33.404,40.780,53.262,60.922,67.730,72.908,73.688,74.539,%
Batch: 160 | Loss: 8.937 | Acc: 33.106,40.807,53.106,61.118,67.888,72.981,73.665,74.534,%
Batch: 180 | Loss: 8.866 | Acc: 33.757,41.492,53.923,61.215,67.735,73.260,73.646,74.586,%
Batch: 200 | Loss: 8.915 | Acc: 33.284,41.592,54.030,61.592,68.060,73.234,73.731,74.577,%
Batch: 220 | Loss: 8.963 | Acc: 33.529,41.584,54.163,61.267,67.647,72.941,73.529,74.480,%
Batch: 240 | Loss: 9.049 | Acc: 33.112,41.660,53.568,60.954,67.178,72.739,73.361,74.025,%
Batch: 260 | Loss: 9.112 | Acc: 33.180,41.303,53.448,61.264,67.203,72.644,73.257,73.793,%
Batch: 280 | Loss: 9.117 | Acc: 33.060,41.601,53.416,61.174,67.011,72.420,73.238,73.879,%
Batch: 300 | Loss: 9.072 | Acc: 33.056,41.761,53.488,61.661,67.542,72.724,73.522,74.086,%
Batch: 320 | Loss: 9.042 | Acc: 33.022,42.243,53.583,61.745,67.788,72.960,73.614,74.299,%
Batch: 340 | Loss: 9.057 | Acc: 33.050,42.434,53.578,61.701,67.801,72.757,73.402,74.076,%
Batch: 360 | Loss: 9.094 | Acc: 33.463,42.327,53.795,61.690,67.756,72.632,73.352,73.989,%
Batch: 380 | Loss: 9.076 | Acc: 33.360,42.073,53.780,61.864,68.031,72.782,73.412,74.094,%
Batch: 400 | Loss: 9.063 | Acc: 33.192,42.244,54.040,61.970,68.055,72.843,73.466,74.065,%
Batch: 420 | Loss: 9.047 | Acc: 33.040,42.399,54.228,62.162,68.195,72.945,73.563,74.133,%
Batch: 440 | Loss: 8.998 | Acc: 33.197,42.585,54.490,62.449,68.481,73.175,73.787,74.444,%
Batch: 460 | Loss: 9.005 | Acc: 33.427,42.560,54.425,62.430,68.351,73.102,73.709,74.447,%
Batch: 480 | Loss: 8.993 | Acc: 33.638,42.453,54.262,62.453,68.378,73.139,73.825,74.532,%
Batch: 500 | Loss: 8.957 | Acc: 33.653,42.715,54.551,62.575,68.383,73.154,73.792,74.491,%
Batch: 520 | Loss: 8.959 | Acc: 33.666,42.649,54.626,62.630,68.522,73.148,73.781,74.511,%
Batch: 540 | Loss: 8.937 | Acc: 33.771,42.699,54.640,62.736,68.484,73.235,73.789,74.547,%
Batch: 560 | Loss: 8.973 | Acc: 33.547,42.745,54.635,62.709,68.342,73.119,73.708,74.528,%
Batch: 580 | Loss: 8.954 | Acc: 33.873,42.788,54.699,62.788,68.520,73.219,73.838,74.682,%
Batch: 600 | Loss: 8.979 | Acc: 33.993,42.762,54.592,62.679,68.403,72.978,73.644,74.509,%
Batch: 620 | Loss: 8.994 | Acc: 33.961,42.609,54.461,62.560,68.196,72.786,73.462,74.380,%
Batch: 640 | Loss: 8.982 | Acc: 34.041,42.512,54.275,62.527,68.300,72.886,73.448,74.353,%
Batch: 660 | Loss: 8.999 | Acc: 34.009,42.405,54.115,62.466,68.275,72.859,73.404,74.357,%
Batch: 680 | Loss: 9.007 | Acc: 33.921,42.364,54.038,62.379,68.209,72.775,73.392,74.391,%
Batch: 700 | Loss: 9.038 | Acc: 33.951,42.354,54.051,62.325,68.060,72.668,73.267,74.208,%
Batch: 720 | Loss: 8.994 | Acc: 34.147,42.275,54.161,62.483,68.239,72.913,73.481,74.424,%
Batch: 740 | Loss: 8.951 | Acc: 34.130,42.335,54.211,62.767,68.543,73.104,73.684,74.629,%
Batch: 760 | Loss: 8.968 | Acc: 34.113,42.247,54.192,62.694,68.489,72.996,73.561,74.494,%
Batch: 780 | Loss: 8.967 | Acc: 34.200,42.279,54.405,62.727,68.540,72.945,73.470,74.417,%
Batch: 800 | Loss: 8.988 | Acc: 34.170,42.310,54.245,62.672,68.414,72.821,73.333,74.270,%
Batch: 820 | Loss: 8.978 | Acc: 34.044,42.290,54.275,62.570,68.477,72.911,73.423,74.373,%
Batch: 840 | Loss: 8.999 | Acc: 33.912,42.140,54.019,62.366,68.359,72.830,73.329,74.257,%
Batch: 860 | Loss: 9.027 | Acc: 33.961,42.137,53.937,62.311,68.293,72.787,73.264,74.228,%
Batch: 880 | Loss: 9.037 | Acc: 34.007,42.213,53.939,62.270,68.229,72.701,73.258,74.222,%
Batch: 900 | Loss: 9.040 | Acc: 34.140,42.153,53.962,62.264,68.235,72.708,73.274,74.240,%
Batch: 920 | Loss: 9.024 | Acc: 34.213,42.193,54.050,62.291,68.306,72.790,73.322,74.267,%
Batch: 940 | Loss: 9.031 | Acc: 34.208,42.306,53.996,62.242,68.183,72.678,73.231,74.155,%
Batch: 960 | Loss: 9.032 | Acc: 34.142,42.331,54.089,62.289,68.283,72.737,73.257,74.173,%
Batch: 980 | Loss: 9.035 | Acc: 34.139,42.294,54.067,62.294,68.308,72.742,73.231,74.118,%

Epoch: 3
Batch: 0 | Loss: 9.199 | Acc: 32.031,37.500,50.781,64.062,67.969,69.531,68.750,70.312,%
Batch: 20 | Loss: 8.351 | Acc: 34.896,44.568,56.771,64.955,71.391,75.893,76.414,76.339,%
Batch: 40 | Loss: 8.265 | Acc: 35.118,45.122,57.660,65.777,71.399,75.953,76.505,76.696,%
Batch: 60 | Loss: 8.149 | Acc: 35.092,45.684,58.453,66.470,72.490,76.639,77.062,77.293,%
Batch: 80 | Loss: 8.060 | Acc: 34.925,45.968,58.960,67.004,72.994,76.861,77.440,77.633,%
Batch: 100 | Loss: 8.058 | Acc: 34.986,46.016,58.826,67.056,72.888,76.810,77.390,77.584,%
Batch: 120 | Loss: 8.040 | Acc: 35.182,46.249,58.671,67.078,72.979,76.737,77.337,77.486,%
Batch: 140 | Loss: 7.995 | Acc: 35.311,46.493,58.771,67.293,73.183,76.978,77.599,77.765,%
Batch: 160 | Loss: 7.970 | Acc: 35.496,46.754,58.832,67.459,73.360,77.145,77.776,77.907,%
Batch: 180 | Loss: 7.970 | Acc: 35.441,46.892,58.792,67.468,73.308,77.055,77.706,77.831,%
Batch: 200 | Loss: 7.961 | Acc: 35.599,46.933,58.776,67.498,73.406,77.009,77.697,77.845,%
Batch: 220 | Loss: 7.929 | Acc: 35.595,47.069,58.983,67.771,73.653,77.118,77.874,77.966,%
Batch: 240 | Loss: 7.907 | Acc: 35.701,47.144,59.106,67.839,73.736,77.240,78.005,78.086,%
Batch: 260 | Loss: 7.892 | Acc: 35.740,47.099,59.103,67.891,73.875,77.356,78.083,78.173,%
Batch: 280 | Loss: 7.902 | Acc: 35.710,46.997,59.033,67.821,73.807,77.355,78.075,78.231,%
Batch: 300 | Loss: 7.911 | Acc: 35.616,46.828,58.897,67.821,73.783,77.375,78.070,78.255,%
Batch: 320 | Loss: 7.901 | Acc: 35.660,46.909,58.925,67.837,73.878,77.453,78.123,78.310,%
Batch: 340 | Loss: 7.883 | Acc: 35.770,47.008,59.015,67.978,74.017,77.557,78.173,78.375,%
Batch: 360 | Loss: 7.856 | Acc: 35.829,47.122,59.178,68.088,74.149,77.684,78.326,78.510,%
Batch: 380 | Loss: 7.853 | Acc: 35.960,47.256,59.219,68.032,74.161,77.740,78.377,78.543,%
Batch: 0 | Loss: 6.367 | Acc: 50.000,60.000,60.000,60.000,70.000,90.000,90.000,80.000,%
Batch: 20 | Loss: 7.482 | Acc: 36.190,45.238,55.238,69.524,77.619,80.476,82.381,81.905,%
Batch: 40 | Loss: 7.616 | Acc: 34.878,47.317,57.317,69.512,76.098,79.756,81.220,80.732,%
Batch: 60 | Loss: 7.418 | Acc: 32.623,47.869,58.689,70.984,77.213,81.639,82.295,82.459,%
Batch: 80 | Loss: 7.622 | Acc: 32.469,46.667,58.642,70.247,76.790,80.123,80.741,81.111,%
Batch: 100 | Loss: 7.709 | Acc: 32.871,46.436,57.822,70.198,75.743,79.505,80.297,80.495,%
Batch: 120 | Loss: 7.814 | Acc: 32.810,46.198,57.438,70.000,75.289,79.504,80.331,80.248,%
Batch: 140 | Loss: 7.741 | Acc: 32.766,46.170,57.801,70.213,75.461,79.645,80.638,80.426,%
Batch: 160 | Loss: 7.794 | Acc: 33.168,46.211,57.267,70.248,75.093,79.752,80.559,80.497,%
Batch: 180 | Loss: 7.782 | Acc: 33.812,46.961,57.569,70.055,75.414,79.724,80.442,80.552,%
Batch: 200 | Loss: 7.841 | Acc: 33.134,46.965,57.811,70.000,75.174,79.254,79.801,79.801,%
Batch: 220 | Loss: 7.869 | Acc: 32.986,47.195,57.873,69.729,74.706,78.597,79.412,79.412,%
Batch: 240 | Loss: 7.920 | Acc: 32.822,47.261,57.842,69.585,74.689,78.589,79.378,79.253,%
Batch: 260 | Loss: 7.969 | Acc: 32.797,46.935,57.893,69.349,74.406,78.352,78.889,78.736,%
Batch: 280 | Loss: 7.982 | Acc: 32.705,46.940,57.865,69.359,74.448,78.256,78.719,78.683,%
Batch: 300 | Loss: 7.913 | Acc: 32.591,47.409,58.571,69.867,74.950,78.571,79.169,79.103,%
Batch: 320 | Loss: 7.912 | Acc: 32.648,47.570,58.505,69.782,74.798,78.318,78.972,78.879,%
Batch: 340 | Loss: 7.917 | Acc: 32.405,47.654,58.475,69.677,74.780,78.358,79.062,78.856,%
Batch: 360 | Loss: 7.944 | Acc: 32.687,47.867,58.560,69.529,74.709,78.061,78.809,78.643,%
Batch: 380 | Loss: 7.962 | Acc: 32.546,47.402,58.399,69.449,74.646,78.084,78.793,78.609,%
Batch: 400 | Loss: 7.933 | Acc: 32.718,47.631,58.554,69.426,74.838,78.429,79.102,78.928,%
Batch: 420 | Loss: 7.928 | Acc: 32.779,47.625,58.741,69.454,74.941,78.599,79.382,79.145,%
Batch: 440 | Loss: 7.878 | Acc: 32.834,47.755,59.002,69.592,75.102,78.617,79.433,79.297,%
Batch: 460 | Loss: 7.853 | Acc: 32.885,47.614,59.046,69.826,75.249,78.677,79.523,79.458,%
Batch: 480 | Loss: 7.833 | Acc: 32.890,47.672,59.127,69.958,75.468,78.836,79.584,79.439,%
Batch: 500 | Loss: 7.823 | Acc: 32.974,47.904,59.182,69.920,75.409,78.942,79.641,79.501,%
Batch: 520 | Loss: 7.820 | Acc: 32.975,47.812,59.117,70.077,75.432,78.964,79.712,79.539,%
Batch: 540 | Loss: 7.808 | Acc: 33.068,47.671,59.002,70.074,75.379,79.002,79.760,79.593,%
Batch: 560 | Loss: 7.821 | Acc: 33.155,47.576,59.091,70.089,75.472,78.984,79.768,79.643,%
Batch: 580 | Loss: 7.790 | Acc: 33.356,47.762,59.139,70.138,75.611,79.157,79.966,79.828,%
Batch: 600 | Loss: 7.814 | Acc: 33.245,47.604,58.968,70.067,75.591,79.018,79.767,79.651,%
Batch: 620 | Loss: 7.815 | Acc: 33.188,47.424,58.824,69.936,75.459,79.018,79.742,79.614,%
Batch: 640 | Loss: 7.814 | Acc: 33.167,47.317,58.721,69.891,75.476,79.017,79.688,79.594,%
Batch: 660 | Loss: 7.814 | Acc: 33.192,47.322,58.548,69.955,75.522,79.017,79.652,79.622,%
Batch: 680 | Loss: 7.811 | Acc: 33.157,47.283,58.576,69.985,75.477,79.075,79.721,79.692,%
Batch: 700 | Loss: 7.832 | Acc: 33.167,47.204,58.559,69.986,75.292,78.902,79.572,79.515,%
Batch: 720 | Loss: 7.807 | Acc: 33.273,47.282,58.682,70.153,75.423,78.988,79.612,79.584,%
Batch: 740 | Loss: 7.789 | Acc: 33.225,47.220,58.731,70.243,75.493,78.988,79.649,79.622,%
Batch: 760 | Loss: 7.783 | Acc: 33.259,47.306,58.712,70.210,75.466,79.001,79.619,79.566,%
Batch: 780 | Loss: 7.786 | Acc: 33.316,47.375,58.771,70.230,75.403,78.912,79.565,79.488,%
Batch: 800 | Loss: 7.797 | Acc: 33.208,47.291,58.814,70.250,75.368,78.801,79.451,79.401,%
Batch: 820 | Loss: 7.789 | Acc: 33.313,47.320,58.819,70.244,75.359,78.831,79.488,79.440,%
Batch: 840 | Loss: 7.795 | Acc: 33.151,47.206,58.704,70.166,75.339,78.823,79.489,79.453,%
Batch: 860 | Loss: 7.813 | Acc: 33.182,47.166,58.688,70.209,75.319,78.780,79.431,79.361,%
Batch: 880 | Loss: 7.819 | Acc: 33.246,47.185,58.683,70.057,75.233,78.774,79.421,79.353,%
Batch: 900 | Loss: 7.808 | Acc: 33.374,47.092,58.535,70.033,75.305,78.868,79.512,79.445,%
Batch: 920 | Loss: 7.787 | Acc: 33.355,47.177,58.686,70.098,75.418,79.001,79.642,79.577,%
Batch: 940 | Loss: 7.788 | Acc: 33.262,47.258,58.693,70.000,75.367,78.916,79.554,79.458,%
Batch: 960 | Loss: 7.780 | Acc: 33.257,47.263,58.751,70.010,75.338,78.928,79.542,79.459,%
Batch: 980 | Loss: 7.769 | Acc: 33.221,47.156,58.726,69.990,75.372,78.940,79.572,79.470,%

Epoch: 4
Batch: 0 | Loss: 7.125 | Acc: 46.875,57.812,64.844,70.312,76.562,78.125,80.469,82.031,%
Batch: 20 | Loss: 7.426 | Acc: 37.909,49.665,60.603,69.866,76.823,80.097,80.246,80.022,%
Batch: 40 | Loss: 7.388 | Acc: 37.786,48.876,60.385,70.122,77.134,80.297,80.945,80.831,%
Batch: 60 | Loss: 7.361 | Acc: 37.948,49.283,60.617,70.223,77.241,80.264,80.853,80.866,%
Batch: 80 | Loss: 7.393 | Acc: 37.529,48.881,60.590,70.052,77.025,80.064,80.604,80.613,%
Batch: 100 | Loss: 7.370 | Acc: 37.546,48.956,60.667,70.343,77.220,80.229,80.623,80.600,%
Batch: 120 | Loss: 7.388 | Acc: 37.035,48.941,60.854,70.448,77.189,80.165,80.533,80.572,%
Batch: 140 | Loss: 7.355 | Acc: 37.195,49.030,60.965,70.595,77.294,80.291,80.690,80.696,%
Batch: 160 | Loss: 7.353 | Acc: 37.155,49.039,60.899,70.604,77.247,80.304,80.571,80.639,%
Batch: 180 | Loss: 7.364 | Acc: 37.025,48.934,60.765,70.537,77.249,80.335,80.594,80.667,%
Batch: 200 | Loss: 7.378 | Acc: 36.866,48.904,60.716,70.445,77.247,80.302,80.640,80.741,%
Batch: 220 | Loss: 7.381 | Acc: 36.793,48.840,60.630,70.489,77.195,80.285,80.646,80.720,%
Batch: 240 | Loss: 7.363 | Acc: 36.861,49.024,60.707,70.640,77.259,80.346,80.670,80.728,%
Batch: 260 | Loss: 7.341 | Acc: 36.904,49.030,60.821,70.773,77.419,80.484,80.783,80.855,%
Batch: 280 | Loss: 7.347 | Acc: 36.872,48.955,60.818,70.735,77.388,80.460,80.786,80.908,%
Batch: 300 | Loss: 7.331 | Acc: 36.945,49.053,60.906,70.780,77.484,80.573,80.848,80.967,%
Batch: 320 | Loss: 7.301 | Acc: 37.096,49.143,60.979,70.843,77.597,80.724,80.997,81.131,%
Batch: 340 | Loss: 7.297 | Acc: 37.083,49.210,61.018,70.869,77.552,80.744,80.991,81.124,%
Batch: 360 | Loss: 7.290 | Acc: 37.067,49.236,61.119,70.955,77.627,80.800,81.051,81.185,%
Batch: 380 | Loss: 7.289 | Acc: 37.108,49.235,61.128,70.938,77.651,80.799,81.106,81.199,%
Batch: 0 | Loss: 5.377 | Acc: 40.000,60.000,70.000,80.000,90.000,90.000,90.000,90.000,%
Batch: 20 | Loss: 7.278 | Acc: 31.905,48.571,58.571,72.857,77.143,82.381,84.286,83.333,%
Batch: 40 | Loss: 7.458 | Acc: 33.415,48.537,60.000,70.488,76.585,81.220,82.439,82.439,%
Batch: 60 | Loss: 7.349 | Acc: 33.443,48.361,60.820,70.000,76.721,81.311,82.459,82.787,%
Batch: 80 | Loss: 7.479 | Acc: 32.222,47.160,60.617,69.383,76.420,80.494,82.099,81.605,%
Batch: 100 | Loss: 7.497 | Acc: 33.762,47.030,60.495,69.802,76.040,80.099,81.386,80.891,%
Batch: 120 | Loss: 7.561 | Acc: 34.545,46.612,60.248,69.504,75.950,79.504,81.074,80.661,%
Batch: 140 | Loss: 7.521 | Acc: 34.468,46.950,60.284,69.787,76.525,79.433,80.922,80.638,%
Batch: 160 | Loss: 7.550 | Acc: 34.596,46.832,60.311,69.752,76.460,79.441,81.242,80.932,%
Batch: 180 | Loss: 7.520 | Acc: 35.304,47.293,60.994,69.834,76.575,79.448,81.215,81.050,%
Batch: 200 | Loss: 7.510 | Acc: 35.721,47.512,60.945,69.552,76.418,79.403,80.846,80.647,%
Batch: 220 | Loss: 7.566 | Acc: 36.018,47.783,60.407,69.502,76.063,79.186,80.588,80.271,%
Batch: 240 | Loss: 7.622 | Acc: 35.934,47.593,60.124,69.253,75.726,79.087,80.332,80.166,%
Batch: 260 | Loss: 7.697 | Acc: 35.977,47.663,59.579,68.697,75.364,78.736,80.115,79.923,%
Batch: 280 | Loss: 7.670 | Acc: 35.658,47.438,59.431,68.754,75.409,79.075,80.391,80.249,%
Batch: 300 | Loss: 7.639 | Acc: 35.548,47.508,59.701,69.136,75.880,79.535,80.797,80.698,%
Batch: 320 | Loss: 7.624 | Acc: 35.670,47.632,59.502,69.221,75.701,79.470,80.872,80.748,%
Batch: 340 | Loss: 7.631 | Acc: 35.455,48.006,59.560,68.944,75.543,79.501,80.850,80.704,%
Batch: 360 | Loss: 7.621 | Acc: 35.734,48.089,59.723,69.141,75.734,79.695,80.942,80.803,%
Batch: 380 | Loss: 7.642 | Acc: 35.564,47.874,59.843,68.871,75.643,79.738,80.997,80.892,%
Batch: 400 | Loss: 7.616 | Acc: 35.561,48.155,60.050,68.978,75.885,79.925,81.072,80.923,%
Batch: 420 | Loss: 7.625 | Acc: 35.701,48.219,59.976,68.931,75.843,80.000,81.188,80.998,%
Batch: 440 | Loss: 7.578 | Acc: 36.054,48.481,60.227,69.206,76.100,80.113,81.224,81.066,%
Batch: 460 | Loss: 7.535 | Acc: 36.074,48.547,60.412,69.414,76.226,80.217,81.345,81.215,%
Batch: 480 | Loss: 7.534 | Acc: 36.154,48.649,60.582,69.647,76.383,80.291,81.435,81.247,%
Batch: 500 | Loss: 7.537 | Acc: 36.248,48.782,60.479,69.581,76.267,80.160,81.377,81.277,%
Batch: 520 | Loss: 7.539 | Acc: 36.296,48.714,60.422,69.597,76.238,80.154,81.305,81.228,%
Batch: 540 | Loss: 7.530 | Acc: 36.340,48.521,60.351,69.704,76.248,80.148,81.331,81.312,%
Batch: 560 | Loss: 7.554 | Acc: 36.364,48.538,60.232,69.554,76.132,80.089,81.230,81.266,%
Batch: 580 | Loss: 7.538 | Acc: 36.592,48.571,60.275,69.587,76.282,80.224,81.274,81.325,%
Batch: 600 | Loss: 7.563 | Acc: 36.522,48.502,60.133,69.468,76.057,80.133,81.098,81.165,%
Batch: 620 | Loss: 7.567 | Acc: 36.409,48.454,59.984,69.324,76.006,80.161,81.079,81.095,%
Batch: 640 | Loss: 7.564 | Acc: 36.271,48.565,59.922,69.376,76.100,80.218,81.154,81.139,%
Batch: 660 | Loss: 7.568 | Acc: 36.248,48.548,59.818,69.274,76.021,80.151,81.120,81.120,%
Batch: 680 | Loss: 7.571 | Acc: 36.182,48.590,59.794,69.266,76.094,80.103,81.043,81.072,%
Batch: 700 | Loss: 7.594 | Acc: 36.106,48.359,59.715,69.215,75.977,79.943,80.856,80.884,%
Batch: 720 | Loss: 7.574 | Acc: 36.158,48.391,59.778,69.348,76.019,79.986,80.943,80.971,%
Batch: 740 | Loss: 7.544 | Acc: 36.208,48.543,59.811,69.433,76.194,80.040,81.026,81.080,%
Batch: 760 | Loss: 7.535 | Acc: 36.242,48.476,59.908,69.527,76.176,80.079,81.051,81.104,%
Batch: 780 | Loss: 7.537 | Acc: 36.287,48.553,59.949,69.513,76.146,80.026,81.012,81.088,%
Batch: 800 | Loss: 7.554 | Acc: 36.130,48.527,59.775,69.501,76.117,79.875,80.886,81.024,%
Batch: 820 | Loss: 7.543 | Acc: 36.212,48.502,59.781,69.488,76.127,79.878,80.914,81.072,%
Batch: 840 | Loss: 7.547 | Acc: 36.195,48.347,59.727,69.429,76.040,79.845,80.916,81.094,%
Batch: 860 | Loss: 7.556 | Acc: 36.318,48.328,59.721,69.466,76.074,79.826,80.894,81.069,%
Batch: 880 | Loss: 7.559 | Acc: 36.311,48.286,59.716,69.296,76.061,79.762,80.840,81.067,%
Batch: 900 | Loss: 7.554 | Acc: 36.360,48.224,59.822,69.390,76.149,79.800,80.855,81.054,%
Batch: 920 | Loss: 7.532 | Acc: 36.308,48.339,59.794,69.446,76.211,79.924,80.955,81.151,%
Batch: 940 | Loss: 7.536 | Acc: 36.259,48.289,59.766,69.426,76.153,79.862,80.882,81.084,%
Batch: 960 | Loss: 7.521 | Acc: 36.181,48.314,59.844,69.448,76.212,79.906,80.937,81.155,%
Batch: 980 | Loss: 7.519 | Acc: 36.106,48.257,59.796,69.419,76.147,79.847,80.938,81.152,%

Epoch: 5
Batch: 0 | Loss: 6.879 | Acc: 43.750,42.969,64.062,76.562,78.906,85.156,84.375,85.156,%
Batch: 20 | Loss: 7.019 | Acc: 39.695,50.186,62.128,72.098,78.609,81.845,82.552,83.333,%
Batch: 40 | Loss: 6.930 | Acc: 38.700,50.648,62.481,72.656,79.459,82.736,82.908,83.384,%
Batch: 60 | Loss: 6.989 | Acc: 38.717,50.628,61.949,72.067,79.098,82.300,82.723,82.992,%
Batch: 80 | Loss: 7.028 | Acc: 38.233,50.395,61.709,71.962,78.897,82.186,82.697,82.870,%
Batch: 100 | Loss: 7.059 | Acc: 37.995,50.348,61.502,71.542,78.775,81.969,82.526,82.689,%
Batch: 120 | Loss: 7.020 | Acc: 38.184,50.329,61.925,71.720,79.042,82.341,82.858,83.019,%
Batch: 140 | Loss: 7.003 | Acc: 38.226,50.327,61.807,71.692,79.034,82.419,82.923,83.062,%
Batch: 160 | Loss: 6.996 | Acc: 38.145,50.238,61.724,71.623,78.974,82.497,82.948,83.060,%
Batch: 180 | Loss: 6.989 | Acc: 38.199,50.337,61.900,71.780,79.131,82.515,83.033,83.119,%
Batch: 200 | Loss: 6.979 | Acc: 38.091,50.443,62.010,72.104,79.237,82.575,83.092,83.178,%
Batch: 220 | Loss: 6.971 | Acc: 38.182,50.509,62.097,72.098,79.249,82.593,83.049,83.145,%
Batch: 240 | Loss: 6.961 | Acc: 38.372,50.587,62.228,72.196,79.295,82.530,83.036,83.124,%
Batch: 260 | Loss: 6.965 | Acc: 38.374,50.644,62.120,72.007,79.227,82.450,82.962,83.052,%
Batch: 280 | Loss: 6.956 | Acc: 38.409,50.854,62.269,72.084,79.309,82.443,82.957,83.054,%
Batch: 300 | Loss: 6.940 | Acc: 38.593,50.872,62.409,72.122,79.324,82.488,83.015,83.080,%
Batch: 320 | Loss: 6.930 | Acc: 38.624,50.842,62.442,72.191,79.398,82.550,83.036,83.141,%
Batch: 340 | Loss: 6.910 | Acc: 38.655,50.999,62.617,72.303,79.534,82.648,83.133,83.252,%
Batch: 360 | Loss: 6.890 | Acc: 38.660,51.128,62.697,72.412,79.644,82.745,83.239,83.347,%
Batch: 380 | Loss: 6.877 | Acc: 38.706,51.161,62.762,72.468,79.720,82.790,83.301,83.397,%
Batch: 0 | Loss: 5.973 | Acc: 50.000,50.000,60.000,90.000,90.000,80.000,90.000,90.000,%
Batch: 20 | Loss: 6.777 | Acc: 35.714,40.952,61.905,78.095,82.381,83.810,85.714,85.714,%
Batch: 40 | Loss: 6.976 | Acc: 38.049,43.415,62.439,72.683,80.000,83.171,84.390,85.122,%
Batch: 60 | Loss: 6.866 | Acc: 36.066,41.803,62.787,74.590,81.475,83.443,84.918,85.410,%
Batch: 80 | Loss: 7.022 | Acc: 37.037,42.963,61.852,73.704,80.988,83.210,84.691,85.185,%
Batch: 100 | Loss: 7.084 | Acc: 37.624,44.950,61.386,73.465,80.198,82.673,83.960,84.257,%
Batch: 120 | Loss: 7.099 | Acc: 38.182,46.033,60.165,73.884,80.165,82.479,83.884,84.215,%
Batch: 140 | Loss: 7.020 | Acc: 37.943,46.170,60.993,74.113,80.355,82.837,84.184,84.539,%
Batch: 160 | Loss: 7.080 | Acc: 38.199,46.894,61.242,73.975,80.062,82.547,83.851,84.224,%
Batch: 180 | Loss: 7.061 | Acc: 38.785,47.459,61.713,74.254,80.387,82.707,83.923,84.199,%
Batch: 200 | Loss: 7.100 | Acc: 38.507,47.861,62.189,74.129,79.950,82.388,83.682,84.030,%
Batch: 220 | Loss: 7.151 | Acc: 38.190,47.376,61.946,73.982,79.638,82.036,83.167,83.620,%
Batch: 240 | Loss: 7.202 | Acc: 37.967,47.344,61.867,73.610,79.212,81.701,82.863,83.320,%
Batch: 260 | Loss: 7.229 | Acc: 38.161,47.203,61.954,73.295,79.195,81.762,82.797,83.180,%
Batch: 280 | Loss: 7.236 | Acc: 37.900,46.833,61.815,73.274,79.039,81.886,82.954,83.381,%
Batch: 300 | Loss: 7.173 | Acc: 37.542,47.043,61.993,73.787,79.568,82.392,83.289,83.821,%
Batch: 320 | Loss: 7.176 | Acc: 37.850,47.196,61.745,73.676,79.439,82.243,83.146,83.676,%
Batch: 340 | Loss: 7.199 | Acc: 37.859,47.419,61.672,73.724,79.326,82.229,82.991,83.607,%
Batch: 360 | Loss: 7.229 | Acc: 38.089,47.895,61.634,73.573,79.169,82.105,82.770,83.352,%
Batch: 380 | Loss: 7.232 | Acc: 37.769,47.717,61.496,73.307,79.029,82.205,82.782,83.333,%
Batch: 400 | Loss: 7.221 | Acc: 37.781,47.756,61.646,73.491,78.953,82.244,82.818,83.342,%
Batch: 420 | Loss: 7.231 | Acc: 37.933,47.862,61.615,73.397,78.979,82.209,82.827,83.373,%
Batch: 440 | Loss: 7.185 | Acc: 38.186,48.050,61.655,73.515,79.093,82.426,83.061,83.515,%
Batch: 460 | Loss: 7.152 | Acc: 38.243,47.983,61.627,73.666,79.197,82.516,83.102,83.536,%
Batch: 480 | Loss: 7.143 | Acc: 38.274,48.170,61.746,73.888,79.376,82.661,83.285,83.680,%
Batch: 500 | Loss: 7.142 | Acc: 38.363,48.064,61.637,73.792,79.421,82.635,83.253,83.693,%
Batch: 520 | Loss: 7.146 | Acc: 38.311,48.023,61.708,73.877,79.501,82.591,83.225,83.647,%
Batch: 540 | Loss: 7.138 | Acc: 38.262,47.782,61.682,73.845,79.538,82.606,83.272,83.697,%
Batch: 560 | Loss: 7.152 | Acc: 38.128,47.665,61.729,73.832,79.447,82.567,83.209,83.583,%
Batch: 580 | Loss: 7.124 | Acc: 38.176,47.900,61.928,73.873,79.604,82.651,83.236,83.649,%
Batch: 600 | Loss: 7.133 | Acc: 38.070,47.770,61.814,73.927,79.484,82.629,83.228,83.644,%
Batch: 620 | Loss: 7.127 | Acc: 37.907,47.665,61.691,73.897,79.469,82.705,83.269,83.704,%
Batch: 640 | Loss: 7.110 | Acc: 37.878,47.566,61.607,73.885,79.516,82.824,83.417,83.807,%
Batch: 660 | Loss: 7.120 | Acc: 37.867,47.519,61.604,73.888,79.531,82.874,83.419,83.812,%
Batch: 680 | Loss: 7.115 | Acc: 37.797,47.533,61.659,73.877,79.618,82.907,83.451,83.891,%
Batch: 700 | Loss: 7.151 | Acc: 37.775,47.404,61.655,73.709,79.486,82.753,83.252,83.680,%
Batch: 720 | Loss: 7.133 | Acc: 37.781,47.490,61.748,73.786,79.542,82.788,83.287,83.662,%
Batch: 740 | Loss: 7.117 | Acc: 37.719,47.557,61.876,73.914,79.622,82.821,83.320,83.684,%
Batch: 760 | Loss: 7.106 | Acc: 37.766,47.622,61.932,73.968,79.658,82.865,83.377,83.719,%
Batch: 780 | Loss: 7.111 | Acc: 37.849,47.631,62.010,74.020,79.603,82.817,83.342,83.700,%
Batch: 800 | Loss: 7.119 | Acc: 37.753,47.628,61.923,73.983,79.538,82.709,83.308,83.683,%
Batch: 820 | Loss: 7.104 | Acc: 37.820,47.625,61.900,74.032,79.635,82.814,83.337,83.691,%
Batch: 840 | Loss: 7.111 | Acc: 37.729,47.586,61.760,74.007,79.679,82.854,83.329,83.686,%
Batch: 860 | Loss: 7.124 | Acc: 37.770,47.584,61.789,73.995,79.652,82.834,83.240,83.600,%
Batch: 880 | Loss: 7.126 | Acc: 37.809,47.526,61.782,73.950,79.625,82.770,83.201,83.553,%
Batch: 900 | Loss: 7.117 | Acc: 37.925,47.580,61.731,73.951,79.656,82.764,83.196,83.541,%
Batch: 920 | Loss: 7.098 | Acc: 37.904,47.731,61.878,73.985,79.783,82.877,83.279,83.605,%
Batch: 940 | Loss: 7.096 | Acc: 37.885,47.736,61.870,73.964,79.745,82.869,83.262,83.571,%
Batch: 960 | Loss: 7.097 | Acc: 37.867,47.773,61.935,73.913,79.667,82.862,83.257,83.580,%
Batch: 980 | Loss: 7.091 | Acc: 37.839,47.808,61.927,73.823,79.633,82.895,83.282,83.609,%

Epoch: 6
Batch: 0 | Loss: 6.448 | Acc: 42.188,52.344,60.938,71.875,78.906,83.594,85.156,86.719,%
Batch: 20 | Loss: 6.477 | Acc: 38.132,52.716,64.546,74.702,82.850,84.896,85.045,84.710,%
Batch: 40 | Loss: 6.545 | Acc: 39.120,52.458,64.120,74.447,81.974,84.413,84.604,84.375,%
Batch: 60 | Loss: 6.551 | Acc: 39.075,51.998,63.755,74.347,81.929,84.349,84.580,84.324,%
Batch: 80 | Loss: 6.517 | Acc: 38.725,52.083,63.985,74.470,81.973,84.549,84.857,84.722,%
Batch: 100 | Loss: 6.517 | Acc: 38.916,52.096,64.179,74.451,81.791,84.592,84.994,84.777,%
Batch: 120 | Loss: 6.515 | Acc: 39.146,52.266,64.166,74.335,81.792,84.459,84.917,84.749,%
Batch: 140 | Loss: 6.568 | Acc: 39.123,52.105,63.979,73.953,81.433,84.198,84.674,84.574,%
Batch: 160 | Loss: 6.588 | Acc: 39.227,51.878,63.907,73.816,81.274,84.132,84.550,84.457,%
Batch: 180 | Loss: 6.562 | Acc: 39.270,52.150,64.192,74.029,81.315,84.310,84.712,84.651,%
Batch: 200 | Loss: 6.564 | Acc: 39.455,52.266,64.253,74.059,81.301,84.324,84.740,84.674,%
Batch: 220 | Loss: 6.544 | Acc: 39.639,52.340,64.331,74.155,81.423,84.478,84.849,84.792,%
Batch: 240 | Loss: 6.539 | Acc: 39.652,52.331,64.218,74.121,81.487,84.534,84.897,84.822,%
Batch: 260 | Loss: 6.548 | Acc: 39.712,52.284,64.188,74.189,81.480,84.483,84.794,84.734,%
Batch: 280 | Loss: 6.536 | Acc: 39.827,52.260,64.204,74.288,81.561,84.570,84.900,84.856,%
Batch: 300 | Loss: 6.532 | Acc: 39.846,52.240,64.343,74.328,81.572,84.557,84.912,84.863,%
Batch: 320 | Loss: 6.529 | Acc: 39.900,52.251,64.359,74.413,81.527,84.596,84.927,84.903,%
Batch: 340 | Loss: 6.517 | Acc: 39.942,52.344,64.459,74.487,81.580,84.664,85.016,84.978,%
Batch: 360 | Loss: 6.506 | Acc: 39.971,52.359,64.441,74.496,81.650,84.654,85.016,84.951,%
Batch: 380 | Loss: 6.506 | Acc: 40.036,52.426,64.514,74.524,81.629,84.640,85.005,84.957,%
Batch: 0 | Loss: 5.732 | Acc: 60.000,80.000,60.000,70.000,90.000,80.000,80.000,90.000,%
Batch: 20 | Loss: 7.125 | Acc: 22.857,53.333,63.333,77.619,84.762,87.619,87.619,88.571,%
Batch: 40 | Loss: 7.461 | Acc: 22.439,49.268,62.439,75.366,82.683,85.122,84.390,85.366,%
Batch: 60 | Loss: 7.196 | Acc: 22.295,50.000,62.951,76.885,83.279,86.230,86.230,86.721,%
Batch: 80 | Loss: 7.410 | Acc: 21.852,50.741,61.975,76.420,82.593,85.432,85.679,86.173,%
Batch: 100 | Loss: 7.513 | Acc: 21.485,51.188,61.782,75.743,81.980,84.653,84.554,85.248,%
Batch: 120 | Loss: 7.568 | Acc: 22.149,51.901,61.653,75.702,81.322,84.215,84.215,84.959,%
Batch: 140 | Loss: 7.487 | Acc: 21.773,51.844,61.844,75.674,81.489,84.752,84.681,85.177,%
Batch: 160 | Loss: 7.523 | Acc: 21.304,51.863,61.925,75.528,81.118,84.410,84.845,85.342,%
Batch: 180 | Loss: 7.459 | Acc: 21.436,52.597,62.597,75.635,81.326,84.696,85.028,85.580,%
Batch: 200 | Loss: 7.469 | Acc: 20.995,53.085,62.488,75.323,81.642,84.726,85.075,85.622,%
Batch: 220 | Loss: 7.527 | Acc: 21.041,52.986,62.081,74.977,81.448,84.118,84.615,85.113,%
Batch: 240 | Loss: 7.574 | Acc: 20.664,52.905,61.618,75.021,81.494,83.983,84.606,85.145,%
Batch: 260 | Loss: 7.635 | Acc: 20.766,52.605,61.418,75.019,81.341,83.563,84.215,84.789,%
Batch: 280 | Loss: 7.623 | Acc: 20.641,52.242,61.601,75.018,81.530,83.737,84.555,85.196,%
Batch: 300 | Loss: 7.566 | Acc: 20.664,52.326,62.226,75.249,81.960,84.020,84.917,85.482,%
Batch: 320 | Loss: 7.583 | Acc: 20.498,52.274,62.150,75.078,81.807,83.769,84.642,85.140,%
Batch: 340 | Loss: 7.598 | Acc: 20.323,52.639,62.229,74.927,81.730,83.783,84.604,85.132,%
Batch: 360 | Loss: 7.602 | Acc: 20.637,52.715,62.299,74.820,81.579,83.767,84.488,84.958,%
Batch: 380 | Loss: 7.617 | Acc: 20.499,52.467,62.257,74.672,81.470,83.701,84.304,84.777,%
Batch: 400 | Loss: 7.616 | Acc: 20.424,52.419,62.569,74.763,81.322,83.716,84.414,84.888,%
Batch: 420 | Loss: 7.607 | Acc: 20.570,52.352,62.708,74.774,81.354,83.705,84.466,84.917,%
Batch: 440 | Loss: 7.555 | Acc: 20.748,52.721,63.016,74.921,81.587,83.946,84.739,85.125,%
Batch: 460 | Loss: 7.543 | Acc: 20.629,52.820,62.950,74.837,81.627,84.078,84.859,85.228,%
Batch: 480 | Loss: 7.528 | Acc: 20.748,53.098,63.056,74.969,81.705,84.158,84.865,85.239,%
Batch: 500 | Loss: 7.519 | Acc: 20.858,53.114,63.074,74.970,81.756,84.192,84.910,85.210,%
Batch: 520 | Loss: 7.503 | Acc: 21.056,53.109,63.244,75.106,81.804,84.280,84.971,85.298,%
Batch: 540 | Loss: 7.490 | Acc: 21.035,52.939,63.179,75.213,81.867,84.362,85.028,85.360,%
Batch: 560 | Loss: 7.511 | Acc: 21.283,52.959,63.209,75.062,81.818,84.260,84.920,85.205,%
Batch: 580 | Loss: 7.489 | Acc: 21.394,52.960,63.408,75.043,81.910,84.355,85.026,85.267,%
Batch: 600 | Loss: 7.520 | Acc: 21.265,52.879,63.245,74.925,81.864,84.260,84.859,85.125,%
Batch: 620 | Loss: 7.528 | Acc: 21.079,52.834,63.108,74.702,81.675,84.235,84.815,85.105,%
Batch: 640 | Loss: 7.512 | Acc: 21.092,52.715,63.058,74.743,81.778,84.337,84.961,85.211,%
Batch: 660 | Loss: 7.518 | Acc: 21.120,52.602,63.041,74.705,81.800,84.418,85.083,85.295,%
Batch: 680 | Loss: 7.530 | Acc: 20.999,52.570,63.010,74.567,81.762,84.347,85.051,85.272,%
Batch: 700 | Loss: 7.560 | Acc: 21.056,52.425,62.839,74.379,81.598,84.165,84.936,85.121,%
Batch: 720 | Loss: 7.538 | Acc: 21.082,52.552,62.885,74.535,81.692,84.189,84.938,85.104,%
Batch: 740 | Loss: 7.510 | Acc: 21.066,52.470,63.050,74.723,81.768,84.278,85.020,85.155,%
Batch: 760 | Loss: 7.516 | Acc: 21.104,52.378,63.062,74.625,81.735,84.271,84.967,85.151,%
Batch: 780 | Loss: 7.521 | Acc: 21.114,52.407,63.124,74.571,81.690,84.225,84.942,85.109,%
Batch: 800 | Loss: 7.528 | Acc: 21.199,52.272,63.121,74.532,81.748,84.232,84.944,85.144,%
Batch: 820 | Loss: 7.511 | Acc: 21.242,52.412,63.021,74.677,81.766,84.263,84.957,85.164,%
Batch: 840 | Loss: 7.512 | Acc: 21.201,52.259,62.854,74.673,81.748,84.245,84.970,85.172,%
Batch: 860 | Loss: 7.534 | Acc: 21.208,52.160,62.753,74.669,81.661,84.146,84.832,85.006,%
Batch: 880 | Loss: 7.536 | Acc: 21.351,52.157,62.656,74.665,81.612,84.109,84.745,84.904,%
Batch: 900 | Loss: 7.532 | Acc: 21.376,52.231,62.775,74.650,81.654,84.062,84.761,84.906,%
Batch: 920 | Loss: 7.522 | Acc: 21.357,52.237,62.856,74.712,81.748,84.126,84.821,84.962,%
Batch: 940 | Loss: 7.524 | Acc: 21.350,52.264,62.869,74.665,81.679,84.070,84.803,84.920,%
Batch: 960 | Loss: 7.519 | Acc: 21.342,52.289,62.914,74.641,81.675,84.100,84.818,84.943,%
Batch: 980 | Loss: 7.513 | Acc: 21.335,52.273,62.864,74.597,81.682,84.159,84.893,85.036,%

Epoch: 7
Batch: 0 | Loss: 5.811 | Acc: 42.969,59.375,70.312,79.688,84.375,88.281,89.062,89.062,%
Batch: 20 | Loss: 6.125 | Acc: 39.844,53.311,66.295,76.935,83.929,87.016,87.128,87.277,%
Batch: 40 | Loss: 6.154 | Acc: 40.587,53.601,65.930,76.448,83.365,86.547,86.814,86.909,%
Batch: 60 | Loss: 6.192 | Acc: 40.266,53.394,65.599,76.306,83.543,86.642,86.808,86.757,%
Batch: 80 | Loss: 6.215 | Acc: 40.451,53.607,65.664,76.177,83.391,86.410,86.613,86.651,%
Batch: 100 | Loss: 6.284 | Acc: 40.246,53.094,65.192,76.029,83.122,86.200,86.433,86.448,%
Batch: 120 | Loss: 6.313 | Acc: 40.186,52.905,64.986,75.671,82.974,86.080,86.299,86.344,%
Batch: 140 | Loss: 6.288 | Acc: 40.160,53.136,64.955,75.765,83.040,86.131,86.392,86.447,%
Batch: 160 | Loss: 6.275 | Acc: 40.217,53.232,65.023,75.951,83.113,86.083,86.360,86.418,%
Batch: 180 | Loss: 6.279 | Acc: 40.284,53.384,65.073,75.980,83.007,85.933,86.278,86.322,%
Batch: 200 | Loss: 6.289 | Acc: 40.442,53.432,65.007,75.843,82.980,85.895,86.217,86.213,%
Batch: 220 | Loss: 6.301 | Acc: 40.438,53.372,64.900,75.764,83.010,85.945,86.203,86.196,%
Batch: 240 | Loss: 6.293 | Acc: 40.414,53.336,65.022,75.888,83.039,85.963,86.239,86.203,%
Batch: 260 | Loss: 6.284 | Acc: 40.448,53.430,65.053,75.961,83.082,85.949,86.252,86.234,%
Batch: 280 | Loss: 6.263 | Acc: 40.489,53.592,65.241,76.104,83.116,85.949,86.282,86.238,%
Batch: 300 | Loss: 6.269 | Acc: 40.500,53.626,65.275,76.067,83.082,85.914,86.262,86.218,%
Batch: 320 | Loss: 6.265 | Acc: 40.537,53.626,65.250,76.051,83.102,85.947,86.312,86.256,%
Batch: 340 | Loss: 6.257 | Acc: 40.540,53.682,65.279,76.113,83.142,85.951,86.290,86.249,%
Batch: 360 | Loss: 6.253 | Acc: 40.755,53.835,65.346,76.063,83.083,85.922,86.295,86.249,%
Batch: 380 | Loss: 6.244 | Acc: 40.801,53.738,65.447,76.074,83.171,85.962,86.358,86.300,%
Batch: 0 | Loss: 5.953 | Acc: 40.000,40.000,70.000,80.000,90.000,90.000,90.000,90.000,%
Batch: 20 | Loss: 6.597 | Acc: 43.333,47.619,62.381,74.762,81.429,86.190,85.714,85.238,%
Batch: 40 | Loss: 6.842 | Acc: 42.439,49.756,59.756,70.976,79.512,82.927,84.146,83.171,%
Batch: 60 | Loss: 6.535 | Acc: 41.639,49.344,59.836,73.279,81.475,85.410,86.230,85.246,%
Batch: 80 | Loss: 6.820 | Acc: 40.988,49.259,60.247,73.580,80.741,84.568,84.815,84.198,%
Batch: 100 | Loss: 6.885 | Acc: 40.693,49.802,60.891,73.465,80.693,84.257,84.455,83.960,%
Batch: 120 | Loss: 6.996 | Acc: 40.661,48.926,60.413,73.802,80.579,84.132,84.711,84.380,%
Batch: 140 | Loss: 6.981 | Acc: 40.709,49.078,60.213,73.901,80.355,84.113,84.539,84.184,%
Batch: 160 | Loss: 7.074 | Acc: 39.814,48.944,59.503,73.292,80.373,84.099,84.472,84.037,%
Batch: 180 | Loss: 7.077 | Acc: 40.276,49.448,59.890,73.481,80.552,84.199,84.530,84.088,%
Batch: 200 | Loss: 7.063 | Acc: 40.199,49.502,60.647,73.284,80.398,83.980,84.378,84.080,%
Batch: 220 | Loss: 7.103 | Acc: 40.633,49.683,60.860,73.439,80.362,83.801,84.253,83.982,%
Batch: 240 | Loss: 7.138 | Acc: 40.996,49.834,60.498,73.112,80.332,83.859,84.232,83.900,%
Batch: 260 | Loss: 7.187 | Acc: 41.264,49.732,60.115,73.065,80.038,83.525,84.023,83.640,%
Batch: 280 | Loss: 7.170 | Acc: 40.961,49.502,59.929,73.416,80.178,83.559,84.057,83.701,%
Batch: 300 | Loss: 7.114 | Acc: 40.864,49.900,60.465,73.787,80.532,83.754,84.219,83.854,%
Batch: 320 | Loss: 7.107 | Acc: 41.090,49.907,60.561,73.583,80.312,83.614,84.050,83.707,%
Batch: 340 | Loss: 7.143 | Acc: 41.026,49.971,60.440,73.343,80.147,83.578,83.930,83.578,%
Batch: 360 | Loss: 7.145 | Acc: 41.053,50.055,60.388,73.102,80.083,83.518,83.906,83.573,%
Batch: 380 | Loss: 7.159 | Acc: 41.102,49.659,60.577,72.861,80.131,83.412,83.780,83.465,%
Batch: 400 | Loss: 7.143 | Acc: 41.347,49.975,60.923,73.067,80.075,83.441,83.915,83.541,%
Batch: 420 | Loss: 7.169 | Acc: 41.259,50.000,61.021,72.969,80.119,83.325,83.777,83.420,%
Batch: 440 | Loss: 7.114 | Acc: 41.633,50.204,61.134,73.152,80.340,83.515,84.014,83.651,%
Batch: 460 | Loss: 7.070 | Acc: 41.497,50.369,61.323,73.406,80.499,83.579,84.078,83.753,%
Batch: 480 | Loss: 7.077 | Acc: 41.705,50.457,61.414,73.555,80.520,83.555,84.075,83.742,%
Batch: 500 | Loss: 7.084 | Acc: 41.657,50.579,61.397,73.493,80.379,83.433,83.932,83.673,%
Batch: 520 | Loss: 7.077 | Acc: 41.593,50.595,61.305,73.628,80.441,83.532,83.992,83.762,%
Batch: 540 | Loss: 7.075 | Acc: 41.442,50.351,61.165,73.826,80.518,83.641,84.048,83.826,%
Batch: 560 | Loss: 7.098 | Acc: 41.426,50.285,61.230,73.743,80.410,83.529,83.939,83.725,%
Batch: 580 | Loss: 7.074 | Acc: 41.429,50.396,61.325,73.838,80.551,83.718,84.079,83.907,%
Batch: 600 | Loss: 7.106 | Acc: 41.281,50.366,61.198,73.777,80.449,83.527,83.927,83.777,%
Batch: 620 | Loss: 7.097 | Acc: 41.224,50.209,61.143,73.671,80.483,83.510,83.881,83.752,%
Batch: 640 | Loss: 7.096 | Acc: 41.248,50.078,61.092,73.744,80.406,83.588,83.916,83.775,%
Batch: 660 | Loss: 7.085 | Acc: 41.150,50.045,61.059,73.752,80.408,83.601,83.918,83.782,%
Batch: 680 | Loss: 7.069 | Acc: 41.101,49.941,61.043,73.833,80.411,83.686,83.979,83.847,%
Batch: 700 | Loss: 7.075 | Acc: 41.027,50.029,61.084,73.766,80.342,83.666,83.966,83.894,%
Batch: 720 | Loss: 7.062 | Acc: 41.026,50.194,61.123,73.842,80.361,83.606,83.953,83.897,%
Batch: 740 | Loss: 7.037 | Acc: 40.891,50.162,61.147,73.981,80.472,83.711,84.062,84.022,%
Batch: 760 | Loss: 7.037 | Acc: 40.920,50.223,61.248,74.008,80.420,83.679,83.995,83.995,%
Batch: 780 | Loss: 7.037 | Acc: 41.063,50.218,61.306,73.969,80.423,83.688,83.982,84.008,%
Batch: 800 | Loss: 7.044 | Acc: 41.011,50.162,61.323,73.958,80.350,83.645,83.945,83.970,%
Batch: 820 | Loss: 7.030 | Acc: 41.084,50.219,61.328,73.995,80.451,83.654,83.910,83.898,%
Batch: 840 | Loss: 7.024 | Acc: 40.892,50.131,61.308,73.924,80.476,83.710,83.936,83.924,%
Batch: 860 | Loss: 7.037 | Acc: 40.999,50.209,61.301,73.891,80.430,83.647,83.856,83.879,%
Batch: 880 | Loss: 7.031 | Acc: 40.897,50.238,61.249,73.927,80.454,83.712,83.893,83.905,%
Batch: 900 | Loss: 7.024 | Acc: 40.988,50.178,61.243,74.029,80.488,83.740,83.929,83.962,%
Batch: 920 | Loss: 7.002 | Acc: 40.934,50.293,61.336,74.093,80.586,83.844,84.017,84.072,%
Batch: 940 | Loss: 7.001 | Acc: 41.041,50.372,61.360,74.113,80.563,83.815,83.996,84.038,%
Batch: 960 | Loss: 6.984 | Acc: 41.093,50.406,61.467,74.152,80.552,83.819,84.027,84.069,%
Batch: 980 | Loss: 6.971 | Acc: 41.060,50.428,61.509,74.210,80.591,83.863,84.108,84.149,%

Epoch: 8
Batch: 0 | Loss: 5.713 | Acc: 42.188,50.000,69.531,78.906,85.156,92.969,91.406,91.406,%
Batch: 20 | Loss: 5.937 | Acc: 41.146,53.757,66.220,76.562,84.152,88.021,88.430,88.504,%
Batch: 40 | Loss: 5.998 | Acc: 41.006,53.963,65.968,77.077,84.242,87.710,88.110,88.110,%
Batch: 60 | Loss: 5.978 | Acc: 41.009,54.406,66.765,77.459,84.580,87.679,88.217,88.192,%
Batch: 80 | Loss: 5.951 | Acc: 41.532,54.504,66.908,77.479,84.549,87.645,88.088,88.088,%
Batch: 100 | Loss: 5.931 | Acc: 41.824,54.688,66.824,77.266,84.623,87.693,88.235,88.243,%
Batch: 120 | Loss: 5.980 | Acc: 41.781,54.668,66.380,77.111,84.446,87.455,87.920,87.952,%
Batch: 140 | Loss: 5.987 | Acc: 41.960,54.688,66.456,77.128,84.236,87.373,87.821,87.832,%
Batch: 160 | Loss: 5.978 | Acc: 41.989,54.678,66.445,77.227,84.293,87.379,87.830,87.840,%
Batch: 180 | Loss: 5.969 | Acc: 41.933,54.644,66.557,77.318,84.427,87.504,87.880,87.832,%
Batch: 200 | Loss: 5.963 | Acc: 41.970,54.769,66.764,77.332,84.359,87.364,87.772,87.714,%
Batch: 220 | Loss: 5.974 | Acc: 42.078,54.652,66.742,77.326,84.269,87.235,87.645,87.585,%
Batch: 240 | Loss: 5.977 | Acc: 42.012,54.772,66.773,77.269,84.203,87.208,87.617,87.549,%
Batch: 260 | Loss: 5.972 | Acc: 42.071,54.762,66.858,77.329,84.276,87.219,87.641,87.557,%
Batch: 280 | Loss: 5.957 | Acc: 42.146,54.829,66.846,77.355,84.367,87.311,87.734,87.620,%
Batch: 300 | Loss: 5.962 | Acc: 42.076,54.786,66.886,77.333,84.362,87.292,87.710,87.604,%
Batch: 320 | Loss: 5.966 | Acc: 42.020,54.795,66.849,77.329,84.397,87.291,87.673,87.592,%
Batch: 340 | Loss: 5.973 | Acc: 42.034,54.674,66.775,77.206,84.350,87.308,87.692,87.619,%
Batch: 360 | Loss: 5.977 | Acc: 41.921,54.607,66.720,77.184,84.384,87.342,87.745,87.651,%
Batch: 380 | Loss: 5.983 | Acc: 41.831,54.523,66.695,77.198,84.344,87.342,87.762,87.670,%
Batch: 0 | Loss: 3.297 | Acc: 50.000,70.000,60.000,100.000,100.000,100.000,100.000,100.000,%
Batch: 20 | Loss: 6.520 | Acc: 43.810,52.857,56.667,74.286,81.905,86.190,90.000,89.048,%
Batch: 40 | Loss: 6.736 | Acc: 42.927,50.488,58.780,72.439,80.488,85.122,87.317,86.829,%
Batch: 60 | Loss: 6.586 | Acc: 42.131,50.000,59.180,74.590,81.639,86.066,87.705,87.377,%
Batch: 80 | Loss: 6.840 | Acc: 41.852,49.753,59.753,74.444,80.741,85.062,87.037,86.420,%
Batch: 100 | Loss: 7.037 | Acc: 41.089,50.297,59.307,74.554,79.901,84.257,86.238,85.545,%
Batch: 120 | Loss: 7.106 | Acc: 40.909,50.248,59.421,74.545,79.504,84.380,85.950,85.455,%
Batch: 140 | Loss: 7.040 | Acc: 40.851,49.645,58.582,74.326,79.645,84.823,86.312,86.028,%
Batch: 160 | Loss: 7.157 | Acc: 40.373,48.820,58.012,74.286,79.565,84.410,85.714,85.590,%
Batch: 180 | Loss: 7.146 | Acc: 41.381,49.448,58.508,73.978,79.945,84.530,85.635,85.580,%
Batch: 200 | Loss: 7.186 | Acc: 41.542,49.552,58.856,73.731,79.801,84.279,85.274,85.124,%
Batch: 220 | Loss: 7.231 | Acc: 42.217,49.593,59.412,73.303,79.186,83.710,84.706,84.615,%
Batch: 240 | Loss: 7.300 | Acc: 42.324,49.585,59.461,73.237,79.378,83.651,84.481,84.232,%
Batch: 260 | Loss: 7.369 | Acc: 42.337,49.655,59.272,72.682,79.004,83.525,84.253,83.946,%
Batch: 280 | Loss: 7.352 | Acc: 42.028,49.893,59.431,72.847,79.075,83.559,84.377,84.021,%
Batch: 300 | Loss: 7.281 | Acc: 41.960,50.332,60.199,72.957,79.402,83.721,84.518,84.153,%
Batch: 320 | Loss: 7.290 | Acc: 42.336,50.561,60.187,72.960,79.315,83.676,84.424,84.081,%
Batch: 340 | Loss: 7.283 | Acc: 42.493,50.587,60.352,72.903,79.296,83.754,84.487,84.135,%
Batch: 360 | Loss: 7.283 | Acc: 42.355,50.831,60.194,72.659,79.529,83.823,84.543,84.183,%
Batch: 380 | Loss: 7.290 | Acc: 42.283,50.630,60.210,72.651,79.606,83.832,84.541,84.147,%
Batch: 400 | Loss: 7.286 | Acc: 42.344,50.773,60.224,72.594,79.526,83.890,84.564,84.239,%
Batch: 420 | Loss: 7.300 | Acc: 42.257,50.784,60.261,72.613,79.501,83.800,84.584,84.181,%
Batch: 440 | Loss: 7.256 | Acc: 42.585,51.224,60.726,72.857,79.773,83.923,84.671,84.240,%
Batch: 460 | Loss: 7.252 | Acc: 42.581,51.302,60.716,72.625,79.675,83.861,84.620,84.187,%
Batch: 480 | Loss: 7.243 | Acc: 42.765,51.351,60.998,72.744,79.771,83.825,84.532,84.116,%
Batch: 500 | Loss: 7.242 | Acc: 42.615,51.437,61.098,72.735,79.721,83.713,84.531,84.152,%
Batch: 520 | Loss: 7.224 | Acc: 42.553,51.440,61.190,72.937,79.770,83.781,84.607,84.203,%
Batch: 540 | Loss: 7.215 | Acc: 42.366,51.312,60.906,73.068,79.834,83.882,84.713,84.307,%
Batch: 560 | Loss: 7.230 | Acc: 42.282,51.355,60.963,73.084,79.875,83.832,84.724,84.332,%
Batch: 580 | Loss: 7.197 | Acc: 42.427,51.549,61.015,72.960,79.914,83.941,84.854,84.492,%
Batch: 600 | Loss: 7.215 | Acc: 42.463,51.514,60.932,72.912,79.834,83.927,84.809,84.493,%
Batch: 620 | Loss: 7.215 | Acc: 42.319,51.337,60.853,72.882,79.775,83.945,84.750,84.493,%
Batch: 640 | Loss: 7.205 | Acc: 42.278,51.123,60.874,72.995,79.813,83.947,84.727,84.540,%
Batch: 660 | Loss: 7.213 | Acc: 42.209,51.059,60.711,72.890,79.834,83.903,84.675,84.493,%
Batch: 680 | Loss: 7.238 | Acc: 42.056,50.969,60.705,72.863,79.765,83.789,84.508,84.332,%
Batch: 700 | Loss: 7.258 | Acc: 41.854,50.913,60.742,72.725,79.672,83.738,84.465,84.265,%
Batch: 720 | Loss: 7.235 | Acc: 41.831,50.915,60.804,72.885,79.723,83.745,84.466,84.258,%
Batch: 740 | Loss: 7.206 | Acc: 41.768,51.012,60.918,72.996,79.744,83.779,84.440,84.251,%
Batch: 760 | Loss: 7.205 | Acc: 41.800,50.972,60.907,72.983,79.724,83.784,84.481,84.323,%
Batch: 780 | Loss: 7.201 | Acc: 41.895,51.076,60.832,72.894,79.641,83.752,84.405,84.251,%
Batch: 800 | Loss: 7.214 | Acc: 41.860,51.186,60.787,72.821,79.551,83.683,84.345,84.182,%
Batch: 820 | Loss: 7.211 | Acc: 41.937,51.206,60.780,72.862,79.622,83.605,84.300,84.129,%
Batch: 840 | Loss: 7.219 | Acc: 41.843,51.011,60.666,72.771,79.596,83.555,84.269,84.114,%
Batch: 860 | Loss: 7.240 | Acc: 41.789,50.941,60.708,72.718,79.489,83.484,84.204,84.053,%
Batch: 880 | Loss: 7.248 | Acc: 41.737,50.976,60.670,72.724,79.478,83.417,84.143,84.018,%
Batch: 900 | Loss: 7.230 | Acc: 41.754,50.921,60.733,72.786,79.634,83.485,84.206,84.107,%
Batch: 920 | Loss: 7.214 | Acc: 41.792,51.021,60.814,72.812,79.674,83.485,84.202,84.093,%
Batch: 940 | Loss: 7.218 | Acc: 41.870,51.041,60.818,72.774,79.607,83.411,84.134,84.049,%
Batch: 960 | Loss: 7.218 | Acc: 41.831,51.134,60.937,72.851,79.636,83.403,84.110,84.037,%
Batch: 980 | Loss: 7.216 | Acc: 41.774,51.193,60.979,72.834,79.633,83.394,84.077,84.006,%

Epoch: 9
Batch: 0 | Loss: 6.103 | Acc: 39.844,56.250,67.969,78.906,85.156,89.844,89.844,89.844,%
Batch: 20 | Loss: 5.761 | Acc: 40.551,53.646,66.667,79.055,85.975,88.690,88.914,89.062,%
Batch: 40 | Loss: 5.837 | Acc: 40.606,53.487,66.216,77.820,85.614,88.567,88.948,88.853,%
Batch: 60 | Loss: 5.892 | Acc: 41.291,53.855,66.457,77.587,85.246,88.294,88.627,88.512,%
Batch: 80 | Loss: 5.876 | Acc: 41.860,54.591,67.004,77.585,85.253,88.204,88.628,88.484,%
Batch: 100 | Loss: 5.828 | Acc: 42.296,54.896,67.180,77.808,85.365,88.552,88.885,88.761,%
Batch: 120 | Loss: 5.771 | Acc: 42.536,55.004,67.259,78.048,85.511,88.727,89.011,88.908,%
Batch: 140 | Loss: 5.809 | Acc: 42.442,54.832,67.088,77.820,85.195,88.459,88.747,88.691,%
Batch: 160 | Loss: 5.827 | Acc: 42.488,54.746,66.925,77.640,85.083,88.306,88.660,88.616,%
Traceback (most recent call last):
  File "main.py", line 226, in <module>
    main_cifar(args)
  File "main.py", line 217, in main_cifar
    train(epoch)
  File "main.py", line 115, in train
    train_loss += to_python_float(loss.data)
  File "main.py", line 83, in to_python_float
    return t.item()
KeyboardInterrupt

