
Training Setting: backend=modelC | batch_size=128 | epoch=0 | lr=1.0e-02 | circles=0 
Training: Epoch=0 | Loss: 13.232 |  Acc: 24.002,27.192,34.658,41.068,45.364,47.854,48.166,48.618,% 
Testing: Epoch=0 | Loss: 11.783 |  Acc: 27.950,31.000,40.420,47.320,52.770,56.860,58.160,58.090,% 

Training Setting: backend=modelC | batch_size=128 | epoch=1 | lr=1.0e-02 | circles=0 
Training: Epoch=1 | Loss: 10.545 |  Acc: 29.018,34.124,47.482,54.862,61.264,64.976,65.628,65.892,% 
Testing: Epoch=1 | Loss: 10.522 |  Acc: 26.960,31.030,46.220,55.740,62.190,65.090,66.130,66.470,% 

Training Setting: backend=modelC | batch_size=128 | epoch=2 | lr=1.0e-02 | circles=0 
Training: Epoch=2 | Loss: 9.465 |  Acc: 30.602,37.454,52.172,60.152,67.432,70.940,71.918,72.084,% 
Testing: Epoch=2 | Loss: 9.503 |  Acc: 29.680,35.240,50.610,59.520,66.920,70.750,73.160,73.530,% 

Training Setting: backend=modelC | batch_size=128 | epoch=3 | lr=1.0e-02 | circles=0 
Training: Epoch=3 | Loss: 8.680 |  Acc: 31.748,39.828,55.268,64.206,71.950,75.586,76.628,76.706,% 
Testing: Epoch=3 | Loss: 8.862 |  Acc: 30.660,37.680,51.320,63.600,71.320,75.200,76.650,77.020,% 

Training Setting: backend=modelC | batch_size=128 | epoch=4 | lr=1.0e-02 | circles=0 
Training: Epoch=4 | Loss: 8.108 |  Acc: 32.758,42.126,57.508,66.952,75.164,78.942,80.102,80.230,% 
Testing: Epoch=4 | Loss: 8.429 |  Acc: 32.370,39.280,55.120,65.200,73.790,76.960,77.660,77.980,% 

Training Setting: backend=modelC | batch_size=128 | epoch=5 | lr=1.0e-02 | circles=0 
Training: Epoch=5 | Loss: 7.678 |  Acc: 33.590,43.906,59.304,69.184,77.718,81.466,82.420,82.424,% 
Testing: Epoch=5 | Loss: 7.774 |  Acc: 33.110,42.250,57.910,68.910,76.900,81.050,82.210,82.400,% 

Training Setting: backend=modelC | batch_size=128 | epoch=6 | lr=1.0e-02 | circles=0 
Training: Epoch=6 | Loss: 7.277 |  Acc: 34.224,45.766,60.670,71.248,79.732,83.460,84.242,84.298,% 
Testing: Epoch=6 | Loss: 7.806 |  Acc: 31.000,40.330,59.740,68.730,77.180,80.620,82.280,82.470,% 

Training Setting: backend=modelC | batch_size=128 | epoch=7 | lr=1.0e-02 | circles=0 
Training: Epoch=7 | Loss: 7.046 |  Acc: 34.758,46.856,61.442,72.106,81.074,84.738,85.488,85.502,% 
Testing: Epoch=7 | Loss: 7.992 |  Acc: 33.610,43.810,54.450,65.230,74.840,79.810,81.660,82.370,% 

Training Setting: backend=modelC | batch_size=128 | epoch=8 | lr=1.0e-02 | circles=0 
Training: Epoch=8 | Loss: 6.793 |  Acc: 35.588,47.846,62.736,73.218,82.262,85.868,86.708,86.776,% 
Testing: Epoch=8 | Loss: 7.477 |  Acc: 32.490,44.480,59.510,68.590,77.800,83.180,84.230,84.570,% 

Training Setting: backend=modelC | batch_size=128 | epoch=9 | lr=1.0e-02 | circles=0 
Training: Epoch=9 | Loss: 6.611 |  Acc: 36.344,48.886,63.580,74.334,83.240,86.872,87.620,87.616,% 
Testing: Epoch=9 | Loss: 6.963 |  Acc: 35.510,48.150,62.880,72.760,80.900,84.810,85.560,85.540,% 

Training Setting: backend=modelC | batch_size=128 | epoch=10 | lr=1.0e-02 | circles=0 
Training: Epoch=10 | Loss: 6.411 |  Acc: 37.264,49.944,64.422,75.310,84.136,87.758,88.408,88.502,% 
Testing: Epoch=10 | Loss: 7.129 |  Acc: 35.530,45.530,59.300,71.020,81.200,85.560,85.910,86.130,% 

Training Setting: backend=modelC | batch_size=128 | epoch=11 | lr=1.0e-02 | circles=0 
Training: Epoch=11 | Loss: 6.273 |  Acc: 37.546,50.156,65.090,76.016,84.848,88.462,89.268,89.338,% 
Testing: Epoch=11 | Loss: 7.217 |  Acc: 35.300,42.860,60.580,72.160,80.540,84.260,85.250,85.180,% 

Training Setting: backend=modelC | batch_size=128 | epoch=12 | lr=1.0e-02 | circles=0 



==> Preparing data..
Files already downloaded and verified
Files already downloaded and verified
==> Building model..
PredNetBpD(
  (classifiers): ModuleList(
    (0): ClassifierModule(
      (relu): ReLU(inplace=True)
      (BN): BatchNorm2d(64, eps=1e-05, momentum=0.1, affine=True, track_running_stats=True)
      (linear): Linear(in_features=64, out_features=10, bias=True)
      (linear_bw): Linear(in_features=10, out_features=64, bias=True)
      (b0): ParameterList(  (0): Parameter containing: [torch.FloatTensor of size 1x10])
    )
    (1): ClassifierModule(
      (relu): ReLU(inplace=True)
      (BN): BatchNorm2d(64, eps=1e-05, momentum=0.1, affine=True, track_running_stats=True)
      (linear): Linear(in_features=74, out_features=10, bias=True)
      (linear_bw): Linear(in_features=10, out_features=74, bias=True)
      (b0): ParameterList(  (0): Parameter containing: [torch.FloatTensor of size 1x10])
    )
    (2): ClassifierModule(
      (relu): ReLU(inplace=True)
      (BN): BatchNorm2d(128, eps=1e-05, momentum=0.1, affine=True, track_running_stats=True)
      (linear): Linear(in_features=138, out_features=10, bias=True)
      (linear_bw): Linear(in_features=10, out_features=138, bias=True)
      (b0): ParameterList(  (0): Parameter containing: [torch.FloatTensor of size 1x10])
    )
    (3): ClassifierModule(
      (relu): ReLU(inplace=True)
      (BN): BatchNorm2d(128, eps=1e-05, momentum=0.1, affine=True, track_running_stats=True)
      (linear): Linear(in_features=138, out_features=10, bias=True)
      (linear_bw): Linear(in_features=10, out_features=138, bias=True)
      (b0): ParameterList(  (0): Parameter containing: [torch.FloatTensor of size 1x10])
    )
    (4): ClassifierModule(
      (relu): ReLU(inplace=True)
      (BN): BatchNorm2d(256, eps=1e-05, momentum=0.1, affine=True, track_running_stats=True)
      (linear): Linear(in_features=266, out_features=10, bias=True)
      (linear_bw): Linear(in_features=10, out_features=266, bias=True)
      (b0): ParameterList(  (0): Parameter containing: [torch.FloatTensor of size 1x10])
    )
    (5): ClassifierModule(
      (relu): ReLU(inplace=True)
      (BN): BatchNorm2d(256, eps=1e-05, momentum=0.1, affine=True, track_running_stats=True)
      (linear): Linear(in_features=266, out_features=10, bias=True)
      (linear_bw): Linear(in_features=10, out_features=266, bias=True)
      (b0): ParameterList(  (0): Parameter containing: [torch.FloatTensor of size 1x10])
    )
    (6): ClassifierModule(
      (relu): ReLU(inplace=True)
      (BN): BatchNorm2d(512, eps=1e-05, momentum=0.1, affine=True, track_running_stats=True)
      (linear): Linear(in_features=522, out_features=10, bias=True)
      (linear_bw): Linear(in_features=10, out_features=522, bias=True)
      (b0): ParameterList(  (0): Parameter containing: [torch.FloatTensor of size 1x10])
    )
    (7): ClassifierModule(
      (relu): ReLU(inplace=True)
      (BN): BatchNorm2d(512, eps=1e-05, momentum=0.1, affine=True, track_running_stats=True)
      (linear): Linear(in_features=522, out_features=10, bias=True)
      (linear_bw): Linear(in_features=10, out_features=522, bias=True)
      (b0): ParameterList(  (0): Parameter containing: [torch.FloatTensor of size 1x10])
    )
  )
  (PcConvs): ModuleList(
    (0): PcConvBp(
      (FFconv): Conv2d(3, 64, kernel_size=(3, 3), stride=(1, 1), padding=(1, 1), bias=False)
      (FBconv): ConvTranspose2d(64, 3, kernel_size=(3, 3), stride=(1, 1), padding=(1, 1), bias=False)
      (b0): ParameterList(  (0): Parameter containing: [torch.FloatTensor of size 1x64x1x1])
      (relu): ReLU(inplace=True)
      (bypass): Conv2d(3, 64, kernel_size=(1, 1), stride=(1, 1), bias=False)
    )
    (1): PcConvBp(
      (FFconv): Conv2d(64, 64, kernel_size=(3, 3), stride=(1, 1), padding=(1, 1), bias=False)
      (FBconv): ConvTranspose2d(64, 64, kernel_size=(3, 3), stride=(1, 1), padding=(1, 1), bias=False)
      (b0): ParameterList(  (0): Parameter containing: [torch.FloatTensor of size 1x64x1x1])
      (relu): ReLU(inplace=True)
      (bypass): Conv2d(64, 64, kernel_size=(1, 1), stride=(1, 1), bias=False)
    )
    (2): PcConvBp(
      (FFconv): Conv2d(64, 128, kernel_size=(3, 3), stride=(1, 1), padding=(1, 1), bias=False)
      (FBconv): ConvTranspose2d(128, 64, kernel_size=(3, 3), stride=(1, 1), padding=(1, 1), bias=False)
      (b0): ParameterList(  (0): Parameter containing: [torch.FloatTensor of size 1x128x1x1])
      (relu): ReLU(inplace=True)
      (bypass): Conv2d(64, 128, kernel_size=(1, 1), stride=(1, 1), bias=False)
    )
    (3): PcConvBp(
      (FFconv): Conv2d(128, 128, kernel_size=(3, 3), stride=(1, 1), padding=(1, 1), bias=False)
      (FBconv): ConvTranspose2d(128, 128, kernel_size=(3, 3), stride=(1, 1), padding=(1, 1), bias=False)
      (b0): ParameterList(  (0): Parameter containing: [torch.FloatTensor of size 1x128x1x1])
      (relu): ReLU(inplace=True)
      (bypass): Conv2d(128, 128, kernel_size=(1, 1), stride=(1, 1), bias=False)
    )
    (4): PcConvBp(
      (FFconv): Conv2d(128, 256, kernel_size=(3, 3), stride=(1, 1), padding=(1, 1), bias=False)
      (FBconv): ConvTranspose2d(256, 128, kernel_size=(3, 3), stride=(1, 1), padding=(1, 1), bias=False)
      (b0): ParameterList(  (0): Parameter containing: [torch.FloatTensor of size 1x256x1x1])
      (relu): ReLU(inplace=True)
      (bypass): Conv2d(128, 256, kernel_size=(1, 1), stride=(1, 1), bias=False)
    )
    (5): PcConvBp(
      (FFconv): Conv2d(256, 256, kernel_size=(3, 3), stride=(1, 1), padding=(1, 1), bias=False)
      (FBconv): ConvTranspose2d(256, 256, kernel_size=(3, 3), stride=(1, 1), padding=(1, 1), bias=False)
      (b0): ParameterList(  (0): Parameter containing: [torch.FloatTensor of size 1x256x1x1])
      (relu): ReLU(inplace=True)
      (bypass): Conv2d(256, 256, kernel_size=(1, 1), stride=(1, 1), bias=False)
    )
    (6): PcConvBp(
      (FFconv): Conv2d(256, 512, kernel_size=(3, 3), stride=(1, 1), padding=(1, 1), bias=False)
      (FBconv): ConvTranspose2d(512, 256, kernel_size=(3, 3), stride=(1, 1), padding=(1, 1), bias=False)
      (b0): ParameterList(  (0): Parameter containing: [torch.FloatTensor of size 1x512x1x1])
      (relu): ReLU(inplace=True)
      (bypass): Conv2d(256, 512, kernel_size=(1, 1), stride=(1, 1), bias=False)
    )
    (7): PcConvBp(
      (FFconv): Conv2d(512, 512, kernel_size=(3, 3), stride=(1, 1), padding=(1, 1), bias=False)
      (FBconv): ConvTranspose2d(512, 512, kernel_size=(3, 3), stride=(1, 1), padding=(1, 1), bias=False)
      (b0): ParameterList(  (0): Parameter containing: [torch.FloatTensor of size 1x512x1x1])
      (relu): ReLU(inplace=True)
      (bypass): Conv2d(512, 512, kernel_size=(1, 1), stride=(1, 1), bias=False)
    )
  )
  (BNs): ModuleList(
    (0): BatchNorm2d(3, eps=1e-05, momentum=0.1, affine=True, track_running_stats=True)
    (1): BatchNorm2d(64, eps=1e-05, momentum=0.1, affine=True, track_running_stats=True)
    (2): BatchNorm2d(64, eps=1e-05, momentum=0.1, affine=True, track_running_stats=True)
    (3): BatchNorm2d(128, eps=1e-05, momentum=0.1, affine=True, track_running_stats=True)
    (4): BatchNorm2d(128, eps=1e-05, momentum=0.1, affine=True, track_running_stats=True)
    (5): BatchNorm2d(256, eps=1e-05, momentum=0.1, affine=True, track_running_stats=True)
    (6): BatchNorm2d(256, eps=1e-05, momentum=0.1, affine=True, track_running_stats=True)
    (7): BatchNorm2d(512, eps=1e-05, momentum=0.1, affine=True, track_running_stats=True)
  )
  (maxpool2d): MaxPool2d(kernel_size=2, stride=2, padding=0, dilation=1, ceil_mode=False)
)

Epoch: 0
Batch: 0 | Loss: 18.600 | Acc: 11.719,16.406,9.375,6.250,10.156,10.938,4.688,8.594,%
Batch: 20 | Loss: 17.220 | Acc: 12.909,17.560,16.629,19.457,22.247,24.963,23.512,25.744,%
Batch: 40 | Loss: 16.380 | Acc: 16.502,19.417,20.008,24.028,26.848,29.402,28.392,29.668,%
Batch: 60 | Loss: 15.957 | Acc: 17.969,20.517,21.939,26.230,28.778,31.071,30.110,30.994,%
Batch: 80 | Loss: 15.696 | Acc: 18.914,21.595,23.331,27.633,30.189,31.993,31.057,31.906,%
Batch: 100 | Loss: 15.436 | Acc: 19.609,22.037,24.404,29.061,31.861,33.540,32.727,33.563,%
Batch: 120 | Loss: 15.207 | Acc: 20.087,22.605,25.568,30.514,33.168,34.930,34.265,35.092,%
Batch: 140 | Loss: 14.985 | Acc: 20.512,23.005,26.612,31.776,34.530,36.287,35.749,36.625,%
Batch: 160 | Loss: 14.781 | Acc: 20.919,23.365,27.538,33.084,36.005,37.743,37.296,38.087,%
Batch: 180 | Loss: 14.585 | Acc: 21.366,23.835,28.440,34.176,37.241,39.075,38.734,39.460,%
Batch: 200 | Loss: 14.425 | Acc: 21.891,24.331,29.260,34.853,38.106,40.011,39.739,40.431,%
Batch: 220 | Loss: 14.253 | Acc: 21.935,24.625,29.977,35.708,39.232,41.099,40.890,41.604,%
Batch: 240 | Loss: 14.097 | Acc: 22.342,24.994,30.702,36.557,40.200,42.184,42.045,42.632,%
Batch: 260 | Loss: 13.961 | Acc: 22.393,25.236,31.340,37.323,41.065,43.133,43.091,43.654,%
Batch: 280 | Loss: 13.821 | Acc: 22.848,25.765,32.037,38.053,41.876,43.959,43.995,44.553,%
Batch: 300 | Loss: 13.706 | Acc: 23.095,26.111,32.556,38.606,42.546,44.731,44.809,45.380,%
Batch: 320 | Loss: 13.588 | Acc: 23.313,26.317,33.015,39.170,43.176,45.507,45.651,46.196,%
Batch: 340 | Loss: 13.482 | Acc: 23.499,26.620,33.534,39.731,43.842,46.252,46.414,46.955,%
Batch: 360 | Loss: 13.370 | Acc: 23.699,26.898,34.050,40.292,44.440,46.923,47.165,47.680,%
Batch: 380 | Loss: 13.283 | Acc: 23.876,27.067,34.434,40.810,45.040,47.537,47.826,48.302,%
Batch: 0 | Loss: 9.839 | Acc: 40.000,40.000,50.000,70.000,60.000,60.000,60.000,60.000,%
Batch: 20 | Loss: 11.215 | Acc: 28.095,33.810,43.333,45.714,52.381,56.190,59.048,60.952,%
Batch: 40 | Loss: 11.345 | Acc: 30.488,33.902,43.415,46.829,51.463,56.585,58.293,59.512,%
Batch: 60 | Loss: 11.448 | Acc: 30.164,31.475,41.967,46.557,52.951,57.869,59.180,60.000,%
Batch: 80 | Loss: 11.704 | Acc: 30.000,31.111,40.741,46.049,52.469,56.790,58.272,58.889,%
Batch: 100 | Loss: 11.699 | Acc: 29.010,31.089,41.485,46.436,52.376,56.337,58.020,58.614,%
Batch: 120 | Loss: 11.798 | Acc: 28.099,30.413,41.736,46.281,52.149,56.116,58.512,59.008,%
Batch: 140 | Loss: 11.837 | Acc: 27.943,30.284,41.631,46.099,51.631,56.028,58.298,58.511,%
Batch: 160 | Loss: 11.917 | Acc: 27.764,30.186,40.683,45.714,51.118,55.404,57.578,57.950,%
Batch: 180 | Loss: 11.815 | Acc: 27.901,30.552,41.271,46.740,51.878,55.801,58.011,58.287,%
Batch: 200 | Loss: 11.829 | Acc: 27.662,30.697,40.846,46.716,52.040,55.771,57.861,57.861,%
Batch: 220 | Loss: 11.840 | Acc: 27.692,30.860,40.588,46.742,52.172,55.701,57.783,57.647,%
Batch: 240 | Loss: 11.880 | Acc: 27.718,30.830,40.622,46.846,52.116,55.726,57.925,57.925,%
Batch: 260 | Loss: 11.908 | Acc: 27.586,31.034,40.498,46.782,51.801,55.556,57.625,57.854,%
Batch: 280 | Loss: 11.883 | Acc: 27.295,30.819,40.249,46.762,51.922,55.587,57.722,57.936,%
Batch: 300 | Loss: 11.842 | Acc: 27.442,30.764,40.233,46.777,52.126,55.947,57.907,58.073,%
Batch: 320 | Loss: 11.804 | Acc: 27.259,30.903,40.467,46.916,52.399,56.075,58.131,58.224,%
Batch: 340 | Loss: 11.831 | Acc: 27.126,30.997,40.293,46.921,52.317,55.894,57.977,58.035,%
Batch: 360 | Loss: 11.848 | Acc: 27.507,31.163,40.416,47.091,52.299,55.817,57.784,57.756,%
Batch: 380 | Loss: 11.870 | Acc: 27.375,31.181,40.000,47.008,52.178,55.696,57.559,57.480,%
Batch: 400 | Loss: 11.854 | Acc: 27.307,30.898,40.100,47.132,52.444,56.060,57.855,57.756,%
Batch: 420 | Loss: 11.847 | Acc: 27.435,30.926,40.285,47.316,52.518,56.033,57.862,57.815,%
Batch: 440 | Loss: 11.817 | Acc: 27.528,31.066,40.385,47.551,52.789,56.236,58.050,58.005,%
Batch: 460 | Loss: 11.794 | Acc: 27.701,31.150,40.499,47.614,52.777,56.334,58.156,58.134,%
Batch: 480 | Loss: 11.790 | Acc: 27.526,31.040,40.437,47.672,52.827,56.528,58.378,58.295,%
Batch: 500 | Loss: 11.772 | Acc: 27.625,30.998,40.559,47.705,52.914,56.707,58.583,58.463,%
Batch: 520 | Loss: 11.774 | Acc: 27.658,30.883,40.672,47.793,52.956,56.910,58.733,58.599,%
Batch: 540 | Loss: 11.802 | Acc: 27.745,30.869,40.481,47.597,52.773,56.617,58.373,58.133,%
Batch: 560 | Loss: 11.844 | Acc: 27.540,30.749,40.410,47.487,52.727,56.524,58.217,58.021,%
Batch: 580 | Loss: 11.817 | Acc: 27.590,30.964,40.723,47.659,52.926,56.747,58.330,58.141,%
Batch: 600 | Loss: 11.827 | Acc: 27.720,30.982,40.582,47.537,52.829,56.672,58.220,58.070,%
Batch: 620 | Loss: 11.839 | Acc: 27.713,30.902,40.515,47.391,52.576,56.506,58.148,58.035,%
Batch: 640 | Loss: 11.828 | Acc: 27.769,30.920,40.608,47.395,52.621,56.521,58.159,58.050,%
Batch: 660 | Loss: 11.836 | Acc: 27.776,30.968,40.605,47.413,52.693,56.475,58.094,58.048,%
Batch: 680 | Loss: 11.822 | Acc: 27.871,30.940,40.646,47.460,52.643,56.520,58.106,58.018,%
Batch: 700 | Loss: 11.833 | Acc: 28.003,30.870,40.499,47.275,52.454,56.434,58.046,57.989,%
Batch: 720 | Loss: 11.823 | Acc: 28.031,30.915,40.638,47.365,52.538,56.574,58.155,58.072,%
Batch: 740 | Loss: 11.794 | Acc: 28.043,31.066,40.702,47.409,52.618,56.545,58.138,58.151,%
Batch: 760 | Loss: 11.787 | Acc: 28.016,31.104,40.736,47.490,52.746,56.702,58.252,58.252,%
Batch: 780 | Loss: 11.775 | Acc: 28.105,31.152,40.781,47.490,52.830,56.825,58.310,58.246,%
Batch: 800 | Loss: 11.794 | Acc: 28.077,31.111,40.649,47.341,52.759,56.704,58.227,58.177,%
Batch: 820 | Loss: 11.783 | Acc: 28.136,31.169,40.682,47.454,52.838,56.809,58.331,58.283,%
Batch: 840 | Loss: 11.792 | Acc: 28.109,31.141,40.571,47.396,52.806,56.730,58.205,58.181,%
Batch: 860 | Loss: 11.797 | Acc: 28.084,31.220,40.523,47.398,52.822,56.713,58.177,58.142,%
Batch: 880 | Loss: 11.815 | Acc: 28.014,31.158,40.522,47.287,52.679,56.538,58.002,57.946,%
Batch: 900 | Loss: 11.803 | Acc: 28.135,31.210,40.610,47.325,52.752,56.648,58.091,58.058,%
Batch: 920 | Loss: 11.785 | Acc: 28.154,31.249,40.630,47.416,52.910,56.906,58.328,58.252,%
Batch: 940 | Loss: 11.784 | Acc: 28.119,31.190,40.584,47.396,52.922,56.982,58.385,58.310,%
Batch: 960 | Loss: 11.783 | Acc: 28.085,31.124,40.624,47.451,52.934,57.014,58.377,58.283,%
Batch: 980 | Loss: 11.788 | Acc: 28.012,31.009,40.540,47.360,52.824,56.922,58.287,58.236,%

Epoch: 1
Batch: 0 | Loss: 11.489 | Acc: 35.938,37.500,45.312,54.688,59.375,60.938,60.156,60.156,%
Batch: 20 | Loss: 11.127 | Acc: 27.455,31.771,44.457,52.530,56.510,60.900,61.979,62.351,%
Batch: 40 | Loss: 11.141 | Acc: 28.239,32.431,44.646,51.944,57.203,60.785,61.604,62.062,%
Batch: 60 | Loss: 11.126 | Acc: 28.163,32.134,44.288,51.742,57.582,60.809,61.616,62.346,%
Batch: 80 | Loss: 11.118 | Acc: 28.250,32.571,44.464,51.958,57.639,60.938,61.478,62.153,%
Batch: 100 | Loss: 11.106 | Acc: 28.187,32.573,44.632,51.926,57.542,61.030,61.533,62.136,%
Batch: 120 | Loss: 11.045 | Acc: 28.299,32.864,44.944,52.234,58.110,61.654,62.171,62.674,%
Batch: 140 | Loss: 11.007 | Acc: 28.324,32.873,45.324,52.521,58.488,61.996,62.517,62.893,%
Batch: 160 | Loss: 10.955 | Acc: 28.562,33.094,45.642,52.824,58.802,62.325,62.762,63.136,%
Batch: 180 | Loss: 10.931 | Acc: 28.406,33.033,45.658,52.788,58.930,62.530,62.953,63.350,%
Batch: 200 | Loss: 10.901 | Acc: 28.420,33.135,45.868,53.032,59.134,62.741,63.258,63.604,%
Batch: 220 | Loss: 10.857 | Acc: 28.436,33.300,46.164,53.277,59.382,63.044,63.614,63.925,%
Batch: 240 | Loss: 10.799 | Acc: 28.553,33.542,46.509,53.611,59.767,63.440,64.050,64.332,%
Batch: 260 | Loss: 10.744 | Acc: 28.670,33.713,46.728,53.888,60.057,63.730,64.380,64.661,%
Batch: 280 | Loss: 10.705 | Acc: 28.737,33.791,46.864,54.173,60.284,63.962,64.566,64.835,%
Batch: 300 | Loss: 10.690 | Acc: 28.696,33.726,46.927,54.249,60.364,64.055,64.696,64.948,%
Batch: 320 | Loss: 10.658 | Acc: 28.702,33.737,47.053,54.400,60.563,64.274,64.944,65.189,%
Batch: 340 | Loss: 10.635 | Acc: 28.918,33.834,47.138,54.447,60.713,64.422,65.089,65.359,%
Batch: 360 | Loss: 10.600 | Acc: 28.963,34.005,47.314,54.633,61.000,64.673,65.298,65.564,%
Batch: 380 | Loss: 10.565 | Acc: 28.976,34.061,47.402,54.743,61.126,64.842,65.494,65.760,%
Batch: 0 | Loss: 8.954 | Acc: 30.000,40.000,50.000,60.000,60.000,60.000,70.000,70.000,%
Batch: 20 | Loss: 9.648 | Acc: 30.476,35.714,47.143,58.095,68.095,71.429,70.000,71.429,%
Batch: 40 | Loss: 9.972 | Acc: 30.488,34.390,46.829,56.585,63.659,67.073,66.829,68.537,%
Batch: 60 | Loss: 10.151 | Acc: 27.541,31.967,45.410,55.574,62.951,66.230,66.885,67.541,%
Batch: 80 | Loss: 10.411 | Acc: 27.037,30.864,46.049,56.049,61.728,64.568,65.802,66.543,%
Batch: 100 | Loss: 10.454 | Acc: 26.832,30.693,46.634,56.337,61.782,64.950,66.832,67.525,%
Batch: 120 | Loss: 10.529 | Acc: 26.446,29.835,46.446,55.455,61.901,64.545,66.198,66.777,%
Batch: 140 | Loss: 10.530 | Acc: 26.667,30.426,46.028,55.390,61.773,63.972,65.887,66.596,%
Batch: 160 | Loss: 10.614 | Acc: 26.398,30.621,45.776,54.907,61.118,63.727,65.466,66.025,%
Batch: 180 | Loss: 10.504 | Acc: 26.796,30.939,46.906,55.580,61.326,64.144,65.801,66.409,%
Batch: 200 | Loss: 10.571 | Acc: 26.617,30.796,47.065,55.721,61.542,64.129,65.672,66.368,%
Batch: 220 | Loss: 10.582 | Acc: 26.697,30.679,47.059,55.701,61.538,63.982,65.520,66.335,%
Batch: 240 | Loss: 10.608 | Acc: 26.846,30.622,46.971,55.477,61.245,63.900,65.228,66.017,%
Batch: 260 | Loss: 10.614 | Acc: 26.820,31.073,46.973,55.287,61.073,63.640,65.134,66.015,%
Batch: 280 | Loss: 10.631 | Acc: 26.690,31.139,47.117,55.445,61.317,63.879,65.338,66.228,%
Batch: 300 | Loss: 10.610 | Acc: 26.645,31.030,46.877,55.548,61.628,64.186,65.482,66.412,%
Batch: 320 | Loss: 10.575 | Acc: 26.293,30.903,46.885,55.545,61.745,64.330,65.639,66.355,%
Batch: 340 | Loss: 10.609 | Acc: 26.246,30.909,46.716,55.455,61.789,64.370,65.630,66.217,%
Batch: 360 | Loss: 10.612 | Acc: 26.565,31.163,46.953,55.623,61.967,64.488,65.762,66.371,%
Batch: 380 | Loss: 10.637 | Acc: 26.457,30.971,46.562,55.354,61.759,64.409,65.669,66.220,%
Batch: 400 | Loss: 10.615 | Acc: 26.284,30.898,46.534,55.661,61.895,64.613,66.035,66.559,%
Batch: 420 | Loss: 10.620 | Acc: 26.366,30.736,46.603,55.891,61.971,64.727,66.081,66.532,%
Batch: 440 | Loss: 10.578 | Acc: 26.281,30.816,46.848,56.236,62.177,64.943,66.349,66.803,%
Batch: 460 | Loss: 10.551 | Acc: 26.356,30.868,46.985,56.161,62.148,64.902,66.312,66.725,%
Batch: 480 | Loss: 10.538 | Acc: 26.237,30.769,46.840,56.383,62.349,65.094,66.466,66.881,%
Batch: 500 | Loss: 10.517 | Acc: 26.347,30.858,46.946,56.527,62.375,65.030,66.447,66.806,%
Batch: 520 | Loss: 10.531 | Acc: 26.392,30.768,46.852,56.564,62.380,65.086,66.488,66.775,%
Batch: 540 | Loss: 10.523 | Acc: 26.599,30.684,46.654,56.433,62.551,65.268,66.599,66.839,%
Batch: 560 | Loss: 10.570 | Acc: 26.364,30.517,46.524,56.132,62.478,65.098,66.417,66.702,%
Batch: 580 | Loss: 10.548 | Acc: 26.506,30.723,46.661,56.179,62.582,65.112,66.489,66.730,%
Batch: 600 | Loss: 10.564 | Acc: 26.556,30.649,46.622,56.206,62.413,64.992,66.223,66.489,%
Batch: 620 | Loss: 10.567 | Acc: 26.618,30.596,46.554,56.039,62.303,65.105,66.377,66.586,%
Batch: 640 | Loss: 10.552 | Acc: 26.646,30.624,46.505,56.037,62.402,65.195,66.537,66.708,%
Batch: 660 | Loss: 10.557 | Acc: 26.687,30.787,46.536,56.006,62.194,65.098,66.460,66.657,%
Batch: 680 | Loss: 10.547 | Acc: 26.681,30.778,46.432,55.962,62.173,65.022,66.358,66.579,%
Batch: 700 | Loss: 10.562 | Acc: 26.748,30.713,46.205,55.763,61.954,64.936,66.262,66.405,%
Batch: 720 | Loss: 10.545 | Acc: 26.921,30.777,46.422,55.908,62.067,64.965,66.325,66.505,%
Batch: 740 | Loss: 10.507 | Acc: 26.910,30.918,46.464,56.032,62.173,65.223,66.586,66.761,%
Batch: 760 | Loss: 10.498 | Acc: 26.978,31.012,46.570,56.084,62.102,65.217,66.531,66.754,%
Batch: 780 | Loss: 10.492 | Acc: 27.029,31.037,46.556,56.069,62.138,65.250,66.530,66.773,%
Batch: 800 | Loss: 10.506 | Acc: 27.079,30.961,46.355,55.955,62.135,65.218,66.517,66.767,%
Batch: 820 | Loss: 10.494 | Acc: 27.052,30.962,46.382,56.054,62.168,65.262,66.480,66.724,%
Batch: 840 | Loss: 10.511 | Acc: 26.908,30.975,46.243,55.862,62.081,65.184,66.373,66.659,%
Batch: 860 | Loss: 10.523 | Acc: 26.934,31.057,46.307,55.877,62.044,65.168,66.365,66.643,%
Batch: 880 | Loss: 10.534 | Acc: 26.981,31.010,46.243,55.743,61.918,64.960,66.163,66.459,%
Batch: 900 | Loss: 10.537 | Acc: 27.125,31.054,46.226,55.771,61.931,64.961,66.193,66.493,%
Batch: 920 | Loss: 10.526 | Acc: 27.123,31.097,46.308,55.863,62.063,65.049,66.243,66.526,%
Batch: 940 | Loss: 10.532 | Acc: 27.078,31.116,46.323,55.898,62.072,65.016,66.206,66.504,%
Batch: 960 | Loss: 10.528 | Acc: 26.993,31.082,46.285,55.931,62.206,65.047,66.129,66.420,%
Batch: 980 | Loss: 10.526 | Acc: 26.922,31.019,46.269,55.810,62.202,65.076,66.126,66.442,%

Epoch: 2
Batch: 0 | Loss: 9.678 | Acc: 28.906,39.062,50.781,57.812,64.062,67.969,67.969,67.188,%
Batch: 20 | Loss: 9.878 | Acc: 29.874,35.603,50.260,57.440,65.774,69.457,69.568,69.568,%
Batch: 40 | Loss: 9.781 | Acc: 29.707,36.204,50.819,58.155,66.082,69.588,70.427,70.503,%
Batch: 60 | Loss: 9.782 | Acc: 29.803,36.450,50.768,58.312,66.022,69.595,70.441,70.569,%
Batch: 80 | Loss: 9.747 | Acc: 30.150,36.651,51.032,58.623,66.069,69.753,70.718,70.882,%
Batch: 100 | Loss: 9.742 | Acc: 30.152,36.626,51.261,59.104,66.019,69.547,70.529,70.661,%
Batch: 120 | Loss: 9.709 | Acc: 30.236,36.680,51.408,59.214,66.284,69.654,70.610,70.726,%
Batch: 140 | Loss: 9.692 | Acc: 30.286,36.785,51.302,59.164,66.251,69.592,70.545,70.795,%
Batch: 160 | Loss: 9.678 | Acc: 30.318,36.704,51.296,59.089,66.314,69.793,70.720,70.948,%
Batch: 180 | Loss: 9.675 | Acc: 30.344,36.913,51.437,59.021,66.203,69.557,70.533,70.753,%
Batch: 200 | Loss: 9.668 | Acc: 30.484,37.061,51.446,59.056,66.185,69.523,70.631,70.775,%
Batch: 220 | Loss: 9.648 | Acc: 30.444,36.977,51.442,59.099,66.371,69.740,70.790,70.938,%
Batch: 240 | Loss: 9.632 | Acc: 30.371,36.891,51.511,59.148,66.497,69.904,70.919,71.094,%
Batch: 260 | Loss: 9.601 | Acc: 30.403,37.057,51.589,59.396,66.741,70.127,71.130,71.327,%
Batch: 280 | Loss: 9.597 | Acc: 30.302,36.933,51.518,59.392,66.812,70.201,71.183,71.383,%
Batch: 300 | Loss: 9.571 | Acc: 30.378,37.043,51.677,59.580,66.980,70.315,71.299,71.457,%
Batch: 320 | Loss: 9.537 | Acc: 30.454,37.206,51.828,59.842,67.158,70.524,71.486,71.634,%
Batch: 340 | Loss: 9.519 | Acc: 30.444,37.239,51.876,59.934,67.256,70.670,71.600,71.751,%
Batch: 360 | Loss: 9.495 | Acc: 30.490,37.377,52.015,60.011,67.302,70.756,71.728,71.886,%
Batch: 380 | Loss: 9.475 | Acc: 30.573,37.426,52.098,60.084,67.362,70.876,71.846,72.029,%
Batch: 0 | Loss: 7.526 | Acc: 40.000,40.000,70.000,70.000,80.000,80.000,80.000,80.000,%
Batch: 20 | Loss: 9.032 | Acc: 32.857,37.619,50.952,58.095,66.190,73.333,77.619,77.619,%
Batch: 40 | Loss: 9.191 | Acc: 33.415,38.049,49.756,57.561,66.341,71.707,75.610,76.098,%
Batch: 60 | Loss: 9.153 | Acc: 31.311,35.902,49.508,59.180,67.377,71.803,75.738,76.393,%
Batch: 80 | Loss: 9.399 | Acc: 30.370,34.568,49.877,59.259,66.667,70.617,74.074,74.444,%
Batch: 100 | Loss: 9.467 | Acc: 30.000,35.050,50.000,58.812,66.238,70.495,73.762,74.059,%
Batch: 120 | Loss: 9.488 | Acc: 29.752,35.207,50.413,58.512,66.612,70.992,73.802,74.132,%
Batch: 140 | Loss: 9.454 | Acc: 29.504,35.390,50.496,58.582,66.809,71.135,73.830,74.255,%
Batch: 160 | Loss: 9.589 | Acc: 29.441,34.907,49.938,57.578,65.714,70.311,73.106,73.727,%
Batch: 180 | Loss: 9.525 | Acc: 29.834,35.525,50.552,58.177,66.133,70.663,73.646,74.144,%
Batch: 200 | Loss: 9.513 | Acc: 29.403,35.274,50.945,58.657,66.468,70.945,73.632,74.080,%
Batch: 220 | Loss: 9.503 | Acc: 29.502,35.566,50.950,58.824,66.561,71.176,73.937,74.389,%
Batch: 240 | Loss: 9.552 | Acc: 29.502,35.394,50.871,59.046,66.432,70.871,73.444,73.942,%
Batch: 260 | Loss: 9.596 | Acc: 29.885,35.632,50.536,58.889,66.207,70.421,73.142,73.678,%
Batch: 280 | Loss: 9.606 | Acc: 29.893,35.480,50.427,58.932,66.370,70.391,73.167,73.559,%
Batch: 300 | Loss: 9.575 | Acc: 29.900,35.449,50.731,59.169,66.512,70.698,73.522,73.887,%
Batch: 320 | Loss: 9.558 | Acc: 29.813,35.639,50.717,59.283,66.449,70.748,73.333,73.707,%
Batch: 340 | Loss: 9.588 | Acc: 29.736,35.220,50.674,59.120,66.305,70.587,73.284,73.636,%
Batch: 360 | Loss: 9.602 | Acc: 29.972,35.319,50.859,59.086,66.177,70.416,72.992,73.324,%
Batch: 380 | Loss: 9.621 | Acc: 29.895,35.223,50.630,58.793,65.984,70.341,72.913,73.176,%
Batch: 400 | Loss: 9.610 | Acc: 29.751,35.062,50.599,58.778,66.010,70.424,73.042,73.342,%
Batch: 420 | Loss: 9.617 | Acc: 29.644,35.178,50.641,58.789,66.033,70.309,72.922,73.159,%
Batch: 440 | Loss: 9.576 | Acc: 29.524,35.306,50.862,59.093,66.281,70.544,73.061,73.401,%
Batch: 460 | Loss: 9.561 | Acc: 29.653,35.184,50.911,59.046,66.334,70.477,72.950,73.319,%
Batch: 480 | Loss: 9.538 | Acc: 29.605,35.301,50.998,59.148,66.611,70.873,73.326,73.680,%
Batch: 500 | Loss: 9.530 | Acc: 29.661,35.309,51.078,59.162,66.507,70.838,73.273,73.593,%
Batch: 520 | Loss: 9.518 | Acc: 29.520,35.182,50.979,59.271,66.545,70.902,73.455,73.858,%
Batch: 540 | Loss: 9.511 | Acc: 29.741,35.120,50.832,59.150,66.599,70.943,73.549,73.900,%
Batch: 560 | Loss: 9.547 | Acc: 29.501,34.955,50.660,59.180,66.578,70.963,73.494,73.886,%
Batch: 580 | Loss: 9.533 | Acc: 29.501,35.250,50.792,59.312,66.678,70.981,73.511,73.924,%
Batch: 600 | Loss: 9.557 | Acc: 29.501,35.008,50.666,59.235,66.672,70.865,73.411,73.794,%
Batch: 620 | Loss: 9.569 | Acc: 29.581,34.895,50.483,59.179,66.618,70.757,73.301,73.655,%
Batch: 640 | Loss: 9.561 | Acc: 29.719,34.945,50.374,59.251,66.724,70.811,73.276,73.697,%
Batch: 660 | Loss: 9.563 | Acc: 29.682,34.932,50.333,59.304,66.596,70.726,73.238,73.646,%
Batch: 680 | Loss: 9.557 | Acc: 29.677,34.934,50.308,59.266,66.593,70.749,73.260,73.656,%
Batch: 700 | Loss: 9.565 | Acc: 29.729,34.807,50.171,59.144,66.505,70.628,73.167,73.566,%
Batch: 720 | Loss: 9.544 | Acc: 29.806,34.910,50.236,59.307,66.644,70.777,73.273,73.648,%
Batch: 740 | Loss: 9.516 | Acc: 29.784,34.899,50.270,59.352,66.707,70.958,73.401,73.765,%
Batch: 760 | Loss: 9.509 | Acc: 29.855,34.993,50.381,59.409,66.728,71.012,73.430,73.745,%
Batch: 780 | Loss: 9.499 | Acc: 29.898,35.109,50.538,59.462,66.812,70.999,73.380,73.688,%
Batch: 800 | Loss: 9.520 | Acc: 29.888,35.156,50.437,59.388,66.841,70.949,73.346,73.670,%
Batch: 820 | Loss: 9.499 | Acc: 29.842,35.238,50.572,59.452,66.991,71.035,73.374,73.703,%
Batch: 840 | Loss: 9.507 | Acc: 29.762,35.220,50.511,59.382,66.813,70.809,73.234,73.543,%
Batch: 860 | Loss: 9.515 | Acc: 29.791,35.180,50.569,59.408,66.806,70.755,73.171,73.496,%
Batch: 880 | Loss: 9.525 | Acc: 29.784,35.028,50.499,59.342,66.686,70.624,73.133,73.451,%
Batch: 900 | Loss: 9.526 | Acc: 29.856,35.117,50.444,59.345,66.715,70.644,73.163,73.452,%
Batch: 920 | Loss: 9.511 | Acc: 29.913,35.201,50.543,59.425,66.884,70.782,73.268,73.572,%
Batch: 940 | Loss: 9.508 | Acc: 29.809,35.165,50.574,59.437,66.886,70.755,73.241,73.549,%
Batch: 960 | Loss: 9.504 | Acc: 29.740,35.255,50.666,59.584,66.930,70.812,73.226,73.590,%
Batch: 980 | Loss: 9.501 | Acc: 29.674,35.240,50.663,59.572,66.922,70.785,73.211,73.578,%

Epoch: 3
Batch: 0 | Loss: 8.698 | Acc: 28.906,42.188,55.469,60.938,69.531,73.438,71.094,75.000,%
Batch: 20 | Loss: 8.957 | Acc: 30.878,37.872,53.162,62.760,70.908,75.409,75.149,75.409,%
Batch: 40 | Loss: 9.052 | Acc: 31.079,38.396,53.849,62.786,70.389,74.219,74.714,74.867,%
Batch: 60 | Loss: 8.993 | Acc: 30.968,38.358,54.214,62.769,70.594,74.513,75.218,75.346,%
Batch: 80 | Loss: 9.006 | Acc: 31.047,38.677,53.983,62.963,70.409,74.354,75.154,75.318,%
Batch: 100 | Loss: 8.984 | Acc: 31.188,38.815,54.022,63.080,70.537,74.482,75.410,75.657,%
Batch: 120 | Loss: 8.972 | Acc: 31.160,38.953,54.113,63.062,70.532,74.458,75.420,75.620,%
Batch: 140 | Loss: 8.908 | Acc: 31.328,39.035,54.084,63.314,70.883,74.723,75.809,75.953,%
Batch: 160 | Loss: 8.876 | Acc: 31.260,38.985,54.178,63.349,70.968,74.772,75.873,76.029,%
Batch: 180 | Loss: 8.846 | Acc: 31.323,39.075,54.567,63.549,71.076,74.931,76.036,76.222,%
Batch: 200 | Loss: 8.842 | Acc: 31.332,39.113,54.454,63.468,71.113,74.969,76.069,76.244,%
Batch: 220 | Loss: 8.812 | Acc: 31.512,39.349,54.645,63.617,71.288,75.103,76.114,76.287,%
Batch: 240 | Loss: 8.786 | Acc: 31.697,39.484,54.895,63.800,71.415,75.143,76.193,76.310,%
Batch: 260 | Loss: 8.763 | Acc: 31.741,39.571,54.936,63.841,71.540,75.278,76.281,76.395,%
Batch: 280 | Loss: 8.754 | Acc: 31.745,39.685,54.941,63.887,71.572,75.261,76.307,76.432,%
Batch: 300 | Loss: 8.738 | Acc: 31.798,39.727,54.989,63.876,71.587,75.324,76.352,76.492,%
Batch: 320 | Loss: 8.726 | Acc: 31.722,39.678,55.033,63.977,71.675,75.353,76.375,76.507,%
Batch: 340 | Loss: 8.723 | Acc: 31.697,39.693,55.022,64.001,71.694,75.362,76.382,76.496,%
Batch: 360 | Loss: 8.713 | Acc: 31.663,39.718,55.133,64.069,71.730,75.381,76.392,76.506,%
Batch: 380 | Loss: 8.687 | Acc: 31.720,39.766,55.239,64.171,71.881,75.519,76.554,76.647,%
Batch: 0 | Loss: 8.056 | Acc: 30.000,40.000,70.000,50.000,60.000,60.000,70.000,70.000,%
Batch: 20 | Loss: 8.458 | Acc: 31.429,38.095,50.000,59.048,67.143,76.190,79.524,80.000,%
Batch: 40 | Loss: 8.677 | Acc: 33.415,38.780,50.488,60.488,66.829,75.122,77.073,77.805,%
Batch: 60 | Loss: 8.545 | Acc: 31.967,38.033,50.000,61.803,68.689,78.197,79.180,79.508,%
Batch: 80 | Loss: 8.773 | Acc: 30.988,36.173,51.111,61.975,68.765,76.420,77.531,77.654,%
Batch: 100 | Loss: 8.870 | Acc: 30.990,36.238,50.891,61.980,69.109,76.337,77.723,77.723,%
Batch: 120 | Loss: 8.934 | Acc: 31.074,36.612,50.826,62.066,69.587,75.785,77.355,77.438,%
Batch: 140 | Loss: 8.860 | Acc: 31.064,37.163,51.206,62.482,70.000,75.887,77.589,77.730,%
Batch: 160 | Loss: 8.890 | Acc: 30.621,36.832,50.994,62.236,69.752,75.714,77.702,77.702,%
Batch: 180 | Loss: 8.831 | Acc: 31.160,37.127,51.492,62.762,70.110,76.022,78.011,78.011,%
Batch: 200 | Loss: 8.835 | Acc: 31.194,37.264,51.841,62.985,70.199,75.721,77.811,77.761,%
Batch: 220 | Loss: 8.867 | Acc: 31.267,37.421,51.629,63.077,70.317,75.656,77.557,77.557,%
Batch: 240 | Loss: 8.910 | Acc: 31.369,37.261,51.535,62.905,70.456,75.436,77.178,77.261,%
Batch: 260 | Loss: 8.941 | Acc: 31.609,37.165,51.341,62.874,70.536,75.287,77.011,77.088,%
Batch: 280 | Loss: 8.936 | Acc: 31.495,37.117,51.495,63.238,70.605,75.231,76.762,77.046,%
Batch: 300 | Loss: 8.902 | Acc: 31.495,37.276,51.628,63.588,70.997,75.548,77.143,77.276,%
Batch: 320 | Loss: 8.881 | Acc: 31.308,37.383,51.682,63.583,71.090,75.514,77.040,77.165,%
Batch: 340 | Loss: 8.902 | Acc: 31.261,37.273,51.672,63.578,71.085,75.367,76.862,76.950,%
Batch: 360 | Loss: 8.925 | Acc: 31.357,37.368,51.717,63.518,71.053,75.152,76.620,76.731,%
Batch: 380 | Loss: 8.960 | Acc: 31.286,37.244,51.339,63.255,70.814,75.066,76.509,76.614,%
Batch: 400 | Loss: 8.937 | Acc: 31.222,37.431,51.571,63.516,70.898,75.137,76.608,76.758,%
Batch: 420 | Loss: 8.939 | Acc: 31.211,37.482,51.615,63.848,71.045,75.131,76.580,76.770,%
Batch: 440 | Loss: 8.904 | Acc: 31.134,37.642,51.927,64.014,71.383,75.329,76.735,76.871,%
Batch: 460 | Loss: 8.887 | Acc: 31.041,37.744,51.931,64.078,71.410,75.206,76.551,76.876,%
Batch: 480 | Loss: 8.865 | Acc: 30.852,37.692,52.037,64.304,71.726,75.447,76.778,77.006,%
Batch: 500 | Loss: 8.860 | Acc: 30.838,37.804,52.275,64.311,71.617,75.329,76.627,76.826,%
Batch: 520 | Loss: 8.868 | Acc: 30.825,37.716,52.188,64.280,71.689,75.451,76.718,76.967,%
Batch: 540 | Loss: 8.860 | Acc: 30.961,37.689,52.033,64.159,71.627,75.416,76.747,77.043,%
Batch: 560 | Loss: 8.899 | Acc: 30.766,37.611,52.068,64.082,71.497,75.330,76.578,76.863,%
Batch: 580 | Loss: 8.879 | Acc: 30.861,37.797,52.186,64.165,71.480,75.370,76.558,76.936,%
Batch: 600 | Loss: 8.897 | Acc: 30.699,37.787,52.030,64.043,71.398,75.358,76.489,76.872,%
Batch: 620 | Loss: 8.888 | Acc: 30.660,37.810,51.884,63.865,71.288,75.266,76.538,76.973,%
Batch: 640 | Loss: 8.878 | Acc: 30.733,37.894,51.778,63.807,71.326,75.242,76.537,77.067,%
Batch: 660 | Loss: 8.890 | Acc: 30.696,37.821,51.710,63.752,71.225,75.159,76.460,76.959,%
Batch: 680 | Loss: 8.887 | Acc: 30.675,37.739,51.586,63.656,71.145,75.066,76.388,76.916,%
Batch: 700 | Loss: 8.904 | Acc: 30.742,37.689,51.427,63.524,71.084,75.107,76.405,76.919,%
Batch: 720 | Loss: 8.878 | Acc: 30.777,37.836,51.470,63.634,71.165,75.215,76.560,77.018,%
Batch: 740 | Loss: 8.852 | Acc: 30.756,37.841,51.525,63.779,71.377,75.331,76.640,77.099,%
Batch: 760 | Loss: 8.849 | Acc: 30.815,37.898,51.616,63.771,71.406,75.322,76.702,77.175,%
Batch: 780 | Loss: 8.856 | Acc: 30.935,38.041,51.703,63.764,71.370,75.275,76.735,77.145,%
Batch: 800 | Loss: 8.869 | Acc: 30.874,37.865,51.586,63.733,71.348,75.194,76.667,77.091,%
Batch: 820 | Loss: 8.860 | Acc: 30.828,37.917,51.620,63.691,71.328,75.225,76.675,77.089,%
Batch: 840 | Loss: 8.873 | Acc: 30.832,37.812,51.510,63.603,71.189,75.184,76.587,77.004,%
Batch: 860 | Loss: 8.886 | Acc: 30.755,37.828,51.580,63.612,71.243,75.180,76.527,76.934,%
Batch: 880 | Loss: 8.897 | Acc: 30.726,37.741,51.544,63.496,71.158,75.062,76.447,76.867,%
Batch: 900 | Loss: 8.898 | Acc: 30.733,37.669,51.421,63.452,71.143,75.117,76.515,76.881,%
Batch: 920 | Loss: 8.880 | Acc: 30.717,37.698,51.488,63.529,71.281,75.179,76.558,76.949,%
Batch: 940 | Loss: 8.878 | Acc: 30.648,37.705,51.498,63.464,71.254,75.154,76.557,76.961,%
Batch: 960 | Loss: 8.869 | Acc: 30.614,37.752,51.426,63.507,71.301,75.161,76.608,77.003,%
Batch: 980 | Loss: 8.862 | Acc: 30.612,37.686,51.376,63.588,71.305,75.158,76.636,77.023,%

Epoch: 4
Batch: 0 | Loss: 8.650 | Acc: 33.594,39.844,55.469,64.062,71.094,77.344,77.344,77.344,%
Batch: 20 | Loss: 8.116 | Acc: 32.812,41.815,57.329,65.885,74.442,79.055,79.725,80.394,%
Batch: 40 | Loss: 8.195 | Acc: 32.984,41.883,57.241,65.530,74.047,78.525,79.516,80.183,%
Batch: 60 | Loss: 8.176 | Acc: 33.171,42.047,57.236,66.278,74.488,78.509,79.636,80.315,%
Batch: 80 | Loss: 8.183 | Acc: 33.208,41.975,57.012,66.262,74.518,78.540,79.601,79.986,%
Batch: 100 | Loss: 8.213 | Acc: 33.207,41.979,57.147,66.522,74.428,78.342,79.463,79.780,%
Batch: 120 | Loss: 8.242 | Acc: 33.071,41.800,56.993,66.290,74.458,78.138,79.203,79.520,%
Batch: 140 | Loss: 8.245 | Acc: 33.051,41.667,57.081,66.301,74.346,78.153,79.211,79.494,%
Batch: 160 | Loss: 8.218 | Acc: 33.075,41.760,57.060,66.353,74.660,78.421,79.493,79.789,%
Batch: 180 | Loss: 8.185 | Acc: 33.115,42.015,57.256,66.497,74.724,78.440,79.610,79.864,%
Batch: 200 | Loss: 8.166 | Acc: 33.193,42.090,57.373,66.616,74.786,78.420,79.660,79.960,%
Batch: 220 | Loss: 8.161 | Acc: 33.155,42.106,57.388,66.689,74.866,78.471,79.702,79.992,%
Batch: 240 | Loss: 8.151 | Acc: 33.095,42.136,57.375,66.753,74.929,78.595,79.807,80.096,%
Batch: 260 | Loss: 8.149 | Acc: 33.043,42.083,57.399,66.807,74.952,78.622,79.831,80.110,%
Batch: 280 | Loss: 8.145 | Acc: 32.918,41.940,57.323,66.776,74.981,78.664,79.815,80.054,%
Batch: 300 | Loss: 8.146 | Acc: 32.875,41.892,57.317,66.777,75.005,78.717,79.817,80.033,%
Batch: 320 | Loss: 8.151 | Acc: 32.686,41.740,57.394,66.754,75.068,78.760,79.821,80.009,%
Batch: 340 | Loss: 8.139 | Acc: 32.698,41.913,57.414,66.821,75.165,78.842,79.923,80.079,%
Batch: 360 | Loss: 8.114 | Acc: 32.739,41.991,57.451,66.908,75.208,78.911,80.042,80.200,%
Batch: 380 | Loss: 8.115 | Acc: 32.753,42.062,57.466,66.890,75.127,78.925,80.073,80.208,%
Batch: 0 | Loss: 8.546 | Acc: 40.000,50.000,50.000,60.000,60.000,60.000,60.000,60.000,%
Batch: 20 | Loss: 8.152 | Acc: 30.952,39.048,56.190,67.143,75.714,74.762,79.524,79.048,%
Batch: 40 | Loss: 8.422 | Acc: 33.415,39.024,55.122,64.878,73.659,75.854,77.805,76.829,%
Batch: 60 | Loss: 8.203 | Acc: 32.459,37.705,55.738,66.557,75.574,78.361,79.016,78.197,%
Batch: 80 | Loss: 8.382 | Acc: 32.222,38.642,55.802,65.679,74.691,77.531,77.901,77.037,%
Batch: 100 | Loss: 8.388 | Acc: 32.277,39.307,55.248,65.248,74.257,77.723,78.317,77.822,%
Batch: 120 | Loss: 8.508 | Acc: 32.479,39.091,54.463,64.463,74.215,77.355,77.851,77.438,%
Batch: 140 | Loss: 8.448 | Acc: 32.695,38.936,54.326,64.894,74.397,77.730,78.014,77.589,%
Batch: 160 | Loss: 8.477 | Acc: 32.733,38.758,53.851,64.037,73.975,77.329,77.950,77.640,%
Batch: 180 | Loss: 8.383 | Acc: 33.149,39.448,54.696,65.028,74.530,77.790,78.343,78.122,%
Batch: 200 | Loss: 8.379 | Acc: 32.985,39.602,55.274,65.672,74.726,77.711,78.010,77.861,%
Batch: 220 | Loss: 8.376 | Acc: 32.941,39.593,55.475,65.611,74.751,77.738,78.009,77.964,%
Batch: 240 | Loss: 8.455 | Acc: 32.739,39.129,55.353,65.477,74.232,77.095,77.593,77.635,%
Batch: 260 | Loss: 8.512 | Acc: 32.950,39.080,54.866,65.057,74.138,77.011,77.356,77.395,%
Batch: 280 | Loss: 8.485 | Acc: 32.740,38.861,54.840,65.125,73.915,77.153,77.722,77.758,%
Batch: 300 | Loss: 8.447 | Acc: 32.458,38.738,54.983,65.382,74.252,77.475,78.007,78.040,%
Batch: 320 | Loss: 8.440 | Acc: 32.523,39.034,54.891,65.140,73.956,77.290,77.882,77.913,%
Batch: 340 | Loss: 8.469 | Acc: 32.639,39.179,55.073,65.015,73.695,77.097,77.771,77.859,%
Batch: 360 | Loss: 8.500 | Acc: 32.659,39.335,55.152,64.903,73.490,76.704,77.368,77.701,%
Batch: 380 | Loss: 8.498 | Acc: 32.336,39.449,54.882,64.698,73.360,76.588,77.323,77.664,%
Batch: 400 | Loss: 8.495 | Acc: 32.219,39.451,55.262,64.988,73.441,76.733,77.481,77.855,%
Batch: 420 | Loss: 8.499 | Acc: 32.280,39.477,55.558,65.131,73.539,76.817,77.577,77.910,%
Batch: 440 | Loss: 8.464 | Acc: 32.426,39.705,55.850,65.374,73.605,76.961,77.755,78.005,%
Batch: 460 | Loss: 8.456 | Acc: 32.126,39.783,55.770,65.380,73.709,76.963,77.701,77.918,%
Batch: 480 | Loss: 8.449 | Acc: 32.121,39.813,55.738,65.489,73.805,77.069,77.859,78.087,%
Batch: 500 | Loss: 8.455 | Acc: 32.016,39.661,55.828,65.449,73.693,76.966,77.725,77.924,%
Batch: 520 | Loss: 8.451 | Acc: 31.862,39.520,55.605,65.432,73.704,77.025,77.812,78.061,%
Batch: 540 | Loss: 8.443 | Acc: 31.941,39.372,55.508,65.453,73.845,77.135,77.893,78.115,%
Batch: 560 | Loss: 8.474 | Acc: 31.889,39.323,55.561,65.401,73.761,77.059,77.861,78.057,%
Batch: 580 | Loss: 8.452 | Acc: 32.186,39.484,55.697,65.577,73.873,77.108,77.900,78.055,%
Batch: 600 | Loss: 8.480 | Acc: 32.180,39.501,55.657,65.507,73.827,77.055,77.837,77.937,%
Batch: 620 | Loss: 8.484 | Acc: 31.997,39.404,55.491,65.346,73.800,76.924,77.762,77.874,%
Batch: 640 | Loss: 8.468 | Acc: 32.028,39.407,55.289,65.304,73.963,77.036,77.878,77.972,%
Batch: 660 | Loss: 8.483 | Acc: 32.027,39.425,55.159,65.250,73.979,76.944,77.821,77.958,%
Batch: 680 | Loss: 8.482 | Acc: 32.115,39.427,55.125,65.154,73.921,76.902,77.841,77.974,%
Batch: 700 | Loss: 8.507 | Acc: 32.211,39.301,54.922,65.007,73.766,76.805,77.646,77.760,%
Batch: 720 | Loss: 8.485 | Acc: 32.316,39.279,55.076,65.118,73.842,76.893,77.712,77.850,%
Batch: 740 | Loss: 8.454 | Acc: 32.416,39.433,55.169,65.209,73.954,76.977,77.800,77.989,%
Batch: 760 | Loss: 8.450 | Acc: 32.444,39.488,55.269,65.230,73.955,77.043,77.845,78.029,%
Batch: 780 | Loss: 8.438 | Acc: 32.522,39.437,55.339,65.275,73.995,77.106,77.900,78.092,%
Batch: 800 | Loss: 8.445 | Acc: 32.409,39.351,55.268,65.306,74.020,77.104,77.903,78.077,%
Batch: 820 | Loss: 8.422 | Acc: 32.363,39.379,55.323,65.335,74.093,77.186,77.990,78.210,%
Batch: 840 | Loss: 8.437 | Acc: 32.307,39.215,55.113,65.137,73.924,77.111,77.979,78.216,%
Batch: 860 | Loss: 8.453 | Acc: 32.253,39.199,55.110,65.122,73.937,77.073,77.898,78.153,%
Batch: 880 | Loss: 8.461 | Acc: 32.281,39.217,55.108,64.972,73.791,76.958,77.775,78.025,%
Batch: 900 | Loss: 8.457 | Acc: 32.286,39.190,55.072,64.994,73.785,76.948,77.691,77.958,%
Batch: 920 | Loss: 8.439 | Acc: 32.356,39.251,55.168,65.103,73.833,76.982,77.666,77.980,%
Batch: 940 | Loss: 8.441 | Acc: 32.306,39.320,55.186,65.122,73.794,76.950,77.620,77.960,%
Batch: 960 | Loss: 8.427 | Acc: 32.320,39.282,55.245,65.265,73.861,76.993,77.732,78.044,%
Batch: 980 | Loss: 8.429 | Acc: 32.345,39.246,55.209,65.199,73.772,76.932,77.655,77.992,%

Epoch: 5
Batch: 0 | Loss: 8.700 | Acc: 28.906,36.719,47.656,57.812,71.094,74.219,75.781,77.344,%
Batch: 20 | Loss: 7.769 | Acc: 34.077,44.010,58.668,68.787,76.860,80.915,82.068,82.515,%
Batch: 40 | Loss: 7.749 | Acc: 33.822,43.674,58.479,68.216,77.001,81.040,82.088,82.355,%
Batch: 60 | Loss: 7.779 | Acc: 33.735,43.481,58.824,68.366,76.703,80.955,81.993,82.134,%
Batch: 80 | Loss: 7.718 | Acc: 33.980,43.711,59.250,68.991,77.450,81.250,82.311,82.494,%
Batch: 100 | Loss: 7.757 | Acc: 33.795,43.541,59.073,68.750,77.460,81.018,81.969,82.155,%
Batch: 120 | Loss: 7.723 | Acc: 33.936,43.660,59.239,68.957,77.641,81.263,82.206,82.328,%
Batch: 140 | Loss: 7.740 | Acc: 33.904,43.628,59.170,68.833,77.510,81.200,82.164,82.253,%
Batch: 160 | Loss: 7.722 | Acc: 33.929,43.575,59.181,68.939,77.601,81.376,82.313,82.400,%
Batch: 180 | Loss: 7.705 | Acc: 33.995,43.608,59.271,69.095,77.624,81.362,82.312,82.433,%
Batch: 200 | Loss: 7.689 | Acc: 34.006,43.699,59.266,69.088,77.651,81.429,82.393,82.490,%
Batch: 220 | Loss: 7.703 | Acc: 33.944,43.739,59.241,69.065,77.616,81.381,82.402,82.487,%
Batch: 240 | Loss: 7.698 | Acc: 33.853,43.805,59.262,69.120,77.636,81.347,82.394,82.479,%
Batch: 260 | Loss: 7.696 | Acc: 33.806,43.780,59.300,69.145,77.598,81.349,82.402,82.447,%
Batch: 280 | Loss: 7.696 | Acc: 33.747,43.750,59.344,69.214,77.661,81.397,82.393,82.426,%
Batch: 300 | Loss: 7.706 | Acc: 33.620,43.742,59.258,69.126,77.614,81.330,82.299,82.314,%
Batch: 320 | Loss: 7.702 | Acc: 33.569,43.796,59.241,69.144,77.629,81.394,82.333,82.333,%
Batch: 340 | Loss: 7.691 | Acc: 33.614,43.913,59.299,69.126,77.699,81.438,82.402,82.423,%
Batch: 360 | Loss: 7.689 | Acc: 33.665,43.886,59.325,69.155,77.701,81.440,82.412,82.412,%
Batch: 380 | Loss: 7.691 | Acc: 33.557,43.832,59.229,69.138,77.649,81.402,82.355,82.380,%
Batch: 0 | Loss: 6.720 | Acc: 30.000,60.000,70.000,60.000,50.000,80.000,70.000,70.000,%
Batch: 20 | Loss: 7.338 | Acc: 33.333,42.381,56.667,66.190,75.714,82.381,85.714,86.190,%
Batch: 40 | Loss: 7.503 | Acc: 35.854,45.122,56.585,66.098,75.610,80.976,83.415,83.902,%
Batch: 60 | Loss: 7.465 | Acc: 34.426,42.131,55.738,68.033,77.377,82.131,84.590,84.754,%
Batch: 80 | Loss: 7.735 | Acc: 33.580,41.111,55.926,68.025,76.173,80.741,83.457,83.210,%
Batch: 100 | Loss: 7.775 | Acc: 33.267,42.574,55.644,68.119,76.436,80.891,83.267,83.168,%
Batch: 120 | Loss: 7.815 | Acc: 33.223,42.314,56.364,68.512,76.860,81.240,83.388,83.140,%
Batch: 140 | Loss: 7.750 | Acc: 33.262,42.199,57.021,68.582,77.234,81.489,83.759,83.688,%
Batch: 160 | Loss: 7.806 | Acc: 33.043,41.553,56.646,68.012,77.019,81.118,83.416,83.354,%
Batch: 180 | Loss: 7.789 | Acc: 33.481,42.099,57.348,68.066,76.906,81.271,83.315,83.260,%
Batch: 200 | Loss: 7.808 | Acc: 33.184,41.791,57.711,68.358,76.866,81.194,82.985,82.935,%
Batch: 220 | Loss: 7.830 | Acc: 33.394,41.719,57.602,68.235,76.742,80.905,82.534,82.443,%
Batch: 240 | Loss: 7.868 | Acc: 33.651,41.577,57.635,67.967,76.515,80.830,82.365,82.324,%
Batch: 260 | Loss: 7.881 | Acc: 33.946,41.877,57.471,67.739,76.513,80.881,82.414,82.375,%
Batch: 280 | Loss: 7.879 | Acc: 33.915,41.744,57.616,68.114,76.619,81.032,82.349,82.242,%
Batch: 300 | Loss: 7.840 | Acc: 33.654,42.027,57.807,68.605,76.944,81.030,82.359,82.359,%
Batch: 320 | Loss: 7.843 | Acc: 33.583,42.243,57.695,68.349,76.791,80.903,82.305,82.336,%
Batch: 340 | Loss: 7.866 | Acc: 33.636,42.229,57.537,68.182,76.598,80.762,82.082,82.199,%
Batch: 360 | Loss: 7.884 | Acc: 33.767,42.382,57.645,68.199,76.482,80.776,82.022,82.105,%
Batch: 380 | Loss: 7.901 | Acc: 33.491,42.152,57.375,68.320,76.352,80.656,81.890,81.969,%
Batch: 400 | Loss: 7.885 | Acc: 33.466,42.269,57.656,68.504,76.534,80.748,82.020,82.070,%
Batch: 420 | Loss: 7.905 | Acc: 33.563,42.375,57.767,68.599,76.485,80.618,81.924,81.829,%
Batch: 440 | Loss: 7.863 | Acc: 33.628,42.426,58.118,68.912,76.689,80.794,82.154,82.041,%
Batch: 460 | Loss: 7.837 | Acc: 33.406,42.408,58.156,69.024,76.703,80.803,82.061,82.017,%
Batch: 480 | Loss: 7.822 | Acc: 33.326,42.391,58.274,69.148,76.778,80.915,82.141,82.079,%
Batch: 500 | Loss: 7.822 | Acc: 33.313,42.435,58.244,69.182,76.727,80.818,82.036,82.076,%
Batch: 520 | Loss: 7.818 | Acc: 33.321,42.399,58.234,69.021,76.603,80.864,82.073,82.111,%
Batch: 540 | Loss: 7.802 | Acc: 33.346,42.255,58.096,69.020,76.617,81.017,82.200,82.237,%
Batch: 560 | Loss: 7.833 | Acc: 33.244,42.121,58.146,68.930,76.649,80.980,82.228,82.299,%
Batch: 580 | Loss: 7.805 | Acc: 33.460,42.272,58.330,69.019,76.644,81.067,82.375,82.496,%
Batch: 600 | Loss: 7.829 | Acc: 33.361,42.113,58.220,68.902,76.622,81.032,82.329,82.479,%
Batch: 620 | Loss: 7.828 | Acc: 33.317,42.029,58.003,68.824,76.506,81.047,82.399,82.528,%
Batch: 640 | Loss: 7.817 | Acc: 33.307,42.090,57.894,68.814,76.568,81.092,82.465,82.621,%
Batch: 660 | Loss: 7.818 | Acc: 33.283,42.194,57.867,68.759,76.520,81.044,82.436,82.602,%
Batch: 680 | Loss: 7.814 | Acc: 33.216,42.188,57.885,68.737,76.564,81.072,82.467,82.614,%
Batch: 700 | Loss: 7.836 | Acc: 33.096,42.026,57.732,68.688,76.591,80.984,82.325,82.482,%
Batch: 720 | Loss: 7.814 | Acc: 33.190,42.080,57.920,68.877,76.782,81.068,82.413,82.566,%
Batch: 740 | Loss: 7.801 | Acc: 33.252,42.119,57.935,69.042,76.923,81.120,82.402,82.551,%
Batch: 760 | Loss: 7.793 | Acc: 33.390,42.181,57.976,68.988,76.912,81.156,82.378,82.549,%
Batch: 780 | Loss: 7.796 | Acc: 33.431,42.330,58.028,69.040,76.812,81.037,82.241,82.446,%
Batch: 800 | Loss: 7.795 | Acc: 33.258,42.235,57.978,69.026,76.841,81.099,82.297,82.509,%
Batch: 820 | Loss: 7.785 | Acc: 33.313,42.326,58.015,69.099,76.979,81.145,82.314,82.546,%
Batch: 840 | Loss: 7.792 | Acc: 33.234,42.247,57.883,68.954,76.849,81.130,82.307,82.533,%
Batch: 860 | Loss: 7.812 | Acc: 33.252,42.288,57.909,68.990,76.794,80.999,82.207,82.416,%
Batch: 880 | Loss: 7.811 | Acc: 33.201,42.202,57.866,68.876,76.765,80.976,82.157,82.361,%
Batch: 900 | Loss: 7.809 | Acc: 33.241,42.231,57.891,68.890,76.804,81.010,82.142,82.331,%
Batch: 920 | Loss: 7.787 | Acc: 33.257,42.302,57.915,68.947,76.873,81.118,82.258,82.432,%
Batch: 940 | Loss: 7.793 | Acc: 33.262,42.317,57.885,68.916,76.812,81.052,82.189,82.359,%
Batch: 960 | Loss: 7.783 | Acc: 33.226,42.373,57.971,68.991,76.868,81.093,82.227,82.383,%
Batch: 980 | Loss: 7.777 | Acc: 33.140,42.355,57.992,69.001,76.881,81.070,82.202,82.406,%

Epoch: 6
Batch: 0 | Loss: 7.817 | Acc: 28.125,41.406,62.500,71.094,78.125,82.812,79.688,79.688,%
Batch: 20 | Loss: 7.338 | Acc: 33.743,44.568,59.561,70.833,78.869,83.557,83.557,83.854,%
Batch: 40 | Loss: 7.317 | Acc: 33.670,45.065,59.889,71.189,79.325,83.880,84.451,84.661,%
Batch: 60 | Loss: 7.329 | Acc: 33.607,45.031,59.695,71.235,79.431,83.581,84.541,84.580,%
Batch: 80 | Loss: 7.376 | Acc: 33.439,44.946,59.655,70.862,79.051,83.140,84.057,84.250,%
Batch: 100 | Loss: 7.384 | Acc: 33.578,45.119,59.777,70.668,79.069,83.075,83.880,83.926,%
Batch: 120 | Loss: 7.371 | Acc: 33.516,45.093,59.879,70.745,79.184,83.064,83.897,83.949,%
Batch: 140 | Loss: 7.349 | Acc: 33.871,45.529,60.184,70.833,79.228,83.128,83.915,83.898,%
Batch: 160 | Loss: 7.330 | Acc: 33.992,45.526,60.200,71.011,79.328,83.230,84.011,84.026,%
Batch: 180 | Loss: 7.327 | Acc: 33.853,45.308,60.178,71.085,79.454,83.356,84.133,84.120,%
Batch: 200 | Loss: 7.309 | Acc: 33.901,45.503,60.370,71.265,79.509,83.446,84.216,84.181,%
Batch: 220 | Loss: 7.307 | Acc: 34.096,45.691,60.414,71.189,79.564,83.449,84.223,84.209,%
Batch: 240 | Loss: 7.303 | Acc: 34.083,45.721,60.454,71.133,79.606,83.477,84.252,84.232,%
Batch: 260 | Loss: 7.304 | Acc: 34.097,45.738,60.533,71.109,79.652,83.432,84.207,84.240,%
Batch: 280 | Loss: 7.299 | Acc: 34.033,45.666,60.534,71.119,79.688,83.430,84.233,84.278,%
Batch: 300 | Loss: 7.288 | Acc: 34.043,45.647,60.595,71.169,79.737,83.482,84.240,84.292,%
Batch: 320 | Loss: 7.282 | Acc: 34.061,45.629,60.626,71.242,79.761,83.489,84.219,84.283,%
Batch: 340 | Loss: 7.277 | Acc: 34.114,45.762,60.640,71.272,79.772,83.546,84.283,84.315,%
Batch: 360 | Loss: 7.284 | Acc: 34.111,45.747,60.613,71.176,79.709,83.475,84.215,84.252,%
Batch: 380 | Loss: 7.281 | Acc: 34.137,45.694,60.642,71.225,79.737,83.479,84.254,84.305,%
Batch: 0 | Loss: 7.914 | Acc: 40.000,60.000,50.000,50.000,60.000,70.000,80.000,80.000,%
Batch: 20 | Loss: 7.358 | Acc: 33.333,42.381,56.667,65.238,79.524,83.333,85.238,86.190,%
Batch: 40 | Loss: 7.755 | Acc: 33.902,42.439,57.317,65.854,76.829,80.488,82.927,82.927,%
Batch: 60 | Loss: 7.577 | Acc: 31.967,41.475,57.377,67.377,79.016,82.295,84.918,84.918,%
Batch: 80 | Loss: 7.757 | Acc: 31.111,40.370,57.407,67.284,77.901,81.111,83.210,83.210,%
Batch: 100 | Loss: 7.779 | Acc: 31.089,41.089,58.317,67.228,77.723,80.693,82.673,82.673,%
Batch: 120 | Loss: 7.859 | Acc: 31.074,41.405,57.934,66.777,77.107,80.000,81.983,82.231,%
Batch: 140 | Loss: 7.816 | Acc: 31.418,41.135,57.943,67.376,77.234,80.071,81.915,82.128,%
Batch: 160 | Loss: 7.833 | Acc: 31.180,40.559,58.571,67.640,77.081,80.124,82.174,82.422,%
Batch: 180 | Loss: 7.786 | Acc: 31.105,40.773,59.006,68.177,77.569,80.276,82.155,82.431,%
Batch: 200 | Loss: 7.797 | Acc: 30.896,40.647,59.005,68.209,77.413,80.050,81.841,81.940,%
Batch: 220 | Loss: 7.820 | Acc: 30.769,40.679,59.140,68.507,77.240,79.910,81.538,81.538,%
Batch: 240 | Loss: 7.858 | Acc: 30.747,40.788,58.880,68.465,77.178,79.876,81.452,81.494,%
Batch: 260 | Loss: 7.911 | Acc: 31.149,40.843,59.004,68.352,76.973,79.655,81.303,81.341,%
Batch: 280 | Loss: 7.878 | Acc: 31.032,40.854,59.075,68.577,77.260,80.036,81.601,81.637,%
Batch: 300 | Loss: 7.837 | Acc: 30.864,41.030,59.635,69.203,77.741,80.465,81.960,81.993,%
Batch: 320 | Loss: 7.843 | Acc: 30.872,41.028,59.346,69.128,77.601,80.436,81.776,81.838,%
Batch: 340 | Loss: 7.845 | Acc: 30.821,40.821,59.413,69.091,77.537,80.411,81.730,81.818,%
Batch: 360 | Loss: 7.862 | Acc: 31.136,41.136,59.612,68.975,77.285,80.277,81.745,81.856,%
Batch: 380 | Loss: 7.879 | Acc: 30.814,40.997,59.475,68.661,77.113,80.262,81.706,81.864,%
Batch: 400 | Loss: 7.877 | Acc: 30.848,40.998,59.651,68.878,77.232,80.399,81.920,82.045,%
Batch: 420 | Loss: 7.879 | Acc: 30.831,41.069,59.762,69.050,77.221,80.356,81.948,82.067,%
Batch: 440 | Loss: 7.846 | Acc: 30.998,41.111,60.000,69.161,77.370,80.431,82.109,82.222,%
Batch: 460 | Loss: 7.834 | Acc: 30.976,41.063,60.087,69.154,77.375,80.369,82.082,82.213,%
Batch: 480 | Loss: 7.833 | Acc: 30.728,41.060,60.104,69.272,77.526,80.561,82.204,82.308,%
Batch: 500 | Loss: 7.820 | Acc: 30.739,41.058,60.140,69.261,77.505,80.599,82.176,82.255,%
Batch: 520 | Loss: 7.821 | Acc: 30.864,40.940,60.019,69.155,77.524,80.672,82.246,82.303,%
Batch: 540 | Loss: 7.806 | Acc: 30.832,40.813,60.111,69.113,77.505,80.758,82.440,82.477,%
Batch: 560 | Loss: 7.829 | Acc: 30.820,40.677,60.089,69.002,77.469,80.820,82.478,82.496,%
Batch: 580 | Loss: 7.804 | Acc: 31.102,40.809,60.258,69.071,77.745,80.964,82.565,82.582,%
Batch: 600 | Loss: 7.820 | Acc: 31.032,40.599,60.183,69.035,77.637,80.998,82.479,82.512,%
Batch: 620 | Loss: 7.819 | Acc: 30.934,40.548,60.048,68.969,77.536,80.982,82.464,82.512,%
Batch: 640 | Loss: 7.816 | Acc: 30.967,40.671,59.953,68.877,77.520,80.998,82.543,82.574,%
Batch: 660 | Loss: 7.826 | Acc: 30.998,40.620,59.924,68.669,77.398,80.938,82.557,82.602,%
Batch: 680 | Loss: 7.829 | Acc: 30.999,40.661,59.809,68.590,77.327,80.808,82.511,82.540,%
Batch: 700 | Loss: 7.852 | Acc: 30.942,40.471,59.700,68.374,77.175,80.728,82.411,82.496,%
Batch: 720 | Loss: 7.826 | Acc: 30.999,40.485,59.792,68.585,77.337,80.888,82.469,82.538,%
Batch: 740 | Loss: 7.807 | Acc: 31.039,40.513,59.865,68.745,77.409,80.945,82.551,82.605,%
Batch: 760 | Loss: 7.809 | Acc: 31.091,40.565,59.869,68.712,77.438,80.920,82.562,82.589,%
Batch: 780 | Loss: 7.816 | Acc: 31.101,40.589,59.821,68.694,77.375,80.807,82.446,82.522,%
Batch: 800 | Loss: 7.824 | Acc: 30.924,40.512,59.850,68.677,77.291,80.749,82.422,82.509,%
Batch: 820 | Loss: 7.811 | Acc: 30.950,40.609,59.927,68.685,77.320,80.743,82.412,82.533,%
Batch: 840 | Loss: 7.818 | Acc: 30.951,40.499,59.798,68.609,77.229,80.690,82.342,82.521,%
Batch: 860 | Loss: 7.829 | Acc: 30.976,40.523,59.756,68.664,77.154,80.592,82.265,82.451,%
Batch: 880 | Loss: 7.839 | Acc: 30.953,40.409,59.682,68.558,77.185,80.545,82.179,82.350,%
Batch: 900 | Loss: 7.841 | Acc: 30.966,40.400,59.667,68.590,77.081,80.477,82.153,82.320,%
Batch: 920 | Loss: 7.822 | Acc: 30.988,40.380,59.772,68.740,77.188,80.586,82.280,82.421,%
Batch: 940 | Loss: 7.824 | Acc: 30.967,40.308,59.671,68.704,77.131,80.563,82.253,82.402,%
Batch: 960 | Loss: 7.810 | Acc: 30.968,40.343,59.761,68.783,77.170,80.635,82.300,82.466,%
Batch: 980 | Loss: 7.804 | Acc: 30.968,40.357,59.796,68.756,77.146,80.612,82.324,82.508,%

Epoch: 7
Batch: 0 | Loss: 6.932 | Acc: 32.812,51.562,71.875,74.219,81.250,83.594,83.594,84.375,%
Batch: 20 | Loss: 6.952 | Acc: 35.938,47.954,63.021,72.545,80.618,85.007,85.528,85.677,%
Batch: 40 | Loss: 7.015 | Acc: 34.928,46.894,62.195,72.142,80.850,85.652,86.223,86.242,%
Batch: 60 | Loss: 7.066 | Acc: 35.003,47.259,61.360,71.862,80.789,85.156,85.925,85.886,%
Batch: 80 | Loss: 7.091 | Acc: 34.491,47.097,61.121,71.605,80.652,85.021,85.851,85.687,%
Batch: 100 | Loss: 7.067 | Acc: 34.599,46.829,61.100,71.898,80.933,85.195,85.968,85.798,%
Batch: 120 | Loss: 7.091 | Acc: 34.743,46.881,61.002,71.636,80.624,84.911,85.699,85.595,%
Batch: 140 | Loss: 7.102 | Acc: 34.613,46.742,60.860,71.703,80.685,84.863,85.633,85.561,%
Batch: 160 | Loss: 7.086 | Acc: 34.443,46.700,60.942,71.831,80.765,84.904,85.680,85.637,%
Batch: 180 | Loss: 7.089 | Acc: 34.336,46.625,60.998,71.741,80.702,84.850,85.661,85.627,%
Batch: 200 | Loss: 7.084 | Acc: 34.457,46.743,61.151,71.789,80.694,84.861,85.669,85.697,%
Batch: 220 | Loss: 7.079 | Acc: 34.591,46.790,61.252,71.857,80.737,84.810,85.651,85.676,%
Batch: 240 | Loss: 7.074 | Acc: 34.518,46.800,61.323,71.930,80.770,84.667,85.516,85.536,%
Batch: 260 | Loss: 7.077 | Acc: 34.402,46.797,61.398,71.923,80.822,84.620,85.444,85.453,%
Batch: 280 | Loss: 7.068 | Acc: 34.461,46.883,61.441,72.017,80.936,84.625,85.470,85.490,%
Batch: 300 | Loss: 7.070 | Acc: 34.507,46.862,61.387,71.953,80.868,84.611,85.416,85.455,%
Batch: 320 | Loss: 7.074 | Acc: 34.594,46.902,61.432,71.967,80.848,84.570,85.336,85.368,%
Batch: 340 | Loss: 7.069 | Acc: 34.606,46.893,61.437,72.035,80.906,84.572,85.330,85.369,%
Batch: 360 | Loss: 7.054 | Acc: 34.691,46.905,61.468,72.094,80.997,84.676,85.414,85.461,%
Batch: 380 | Loss: 7.046 | Acc: 34.752,46.869,61.460,72.099,81.086,84.732,85.476,85.497,%
Batch: 0 | Loss: 5.335 | Acc: 40.000,50.000,50.000,80.000,90.000,80.000,90.000,90.000,%
Batch: 20 | Loss: 6.961 | Acc: 33.333,44.286,54.286,67.619,81.429,83.333,86.190,87.619,%
Batch: 40 | Loss: 7.483 | Acc: 36.829,45.366,54.878,66.829,76.585,80.488,82.927,83.902,%
Batch: 60 | Loss: 7.496 | Acc: 35.410,44.098,53.115,66.230,75.410,80.820,82.787,83.770,%
Batch: 80 | Loss: 7.873 | Acc: 34.074,44.074,53.457,64.938,73.951,78.889,81.111,82.469,%
Batch: 100 | Loss: 7.916 | Acc: 33.663,43.960,53.663,65.050,74.950,79.505,81.584,82.772,%
Batch: 120 | Loss: 7.917 | Acc: 33.140,43.719,53.967,66.033,75.372,80.000,82.314,83.140,%
Batch: 140 | Loss: 7.935 | Acc: 33.688,44.043,54.043,65.887,75.248,79.574,81.702,82.695,%
Batch: 160 | Loss: 8.016 | Acc: 33.478,43.478,53.851,65.528,75.155,79.627,81.863,82.857,%
Batch: 180 | Loss: 7.972 | Acc: 34.088,43.757,54.862,65.525,75.193,79.890,82.155,83.094,%
Batch: 200 | Loss: 7.997 | Acc: 34.279,44.328,54.925,65.174,75.174,79.851,82.040,82.836,%
Batch: 220 | Loss: 8.005 | Acc: 33.982,44.208,54.842,65.158,75.339,79.864,81.946,82.760,%
Batch: 240 | Loss: 8.016 | Acc: 33.859,44.025,54.813,65.062,75.394,79.834,81.867,82.614,%
Batch: 260 | Loss: 8.105 | Acc: 33.985,44.023,54.368,64.866,74.904,79.349,81.494,82.184,%
Batch: 280 | Loss: 8.086 | Acc: 33.808,43.772,54.342,64.982,75.125,79.537,81.708,82.384,%
Batch: 300 | Loss: 8.023 | Acc: 33.621,43.854,54.684,65.615,75.548,79.867,82.027,82.757,%
Batch: 320 | Loss: 8.041 | Acc: 33.925,44.112,54.424,65.389,75.545,79.751,81.838,82.586,%
Batch: 340 | Loss: 8.032 | Acc: 34.106,44.370,54.311,65.279,75.308,79.824,81.877,82.610,%
Batch: 360 | Loss: 8.023 | Acc: 34.044,44.377,54.155,65.374,75.540,79.806,81.939,82.659,%
Batch: 380 | Loss: 8.040 | Acc: 33.885,44.068,53.885,65.223,75.407,79.685,81.811,82.572,%
Batch: 400 | Loss: 8.010 | Acc: 33.840,44.165,54.040,65.511,75.536,80.000,82.045,82.768,%
Batch: 420 | Loss: 8.022 | Acc: 33.848,43.919,54.062,65.416,75.344,80.000,81.971,82.732,%
Batch: 440 | Loss: 7.977 | Acc: 33.991,44.082,54.150,65.442,75.533,80.181,82.109,82.948,%
Batch: 460 | Loss: 7.964 | Acc: 33.905,43.970,54.121,65.184,75.466,80.130,81.996,82.863,%
Batch: 480 | Loss: 7.968 | Acc: 33.784,44.012,54.324,65.322,75.530,80.104,82.017,82.911,%
Batch: 500 | Loss: 7.978 | Acc: 33.653,43.992,54.491,65.289,75.409,79.960,81.836,82.715,%
Batch: 520 | Loss: 7.967 | Acc: 33.512,43.896,54.511,65.451,75.451,80.038,81.804,82.687,%
Batch: 540 | Loss: 7.958 | Acc: 33.420,43.623,54.418,65.564,75.545,80.148,81.904,82.736,%
Batch: 560 | Loss: 8.007 | Acc: 33.351,43.672,54.456,65.455,75.383,79.982,81.836,82.638,%
Batch: 580 | Loss: 7.985 | Acc: 33.546,43.787,54.682,65.697,75.542,80.034,81.807,82.616,%
Batch: 600 | Loss: 8.006 | Acc: 33.561,43.860,54.476,65.541,75.458,80.000,81.814,82.596,%
Batch: 620 | Loss: 8.016 | Acc: 33.527,43.800,54.219,65.298,75.330,80.032,81.836,82.625,%
Batch: 640 | Loss: 8.010 | Acc: 33.557,43.838,54.275,65.304,75.335,80.078,81.903,82.683,%
Batch: 660 | Loss: 8.012 | Acc: 33.480,43.843,54.130,65.265,75.250,80.076,81.876,82.632,%
Batch: 680 | Loss: 8.000 | Acc: 33.407,43.759,54.082,65.257,75.374,80.132,81.909,82.643,%
Batch: 700 | Loss: 8.033 | Acc: 33.395,43.738,54.009,65.150,75.064,79.843,81.683,82.454,%
Batch: 720 | Loss: 8.010 | Acc: 33.467,43.662,54.244,65.284,75.160,79.903,81.706,82.524,%
Batch: 740 | Loss: 7.987 | Acc: 33.522,43.684,54.305,65.344,75.236,79.973,81.768,82.564,%
Batch: 760 | Loss: 7.975 | Acc: 33.587,43.732,54.350,65.493,75.309,80.026,81.813,82.562,%
Batch: 780 | Loss: 7.965 | Acc: 33.713,43.752,54.417,65.531,75.288,80.077,81.882,82.599,%
Batch: 800 | Loss: 7.986 | Acc: 33.558,43.695,54.444,65.506,75.181,79.975,81.798,82.522,%
Batch: 820 | Loss: 7.983 | Acc: 33.666,43.788,54.470,65.505,75.116,79.988,81.790,82.533,%
Batch: 840 | Loss: 7.995 | Acc: 33.603,43.674,54.364,65.410,75.030,79.964,81.760,82.449,%
Batch: 860 | Loss: 8.009 | Acc: 33.635,43.717,54.413,65.366,75.017,79.872,81.696,82.427,%
Batch: 880 | Loss: 8.015 | Acc: 33.598,43.734,54.370,65.278,74.938,79.875,81.714,82.418,%
Batch: 900 | Loss: 8.006 | Acc: 33.585,43.785,54.351,65.350,75.061,79.945,81.787,82.497,%
Batch: 920 | Loss: 7.997 | Acc: 33.550,43.833,54.397,65.309,74.995,79.957,81.792,82.486,%
Batch: 940 | Loss: 8.007 | Acc: 33.613,43.996,54.389,65.260,74.878,79.862,81.711,82.423,%
Batch: 960 | Loss: 7.990 | Acc: 33.632,43.954,54.495,65.369,74.974,79.927,81.748,82.477,%
Batch: 980 | Loss: 7.989 | Acc: 33.598,43.925,54.526,65.291,74.944,79.898,81.723,82.436,%

Epoch: 8
Batch: 0 | Loss: 6.874 | Acc: 32.812,47.656,65.625,74.219,81.250,85.156,85.938,85.156,%
Batch: 20 | Loss: 6.814 | Acc: 33.594,47.210,61.682,72.619,82.366,86.570,88.132,87.984,%
Batch: 40 | Loss: 6.742 | Acc: 35.575,48.514,62.538,73.037,82.546,86.662,87.938,87.976,%
Batch: 60 | Loss: 6.827 | Acc: 35.758,48.463,62.001,72.669,81.993,86.206,87.295,87.295,%
Batch: 80 | Loss: 6.836 | Acc: 35.523,48.003,62.008,72.811,82.311,86.208,87.288,87.384,%
Batch: 100 | Loss: 6.837 | Acc: 35.396,47.904,62.067,72.765,82.194,86.038,87.183,87.307,%
Batch: 120 | Loss: 6.829 | Acc: 35.298,47.753,62.255,72.915,82.322,86.060,87.145,87.197,%
Batch: 140 | Loss: 6.799 | Acc: 35.167,47.883,62.461,73.227,82.447,86.076,87.162,87.251,%
Batch: 160 | Loss: 6.813 | Acc: 35.195,47.826,62.539,73.253,82.478,86.069,87.054,87.141,%
Batch: 180 | Loss: 6.803 | Acc: 35.234,47.889,62.487,73.261,82.584,86.184,87.116,87.150,%
Batch: 200 | Loss: 6.806 | Acc: 35.312,47.687,62.422,73.138,82.548,86.116,87.022,87.084,%
Batch: 220 | Loss: 6.813 | Acc: 35.252,47.692,62.401,73.137,82.452,86.029,86.977,87.012,%
Batch: 240 | Loss: 6.831 | Acc: 35.260,47.591,62.442,73.026,82.317,85.912,86.826,86.865,%
Batch: 260 | Loss: 6.839 | Acc: 35.201,47.545,62.341,73.012,82.289,85.842,86.731,86.773,%
Batch: 280 | Loss: 6.831 | Acc: 35.373,47.628,62.347,73.009,82.251,85.835,86.705,86.702,%
Batch: 300 | Loss: 6.848 | Acc: 35.232,47.597,62.290,72.934,82.119,85.706,86.558,86.602,%
Batch: 320 | Loss: 6.834 | Acc: 35.254,47.683,62.378,73.021,82.245,85.826,86.631,86.687,%
Batch: 340 | Loss: 6.824 | Acc: 35.344,47.741,62.546,73.066,82.217,85.834,86.645,86.696,%
Batch: 360 | Loss: 6.806 | Acc: 35.477,47.849,62.639,73.163,82.228,85.877,86.691,86.749,%
Batch: 380 | Loss: 6.804 | Acc: 35.575,47.849,62.672,73.148,82.232,85.839,86.676,86.743,%
Batch: 0 | Loss: 5.267 | Acc: 30.000,40.000,50.000,80.000,90.000,90.000,90.000,90.000,%
Batch: 20 | Loss: 6.953 | Acc: 32.857,45.238,58.571,72.381,80.000,85.238,87.143,86.190,%
Batch: 40 | Loss: 7.342 | Acc: 34.634,45.122,57.561,68.780,76.341,82.683,84.390,84.390,%
Batch: 60 | Loss: 7.145 | Acc: 32.459,45.410,57.869,69.836,77.377,83.770,84.918,84.918,%
Batch: 80 | Loss: 7.366 | Acc: 31.852,45.062,57.778,68.395,76.667,83.580,84.691,84.444,%
Batch: 100 | Loss: 7.416 | Acc: 31.584,44.455,58.119,68.317,77.030,83.465,84.455,84.257,%
Batch: 120 | Loss: 7.459 | Acc: 31.653,43.967,58.017,68.512,77.355,83.471,84.380,84.545,%
Batch: 140 | Loss: 7.368 | Acc: 31.560,43.830,58.723,68.794,77.589,83.972,85.035,85.035,%
Batch: 160 | Loss: 7.424 | Acc: 31.491,43.416,58.323,68.571,77.453,83.665,84.596,84.969,%
Batch: 180 | Loss: 7.361 | Acc: 32.265,44.475,58.619,69.116,77.845,83.978,84.641,85.083,%
Batch: 200 | Loss: 7.425 | Acc: 32.090,44.677,58.657,68.756,77.711,83.582,84.428,84.876,%
Batch: 220 | Loss: 7.471 | Acc: 32.308,44.661,58.643,68.597,77.466,83.213,84.027,84.525,%
Batch: 240 | Loss: 7.527 | Acc: 32.531,44.689,58.880,68.589,77.303,82.988,83.859,84.274,%
Batch: 260 | Loss: 7.604 | Acc: 32.720,44.713,58.391,68.352,77.050,82.644,83.525,83.946,%
Batch: 280 | Loss: 7.559 | Acc: 32.562,44.733,58.434,68.185,77.260,83.060,83.915,84.270,%
Batch: 300 | Loss: 7.521 | Acc: 32.525,44.817,58.937,68.671,77.641,83.256,84.120,84.419,%
Batch: 320 | Loss: 7.530 | Acc: 32.243,44.922,59.065,68.474,77.632,83.115,84.050,84.330,%
Batch: 340 | Loss: 7.542 | Acc: 32.082,45.044,59.062,68.446,77.566,82.991,83.930,84.223,%
Batch: 360 | Loss: 7.566 | Acc: 32.216,45.014,58.975,68.449,77.507,82.909,83.878,84.211,%
Batch: 380 | Loss: 7.577 | Acc: 32.021,44.777,58.845,68.346,77.402,82.861,83.806,84.226,%
Batch: 400 | Loss: 7.566 | Acc: 31.870,44.738,59.102,68.653,77.481,83.042,83.865,84.239,%
Batch: 420 | Loss: 7.561 | Acc: 31.900,44.917,59.240,68.741,77.530,83.112,83.919,84.347,%
Batch: 440 | Loss: 7.524 | Acc: 31.995,45.034,59.320,68.776,77.642,83.197,84.127,84.535,%
Batch: 460 | Loss: 7.509 | Acc: 32.017,44.946,59.349,68.720,77.462,83.167,84.056,84.403,%
Batch: 480 | Loss: 7.513 | Acc: 31.954,44.865,59.418,68.877,77.526,83.181,84.075,84.407,%
Batch: 500 | Loss: 7.499 | Acc: 31.976,44.790,59.641,68.882,77.445,83.094,84.052,84.391,%
Batch: 520 | Loss: 7.487 | Acc: 32.073,44.856,59.731,69.002,77.620,83.148,84.088,84.395,%
Batch: 540 | Loss: 7.479 | Acc: 32.255,44.732,59.593,68.872,77.652,83.216,84.140,84.399,%
Batch: 560 | Loss: 7.517 | Acc: 32.175,44.652,59.465,68.824,77.611,83.191,84.135,84.349,%
Batch: 580 | Loss: 7.497 | Acc: 32.392,44.836,59.604,68.933,77.694,83.219,84.165,84.372,%
Batch: 600 | Loss: 7.525 | Acc: 32.413,44.942,59.484,68.735,77.604,83.095,84.060,84.276,%
Batch: 620 | Loss: 7.531 | Acc: 32.383,44.831,59.259,68.599,77.633,82.995,83.994,84.203,%
Batch: 640 | Loss: 7.513 | Acc: 32.418,44.821,59.267,68.643,77.738,83.089,84.119,84.368,%
Batch: 660 | Loss: 7.517 | Acc: 32.330,44.735,59.228,68.623,77.776,83.147,84.191,84.418,%
Batch: 680 | Loss: 7.512 | Acc: 32.144,44.640,59.295,68.634,77.783,83.128,84.214,84.435,%
Batch: 700 | Loss: 7.542 | Acc: 32.211,44.650,59.144,68.445,77.632,82.924,84.051,84.265,%
Batch: 720 | Loss: 7.514 | Acc: 32.288,44.688,59.320,68.613,77.767,83.024,84.119,84.341,%
Batch: 740 | Loss: 7.477 | Acc: 32.416,44.777,59.379,68.731,77.908,83.198,84.265,84.480,%
Batch: 760 | Loss: 7.478 | Acc: 32.484,44.678,59.382,68.712,77.924,83.127,84.166,84.415,%
Batch: 780 | Loss: 7.478 | Acc: 32.612,44.814,59.449,68.707,77.823,83.111,84.187,84.430,%
Batch: 800 | Loss: 7.488 | Acc: 32.584,44.644,59.526,68.702,77.815,83.021,84.107,84.370,%
Batch: 820 | Loss: 7.474 | Acc: 32.521,44.677,59.501,68.770,77.917,83.143,84.227,84.507,%
Batch: 840 | Loss: 7.481 | Acc: 32.354,44.590,59.417,68.668,77.943,83.175,84.221,84.507,%
Batch: 860 | Loss: 7.502 | Acc: 32.358,44.634,59.501,68.711,77.921,83.089,84.123,84.437,%
Batch: 880 | Loss: 7.511 | Acc: 32.327,44.574,59.364,68.627,77.889,83.076,84.098,84.415,%
Batch: 900 | Loss: 7.508 | Acc: 32.431,44.428,59.390,68.635,77.858,83.063,84.095,84.406,%
Batch: 920 | Loss: 7.487 | Acc: 32.421,44.473,59.501,68.664,77.872,83.127,84.191,84.506,%
Batch: 940 | Loss: 7.484 | Acc: 32.476,44.506,59.522,68.629,77.790,83.124,84.230,84.527,%
Batch: 960 | Loss: 7.468 | Acc: 32.477,44.485,59.667,68.762,77.846,83.195,84.318,84.610,%
Batch: 980 | Loss: 7.478 | Acc: 32.467,44.465,59.562,68.614,77.768,83.140,84.251,84.587,%

Epoch: 9
Batch: 0 | Loss: 6.402 | Acc: 36.719,46.094,64.062,75.781,88.281,89.844,90.625,89.062,%
Batch: 20 | Loss: 6.557 | Acc: 35.751,48.661,62.872,74.665,83.557,87.500,88.318,88.542,%
Batch: 40 | Loss: 6.653 | Acc: 34.642,47.980,62.405,74.143,83.041,87.252,88.357,88.243,%
Batch: 60 | Loss: 6.655 | Acc: 35.272,48.476,62.679,74.155,83.133,87.077,88.051,88.051,%
Batch: 80 | Loss: 6.620 | Acc: 35.455,48.495,62.924,74.373,83.488,87.220,88.137,88.146,%
Batch: 100 | Loss: 6.633 | Acc: 35.350,48.623,63.057,74.126,83.308,87.067,87.933,87.925,%
Batch: 120 | Loss: 6.636 | Acc: 35.492,48.599,63.075,74.225,83.329,87.067,87.849,87.855,%
Batch: 140 | Loss: 6.631 | Acc: 35.660,48.681,63.215,74.285,83.206,87.046,87.771,87.838,%
Batch: 160 | Loss: 6.641 | Acc: 35.942,48.835,63.335,74.175,83.041,86.874,87.597,87.665,%
Batch: 180 | Loss: 6.630 | Acc: 35.843,48.800,63.303,74.219,83.093,86.874,87.608,87.664,%
Batch: 200 | Loss: 6.643 | Acc: 35.906,48.698,63.340,74.157,83.019,86.765,87.516,87.578,%
Batch: 220 | Loss: 6.630 | Acc: 36.075,48.759,63.409,74.300,83.113,86.821,87.603,87.606,%
Batch: 240 | Loss: 6.631 | Acc: 36.223,48.791,63.440,74.222,83.013,86.787,87.600,87.597,%
Batch: 260 | Loss: 6.627 | Acc: 36.237,48.884,63.488,74.297,83.076,86.815,87.617,87.602,%
Batch: 280 | Loss: 6.624 | Acc: 36.252,48.932,63.440,74.269,83.057,86.799,87.614,87.581,%
Batch: 300 | Loss: 6.621 | Acc: 36.218,48.923,63.484,74.258,83.111,86.823,87.630,87.609,%
Batch: 320 | Loss: 6.623 | Acc: 36.283,48.876,63.474,74.263,83.105,86.772,87.590,87.583,%
Batch: 340 | Loss: 6.618 | Acc: 36.320,48.942,63.556,74.324,83.181,86.826,87.615,87.603,%
Batch: 360 | Loss: 6.615 | Acc: 36.375,48.966,63.573,74.307,83.159,86.823,87.597,87.593,%
Batch: 380 | Loss: 6.613 | Acc: 36.380,48.866,63.568,74.340,83.212,86.832,87.588,87.592,%
Batch: 0 | Loss: 5.856 | Acc: 60.000,60.000,60.000,70.000,70.000,70.000,80.000,80.000,%
Batch: 20 | Loss: 6.804 | Acc: 30.952,44.762,58.095,70.952,80.000,84.762,88.095,88.095,%
Batch: 40 | Loss: 6.794 | Acc: 33.415,45.122,61.220,72.195,80.244,84.634,86.585,86.829,%
Batch: 60 | Loss: 6.622 | Acc: 34.754,46.393,61.148,71.967,80.820,86.393,87.705,87.705,%
Batch: 80 | Loss: 6.790 | Acc: 33.580,46.543,61.111,71.605,80.494,85.926,86.914,87.037,%
Batch: 100 | Loss: 6.917 | Acc: 34.158,46.535,61.584,71.188,80.000,85.545,86.040,85.941,%
Batch: 120 | Loss: 6.958 | Acc: 33.967,46.777,61.074,71.653,80.413,85.289,86.198,86.116,%
Batch: 140 | Loss: 6.881 | Acc: 34.468,46.738,61.489,72.057,80.638,85.603,86.383,86.312,%
Batch: 160 | Loss: 6.892 | Acc: 34.161,46.832,61.801,72.112,80.994,85.528,86.335,86.149,%
Batch: 180 | Loss: 6.863 | Acc: 34.475,47.293,62.155,72.320,81.050,85.470,86.354,86.298,%
Batch: 200 | Loss: 6.898 | Acc: 35.124,47.214,62.239,72.388,81.095,85.075,85.821,85.622,%
Batch: 220 | Loss: 6.928 | Acc: 35.339,47.647,61.900,72.353,80.814,84.977,85.566,85.520,%
Batch: 240 | Loss: 6.973 | Acc: 35.145,47.842,61.950,72.158,80.373,84.896,85.519,85.477,%
Batch: 260 | Loss: 7.025 | Acc: 35.096,47.548,61.839,72.069,80.192,84.751,85.441,85.364,%
Batch: 280 | Loss: 7.008 | Acc: 34.769,47.438,61.637,72.064,80.534,84.911,85.658,85.409,%
Batch: 300 | Loss: 6.973 | Acc: 34.518,47.874,62.259,72.525,80.997,85.083,85.814,85.648,%
Batch: 320 | Loss: 6.984 | Acc: 34.673,48.131,62.430,72.461,80.997,84.953,85.763,85.607,%
Batch: 340 | Loss: 6.982 | Acc: 34.692,48.240,62.522,72.405,80.850,84.897,85.689,85.543,%
Batch: 360 | Loss: 7.012 | Acc: 34.792,48.283,62.438,72.188,80.693,84.765,85.651,85.568,%
Batch: 380 | Loss: 7.016 | Acc: 34.646,48.058,62.415,72.100,80.604,84.646,85.564,85.512,%
Batch: 400 | Loss: 7.019 | Acc: 34.638,48.329,62.469,72.219,80.549,84.589,85.436,85.436,%
Batch: 420 | Loss: 7.032 | Acc: 34.798,48.242,62.565,72.257,80.428,84.489,85.368,85.344,%
Batch: 440 | Loss: 6.995 | Acc: 34.943,48.390,62.744,72.426,80.499,84.626,85.465,85.465,%
Batch: 460 | Loss: 6.980 | Acc: 34.837,48.265,62.755,72.538,80.672,84.816,85.640,85.618,%
Batch: 480 | Loss: 6.971 | Acc: 35.010,48.378,62.973,72.640,80.790,84.844,85.696,85.696,%
Batch: 500 | Loss: 6.961 | Acc: 35.050,48.483,62.914,72.655,80.778,84.930,85.788,85.768,%
Batch: 520 | Loss: 6.959 | Acc: 35.202,48.445,63.013,72.630,80.691,84.798,85.662,85.720,%
Batch: 540 | Loss: 6.957 | Acc: 35.102,48.152,62.828,72.699,80.739,84.824,85.656,85.730,%
Batch: 560 | Loss: 6.983 | Acc: 35.062,48.182,62.923,72.620,80.731,84.813,85.651,85.668,%
Batch: 580 | Loss: 6.973 | Acc: 35.095,48.158,63.133,72.685,80.895,84.871,85.680,85.697,%
Batch: 600 | Loss: 6.995 | Acc: 35.208,48.053,63.062,72.612,80.832,84.825,85.591,85.557,%
Batch: 620 | Loss: 7.000 | Acc: 34.976,47.971,62.915,72.464,80.789,84.767,85.491,85.459,%
Batch: 640 | Loss: 6.985 | Acc: 35.101,48.034,62.871,72.527,80.842,84.914,85.569,85.538,%
Batch: 660 | Loss: 6.995 | Acc: 34.977,47.927,62.708,72.466,80.817,84.902,85.567,85.552,%
Batch: 680 | Loss: 7.000 | Acc: 35.022,47.856,62.687,72.438,80.822,84.890,85.580,85.580,%
Batch: 700 | Loss: 7.023 | Acc: 35.021,47.732,62.582,72.311,80.642,84.693,85.392,85.364,%
Batch: 720 | Loss: 6.998 | Acc: 35.035,47.781,62.746,72.510,80.818,84.827,85.479,85.423,%
Batch: 740 | Loss: 6.987 | Acc: 35.169,47.773,62.767,72.605,80.823,84.845,85.479,85.412,%
Batch: 760 | Loss: 6.979 | Acc: 35.256,47.819,62.799,72.746,80.920,84.901,85.493,85.427,%
Batch: 780 | Loss: 6.976 | Acc: 35.403,47.849,62.830,72.727,80.871,84.853,85.493,85.455,%
Batch: 800 | Loss: 6.976 | Acc: 35.306,47.803,62.846,72.759,80.936,84.919,85.593,85.543,%
Batch: 820 | Loss: 6.964 | Acc: 35.359,47.881,62.948,72.826,80.987,84.957,85.639,85.566,%
Batch: 840 | Loss: 6.971 | Acc: 35.363,47.753,62.866,72.723,80.975,84.935,85.612,85.565,%
Batch: 860 | Loss: 6.985 | Acc: 35.436,47.921,62.962,72.741,80.964,84.890,85.610,85.540,%
Batch: 880 | Loss: 6.988 | Acc: 35.471,48.002,62.826,72.622,80.897,84.801,85.505,85.426,%
Batch: 900 | Loss: 6.979 | Acc: 35.516,48.058,62.808,72.619,80.977,84.861,85.572,85.494,%
Batch: 920 | Loss: 6.966 | Acc: 35.537,48.046,63.008,72.747,80.999,84.908,85.613,85.527,%
Batch: 940 | Loss: 6.966 | Acc: 35.600,48.140,62.986,72.742,80.956,84.867,85.590,85.515,%
Batch: 960 | Loss: 6.967 | Acc: 35.567,48.210,62.976,72.778,80.999,84.839,85.567,85.505,%
Batch: 980 | Loss: 6.965 | Acc: 35.525,48.247,62.936,72.742,80.968,84.801,85.556,85.505,%

Epoch: 10
Batch: 0 | Loss: 6.717 | Acc: 34.375,46.875,64.062,81.250,81.250,88.281,88.281,89.844,%
Batch: 20 | Loss: 6.422 | Acc: 37.835,50.037,64.621,75.223,84.338,88.058,88.728,89.286,%
Batch: 40 | Loss: 6.395 | Acc: 38.243,50.476,63.872,74.829,83.918,87.900,88.662,89.196,%
Batch: 60 | Loss: 6.372 | Acc: 37.859,50.346,64.088,75.038,84.093,88.076,88.653,89.178,%
Batch: 80 | Loss: 6.356 | Acc: 38.175,50.453,64.545,75.154,84.172,88.088,88.725,89.130,%
Batch: 100 | Loss: 6.376 | Acc: 37.987,50.402,64.674,75.333,84.182,88.134,88.676,88.970,%
Batch: 120 | Loss: 6.387 | Acc: 37.849,50.258,64.502,75.362,84.233,88.107,88.682,88.940,%
Batch: 140 | Loss: 6.402 | Acc: 37.650,50.089,64.439,75.194,84.192,88.015,88.625,88.824,%
Batch: 160 | Loss: 6.397 | Acc: 37.432,50.082,64.591,75.194,84.268,88.082,88.703,88.859,%
Batch: 180 | Loss: 6.398 | Acc: 37.470,50.095,64.555,75.268,84.297,88.065,88.678,88.773,%
Batch: 200 | Loss: 6.404 | Acc: 37.434,50.031,64.455,75.330,84.266,87.963,88.522,88.650,%
Batch: 220 | Loss: 6.425 | Acc: 37.207,49.767,64.285,75.230,84.177,87.868,88.426,88.561,%
Batch: 240 | Loss: 6.420 | Acc: 37.137,49.682,64.396,75.350,84.226,87.834,88.437,88.557,%
Batch: 260 | Loss: 6.422 | Acc: 37.189,49.665,64.371,75.329,84.153,87.736,88.377,88.494,%
Batch: 280 | Loss: 6.426 | Acc: 37.283,49.783,64.432,75.300,84.105,87.722,88.312,88.426,%
Batch: 300 | Loss: 6.415 | Acc: 37.391,49.953,64.483,75.327,84.082,87.731,88.341,88.447,%
Batch: 320 | Loss: 6.409 | Acc: 37.390,50.007,64.498,75.346,84.112,87.756,88.369,88.488,%
Batch: 340 | Loss: 6.405 | Acc: 37.434,50.064,64.528,75.401,84.134,87.741,88.384,88.485,%
Batch: 360 | Loss: 6.407 | Acc: 37.364,50.035,64.500,75.400,84.137,87.736,88.366,88.452,%
Batch: 380 | Loss: 6.413 | Acc: 37.272,49.969,64.434,75.328,84.121,87.736,88.386,88.476,%
Batch: 0 | Loss: 6.132 | Acc: 50.000,30.000,50.000,60.000,80.000,100.000,100.000,100.000,%
Batch: 20 | Loss: 6.498 | Acc: 34.762,43.333,59.048,66.667,84.762,91.429,91.905,92.381,%
Batch: 40 | Loss: 6.631 | Acc: 36.341,45.854,60.244,70.488,82.927,88.293,89.024,89.268,%
Batch: 60 | Loss: 6.680 | Acc: 34.754,43.770,60.328,71.148,82.459,88.361,88.689,89.016,%
Batch: 80 | Loss: 6.968 | Acc: 34.815,44.815,59.383,70.000,80.247,87.037,87.037,87.654,%
Batch: 100 | Loss: 7.033 | Acc: 35.347,45.446,59.307,70.000,80.198,86.040,86.337,86.634,%
Batch: 120 | Loss: 7.149 | Acc: 35.537,44.876,59.091,69.504,80.165,85.785,86.033,86.446,%
Batch: 140 | Loss: 7.107 | Acc: 35.319,44.752,59.220,69.433,80.284,85.674,86.170,86.596,%
Batch: 160 | Loss: 7.100 | Acc: 35.342,44.658,59.503,69.938,80.559,86.025,86.335,86.770,%
Batch: 180 | Loss: 7.091 | Acc: 35.746,45.414,59.724,70.055,80.718,85.967,86.298,86.630,%
Batch: 200 | Loss: 7.125 | Acc: 35.821,46.020,60.050,70.149,80.796,85.771,86.219,86.567,%
Batch: 220 | Loss: 7.155 | Acc: 35.430,45.882,60.000,70.271,80.769,85.520,85.837,86.154,%
Batch: 240 | Loss: 7.187 | Acc: 35.187,45.643,59.585,70.124,80.581,85.477,85.685,86.017,%
Batch: 260 | Loss: 7.215 | Acc: 35.709,46.130,59.770,70.192,80.421,85.364,85.747,85.939,%
Batch: 280 | Loss: 7.207 | Acc: 35.552,45.801,59.644,70.463,80.676,85.552,85.836,85.979,%
Batch: 300 | Loss: 7.159 | Acc: 35.415,45.880,60.133,70.930,81.229,85.847,86.113,86.279,%
Batch: 320 | Loss: 7.150 | Acc: 35.576,45.981,60.031,70.966,81.153,85.732,86.012,86.137,%
Batch: 340 | Loss: 7.147 | Acc: 35.601,46.129,59.765,70.762,81.202,85.777,86.100,86.217,%
Batch: 360 | Loss: 7.153 | Acc: 35.568,46.094,59.723,70.803,81.219,85.817,86.039,86.177,%
Batch: 380 | Loss: 7.161 | Acc: 35.459,45.984,59.528,70.604,81.050,85.827,86.089,86.247,%
Batch: 400 | Loss: 7.141 | Acc: 35.337,46.160,59.751,70.973,81.347,85.935,86.284,86.384,%
Batch: 420 | Loss: 7.170 | Acc: 35.226,46.342,59.786,71.021,81.306,85.796,86.176,86.318,%
Batch: 440 | Loss: 7.133 | Acc: 35.374,46.621,60.045,71.111,81.383,85.873,86.236,86.372,%
Batch: 460 | Loss: 7.120 | Acc: 35.423,46.616,60.065,70.954,81.410,85.879,86.204,86.334,%
Batch: 480 | Loss: 7.125 | Acc: 35.343,46.466,60.000,71.102,81.414,85.842,86.216,86.299,%
Batch: 500 | Loss: 7.137 | Acc: 35.289,46.327,60.040,71.098,81.397,85.768,86.148,86.228,%
Batch: 520 | Loss: 7.127 | Acc: 35.163,46.219,59.885,71.113,81.516,85.835,86.238,86.296,%
Batch: 540 | Loss: 7.124 | Acc: 35.194,45.989,59.741,71.146,81.571,85.823,86.303,86.377,%
Batch: 560 | Loss: 7.166 | Acc: 35.169,45.936,59.626,71.070,81.390,85.704,86.221,86.346,%
Batch: 580 | Loss: 7.157 | Acc: 35.336,46.059,59.656,71.222,81.497,85.663,86.145,86.265,%
Batch: 600 | Loss: 7.174 | Acc: 35.391,46.023,59.484,71.148,81.364,85.607,86.073,86.290,%
Batch: 620 | Loss: 7.177 | Acc: 35.233,45.862,59.275,71.014,81.385,85.604,85.990,86.216,%
Batch: 640 | Loss: 7.171 | Acc: 35.289,45.803,59.142,70.983,81.404,85.663,86.084,86.303,%
Batch: 660 | Loss: 7.167 | Acc: 35.356,45.794,59.153,70.877,81.377,85.719,86.097,86.278,%
Batch: 680 | Loss: 7.162 | Acc: 35.404,45.712,59.104,70.852,81.366,85.698,86.109,86.256,%
Batch: 700 | Loss: 7.186 | Acc: 35.421,45.592,58.987,70.785,81.198,85.578,85.991,86.134,%
Batch: 720 | Loss: 7.178 | Acc: 35.423,45.534,59.154,70.888,81.262,85.576,85.992,86.130,%
Batch: 740 | Loss: 7.152 | Acc: 35.385,45.493,59.204,70.999,81.336,85.641,86.073,86.181,%
Batch: 760 | Loss: 7.142 | Acc: 35.414,45.519,59.198,71.078,81.445,85.769,86.124,86.216,%
Batch: 780 | Loss: 7.137 | Acc: 35.519,45.595,59.232,71.076,81.357,85.698,86.056,86.184,%
Batch: 800 | Loss: 7.141 | Acc: 35.393,45.431,59.276,71.074,81.311,85.693,86.067,86.180,%
Batch: 820 | Loss: 7.126 | Acc: 35.493,45.493,59.294,71.084,81.389,85.725,86.127,86.261,%
Batch: 840 | Loss: 7.130 | Acc: 35.398,45.375,59.203,71.058,81.403,85.719,86.040,86.207,%
Batch: 860 | Loss: 7.156 | Acc: 35.412,45.401,59.141,71.034,81.301,85.563,85.889,86.051,%
Batch: 880 | Loss: 7.168 | Acc: 35.403,45.380,59.012,70.942,81.260,85.505,85.846,86.039,%
Batch: 900 | Loss: 7.166 | Acc: 35.505,45.294,59.023,70.988,81.199,85.483,85.860,86.093,%
Batch: 920 | Loss: 7.140 | Acc: 35.570,45.429,59.197,71.129,81.281,85.548,85.939,86.156,%
Batch: 940 | Loss: 7.140 | Acc: 35.579,45.558,59.214,71.073,81.201,85.484,85.877,86.111,%
Batch: 960 | Loss: 7.129 | Acc: 35.557,45.640,59.313,71.145,81.280,85.536,85.869,86.087,%
Batch: 980 | Loss: 7.126 | Acc: 35.535,45.596,59.286,71.091,81.274,85.566,85.912,86.126,%

Epoch: 11
Batch: 0 | Loss: 5.962 | Acc: 35.156,44.531,64.844,76.562,85.156,91.406,91.406,91.406,%
Batch: 20 | Loss: 6.261 | Acc: 36.830,50.595,65.365,76.302,84.970,89.100,89.435,89.249,%
Batch: 40 | Loss: 6.220 | Acc: 37.729,50.534,65.492,76.296,85.042,88.967,89.806,89.558,%
Batch: 60 | Loss: 6.205 | Acc: 37.654,50.179,65.382,76.268,85.182,89.127,89.972,89.831,%
Batch: 80 | Loss: 6.180 | Acc: 38.069,50.579,65.326,76.389,85.282,89.034,89.931,89.815,%
Batch: 100 | Loss: 6.159 | Acc: 38.459,50.619,65.401,76.570,85.365,89.124,89.991,89.929,%
Batch: 120 | Loss: 6.205 | Acc: 38.171,50.194,65.005,76.156,85.234,89.108,89.986,89.947,%
Batch: 140 | Loss: 6.202 | Acc: 38.109,50.377,65.148,76.247,85.295,89.096,89.921,89.877,%
Batch: 160 | Loss: 6.207 | Acc: 38.141,50.456,65.038,76.038,85.214,89.038,89.834,89.805,%
Batch: 180 | Loss: 6.215 | Acc: 38.100,50.406,64.960,75.893,85.096,88.942,89.658,89.697,%
Batch: 200 | Loss: 6.226 | Acc: 38.013,50.431,65.116,75.855,85.016,88.810,89.525,89.576,%
Batch: 220 | Loss: 6.211 | Acc: 38.101,50.587,65.289,76.145,85.142,88.896,89.618,89.663,%
Batch: 240 | Loss: 6.221 | Acc: 37.977,50.464,65.239,76.112,85.134,88.836,89.578,89.659,%
Batch: 260 | Loss: 6.238 | Acc: 37.805,50.347,65.131,76.087,85.093,88.757,89.526,89.607,%
Batch: 280 | Loss: 6.255 | Acc: 37.603,50.389,65.205,76.062,84.995,88.612,89.382,89.471,%
Batch: 300 | Loss: 6.265 | Acc: 37.474,50.293,65.116,75.953,84.943,88.590,89.322,89.421,%
Batch: 320 | Loss: 6.259 | Acc: 37.476,50.209,65.102,76.042,84.947,88.598,89.320,89.435,%
Batch: 340 | Loss: 6.254 | Acc: 37.427,50.163,65.057,76.040,84.939,88.625,89.381,89.457,%
Batch: 360 | Loss: 6.269 | Acc: 37.435,50.080,64.987,76.026,84.877,88.578,89.340,89.409,%
Batch: 380 | Loss: 6.269 | Acc: 37.510,50.176,65.080,76.048,84.894,88.521,89.300,89.378,%
Batch: 0 | Loss: 4.857 | Acc: 40.000,40.000,60.000,70.000,90.000,90.000,100.000,100.000,%
Batch: 20 | Loss: 6.767 | Acc: 34.286,42.381,59.524,73.810,85.714,87.619,89.048,89.048,%
Batch: 40 | Loss: 7.268 | Acc: 36.341,42.439,57.805,71.220,80.732,82.439,84.634,84.634,%
Batch: 60 | Loss: 7.015 | Acc: 36.393,41.967,59.344,71.803,82.295,84.590,86.393,86.393,%
Batch: 80 | Loss: 7.345 | Acc: 35.309,41.481,58.765,70.741,80.370,83.704,85.432,85.309,%
Batch: 100 | Loss: 7.387 | Acc: 34.950,41.683,58.614,70.891,80.396,83.069,84.752,84.752,%
Batch: 120 | Loss: 7.356 | Acc: 34.463,41.653,58.760,70.909,80.496,83.306,85.372,85.207,%
Batch: 140 | Loss: 7.239 | Acc: 35.035,41.986,59.574,71.773,81.135,84.113,85.816,85.745,%
Batch: 160 | Loss: 7.269 | Acc: 34.720,41.739,59.627,71.677,80.994,84.224,85.839,85.714,%
Batch: 180 | Loss: 7.245 | Acc: 35.359,42.431,60.442,72.099,80.773,84.309,85.414,85.193,%
Batch: 200 | Loss: 7.286 | Acc: 35.572,42.587,60.697,72.388,80.746,84.179,85.174,84.975,%
Batch: 220 | Loss: 7.274 | Acc: 35.249,42.896,60.679,72.217,80.769,84.299,85.249,84.932,%
Batch: 240 | Loss: 7.313 | Acc: 35.187,42.863,60.705,72.116,80.581,84.025,84.896,84.647,%
Batch: 260 | Loss: 7.364 | Acc: 35.441,43.218,60.345,71.877,80.383,83.755,84.674,84.444,%
Batch: 280 | Loss: 7.359 | Acc: 35.302,43.096,60.285,71.957,80.285,83.879,84.911,84.591,%
Batch: 300 | Loss: 7.331 | Acc: 35.050,42.924,60.432,72.193,80.532,84.053,85.050,84.651,%
Batch: 320 | Loss: 7.348 | Acc: 35.171,42.897,60.280,71.838,80.436,84.081,84.922,84.611,%
Batch: 340 | Loss: 7.339 | Acc: 35.073,43.226,60.117,71.672,80.352,84.135,85.132,84.809,%
Batch: 360 | Loss: 7.367 | Acc: 35.208,43.296,60.111,71.413,80.139,84.044,85.069,84.820,%
Batch: 380 | Loss: 7.382 | Acc: 34.724,42.913,59.895,71.102,80.079,84.016,85.013,84.724,%
Batch: 400 | Loss: 7.361 | Acc: 34.688,43.042,60.100,71.272,80.200,83.990,85.062,84.863,%
Batch: 420 | Loss: 7.360 | Acc: 34.703,43.183,60.214,71.283,80.261,84.014,85.036,84.822,%
Batch: 440 | Loss: 7.305 | Acc: 34.943,43.379,60.544,71.361,80.363,84.218,85.261,85.057,%
Batch: 460 | Loss: 7.289 | Acc: 34.989,43.145,60.586,71.518,80.282,84.121,85.228,85.076,%
Batch: 480 | Loss: 7.298 | Acc: 34.990,43.285,60.811,71.705,80.312,84.075,85.218,85.094,%
Batch: 500 | Loss: 7.276 | Acc: 35.030,43.493,60.918,71.677,80.359,84.112,85.289,85.130,%
Batch: 520 | Loss: 7.276 | Acc: 35.067,43.397,60.921,71.785,80.461,84.146,85.240,85.010,%
Batch: 540 | Loss: 7.261 | Acc: 35.065,43.179,60.850,71.738,80.573,84.270,85.360,85.102,%
Batch: 560 | Loss: 7.286 | Acc: 35.062,43.137,60.713,71.818,80.606,84.207,85.312,85.169,%
Batch: 580 | Loss: 7.263 | Acc: 35.284,43.236,60.929,71.893,80.654,84.165,85.370,85.232,%
Batch: 600 | Loss: 7.287 | Acc: 35.275,43.245,60.899,71.864,80.616,84.210,85.358,85.158,%
Batch: 620 | Loss: 7.288 | Acc: 35.089,43.124,60.837,71.804,80.531,84.251,85.330,85.137,%
Batch: 640 | Loss: 7.272 | Acc: 35.039,43.073,60.749,71.903,80.608,84.337,85.460,85.242,%
Batch: 660 | Loss: 7.274 | Acc: 35.113,43.041,60.756,71.831,80.575,84.357,85.431,85.204,%
Batch: 680 | Loss: 7.265 | Acc: 35.081,42.966,60.808,71.924,80.617,84.391,85.463,85.286,%
Batch: 700 | Loss: 7.276 | Acc: 35.078,42.867,60.713,71.812,80.442,84.237,85.378,85.207,%
Batch: 720 | Loss: 7.260 | Acc: 35.257,42.940,60.971,71.969,80.499,84.286,85.395,85.201,%
Batch: 740 | Loss: 7.235 | Acc: 35.398,42.942,61.093,72.132,80.567,84.359,85.466,85.250,%
Batch: 760 | Loss: 7.225 | Acc: 35.348,43.049,61.038,72.208,80.644,84.428,85.532,85.322,%
Batch: 780 | Loss: 7.223 | Acc: 35.442,43.150,61.088,72.177,80.576,84.379,85.493,85.314,%
Batch: 800 | Loss: 7.220 | Acc: 35.281,43.034,60.949,72.135,80.624,84.407,85.518,85.356,%
Batch: 820 | Loss: 7.210 | Acc: 35.335,43.045,60.877,72.107,80.646,84.470,85.518,85.347,%
Batch: 840 | Loss: 7.219 | Acc: 35.279,42.985,60.749,72.093,80.606,84.411,85.410,85.256,%
Batch: 860 | Loss: 7.239 | Acc: 35.354,42.962,60.778,72.114,80.581,84.286,85.250,85.110,%
Batch: 880 | Loss: 7.248 | Acc: 35.323,42.883,60.533,72.054,80.533,84.245,85.255,85.096,%
Batch: 900 | Loss: 7.245 | Acc: 35.394,42.919,60.533,72.098,80.588,84.251,85.250,85.128,%
Batch: 920 | Loss: 7.237 | Acc: 35.364,42.877,60.521,72.096,80.565,84.278,85.266,85.157,%
Batch: 940 | Loss: 7.233 | Acc: 35.367,42.944,60.563,72.083,80.531,84.230,85.250,85.122,%
Batch: 960 | Loss: 7.227 | Acc: 35.307,42.945,60.614,72.133,80.552,84.246,85.245,85.120,%
Batch: 980 | Loss: 7.215 | Acc: 35.291,42.926,60.652,72.110,80.561,84.292,85.250,85.158,%

Epoch: 12
Batch: 0 | Loss: 5.441 | Acc: 46.094,63.281,74.219,85.156,90.625,92.969,93.750,95.312,%
Batch: 20 | Loss: 6.227 | Acc: 38.728,52.232,64.732,76.116,84.673,88.914,89.881,89.993,%
Batch: 40 | Loss: 6.224 | Acc: 38.034,50.419,64.367,76.162,84.870,89.005,89.691,89.825,%
Batch: 60 | Loss: 6.133 | Acc: 38.192,50.423,65.510,76.716,85.566,89.460,90.177,90.190,%
Traceback (most recent call last):
  File "main.py", line 229, in <module>
    main_cifar(args)
  File "main.py", line 220, in main_cifar
    train(epoch)
  File "main.py", line 108, in train
    outputs = model(inputs)
  File "/usr/local/lib/python3.6/dist-packages/torch/nn/modules/module.py", line 541, in __call__
    result = self.forward(*input, **kwargs)
  File "/usr/local/lib/python3.6/dist-packages/torch/nn/parallel/data_parallel.py", line 150, in forward
    return self.module(*inputs[0], **kwargs[0])
  File "/usr/local/lib/python3.6/dist-packages/torch/nn/modules/module.py", line 541, in __call__
    result = self.forward(*input, **kwargs)
  File "/content/PCN-with-Local-Recurrent-Processing/modelC.py", line 108, in forward
    res.append(self.classifiers[i](x, res[i-1]))
  File "/usr/local/lib/python3.6/dist-packages/torch/nn/modules/module.py", line 541, in __call__
    result = self.forward(*input, **kwargs)
  File "/content/PCN-with-Local-Recurrent-Processing/modelC.py", line 55, in forward
    b0 = F.relu(self.b0[0] + 1.0).expand_as(rep)
  File "/usr/local/lib/python3.6/dist-packages/torch/nn/functional.py", line 914, in relu
    result = torch.relu(input)
KeyboardInterrupt
