
Training Setting: batch_size=128 | epoch=0 | lr=1.0e-02 | circles=5 
Training: Epoch=0 | Loss: 15.893 |  Acc: 19.548,21.858,21.926,21.176,20.576,21.152,21.078,21.148,% 
Testing: Epoch=0 | Loss: 17.310 |  Acc: 23.600,24.300,17.430,17.790,18.010,21.680,21.240,19.610,% 

Training Setting: batch_size=128 | epoch=1 | lr=1.0e-02 | circles=5 
Training: Epoch=1 | Loss: 14.935 |  Acc: 22.934,27.404,26.626,25.698,25.846,28.558,28.578,28.632,% 
Testing: Epoch=1 | Loss: 17.545 |  Acc: 25.410,28.930,22.160,17.670,15.890,15.630,16.580,16.250,% 

Training Setting: batch_size=128 | epoch=2 | lr=1.0e-02 | circles=5 
Training: Epoch=2 | Loss: 14.104 |  Acc: 26.432,31.266,30.534,30.970,32.318,35.534,35.758,35.988,% 
Testing: Epoch=2 | Loss: 14.145 |  Acc: 24.680,32.890,31.130,32.750,32.140,37.940,37.330,35.850,% 

Training Setting: batch_size=128 | epoch=3 | lr=1.0e-02 | circles=5 
Training: Epoch=3 | Loss: 13.421 |  Acc: 29.344,34.694,34.082,35.214,36.450,40.740,40.890,41.018,% 
Testing: Epoch=3 | Loss: 14.411 |  Acc: 29.270,32.100,33.130,33.210,29.110,33.410,33.930,33.820,% 

Training Setting: batch_size=128 | epoch=4 | lr=1.0e-02 | circles=5 
Training: Epoch=4 | Loss: 12.868 |  Acc: 31.290,37.054,36.826,38.184,39.554,44.188,44.734,44.566,% 
Testing: Epoch=4 | Loss: 15.655 |  Acc: 32.270,36.560,28.020,30.950,28.800,34.050,35.160,34.120,% 

Training Setting: batch_size=128 | epoch=5 | lr=1.0e-02 | circles=5 
Training: Epoch=5 | Loss: 12.359 |  Acc: 32.080,38.776,38.782,40.828,42.394,48.096,48.374,48.216,% 
Testing: Epoch=5 | Loss: 14.841 |  Acc: 32.000,27.190,29.200,38.140,31.900,39.860,40.570,40.230,% 

Training Setting: batch_size=128 | epoch=6 | lr=1.0e-02 | circles=5 
Training: Epoch=6 | Loss: 11.961 |  Acc: 32.538,40.120,40.078,42.420,43.938,50.712,51.092,51.094,% 
Testing: Epoch=6 | Loss: 14.846 |  Acc: 33.110,33.740,36.410,32.730,29.880,38.560,39.100,38.790,% 

Training Setting: batch_size=128 | epoch=7 | lr=1.0e-02 | circles=5 
Training: Epoch=7 | Loss: 11.594 |  Acc: 33.630,41.896,41.784,43.798,45.880,53.576,54.346,54.428,% 
Testing: Epoch=7 | Loss: 15.492 |  Acc: 32.880,24.630,28.460,31.340,33.340,40.020,40.470,39.650,% 

Training Setting: batch_size=128 | epoch=8 | lr=1.0e-02 | circles=5 
Training: Epoch=8 | Loss: 11.197 |  Acc: 34.314,43.224,43.254,45.478,47.622,56.488,57.318,57.524,% 
Testing: Epoch=8 | Loss: 14.230 |  Acc: 29.960,34.360,35.320,37.750,39.920,47.260,49.590,49.750,% 

Training Setting: batch_size=128 | epoch=9 | lr=1.0e-02 | circles=5 
Training: Epoch=9 | Loss: 10.746 |  Acc: 34.848,45.200,45.070,47.442,50.416,60.024,60.782,60.762,% 
Testing: Epoch=9 | Loss: 11.769 |  Acc: 35.070,37.820,37.070,44.630,47.920,56.420,55.670,55.530,% 

Training Setting: batch_size=128 | epoch=10 | lr=1.0e-02 | circles=5 
Training: Epoch=10 | Loss: 10.336 |  Acc: 35.398,47.402,47.266,49.196,52.592,62.964,63.662,63.626,% 
Testing: Epoch=10 | Loss: 11.777 |  Acc: 36.280,36.570,43.030,46.170,46.050,58.780,59.930,59.860,% 

Training Setting: batch_size=128 | epoch=11 | lr=1.0e-02 | circles=5 


==> Preparing data..
Files already downloaded and verified
Files already downloaded and verified
==> Building model..
Tied: False

Epoch: 0
Batch: 0 | Loss: 18.625 | Acc: 14.062,7.031,10.938,11.719,14.844,4.688,12.500,7.031,%
Batch: 20 | Loss: 17.570 | Acc: 17.485,16.257,17.708,17.411,17.969,18.824,19.568,19.345,%
Batch: 40 | Loss: 17.211 | Acc: 16.711,17.073,19.169,18.674,19.531,20.160,19.893,19.855,%
Batch: 60 | Loss: 17.066 | Acc: 17.111,16.970,18.712,18.929,19.736,19.711,19.211,19.314,%
Batch: 80 | Loss: 16.886 | Acc: 18.046,17.699,18.875,19.367,20.120,19.985,19.136,19.541,%
Batch: 100 | Loss: 16.770 | Acc: 18.023,17.806,18.796,19.175,19.740,19.678,18.943,19.346,%
Batch: 120 | Loss: 16.660 | Acc: 17.788,17.949,18.853,19.338,19.570,19.538,18.879,19.215,%
Batch: 140 | Loss: 16.544 | Acc: 17.803,18.196,19.033,19.481,19.620,19.620,19.033,19.337,%
Batch: 160 | Loss: 16.461 | Acc: 17.983,18.566,19.235,19.657,19.541,19.585,19.119,19.366,%
Batch: 180 | Loss: 16.373 | Acc: 18.305,19.056,19.622,19.751,19.691,19.605,19.328,19.600,%
Batch: 200 | Loss: 16.300 | Acc: 18.486,19.465,19.994,19.869,19.788,19.737,19.415,19.757,%
Batch: 220 | Loss: 16.238 | Acc: 18.665,19.846,20.270,19.998,19.789,19.800,19.510,19.807,%
Batch: 240 | Loss: 16.184 | Acc: 18.773,20.202,20.526,20.212,19.917,20.034,19.765,20.024,%
Batch: 260 | Loss: 16.142 | Acc: 18.822,20.405,20.654,20.286,19.950,20.151,19.932,20.133,%
Batch: 280 | Loss: 16.106 | Acc: 18.858,20.624,20.882,20.471,20.076,20.290,20.082,20.310,%
Batch: 300 | Loss: 16.068 | Acc: 18.950,20.938,21.086,20.528,20.120,20.380,20.224,20.385,%
Batch: 320 | Loss: 16.027 | Acc: 19.100,21.164,21.264,20.639,20.222,20.546,20.390,20.517,%
Batch: 340 | Loss: 15.988 | Acc: 19.220,21.364,21.410,20.762,20.274,20.700,20.658,20.778,%
Batch: 360 | Loss: 15.947 | Acc: 19.423,21.561,21.591,20.955,20.453,20.914,20.789,20.929,%
Batch: 380 | Loss: 15.906 | Acc: 19.480,21.795,21.828,21.104,20.542,21.047,20.963,21.059,%
Batch: 0 | Loss: 15.590 | Acc: 60.000,40.000,20.000,30.000,20.000,10.000,10.000,10.000,%
Batch: 20 | Loss: 16.844 | Acc: 29.048,24.762,16.667,16.667,15.714,20.476,16.667,12.857,%
Batch: 40 | Loss: 16.840 | Acc: 27.317,23.659,16.829,15.366,17.073,20.244,18.780,17.073,%
Batch: 60 | Loss: 16.977 | Acc: 25.574,23.279,16.066,15.738,16.393,22.295,20.000,17.869,%
Batch: 80 | Loss: 17.172 | Acc: 23.951,22.469,16.049,16.049,17.037,22.346,20.370,18.395,%
Batch: 100 | Loss: 17.116 | Acc: 23.861,22.970,16.634,16.436,17.624,22.376,20.891,18.812,%
Batch: 120 | Loss: 17.297 | Acc: 23.802,23.388,17.025,16.942,18.099,22.314,20.909,18.926,%
Batch: 140 | Loss: 17.389 | Acc: 23.972,23.262,17.163,17.305,18.085,21.986,20.426,18.652,%
Batch: 160 | Loss: 17.432 | Acc: 23.727,23.416,17.391,17.205,18.137,22.112,20.497,18.509,%
Batch: 180 | Loss: 17.397 | Acc: 23.923,24.254,17.845,17.735,18.453,22.376,20.718,18.895,%
Batch: 200 | Loss: 17.450 | Acc: 23.682,24.428,17.711,17.662,18.308,22.388,20.547,18.955,%
Batch: 220 | Loss: 17.449 | Acc: 23.801,24.344,17.692,17.466,18.100,22.172,20.226,18.824,%
Batch: 240 | Loss: 17.388 | Acc: 23.734,24.564,17.842,17.718,18.216,22.158,20.373,18.838,%
Batch: 260 | Loss: 17.420 | Acc: 23.755,24.291,17.433,17.241,17.969,21.418,19.808,18.544,%
Batch: 280 | Loss: 17.424 | Acc: 23.915,24.199,17.544,17.224,18.007,21.459,20.285,18.612,%
Batch: 300 | Loss: 17.417 | Acc: 23.621,24.286,17.608,17.409,18.106,21.362,20.465,18.771,%
Batch: 320 | Loss: 17.354 | Acc: 23.676,24.579,17.757,17.445,18.318,21.495,20.810,18.847,%
Batch: 340 | Loss: 17.385 | Acc: 23.372,24.457,17.566,17.449,18.035,21.525,20.792,18.710,%
Batch: 360 | Loss: 17.416 | Acc: 23.518,24.321,17.562,17.368,18.033,21.413,20.748,18.670,%
Batch: 380 | Loss: 17.420 | Acc: 23.386,24.357,17.612,17.375,18.005,21.365,20.709,18.530,%
Batch: 400 | Loss: 17.435 | Acc: 23.242,24.414,17.506,17.282,17.805,21.147,20.474,18.379,%
Batch: 420 | Loss: 17.465 | Acc: 23.183,24.299,17.482,17.340,17.910,21.093,20.546,18.527,%
Batch: 440 | Loss: 17.457 | Acc: 23.175,24.422,17.687,17.438,17.959,21.247,20.635,18.526,%
Batch: 460 | Loss: 17.405 | Acc: 23.037,24.295,17.657,17.484,17.983,21.128,20.738,18.785,%
Batch: 480 | Loss: 17.407 | Acc: 22.848,24.137,17.588,17.526,17.859,21.164,20.686,18.815,%
Batch: 500 | Loss: 17.379 | Acc: 22.914,24.291,17.725,17.824,18.124,21.138,20.758,18.942,%
Batch: 520 | Loss: 17.395 | Acc: 23.013,24.146,17.658,17.793,18.100,21.132,20.749,18.944,%
Batch: 540 | Loss: 17.400 | Acc: 23.013,24.085,17.652,17.800,18.189,21.183,20.906,19.002,%
Batch: 560 | Loss: 17.435 | Acc: 22.906,24.171,17.594,17.790,18.164,21.355,21.052,19.073,%
Batch: 580 | Loss: 17.435 | Acc: 22.978,24.079,17.504,17.659,18.176,21.463,21.084,19.139,%
Batch: 600 | Loss: 17.460 | Acc: 22.928,24.027,17.338,17.504,18.070,21.514,21.015,19.035,%
Batch: 620 | Loss: 17.431 | Acc: 22.931,24.187,17.504,17.665,18.084,21.659,21.111,19.114,%
Batch: 640 | Loss: 17.437 | Acc: 23.027,24.165,17.410,17.535,17.941,21.576,21.061,19.095,%
Batch: 660 | Loss: 17.430 | Acc: 23.116,24.221,17.443,17.564,17.927,21.528,21.044,19.138,%
Batch: 680 | Loss: 17.406 | Acc: 23.054,24.273,17.460,17.592,17.885,21.454,21.057,19.148,%
Batch: 700 | Loss: 17.400 | Acc: 23.096,24.265,17.461,17.660,17.917,21.455,20.999,19.173,%
Batch: 720 | Loss: 17.423 | Acc: 23.245,24.216,17.476,17.614,17.850,21.401,21.110,19.307,%
Batch: 740 | Loss: 17.414 | Acc: 23.198,24.332,17.557,17.800,17.922,21.511,21.255,19.352,%
Batch: 760 | Loss: 17.396 | Acc: 23.272,24.166,17.556,17.871,17.898,21.511,21.209,19.356,%
Batch: 780 | Loss: 17.394 | Acc: 23.329,24.085,17.439,17.798,17.887,21.549,21.268,19.373,%
Batch: 800 | Loss: 17.378 | Acc: 23.446,24.107,17.566,17.903,18.102,21.735,21.436,19.563,%
Batch: 820 | Loss: 17.360 | Acc: 23.484,24.227,17.552,17.881,18.124,21.669,21.364,19.525,%
Batch: 840 | Loss: 17.355 | Acc: 23.472,24.316,17.539,17.848,18.038,21.653,21.308,19.477,%
Batch: 860 | Loss: 17.355 | Acc: 23.519,24.390,17.642,17.956,18.107,21.638,21.254,19.443,%
Batch: 880 | Loss: 17.349 | Acc: 23.610,24.279,17.605,17.923,18.059,21.566,21.180,19.353,%
Batch: 900 | Loss: 17.345 | Acc: 23.718,24.273,17.558,17.858,18.047,21.565,21.154,19.401,%
Batch: 920 | Loss: 17.330 | Acc: 23.681,24.300,17.481,17.785,17.980,21.509,21.205,19.414,%
Batch: 940 | Loss: 17.335 | Acc: 23.603,24.187,17.418,17.779,17.991,21.573,21.169,19.416,%
Batch: 960 | Loss: 17.327 | Acc: 23.580,24.204,17.399,17.773,17.971,21.655,21.197,19.480,%
Batch: 980 | Loss: 17.316 | Acc: 23.568,24.230,17.380,17.757,17.951,21.692,21.172,19.460,%

Epoch: 1
Batch: 0 | Loss: 15.276 | Acc: 19.531,28.906,25.000,23.438,23.438,28.125,31.250,29.688,%
Batch: 20 | Loss: 15.245 | Acc: 21.094,26.376,26.153,24.144,24.405,25.744,26.079,25.967,%
Batch: 40 | Loss: 15.232 | Acc: 21.704,26.391,25.819,23.761,23.114,25.000,25.629,25.534,%
Batch: 60 | Loss: 15.175 | Acc: 22.567,26.473,25.653,24.270,23.412,25.231,25.807,25.743,%
Batch: 80 | Loss: 15.202 | Acc: 22.029,26.360,25.801,24.142,23.534,25.598,26.090,25.791,%
Batch: 100 | Loss: 15.185 | Acc: 21.968,26.547,25.673,24.087,23.453,25.797,25.959,25.890,%
Batch: 120 | Loss: 15.160 | Acc: 22.107,26.692,25.781,24.128,23.547,25.910,26.052,25.897,%
Batch: 140 | Loss: 15.165 | Acc: 21.858,26.612,25.798,24.241,23.692,26.092,26.158,25.970,%
Batch: 160 | Loss: 15.166 | Acc: 21.831,26.441,25.631,23.976,23.661,26.213,26.233,26.145,%
Batch: 180 | Loss: 15.127 | Acc: 22.030,26.610,25.669,24.266,23.873,26.468,26.532,26.377,%
Batch: 200 | Loss: 15.089 | Acc: 22.120,26.776,25.770,24.475,24.071,26.846,26.827,26.741,%
Batch: 220 | Loss: 15.074 | Acc: 22.267,26.909,25.951,24.639,24.162,26.951,26.934,26.884,%
Batch: 240 | Loss: 15.047 | Acc: 22.420,27.146,26.151,24.763,24.459,27.266,27.344,27.318,%
Batch: 260 | Loss: 15.047 | Acc: 22.465,26.961,26.063,24.826,24.734,27.410,27.487,27.493,%
Batch: 280 | Loss: 15.024 | Acc: 22.642,27.088,26.196,25.022,24.992,27.652,27.647,27.655,%
Batch: 300 | Loss: 15.010 | Acc: 22.641,27.035,26.210,25.119,25.161,27.824,27.692,27.749,%
Batch: 320 | Loss: 14.997 | Acc: 22.732,27.040,26.297,25.292,25.343,28.030,27.998,28.057,%
Batch: 340 | Loss: 14.987 | Acc: 22.762,27.076,26.290,25.351,25.435,28.132,28.114,28.189,%
Batch: 360 | Loss: 14.969 | Acc: 22.925,27.190,26.426,25.493,25.480,28.177,28.214,28.274,%
Batch: 380 | Loss: 14.952 | Acc: 22.974,27.368,26.587,25.646,25.728,28.410,28.449,28.490,%
Batch: 0 | Loss: 16.729 | Acc: 60.000,30.000,10.000,10.000,10.000,10.000,20.000,10.000,%
Batch: 20 | Loss: 17.010 | Acc: 30.476,29.524,23.810,18.571,16.190,14.286,15.714,15.238,%
Batch: 40 | Loss: 17.037 | Acc: 29.756,31.951,23.902,18.293,16.829,16.585,16.341,17.561,%
Batch: 60 | Loss: 17.182 | Acc: 27.377,31.475,23.443,19.016,17.377,17.049,16.721,17.377,%
Batch: 80 | Loss: 17.307 | Acc: 26.790,30.000,21.481,17.160,15.679,15.432,16.543,16.543,%
Batch: 100 | Loss: 17.339 | Acc: 26.535,29.703,21.386,17.129,15.347,15.347,17.129,16.634,%
Batch: 120 | Loss: 17.463 | Acc: 26.116,28.926,21.157,16.777,15.372,15.289,17.107,16.612,%
Batch: 140 | Loss: 17.555 | Acc: 26.383,29.078,21.560,16.667,15.035,14.965,16.383,16.028,%
Batch: 160 | Loss: 17.618 | Acc: 26.025,28.199,21.366,16.087,14.472,14.658,16.025,15.590,%
Batch: 180 | Loss: 17.518 | Acc: 26.298,28.895,22.044,16.851,15.138,14.972,16.630,16.022,%
Batch: 200 | Loss: 17.535 | Acc: 26.468,29.154,22.338,16.716,14.975,14.925,16.418,16.020,%
Batch: 220 | Loss: 17.502 | Acc: 26.471,29.140,22.670,17.059,15.158,15.068,16.471,16.063,%
Batch: 240 | Loss: 17.483 | Acc: 26.266,29.170,22.905,17.261,15.436,15.353,16.473,16.224,%
Batch: 260 | Loss: 17.490 | Acc: 26.782,28.927,22.682,17.011,15.134,15.134,16.207,16.130,%
Batch: 280 | Loss: 17.485 | Acc: 26.477,29.039,22.598,16.940,15.196,15.445,16.441,16.299,%
Batch: 300 | Loss: 17.500 | Acc: 26.412,28.937,22.757,17.110,15.382,15.548,16.412,16.312,%
Batch: 320 | Loss: 17.507 | Acc: 26.760,28.879,22.648,17.103,15.358,15.483,16.386,16.168,%
Batch: 340 | Loss: 17.523 | Acc: 26.481,28.827,22.522,16.950,15.308,15.337,16.246,15.982,%
Batch: 360 | Loss: 17.523 | Acc: 26.371,28.643,22.299,17.008,15.291,15.429,16.316,16.066,%
Batch: 380 | Loss: 17.549 | Acc: 26.089,28.688,22.336,16.982,15.197,15.249,16.220,15.958,%
Batch: 400 | Loss: 17.566 | Acc: 26.085,28.554,22.344,16.758,14.988,15.112,16.135,15.835,%
Batch: 420 | Loss: 17.574 | Acc: 25.914,28.504,22.304,16.841,15.036,15.154,16.081,15.867,%
Batch: 440 | Loss: 17.569 | Acc: 25.941,28.594,22.517,16.848,15.102,15.147,16.032,15.850,%
Batch: 460 | Loss: 17.550 | Acc: 26.009,28.460,22.516,16.833,15.184,15.228,16.377,15.944,%
Batch: 480 | Loss: 17.580 | Acc: 25.967,28.462,22.308,16.881,15.177,15.177,16.341,15.863,%
Batch: 500 | Loss: 17.593 | Acc: 25.908,28.403,22.196,17.026,15.250,15.170,16.267,15.848,%
Batch: 520 | Loss: 17.607 | Acc: 25.931,28.388,22.188,16.987,15.259,15.221,16.219,15.816,%
Batch: 540 | Loss: 17.621 | Acc: 25.749,28.392,22.033,17.061,15.360,15.323,16.359,15.915,%
Batch: 560 | Loss: 17.622 | Acc: 25.722,28.556,21.961,17.023,15.348,15.294,16.435,15.936,%
Batch: 580 | Loss: 17.595 | Acc: 25.680,28.606,21.945,17.143,15.387,15.284,16.351,15.886,%
Batch: 600 | Loss: 17.580 | Acc: 25.557,28.686,21.980,17.205,15.308,15.191,16.240,15.774,%
Batch: 620 | Loss: 17.570 | Acc: 25.427,28.647,22.190,17.391,15.539,15.427,16.345,16.006,%
Batch: 640 | Loss: 17.549 | Acc: 25.476,28.705,22.231,17.473,15.632,15.523,16.334,16.037,%
Batch: 660 | Loss: 17.559 | Acc: 25.446,28.548,22.118,17.504,15.628,15.522,16.324,16.067,%
Batch: 680 | Loss: 17.545 | Acc: 25.272,28.488,22.070,17.577,15.698,15.609,16.446,16.153,%
Batch: 700 | Loss: 17.546 | Acc: 25.378,28.488,21.969,17.603,15.706,15.592,16.448,16.134,%
Batch: 720 | Loss: 17.543 | Acc: 25.409,28.558,22.011,17.698,15.784,15.645,16.394,16.117,%
Batch: 740 | Loss: 17.529 | Acc: 25.277,28.502,22.038,17.706,15.776,15.601,16.329,16.046,%
Batch: 760 | Loss: 17.544 | Acc: 25.204,28.476,21.984,17.714,15.756,15.545,16.268,15.979,%
Batch: 780 | Loss: 17.532 | Acc: 25.314,28.656,22.074,17.772,15.826,15.608,16.312,16.095,%
Batch: 800 | Loss: 17.552 | Acc: 25.281,28.614,22.047,17.715,15.818,15.605,16.454,16.192,%
Batch: 820 | Loss: 17.543 | Acc: 25.311,28.624,22.180,17.734,15.822,15.603,16.480,16.188,%
Batch: 840 | Loss: 17.540 | Acc: 25.386,28.585,22.200,17.681,15.755,15.541,16.433,16.136,%
Batch: 860 | Loss: 17.558 | Acc: 25.412,28.548,22.079,17.654,15.714,15.494,16.365,16.121,%
Batch: 880 | Loss: 17.558 | Acc: 25.494,28.570,22.043,17.582,15.675,15.403,16.356,16.050,%
Batch: 900 | Loss: 17.551 | Acc: 25.605,28.546,22.064,17.580,15.727,15.483,16.459,16.127,%
Batch: 920 | Loss: 17.545 | Acc: 25.548,28.643,22.096,17.590,15.733,15.483,16.471,16.135,%
Batch: 940 | Loss: 17.552 | Acc: 25.473,28.778,22.104,17.556,15.675,15.430,16.429,16.079,%
Batch: 960 | Loss: 17.556 | Acc: 25.505,28.855,22.123,17.555,15.713,15.473,16.493,16.108,%
Batch: 980 | Loss: 17.562 | Acc: 25.464,28.930,22.141,17.543,15.739,15.494,16.463,16.116,%

Epoch: 2
Batch: 0 | Loss: 14.574 | Acc: 25.000,30.469,28.125,32.031,32.031,32.812,37.500,35.938,%
Batch: 20 | Loss: 14.374 | Acc: 25.000,31.399,30.655,29.613,30.655,34.412,34.189,34.375,%
Batch: 40 | Loss: 14.469 | Acc: 24.562,29.611,28.659,28.582,29.535,33.060,32.355,32.565,%
Batch: 60 | Loss: 14.470 | Acc: 23.988,29.150,28.804,28.496,29.495,32.889,32.864,32.928,%
Batch: 80 | Loss: 14.408 | Acc: 24.431,29.389,28.954,28.993,29.958,33.044,33.295,33.372,%
Batch: 100 | Loss: 14.349 | Acc: 24.652,29.765,29.154,29.316,30.260,33.315,33.710,33.787,%
Batch: 120 | Loss: 14.344 | Acc: 24.832,30.049,29.268,29.319,30.546,33.645,33.981,33.975,%
Batch: 140 | Loss: 14.334 | Acc: 24.961,30.208,29.488,29.621,30.790,33.865,34.164,34.192,%
Batch: 160 | Loss: 14.322 | Acc: 25.184,30.527,29.780,29.848,31.148,33.967,34.220,34.259,%
Batch: 180 | Loss: 14.317 | Acc: 25.306,30.555,29.908,29.934,31.280,34.038,34.228,34.263,%
Batch: 200 | Loss: 14.302 | Acc: 25.490,30.527,29.859,29.925,31.223,33.928,34.083,34.130,%
Batch: 220 | Loss: 14.287 | Acc: 25.562,30.642,29.871,29.974,31.328,33.990,34.195,34.304,%
Batch: 240 | Loss: 14.265 | Acc: 25.668,30.679,29.837,29.992,31.425,34.174,34.352,34.547,%
Batch: 260 | Loss: 14.241 | Acc: 25.829,30.666,29.933,30.131,31.513,34.375,34.537,34.755,%
Batch: 280 | Loss: 14.222 | Acc: 25.848,30.697,30.041,30.302,31.681,34.606,34.748,34.987,%
Batch: 300 | Loss: 14.198 | Acc: 26.004,30.887,30.199,30.479,31.852,34.803,34.886,35.164,%
Batch: 320 | Loss: 14.171 | Acc: 26.085,30.958,30.218,30.537,31.987,34.981,35.088,35.383,%
Batch: 340 | Loss: 14.153 | Acc: 26.203,30.980,30.285,30.643,32.056,35.149,35.255,35.587,%
Batch: 360 | Loss: 14.139 | Acc: 26.268,31.066,30.345,30.733,32.098,35.245,35.405,35.678,%
Batch: 380 | Loss: 14.112 | Acc: 26.351,31.211,30.491,30.867,32.240,35.456,35.679,35.925,%
Batch: 0 | Loss: 10.553 | Acc: 30.000,30.000,50.000,50.000,40.000,40.000,50.000,50.000,%
Batch: 20 | Loss: 14.443 | Acc: 27.143,30.952,30.000,28.571,35.238,40.000,36.667,37.143,%
Batch: 40 | Loss: 13.992 | Acc: 27.805,33.171,32.195,31.463,34.878,41.707,39.024,40.488,%
Batch: 60 | Loss: 13.937 | Acc: 28.361,32.295,32.787,32.295,35.902,40.492,38.852,39.344,%
Batch: 80 | Loss: 14.087 | Acc: 26.790,31.481,30.864,30.988,33.580,39.630,38.519,38.395,%
Batch: 100 | Loss: 14.124 | Acc: 26.139,31.782,30.495,31.485,32.871,39.307,38.515,37.921,%
Batch: 120 | Loss: 14.123 | Acc: 26.777,32.066,31.157,32.066,32.066,39.339,38.678,37.521,%
Batch: 140 | Loss: 14.068 | Acc: 27.163,32.695,31.702,32.340,32.553,39.433,38.511,37.447,%
Batch: 160 | Loss: 14.073 | Acc: 26.584,32.422,30.932,31.925,31.677,39.193,38.385,37.081,%
Batch: 180 | Loss: 13.958 | Acc: 26.630,33.204,31.436,32.818,32.155,40.000,38.895,37.790,%
Batch: 200 | Loss: 13.967 | Acc: 27.065,32.786,31.891,32.985,32.786,40.050,38.955,37.562,%
Batch: 220 | Loss: 14.030 | Acc: 27.104,33.122,32.308,33.077,32.896,39.638,38.416,37.149,%
Batch: 240 | Loss: 14.060 | Acc: 26.473,32.988,31.867,32.988,32.780,39.502,38.050,36.805,%
Batch: 260 | Loss: 14.052 | Acc: 26.705,32.835,31.877,33.180,32.720,39.425,37.931,36.858,%
Batch: 280 | Loss: 14.072 | Acc: 26.263,32.776,31.815,33.274,32.527,39.217,37.865,36.584,%
Batch: 300 | Loss: 14.108 | Acc: 25.781,32.658,31.761,33.223,32.226,39.003,37.475,36.213,%
Batch: 320 | Loss: 14.078 | Acc: 25.794,32.928,31.558,33.302,32.025,39.221,37.695,36.480,%
Batch: 340 | Loss: 14.121 | Acc: 25.630,32.757,31.202,33.079,31.760,39.150,37.801,36.569,%
Batch: 360 | Loss: 14.117 | Acc: 25.734,32.825,31.357,33.380,31.856,39.086,37.867,36.482,%
Batch: 380 | Loss: 14.127 | Acc: 25.459,32.546,31.076,33.123,31.759,38.819,37.848,36.457,%
Batch: 400 | Loss: 14.124 | Acc: 25.611,32.693,30.948,33.167,31.995,39.002,38.105,36.658,%
Batch: 420 | Loss: 14.156 | Acc: 25.511,32.589,30.713,32.969,31.900,38.812,37.981,36.485,%
Batch: 440 | Loss: 14.135 | Acc: 25.578,32.812,31.043,33.107,32.109,39.161,38.367,36.848,%
Batch: 460 | Loss: 14.161 | Acc: 25.228,32.733,30.868,32.842,31.909,39.002,38.178,36.573,%
Batch: 480 | Loss: 14.131 | Acc: 25.343,32.744,30.915,32.973,31.892,39.044,38.191,36.590,%
Batch: 500 | Loss: 14.132 | Acc: 25.230,32.735,30.699,32.774,31.936,38.822,38.044,36.467,%
Batch: 520 | Loss: 14.130 | Acc: 25.202,32.821,30.749,32.764,31.900,38.772,38.023,36.526,%
Batch: 540 | Loss: 14.142 | Acc: 25.176,32.828,30.758,32.828,31.830,38.706,37.874,36.359,%
Batch: 560 | Loss: 14.135 | Acc: 25.348,33.084,30.963,32.959,32.050,38.841,38.004,36.435,%
Batch: 580 | Loss: 14.120 | Acc: 25.353,33.064,30.998,33.046,32.151,39.088,38.279,36.644,%
Batch: 600 | Loss: 14.105 | Acc: 25.408,33.012,31.048,33.078,32.180,38.985,38.203,36.622,%
Batch: 620 | Loss: 14.111 | Acc: 25.121,32.866,30.950,33.011,32.142,38.841,38.052,36.441,%
Batch: 640 | Loss: 14.108 | Acc: 25.148,32.839,31.030,33.136,32.262,38.768,37.988,36.427,%
Batch: 660 | Loss: 14.124 | Acc: 25.098,32.708,30.908,33.056,32.239,38.608,37.791,36.218,%
Batch: 680 | Loss: 14.130 | Acc: 25.066,32.614,30.896,33.025,32.173,38.517,37.606,36.050,%
Batch: 700 | Loss: 14.137 | Acc: 25.036,32.611,30.785,32.910,32.140,38.474,37.546,36.006,%
Batch: 720 | Loss: 14.132 | Acc: 24.868,32.746,30.777,32.899,32.191,38.530,37.462,35.936,%
Batch: 740 | Loss: 14.117 | Acc: 24.804,32.686,30.729,32.821,32.173,38.489,37.395,35.857,%
Batch: 760 | Loss: 14.119 | Acc: 24.836,32.654,30.775,32.852,32.208,38.489,37.464,35.926,%
Batch: 780 | Loss: 14.118 | Acc: 24.776,32.663,30.845,32.804,32.190,38.399,37.401,35.915,%
Batch: 800 | Loss: 14.137 | Acc: 24.682,32.784,30.799,32.784,32.097,38.240,37.278,35.818,%
Batch: 820 | Loss: 14.149 | Acc: 24.555,32.777,30.865,32.814,32.071,38.295,37.345,35.871,%
Batch: 840 | Loss: 14.154 | Acc: 24.590,32.866,30.927,32.878,32.117,38.240,37.325,35.850,%
Batch: 860 | Loss: 14.163 | Acc: 24.599,32.834,30.836,32.822,32.114,38.142,37.305,35.784,%
Batch: 880 | Loss: 14.162 | Acc: 24.574,32.838,30.863,32.770,32.077,38.070,37.299,35.789,%
Batch: 900 | Loss: 14.154 | Acc: 24.695,32.819,30.977,32.808,32.109,38.124,37.425,35.860,%
Batch: 920 | Loss: 14.158 | Acc: 24.636,32.780,31.010,32.801,32.128,38.143,37.481,35.896,%
Batch: 940 | Loss: 14.150 | Acc: 24.708,32.774,31.063,32.827,32.232,38.215,37.524,35.994,%
Batch: 960 | Loss: 14.150 | Acc: 24.807,32.893,31.134,32.851,32.216,38.158,37.492,35.963,%
Batch: 980 | Loss: 14.148 | Acc: 24.771,32.946,31.182,32.803,32.181,38.043,37.411,35.923,%

Epoch: 3
Batch: 0 | Loss: 14.116 | Acc: 24.219,28.906,27.344,28.125,24.219,35.156,38.281,35.156,%
Batch: 20 | Loss: 13.701 | Acc: 28.162,34.152,33.817,34.301,35.342,39.174,39.658,39.769,%
Batch: 40 | Loss: 13.613 | Acc: 28.563,34.223,34.242,34.623,35.461,39.329,39.977,40.339,%
Batch: 60 | Loss: 13.628 | Acc: 28.804,33.696,33.517,34.016,35.220,39.319,39.524,39.613,%
Batch: 80 | Loss: 13.621 | Acc: 29.003,33.777,33.459,34.095,35.137,39.448,39.477,39.670,%
Batch: 100 | Loss: 13.589 | Acc: 28.999,33.981,33.671,34.259,35.295,39.496,39.488,39.728,%
Batch: 120 | Loss: 13.544 | Acc: 29.261,34.188,34.013,34.446,35.699,39.631,39.792,39.966,%
Batch: 140 | Loss: 13.527 | Acc: 29.305,34.292,33.871,34.397,35.721,39.761,39.866,40.021,%
Batch: 160 | Loss: 13.527 | Acc: 29.299,34.409,33.802,34.516,35.637,39.786,39.931,40.067,%
Batch: 180 | Loss: 13.505 | Acc: 29.157,34.435,33.797,34.729,35.821,40.103,40.180,40.224,%
Batch: 200 | Loss: 13.518 | Acc: 29.178,34.453,33.761,34.682,35.798,39.976,40.034,40.135,%
Batch: 220 | Loss: 13.494 | Acc: 29.327,34.523,33.944,34.859,36.015,40.165,40.303,40.325,%
Batch: 240 | Loss: 13.490 | Acc: 29.331,34.557,33.837,34.829,36.015,40.165,40.294,40.294,%
Batch: 260 | Loss: 13.497 | Acc: 29.140,34.420,33.770,34.752,35.866,40.107,40.257,40.257,%
Batch: 280 | Loss: 13.485 | Acc: 29.212,34.400,33.761,34.789,35.946,40.225,40.350,40.364,%
Batch: 300 | Loss: 13.487 | Acc: 29.285,34.461,33.814,34.868,36.034,40.259,40.402,40.420,%
Batch: 320 | Loss: 13.473 | Acc: 29.354,34.470,33.793,34.918,36.054,40.345,40.506,40.542,%
Batch: 340 | Loss: 13.467 | Acc: 29.332,34.400,33.795,34.932,36.118,40.478,40.609,40.675,%
Batch: 360 | Loss: 13.452 | Acc: 29.309,34.559,33.921,35.044,36.299,40.610,40.716,40.813,%
Batch: 380 | Loss: 13.429 | Acc: 29.357,34.674,34.067,35.199,36.407,40.730,40.881,41.004,%
Batch: 0 | Loss: 14.225 | Acc: 30.000,20.000,20.000,20.000,30.000,30.000,20.000,30.000,%
Batch: 20 | Loss: 14.491 | Acc: 27.143,31.429,35.238,34.286,26.667,32.381,34.286,33.810,%
Batch: 40 | Loss: 14.040 | Acc: 28.293,32.195,34.634,36.585,31.707,35.122,35.610,35.610,%
Batch: 60 | Loss: 14.093 | Acc: 28.361,33.443,34.262,36.393,32.623,36.066,36.230,35.902,%
Batch: 80 | Loss: 14.314 | Acc: 27.778,32.222,33.333,34.198,30.741,33.827,34.198,34.321,%
Batch: 100 | Loss: 14.316 | Acc: 27.228,31.782,32.475,34.158,30.891,34.158,34.158,34.356,%
Batch: 120 | Loss: 14.395 | Acc: 27.107,31.322,31.653,33.802,30.000,33.636,34.298,34.711,%
Batch: 140 | Loss: 14.416 | Acc: 27.447,31.631,32.340,33.901,29.787,32.979,33.546,34.113,%
Batch: 160 | Loss: 14.410 | Acc: 27.950,31.180,32.484,32.981,28.944,32.981,33.478,34.224,%
Batch: 180 | Loss: 14.297 | Acc: 28.895,32.155,33.646,33.923,29.779,33.812,34.475,34.972,%
Batch: 200 | Loss: 14.364 | Acc: 28.905,31.891,33.731,33.930,29.403,33.980,34.229,34.677,%
Batch: 220 | Loss: 14.331 | Acc: 28.597,32.398,33.891,34.208,29.412,34.027,34.163,34.480,%
Batch: 240 | Loss: 14.331 | Acc: 28.672,32.448,33.983,34.191,29.046,33.693,33.900,34.191,%
Batch: 260 | Loss: 14.372 | Acc: 28.851,32.337,33.908,33.908,28.774,33.793,33.831,34.023,%
Batch: 280 | Loss: 14.414 | Acc: 29.039,32.384,33.879,33.772,28.790,33.559,33.808,34.021,%
Batch: 300 | Loss: 14.410 | Acc: 29.070,32.558,34.086,33.555,28.904,33.688,34.153,34.252,%
Batch: 320 | Loss: 14.356 | Acc: 29.346,32.648,34.143,33.801,29.128,33.801,34.393,34.455,%
Batch: 340 | Loss: 14.387 | Acc: 29.326,32.463,34.076,33.754,28.827,33.636,34.164,34.311,%
Batch: 360 | Loss: 14.409 | Acc: 29.391,32.299,34.072,33.629,28.837,33.380,34.127,34.349,%
Batch: 380 | Loss: 14.427 | Acc: 29.265,32.231,33.990,33.622,28.766,33.360,33.885,34.173,%
Batch: 400 | Loss: 14.424 | Acc: 29.127,32.070,33.840,33.791,28.678,33.267,33.815,34.015,%
Batch: 420 | Loss: 14.426 | Acc: 29.050,32.067,33.848,33.563,28.741,33.325,33.967,34.252,%
Batch: 440 | Loss: 14.427 | Acc: 29.184,32.132,33.900,33.628,28.798,33.379,33.991,34.263,%
Batch: 460 | Loss: 14.423 | Acc: 29.002,32.039,33.861,33.731,28.829,33.449,34.013,34.360,%
Batch: 480 | Loss: 14.435 | Acc: 28.919,32.058,33.846,33.659,28.773,33.430,33.992,34.241,%
Batch: 500 | Loss: 14.433 | Acc: 28.902,31.936,33.752,33.713,28.842,33.553,34.092,34.311,%
Batch: 520 | Loss: 14.441 | Acc: 28.868,32.054,33.685,33.570,28.810,33.512,33.992,34.146,%
Batch: 540 | Loss: 14.456 | Acc: 28.872,31.885,33.420,33.364,28.743,33.364,33.863,34.030,%
Batch: 560 | Loss: 14.461 | Acc: 28.913,31.925,33.458,33.333,28.734,33.351,33.743,33.868,%
Batch: 580 | Loss: 14.437 | Acc: 29.036,31.997,33.528,33.373,28.830,33.408,33.787,33.855,%
Batch: 600 | Loss: 14.423 | Acc: 29.035,32.097,33.544,33.378,28.918,33.344,33.710,33.727,%
Batch: 620 | Loss: 14.410 | Acc: 29.098,32.158,33.510,33.510,28.986,33.333,33.752,33.768,%
Batch: 640 | Loss: 14.398 | Acc: 29.017,32.168,33.479,33.510,29.048,33.448,33.869,33.760,%
Batch: 660 | Loss: 14.427 | Acc: 29.107,32.012,33.162,33.313,28.926,33.253,33.676,33.646,%
Batch: 680 | Loss: 14.426 | Acc: 29.001,31.997,33.113,33.216,28.913,33.275,33.700,33.730,%
Batch: 700 | Loss: 14.428 | Acc: 29.116,31.954,33.053,33.181,28.830,33.124,33.581,33.495,%
Batch: 720 | Loss: 14.413 | Acc: 29.209,32.080,33.148,33.232,28.960,33.245,33.634,33.509,%
Batch: 740 | Loss: 14.391 | Acc: 29.231,32.065,33.212,33.279,29.042,33.293,33.684,33.576,%
Batch: 760 | Loss: 14.400 | Acc: 29.093,31.997,33.101,33.338,29.014,33.193,33.522,33.430,%
Batch: 780 | Loss: 14.385 | Acc: 29.117,32.087,33.111,33.239,29.168,33.367,33.649,33.521,%
Batch: 800 | Loss: 14.399 | Acc: 29.126,32.010,32.996,33.258,29.126,33.271,33.633,33.546,%
Batch: 820 | Loss: 14.387 | Acc: 29.147,32.010,33.021,33.289,29.123,33.423,33.703,33.618,%
Batch: 840 | Loss: 14.395 | Acc: 29.180,32.069,33.092,33.317,29.037,33.317,33.686,33.627,%
Batch: 860 | Loss: 14.417 | Acc: 29.292,31.951,33.148,33.264,28.897,33.194,33.600,33.589,%
Batch: 880 | Loss: 14.421 | Acc: 29.296,31.850,33.099,33.133,28.944,33.190,33.655,33.632,%
Batch: 900 | Loss: 14.421 | Acc: 29.323,31.953,33.152,33.141,29.023,33.274,33.674,33.663,%
Batch: 920 | Loss: 14.416 | Acc: 29.305,31.987,33.181,33.127,29.034,33.301,33.746,33.779,%
Batch: 940 | Loss: 14.406 | Acc: 29.245,32.009,33.188,33.209,29.044,33.390,33.815,33.826,%
Batch: 960 | Loss: 14.415 | Acc: 29.282,32.040,33.215,33.153,29.084,33.465,33.881,33.850,%
Batch: 980 | Loss: 14.423 | Acc: 29.235,32.039,33.150,33.160,29.011,33.344,33.843,33.761,%

Epoch: 4
Batch: 0 | Loss: 11.985 | Acc: 33.594,41.406,40.625,44.531,47.656,44.531,47.656,47.656,%
Batch: 20 | Loss: 12.881 | Acc: 30.580,36.272,37.240,37.835,40.253,44.457,44.271,44.048,%
Batch: 40 | Loss: 12.928 | Acc: 30.412,35.766,36.300,37.881,39.920,43.807,44.036,43.864,%
Batch: 60 | Loss: 12.998 | Acc: 30.610,36.053,36.463,37.077,39.139,43.199,43.455,43.507,%
Batch: 80 | Loss: 13.034 | Acc: 30.729,35.995,36.159,36.960,38.706,42.718,43.133,43.171,%
Batch: 100 | Loss: 13.076 | Acc: 30.832,35.945,35.938,36.889,38.892,42.845,43.247,43.209,%
Batch: 120 | Loss: 13.078 | Acc: 30.876,35.763,35.789,36.835,38.798,42.891,43.356,43.272,%
Batch: 140 | Loss: 13.074 | Acc: 30.779,35.710,35.838,37.007,38.802,42.880,43.423,43.273,%
Batch: 160 | Loss: 13.023 | Acc: 30.964,35.904,36.001,37.233,39.019,43.163,43.677,43.503,%
Batch: 180 | Loss: 13.000 | Acc: 31.224,36.291,36.317,37.422,39.123,43.353,43.966,43.776,%
Batch: 200 | Loss: 12.986 | Acc: 31.328,36.350,36.404,37.624,39.202,43.571,44.135,43.983,%
Batch: 220 | Loss: 12.958 | Acc: 31.367,36.521,36.542,37.751,39.381,43.814,44.301,44.121,%
Batch: 240 | Loss: 12.960 | Acc: 31.315,36.537,36.550,37.766,39.338,43.815,44.304,44.152,%
Batch: 260 | Loss: 12.957 | Acc: 31.283,36.590,36.557,37.695,39.341,43.792,44.283,44.145,%
Batch: 280 | Loss: 12.941 | Acc: 31.278,36.691,36.610,37.803,39.393,43.870,44.370,44.217,%
Batch: 300 | Loss: 12.926 | Acc: 31.260,36.755,36.612,37.879,39.423,43.989,44.430,44.298,%
Batch: 320 | Loss: 12.905 | Acc: 31.372,36.860,36.687,37.906,39.459,44.198,44.641,44.514,%
Batch: 340 | Loss: 12.905 | Acc: 31.440,36.959,36.728,37.924,39.459,44.087,44.572,44.435,%
Batch: 360 | Loss: 12.892 | Acc: 31.456,36.976,36.753,38.028,39.480,44.120,44.629,44.477,%
Batch: 380 | Loss: 12.876 | Acc: 31.369,37.014,36.801,38.134,39.530,44.179,44.695,44.542,%
Batch: 0 | Loss: 17.298 | Acc: 10.000,40.000,30.000,30.000,30.000,30.000,20.000,20.000,%
Batch: 20 | Loss: 16.113 | Acc: 26.667,33.333,27.143,32.381,27.619,33.810,32.381,29.524,%
Batch: 40 | Loss: 15.874 | Acc: 30.244,34.634,27.561,31.463,29.268,35.122,33.902,30.244,%
Batch: 60 | Loss: 15.601 | Acc: 31.311,35.574,28.361,32.131,28.852,34.262,34.918,30.820,%
Batch: 80 | Loss: 15.703 | Acc: 30.988,35.679,28.025,32.222,28.148,34.074,34.938,31.975,%
Batch: 100 | Loss: 15.692 | Acc: 30.495,36.139,28.317,32.475,28.713,34.851,36.040,33.366,%
Batch: 120 | Loss: 15.797 | Acc: 30.496,36.198,28.017,32.149,28.843,34.050,35.289,32.810,%
Batch: 140 | Loss: 15.837 | Acc: 31.277,35.816,27.660,31.631,28.298,34.043,35.035,32.695,%
Batch: 160 | Loss: 15.795 | Acc: 31.739,36.522,28.137,31.801,28.571,33.975,35.217,33.230,%
Batch: 180 | Loss: 15.807 | Acc: 32.210,37.182,28.287,31.713,28.840,34.199,35.525,33.591,%
Batch: 200 | Loss: 15.843 | Acc: 32.388,37.065,28.010,31.542,28.358,33.731,35.224,33.433,%
Batch: 220 | Loss: 15.827 | Acc: 32.308,36.968,27.919,31.403,28.416,33.756,35.204,33.484,%
Batch: 240 | Loss: 15.768 | Acc: 31.950,36.846,27.967,31.411,28.589,33.693,35.187,33.610,%
Batch: 260 | Loss: 15.808 | Acc: 32.184,36.935,27.778,31.226,28.352,33.640,35.057,33.487,%
Batch: 280 | Loss: 15.798 | Acc: 32.064,36.868,27.722,31.174,28.149,33.701,34.982,33.523,%
Batch: 300 | Loss: 15.714 | Acc: 32.093,36.910,28.007,31.296,28.339,34.086,35.282,33.787,%
Batch: 320 | Loss: 15.593 | Acc: 32.305,36.885,27.944,31.277,28.474,34.112,35.483,34.174,%
Batch: 340 | Loss: 15.644 | Acc: 32.669,36.745,27.859,30.997,28.563,34.018,35.191,33.988,%
Batch: 360 | Loss: 15.668 | Acc: 32.659,36.565,27.978,30.886,28.532,34.044,35.180,34.017,%
Batch: 380 | Loss: 15.685 | Acc: 32.520,36.509,27.900,30.919,28.399,33.753,34.934,33.885,%
Batch: 400 | Loss: 15.676 | Acc: 32.219,36.434,28.030,30.998,28.653,34.015,35.037,34.015,%
Batch: 420 | Loss: 15.710 | Acc: 32.162,36.485,28.076,31.116,28.694,34.062,35.154,34.133,%
Batch: 440 | Loss: 15.698 | Acc: 32.426,36.508,28.005,31.088,28.617,34.104,35.351,34.263,%
Batch: 460 | Loss: 15.658 | Acc: 32.451,36.443,27.831,31.041,28.720,34.273,35.380,34.208,%
Batch: 480 | Loss: 15.645 | Acc: 32.516,36.549,27.859,31.019,28.898,34.387,35.405,34.262,%
Batch: 500 | Loss: 15.651 | Acc: 32.475,36.627,28.104,31.198,28.962,34.471,35.489,34.371,%
Batch: 520 | Loss: 15.680 | Acc: 32.438,36.641,28.004,31.056,28.810,34.415,35.336,34.261,%
Batch: 540 | Loss: 15.703 | Acc: 32.274,36.377,28.022,30.906,28.614,34.344,35.213,34.159,%
Batch: 560 | Loss: 15.723 | Acc: 32.264,36.399,28.039,30.945,28.556,34.171,34.991,33.993,%
Batch: 580 | Loss: 15.717 | Acc: 32.203,36.472,27.969,30.878,28.537,34.217,35.095,34.062,%
Batch: 600 | Loss: 15.743 | Acc: 32.097,36.339,27.737,30.682,28.419,34.160,35.042,33.977,%
Batch: 620 | Loss: 15.726 | Acc: 32.029,36.361,27.697,30.596,28.390,34.090,34.960,33.961,%
Batch: 640 | Loss: 15.734 | Acc: 31.981,36.318,27.707,30.608,28.378,33.994,34.852,33.931,%
Batch: 660 | Loss: 15.719 | Acc: 32.012,36.369,27.821,30.772,28.623,34.070,34.947,34.054,%
Batch: 680 | Loss: 15.715 | Acc: 31.968,36.285,27.783,30.764,28.678,34.023,34.890,34.009,%
Batch: 700 | Loss: 15.710 | Acc: 32.140,36.348,27.874,30.842,28.802,33.994,34.864,33.951,%
Batch: 720 | Loss: 15.717 | Acc: 32.080,36.463,27.864,30.888,28.766,33.994,34.993,34.008,%
Batch: 740 | Loss: 15.683 | Acc: 32.078,36.518,27.962,31.066,28.866,34.103,35.088,34.116,%
Batch: 760 | Loss: 15.677 | Acc: 32.063,36.570,28.042,31.078,28.909,34.047,35.072,34.113,%
Batch: 780 | Loss: 15.687 | Acc: 32.074,36.607,27.951,30.986,28.937,34.020,35.109,34.097,%
Batch: 800 | Loss: 15.669 | Acc: 32.135,36.667,27.965,31.036,29.001,34.107,35.181,34.145,%
Batch: 820 | Loss: 15.649 | Acc: 32.168,36.687,27.990,31.072,28.940,34.129,35.238,34.166,%
Batch: 840 | Loss: 15.625 | Acc: 32.259,36.694,28.062,31.082,28.882,34.197,35.268,34.174,%
Batch: 860 | Loss: 15.644 | Acc: 32.242,36.725,28.188,31.161,28.990,34.228,35.250,34.146,%
Batch: 880 | Loss: 15.641 | Acc: 32.236,36.697,28.116,31.146,28.933,34.177,35.187,34.041,%
Batch: 900 | Loss: 15.667 | Acc: 32.198,36.570,28.102,31.054,28.968,34.129,35.172,34.040,%
Batch: 920 | Loss: 15.663 | Acc: 32.226,36.623,28.111,31.086,28.882,34.104,35.136,34.050,%
Batch: 940 | Loss: 15.670 | Acc: 32.242,36.514,27.981,30.956,28.820,34.017,35.090,33.996,%
Batch: 960 | Loss: 15.645 | Acc: 32.331,36.566,27.971,31.009,28.845,34.100,35.224,34.142,%
Batch: 980 | Loss: 15.645 | Acc: 32.314,36.575,28.002,31.030,28.848,34.118,35.219,34.139,%

Epoch: 5
Batch: 0 | Loss: 12.672 | Acc: 32.031,38.281,36.719,32.812,35.156,42.969,44.531,45.312,%
Batch: 20 | Loss: 12.532 | Acc: 32.292,38.504,37.537,39.249,40.997,45.871,46.094,46.280,%
Batch: 40 | Loss: 12.387 | Acc: 32.698,38.796,38.072,40.454,42.130,47.313,47.580,47.523,%
Batch: 60 | Loss: 12.457 | Acc: 31.839,38.422,37.756,39.857,41.701,47.374,47.746,47.759,%
Batch: 80 | Loss: 12.505 | Acc: 32.060,38.455,37.915,39.959,41.686,47.242,47.531,47.560,%
Batch: 100 | Loss: 12.497 | Acc: 32.178,38.583,38.274,40.215,42.048,47.231,47.486,47.509,%
Batch: 120 | Loss: 12.436 | Acc: 32.206,38.585,38.565,40.593,42.426,47.592,47.779,47.734,%
Batch: 140 | Loss: 12.424 | Acc: 32.103,38.414,38.542,40.525,42.387,47.534,47.789,47.795,%
Batch: 160 | Loss: 12.429 | Acc: 31.881,38.174,38.378,40.455,42.163,47.452,47.744,47.666,%
Batch: 180 | Loss: 12.431 | Acc: 31.872,38.195,38.376,40.500,42.188,47.449,47.648,47.548,%
Batch: 200 | Loss: 12.416 | Acc: 32.020,38.289,38.437,40.668,42.312,47.637,47.882,47.722,%
Batch: 220 | Loss: 12.395 | Acc: 31.992,38.398,38.458,40.678,42.262,47.677,47.914,47.784,%
Batch: 240 | Loss: 12.395 | Acc: 31.979,38.356,38.366,40.631,42.207,47.705,47.909,47.750,%
Batch: 260 | Loss: 12.391 | Acc: 32.094,38.506,38.473,40.631,42.205,47.761,48.003,47.845,%
Batch: 280 | Loss: 12.380 | Acc: 32.092,38.618,38.590,40.703,42.260,47.881,48.126,47.957,%
Batch: 300 | Loss: 12.382 | Acc: 32.081,38.619,38.585,40.716,42.343,47.921,48.183,47.994,%
Batch: 320 | Loss: 12.381 | Acc: 32.012,38.576,38.561,40.766,42.380,47.951,48.206,48.009,%
Batch: 340 | Loss: 12.375 | Acc: 31.967,38.678,38.648,40.815,42.419,47.952,48.252,48.043,%
Batch: 360 | Loss: 12.377 | Acc: 31.999,38.731,38.684,40.835,42.410,48.052,48.314,48.139,%
Batch: 380 | Loss: 12.363 | Acc: 32.039,38.763,38.755,40.820,42.436,48.109,48.386,48.218,%
Batch: 0 | Loss: 9.839 | Acc: 20.000,40.000,40.000,40.000,60.000,50.000,50.000,40.000,%
Batch: 20 | Loss: 14.591 | Acc: 31.905,29.048,31.429,40.952,35.714,44.762,44.286,42.857,%
Batch: 40 | Loss: 14.294 | Acc: 32.683,29.512,30.976,41.707,36.585,42.439,43.171,41.951,%
Batch: 60 | Loss: 14.646 | Acc: 31.639,28.033,29.672,40.164,34.918,40.328,41.475,40.164,%
Batch: 80 | Loss: 14.835 | Acc: 30.247,26.667,28.272,38.889,33.457,40.247,41.358,40.247,%
Batch: 100 | Loss: 14.789 | Acc: 29.703,27.030,28.416,38.812,33.168,40.297,41.188,39.901,%
Batch: 120 | Loss: 14.649 | Acc: 30.083,27.686,28.430,39.256,33.884,40.661,42.231,41.240,%
Batch: 140 | Loss: 14.660 | Acc: 30.709,27.660,29.007,39.362,33.617,40.000,41.489,40.709,%
Batch: 160 | Loss: 14.729 | Acc: 30.807,27.205,28.447,39.255,33.478,39.689,41.056,40.248,%
Batch: 180 | Loss: 14.624 | Acc: 31.492,28.177,29.558,39.834,33.923,40.000,41.326,40.773,%
Batch: 200 | Loss: 14.654 | Acc: 31.791,28.209,29.701,39.353,33.980,39.701,41.194,40.846,%
Batch: 220 | Loss: 14.760 | Acc: 31.584,28.145,29.683,39.412,33.529,39.502,40.995,40.543,%
Batch: 240 | Loss: 14.836 | Acc: 31.411,27.801,29.253,39.087,33.195,39.585,40.871,40.498,%
Batch: 260 | Loss: 14.805 | Acc: 31.839,27.969,29.464,38.697,33.448,39.617,40.728,40.383,%
Batch: 280 | Loss: 14.858 | Acc: 31.530,27.758,29.217,38.470,32.918,39.181,40.427,40.071,%
Batch: 300 | Loss: 14.869 | Acc: 31.429,27.807,29.070,38.439,32.757,38.837,40.199,39.734,%
Batch: 320 | Loss: 14.801 | Acc: 31.620,27.726,29.097,38.598,33.084,39.190,40.561,39.875,%
Batch: 340 | Loss: 14.877 | Acc: 31.496,27.419,28.504,38.182,32.727,38.798,40.205,39.560,%
Batch: 360 | Loss: 14.834 | Acc: 31.745,27.562,28.643,38.227,32.604,38.892,40.332,39.640,%
Batch: 380 | Loss: 14.864 | Acc: 31.732,27.218,28.294,38.110,32.205,38.819,40.079,39.475,%
Batch: 400 | Loss: 14.825 | Acc: 31.671,27.257,28.479,38.504,32.219,39.052,40.274,39.601,%
Batch: 420 | Loss: 14.826 | Acc: 31.449,27.055,28.575,38.551,31.995,39.216,40.333,39.691,%
Batch: 440 | Loss: 14.775 | Acc: 31.610,27.188,28.889,38.685,32.313,39.388,40.454,39.841,%
Batch: 460 | Loss: 14.821 | Acc: 31.562,27.202,28.850,38.698,32.213,39.393,40.390,39.805,%
Batch: 480 | Loss: 14.805 | Acc: 31.684,27.131,28.628,38.628,32.204,39.459,40.395,39.896,%
Batch: 500 | Loss: 14.819 | Acc: 31.697,27.006,28.603,38.483,31.956,39.521,40.459,40.000,%
Batch: 520 | Loss: 14.801 | Acc: 31.651,26.929,28.791,38.522,32.035,39.520,40.499,39.981,%
Batch: 540 | Loss: 14.810 | Acc: 31.516,26.858,28.780,38.355,31.922,39.390,40.370,39.852,%
Batch: 560 | Loss: 14.811 | Acc: 31.533,26.934,28.913,38.378,32.014,39.501,40.535,40.018,%
Batch: 580 | Loss: 14.765 | Acc: 31.515,27.074,29.002,38.606,32.238,39.690,40.637,40.172,%
Batch: 600 | Loss: 14.783 | Acc: 31.614,26.938,28.968,38.469,32.180,39.617,40.483,40.050,%
Batch: 620 | Loss: 14.792 | Acc: 31.578,26.876,28.857,38.422,32.061,39.549,40.370,39.919,%
Batch: 640 | Loss: 14.785 | Acc: 31.529,26.849,28.970,38.471,32.090,39.594,40.390,39.984,%
Batch: 660 | Loss: 14.778 | Acc: 31.528,26.823,28.956,38.366,32.042,39.652,40.454,40.061,%
Batch: 680 | Loss: 14.790 | Acc: 31.380,26.784,28.899,38.179,31.909,39.589,40.352,39.985,%
Batch: 700 | Loss: 14.803 | Acc: 31.469,26.748,28.845,38.131,31.869,39.529,40.300,39.986,%
Batch: 720 | Loss: 14.780 | Acc: 31.637,26.852,29.001,38.252,31.997,39.612,40.374,40.014,%
Batch: 740 | Loss: 14.782 | Acc: 31.673,26.856,28.934,38.111,31.876,39.568,40.297,39.906,%
Batch: 760 | Loss: 14.771 | Acc: 31.669,26.938,28.870,38.147,31.853,39.566,40.263,39.882,%
Batch: 780 | Loss: 14.786 | Acc: 31.844,26.953,28.950,38.054,31.818,39.513,40.230,39.821,%
Batch: 800 | Loss: 14.804 | Acc: 31.848,27.016,28.989,38.065,31.785,39.538,40.275,39.863,%
Batch: 820 | Loss: 14.822 | Acc: 31.827,27.004,29.050,38.149,31.803,39.598,40.353,39.903,%
Batch: 840 | Loss: 14.845 | Acc: 31.748,26.980,28.966,38.109,31.855,39.572,40.285,39.798,%
Batch: 860 | Loss: 14.852 | Acc: 31.742,26.969,29.024,38.002,31.905,39.640,40.360,39.884,%
Batch: 880 | Loss: 14.852 | Acc: 31.771,26.992,28.990,38.002,31.873,39.682,40.375,39.921,%
Batch: 900 | Loss: 14.836 | Acc: 31.798,27.181,29.168,38.058,31.987,39.711,40.411,40.033,%
Batch: 920 | Loss: 14.836 | Acc: 31.878,27.188,29.153,38.078,31.987,39.750,40.423,40.054,%
Batch: 940 | Loss: 14.838 | Acc: 31.945,27.109,29.118,38.098,31.934,39.777,40.446,40.138,%
Batch: 960 | Loss: 14.834 | Acc: 31.956,27.180,29.261,38.158,31.998,39.823,40.510,40.250,%
Batch: 980 | Loss: 14.844 | Acc: 31.998,27.217,29.215,38.175,31.937,39.867,40.561,40.234,%

Epoch: 6
Batch: 0 | Loss: 12.150 | Acc: 35.156,36.719,39.062,39.062,40.625,47.656,46.875,47.656,%
Batch: 20 | Loss: 11.723 | Acc: 32.440,40.923,40.699,43.378,43.824,50.856,51.637,51.897,%
Batch: 40 | Loss: 11.948 | Acc: 33.022,40.892,41.006,42.340,43.579,50.076,50.591,50.896,%
Batch: 60 | Loss: 11.989 | Acc: 32.223,40.459,40.548,42.508,43.494,50.205,50.679,51.025,%
Batch: 80 | Loss: 12.006 | Acc: 32.002,40.027,40.123,42.448,43.557,50.116,50.395,50.588,%
Batch: 100 | Loss: 12.017 | Acc: 32.093,39.890,40.122,42.435,43.711,50.046,50.464,50.541,%
Batch: 120 | Loss: 12.033 | Acc: 32.025,39.786,39.979,42.394,43.692,49.961,50.245,50.303,%
Batch: 140 | Loss: 12.023 | Acc: 31.920,39.650,39.777,42.282,43.722,49.939,50.382,50.471,%
Batch: 160 | Loss: 12.013 | Acc: 31.929,39.645,39.722,42.178,43.765,50.092,50.490,50.602,%
Batch: 180 | Loss: 12.010 | Acc: 31.954,39.732,39.779,42.360,43.914,50.207,50.544,50.622,%
Batch: 200 | Loss: 12.013 | Acc: 31.950,39.774,39.836,42.292,43.785,50.210,50.567,50.645,%
Batch: 220 | Loss: 12.014 | Acc: 32.162,39.837,39.900,42.354,43.761,50.283,50.587,50.658,%
Batch: 240 | Loss: 12.014 | Acc: 32.190,39.892,39.957,42.434,43.873,50.224,50.580,50.632,%
Batch: 260 | Loss: 12.015 | Acc: 32.184,39.868,40.047,42.487,43.936,50.251,50.688,50.745,%
Batch: 280 | Loss: 11.995 | Acc: 32.281,40.013,40.127,42.541,44.034,50.417,50.895,50.968,%
Batch: 300 | Loss: 11.990 | Acc: 32.395,40.116,40.179,42.543,44.025,50.423,50.911,50.940,%
Batch: 320 | Loss: 11.985 | Acc: 32.314,40.167,40.194,42.531,44.040,50.458,50.905,50.920,%
Batch: 340 | Loss: 11.973 | Acc: 32.412,40.174,40.158,42.449,44.023,50.522,50.951,50.946,%
Batch: 360 | Loss: 11.965 | Acc: 32.425,40.175,40.151,42.432,43.992,50.625,51.076,51.060,%
Batch: 380 | Loss: 11.963 | Acc: 32.474,40.127,40.073,42.376,43.974,50.699,51.103,51.107,%
Batch: 0 | Loss: 18.635 | Acc: 30.000,20.000,20.000,20.000,20.000,20.000,20.000,20.000,%
Batch: 20 | Loss: 15.085 | Acc: 35.238,31.429,33.810,31.905,26.667,36.667,37.143,37.143,%
Batch: 40 | Loss: 14.907 | Acc: 37.073,34.390,34.634,34.146,28.293,39.512,39.268,37.805,%
Batch: 60 | Loss: 14.703 | Acc: 34.098,36.885,35.574,33.115,28.689,38.361,38.361,37.213,%
Batch: 80 | Loss: 15.022 | Acc: 32.469,34.444,33.704,32.469,28.395,37.901,38.025,37.037,%
Batch: 100 | Loss: 14.913 | Acc: 31.683,34.158,34.653,32.376,29.010,39.109,39.109,38.119,%
Batch: 120 | Loss: 15.107 | Acc: 31.818,33.884,34.215,32.149,28.760,39.091,39.256,38.430,%
Batch: 140 | Loss: 15.095 | Acc: 32.624,34.184,34.681,32.411,28.865,38.652,39.078,38.511,%
Batch: 160 | Loss: 15.179 | Acc: 32.112,33.913,34.286,32.174,28.696,38.571,38.820,38.075,%
Batch: 180 | Loss: 15.096 | Acc: 32.707,34.420,35.249,32.320,28.895,38.287,38.398,37.735,%
Batch: 200 | Loss: 15.103 | Acc: 33.035,34.428,35.274,32.438,28.955,38.209,38.607,38.010,%
Batch: 220 | Loss: 15.018 | Acc: 33.077,34.842,35.520,32.670,29.005,38.643,38.869,38.190,%
Batch: 240 | Loss: 14.973 | Acc: 32.988,34.730,35.560,32.739,29.170,38.548,38.755,38.091,%
Batch: 260 | Loss: 15.092 | Acc: 33.295,34.023,35.134,32.337,28.966,38.161,38.391,37.778,%
Batch: 280 | Loss: 15.079 | Acc: 32.954,34.199,35.125,32.135,28.790,37.936,38.149,37.473,%
Batch: 300 | Loss: 15.019 | Acc: 33.156,34.153,35.249,32.292,28.937,38.206,38.439,37.641,%
Batch: 320 | Loss: 14.893 | Acc: 33.583,34.237,35.888,32.710,29.439,38.567,38.785,38.162,%
Batch: 340 | Loss: 14.893 | Acc: 33.548,34.223,36.012,32.815,29.589,38.856,39.120,38.504,%
Batch: 360 | Loss: 14.947 | Acc: 33.380,34.238,35.900,32.659,29.363,38.560,38.892,38.310,%
Batch: 380 | Loss: 14.935 | Acc: 33.123,34.226,35.748,32.520,29.423,38.425,38.766,38.399,%
Batch: 400 | Loss: 14.919 | Acc: 33.267,34.090,35.860,32.519,29.501,38.803,39.052,38.703,%
Batch: 420 | Loss: 14.937 | Acc: 33.183,34.109,35.772,32.423,29.525,38.836,39.192,38.836,%
Batch: 440 | Loss: 14.907 | Acc: 33.333,34.376,35.918,32.653,29.705,39.025,39.365,39.025,%
Batch: 460 | Loss: 14.872 | Acc: 33.275,34.252,36.030,32.668,29.805,39.176,39.501,39.176,%
Batch: 480 | Loss: 14.876 | Acc: 33.368,34.304,36.008,32.765,29.938,39.210,39.543,39.189,%
Batch: 500 | Loss: 14.832 | Acc: 33.473,34.411,36.208,32.894,30.100,39.461,39.701,39.381,%
Batch: 520 | Loss: 14.856 | Acc: 33.436,34.261,36.046,32.841,30.019,39.136,39.501,39.213,%
Batch: 540 | Loss: 14.864 | Acc: 33.253,34.159,35.952,32.588,29.945,38.983,39.316,39.131,%
Batch: 560 | Loss: 14.911 | Acc: 33.102,34.135,35.900,32.513,29.822,38.699,39.109,38.930,%
Batch: 580 | Loss: 14.918 | Acc: 33.081,34.131,35.972,32.496,29.811,38.554,38.967,38.847,%
Batch: 600 | Loss: 14.921 | Acc: 32.978,34.077,35.890,32.429,29.734,38.436,38.869,38.752,%
Batch: 620 | Loss: 14.905 | Acc: 32.931,34.058,36.023,32.544,29.871,38.519,38.905,38.744,%
Batch: 640 | Loss: 14.934 | Acc: 32.839,34.134,35.975,32.480,29.875,38.362,38.768,38.596,%
Batch: 660 | Loss: 14.934 | Acc: 32.814,33.964,35.900,32.511,29.894,38.260,38.684,38.487,%
Batch: 680 | Loss: 14.942 | Acc: 32.628,33.818,35.830,32.467,29.824,38.062,38.502,38.282,%
Batch: 700 | Loss: 14.939 | Acc: 32.639,33.738,35.763,32.482,29.929,38.131,38.545,38.331,%
Batch: 720 | Loss: 14.930 | Acc: 32.718,33.828,35.784,32.594,29.931,38.141,38.627,38.377,%
Batch: 740 | Loss: 14.893 | Acc: 32.605,33.941,35.884,32.632,30.054,38.327,38.772,38.462,%
Batch: 760 | Loss: 14.886 | Acc: 32.654,33.903,36.018,32.681,30.053,38.279,38.752,38.515,%
Batch: 780 | Loss: 14.880 | Acc: 32.727,34.033,36.120,32.727,30.064,38.271,38.732,38.566,%
Batch: 800 | Loss: 14.888 | Acc: 32.809,33.945,36.180,32.784,30.025,38.302,38.789,38.577,%
Batch: 820 | Loss: 14.857 | Acc: 32.850,33.886,36.248,32.875,30.000,38.429,38.867,38.636,%
Batch: 840 | Loss: 14.839 | Acc: 32.913,33.864,36.290,32.866,29.941,38.526,38.977,38.716,%
Batch: 860 | Loss: 14.857 | Acc: 32.973,33.751,36.272,32.880,29.965,38.513,39.001,38.734,%
Batch: 880 | Loss: 14.871 | Acc: 32.963,33.644,36.209,32.713,29.909,38.456,38.967,38.706,%
Batch: 900 | Loss: 14.889 | Acc: 32.952,33.541,36.171,32.697,29.889,38.357,38.946,38.713,%
Batch: 920 | Loss: 14.873 | Acc: 32.986,33.594,36.200,32.682,29.902,38.426,39.045,38.751,%
Batch: 940 | Loss: 14.857 | Acc: 33.071,33.592,36.259,32.721,29.883,38.512,39.022,38.714,%
Batch: 960 | Loss: 14.850 | Acc: 33.174,33.632,36.327,32.685,29.917,38.450,39.001,38.647,%
Batch: 980 | Loss: 14.845 | Acc: 33.150,33.690,36.402,32.803,29.949,38.552,39.093,38.767,%

Epoch: 7
Batch: 0 | Loss: 11.796 | Acc: 38.281,38.281,40.625,40.625,43.750,47.656,48.438,49.219,%
Batch: 20 | Loss: 11.849 | Acc: 32.961,39.993,39.918,43.304,44.866,51.116,51.302,51.711,%
Batch: 40 | Loss: 11.929 | Acc: 33.175,39.996,40.415,43.331,45.141,51.277,51.658,51.715,%
Batch: 60 | Loss: 11.868 | Acc: 33.338,40.561,41.329,43.545,45.377,51.780,52.395,52.331,%
Batch: 80 | Loss: 11.909 | Acc: 33.314,40.471,40.982,43.133,44.859,51.235,52.074,52.132,%
Batch: 100 | Loss: 11.819 | Acc: 33.524,41.027,41.399,43.472,45.243,51.771,52.653,52.653,%
Batch: 120 | Loss: 11.807 | Acc: 33.478,41.154,41.225,43.434,45.106,52.040,52.938,52.899,%
Batch: 140 | Loss: 11.793 | Acc: 33.555,41.473,41.545,43.794,45.340,52.039,52.920,52.970,%
Batch: 160 | Loss: 11.752 | Acc: 33.540,41.552,41.591,43.852,45.550,52.300,53.101,53.164,%
Batch: 180 | Loss: 11.754 | Acc: 33.421,41.575,41.523,43.715,45.571,52.352,53.198,53.233,%
Batch: 200 | Loss: 11.736 | Acc: 33.427,41.585,41.569,43.797,45.651,52.608,53.405,53.424,%
Batch: 220 | Loss: 11.717 | Acc: 33.360,41.526,41.512,43.718,45.595,52.651,53.556,53.595,%
Batch: 240 | Loss: 11.689 | Acc: 33.503,41.610,41.539,43.880,45.705,52.788,53.689,53.770,%
Batch: 260 | Loss: 11.670 | Acc: 33.597,41.568,41.499,43.819,45.699,52.939,53.784,53.852,%
Batch: 280 | Loss: 11.639 | Acc: 33.641,41.723,41.665,43.906,45.846,53.183,54.076,54.134,%
Batch: 300 | Loss: 11.629 | Acc: 33.661,41.809,41.684,43.888,45.938,53.286,54.129,54.200,%
Batch: 320 | Loss: 11.618 | Acc: 33.659,41.830,41.757,43.838,45.909,53.310,54.157,54.242,%
Batch: 340 | Loss: 11.597 | Acc: 33.649,41.832,41.738,43.784,45.890,53.434,54.252,54.351,%
Batch: 360 | Loss: 11.590 | Acc: 33.717,41.902,41.817,43.819,45.912,53.504,54.298,54.395,%
Batch: 380 | Loss: 11.600 | Acc: 33.637,41.886,41.759,43.785,45.883,53.515,54.292,54.376,%
Batch: 0 | Loss: 16.304 | Acc: 10.000,20.000,20.000,30.000,20.000,20.000,30.000,20.000,%
Batch: 20 | Loss: 15.388 | Acc: 32.381,21.905,31.429,33.810,31.905,41.905,41.905,39.524,%
Batch: 40 | Loss: 15.080 | Acc: 33.415,23.659,30.488,32.927,31.463,40.732,41.463,39.512,%
Batch: 60 | Loss: 15.021 | Acc: 34.590,25.246,29.508,31.639,31.803,41.475,42.623,40.656,%
Batch: 80 | Loss: 15.364 | Acc: 33.210,24.938,27.407,30.988,30.247,40.247,41.358,39.753,%
Batch: 100 | Loss: 15.237 | Acc: 32.970,25.644,28.911,32.475,31.089,42.574,43.069,41.485,%
Batch: 120 | Loss: 15.370 | Acc: 33.636,25.785,28.347,31.653,30.909,42.314,42.893,41.240,%
Batch: 140 | Loss: 15.369 | Acc: 34.184,26.028,28.936,32.340,31.489,41.631,42.411,40.993,%
Batch: 160 | Loss: 15.506 | Acc: 34.348,26.025,28.199,31.615,30.870,40.870,41.615,40.373,%
Batch: 180 | Loss: 15.471 | Acc: 34.751,26.188,29.116,31.989,31.713,41.050,41.657,40.387,%
Batch: 200 | Loss: 15.479 | Acc: 34.677,26.269,29.552,32.189,31.393,40.945,41.642,40.249,%
Batch: 220 | Loss: 15.486 | Acc: 34.661,26.290,29.593,32.262,31.946,40.814,41.403,40.181,%
Batch: 240 | Loss: 15.475 | Acc: 34.232,26.058,29.627,32.075,32.116,40.747,41.203,40.166,%
Batch: 260 | Loss: 15.500 | Acc: 34.100,25.709,29.425,32.031,32.146,40.690,41.073,40.153,%
Batch: 280 | Loss: 15.546 | Acc: 33.559,25.196,29.110,31.673,32.171,40.320,40.676,39.680,%
Batch: 300 | Loss: 15.493 | Acc: 33.422,25.349,29.136,31.761,32.691,40.465,40.698,39.734,%
Batch: 320 | Loss: 15.399 | Acc: 33.458,25.421,29.564,32.368,33.240,40.748,40.872,40.031,%
Batch: 340 | Loss: 15.421 | Acc: 33.490,25.484,29.501,32.434,33.109,40.674,41.026,40.088,%
Batch: 360 | Loss: 15.482 | Acc: 33.573,25.346,29.169,32.022,33.019,40.443,40.554,39.668,%
Batch: 380 | Loss: 15.486 | Acc: 33.360,25.223,28.976,32.021,33.123,40.367,40.472,39.528,%
Batch: 400 | Loss: 15.465 | Acc: 33.292,25.237,28.878,32.070,33.292,40.673,40.948,39.800,%
Batch: 420 | Loss: 15.506 | Acc: 33.183,25.154,28.646,31.948,33.159,40.570,40.903,39.786,%
Batch: 440 | Loss: 15.457 | Acc: 33.424,25.170,29.002,32.086,33.447,40.748,41.134,40.091,%
Batch: 460 | Loss: 15.421 | Acc: 33.275,25.119,28.980,31.996,33.406,40.846,41.280,40.217,%
Batch: 480 | Loss: 15.451 | Acc: 33.410,25.281,29.002,31.913,33.222,40.644,41.019,40.042,%
Batch: 500 | Loss: 15.428 | Acc: 33.413,25.309,29.102,31.876,33.393,40.798,41.277,40.299,%
Batch: 520 | Loss: 15.458 | Acc: 33.512,25.221,28.983,31.843,33.263,40.557,41.036,40.134,%
Batch: 540 | Loss: 15.465 | Acc: 33.327,25.176,28.780,31.664,33.216,40.425,40.943,40.000,%
Batch: 560 | Loss: 15.510 | Acc: 33.333,24.938,28.485,31.408,33.012,40.125,40.677,39.768,%
Batch: 580 | Loss: 15.524 | Acc: 33.356,24.888,28.382,31.394,33.046,40.103,40.602,39.656,%
Batch: 600 | Loss: 15.554 | Acc: 33.245,24.642,28.220,31.115,32.995,39.900,40.433,39.451,%
Batch: 620 | Loss: 15.546 | Acc: 33.188,24.557,28.325,31.079,33.172,40.016,40.419,39.485,%
Batch: 640 | Loss: 15.571 | Acc: 33.214,24.524,28.268,31.061,33.042,39.953,40.281,39.360,%
Batch: 660 | Loss: 15.565 | Acc: 33.116,24.554,28.200,31.044,32.965,39.939,40.333,39.425,%
Batch: 680 | Loss: 15.570 | Acc: 32.996,24.523,28.018,30.984,32.907,39.780,40.206,39.251,%
Batch: 700 | Loss: 15.568 | Acc: 33.081,24.551,27.960,30.942,32.839,39.743,40.100,39.230,%
Batch: 720 | Loss: 15.562 | Acc: 33.024,24.563,27.975,30.902,32.885,39.764,40.097,39.196,%
Batch: 740 | Loss: 15.547 | Acc: 32.996,24.588,27.922,30.904,32.861,39.690,40.027,39.217,%
Batch: 760 | Loss: 15.529 | Acc: 32.891,24.691,28.055,31.064,32.996,39.750,40.066,39.212,%
Batch: 780 | Loss: 15.527 | Acc: 32.945,24.673,28.118,31.101,33.009,39.693,40.051,39.193,%
Batch: 800 | Loss: 15.529 | Acc: 32.921,24.619,28.227,31.124,33.034,39.650,40.050,39.189,%
Batch: 820 | Loss: 15.501 | Acc: 32.801,24.726,28.319,31.206,33.106,39.744,40.195,39.354,%
Batch: 840 | Loss: 15.498 | Acc: 32.794,24.744,28.335,31.213,33.056,39.822,40.155,39.322,%
Batch: 860 | Loss: 15.510 | Acc: 32.729,24.890,28.374,31.243,32.985,39.826,40.174,39.373,%
Batch: 880 | Loss: 15.522 | Acc: 32.679,24.813,28.354,31.215,33.019,39.841,40.148,39.376,%
Batch: 900 | Loss: 15.515 | Acc: 32.697,24.784,28.424,31.265,33.141,39.878,40.244,39.445,%
Batch: 920 | Loss: 15.492 | Acc: 32.769,24.745,28.480,31.303,33.236,40.000,40.326,39.566,%
Batch: 940 | Loss: 15.488 | Acc: 32.891,24.601,28.438,31.318,33.209,40.032,40.425,39.671,%
Batch: 960 | Loss: 15.487 | Acc: 32.924,24.599,28.429,31.290,33.236,39.917,40.354,39.563,%
Batch: 980 | Loss: 15.499 | Acc: 32.885,24.608,28.502,31.335,33.282,39.959,40.428,39.602,%

Epoch: 8
Batch: 0 | Loss: 12.138 | Acc: 35.938,39.062,36.719,43.750,39.062,53.906,55.469,54.688,%
Batch: 20 | Loss: 11.280 | Acc: 33.705,42.783,43.750,45.461,48.326,55.990,57.031,57.329,%
Batch: 40 | Loss: 11.423 | Acc: 33.194,42.130,42.588,44.284,46.646,55.545,56.288,56.631,%
Batch: 60 | Loss: 11.412 | Acc: 33.376,41.701,42.213,44.365,46.747,55.725,56.442,56.762,%
Batch: 80 | Loss: 11.451 | Acc: 33.478,41.753,42.139,44.145,46.402,55.575,56.202,56.472,%
Batch: 100 | Loss: 11.428 | Acc: 33.238,41.847,42.180,44.284,46.388,55.554,56.242,56.467,%
Batch: 120 | Loss: 11.406 | Acc: 33.645,41.994,42.239,44.467,46.507,55.579,56.269,56.457,%
Batch: 140 | Loss: 11.416 | Acc: 33.655,42.121,42.232,44.415,46.216,55.352,56.012,56.355,%
Batch: 160 | Loss: 11.408 | Acc: 33.768,42.265,42.454,44.449,46.399,55.328,56.095,56.332,%
Batch: 180 | Loss: 11.370 | Acc: 33.952,42.472,42.688,44.622,46.664,55.348,56.060,56.276,%
Batch: 200 | Loss: 11.360 | Acc: 34.010,42.549,42.732,44.706,46.778,55.469,56.145,56.413,%
Batch: 220 | Loss: 11.334 | Acc: 33.986,42.693,42.841,44.807,46.864,55.575,56.289,56.579,%
Batch: 240 | Loss: 11.330 | Acc: 34.028,42.716,42.774,44.784,46.911,55.692,56.393,56.694,%
Batch: 260 | Loss: 11.303 | Acc: 34.103,42.789,42.834,44.881,47.010,55.873,56.609,56.909,%
Batch: 280 | Loss: 11.284 | Acc: 34.108,42.802,42.885,44.990,47.189,55.997,56.773,57.059,%
Batch: 300 | Loss: 11.257 | Acc: 34.118,42.966,42.995,45.131,47.306,56.125,56.979,57.252,%
Batch: 320 | Loss: 11.257 | Acc: 34.102,42.974,42.954,45.072,47.235,56.031,56.895,57.160,%
Batch: 340 | Loss: 11.234 | Acc: 34.226,43.044,43.058,45.207,47.363,56.147,57.015,57.240,%
Batch: 360 | Loss: 11.213 | Acc: 34.243,43.194,43.142,45.349,47.539,56.360,57.224,57.436,%
Batch: 380 | Loss: 11.205 | Acc: 34.250,43.180,43.209,45.431,47.552,56.445,57.302,57.515,%
Batch: 0 | Loss: 10.097 | Acc: 40.000,60.000,50.000,60.000,40.000,60.000,70.000,70.000,%
Batch: 20 | Loss: 13.862 | Acc: 34.286,37.619,38.095,41.905,44.762,50.952,53.333,54.286,%
Batch: 40 | Loss: 13.707 | Acc: 33.171,36.585,36.341,40.000,41.951,50.000,50.976,51.707,%
Batch: 60 | Loss: 14.073 | Acc: 31.311,34.262,33.770,37.705,41.475,48.525,50.328,50.984,%
Batch: 80 | Loss: 14.241 | Acc: 30.864,34.444,34.198,38.519,40.741,48.519,49.877,50.864,%
Batch: 100 | Loss: 14.304 | Acc: 30.495,34.950,34.554,38.614,40.990,48.614,50.099,50.891,%
Batch: 120 | Loss: 14.121 | Acc: 30.826,35.289,35.041,38.430,41.570,49.008,50.744,51.157,%
Batch: 140 | Loss: 14.107 | Acc: 31.489,35.248,35.177,38.936,41.489,48.794,50.284,50.851,%
Batch: 160 | Loss: 14.103 | Acc: 31.429,35.280,35.404,38.696,41.429,49.130,50.311,50.994,%
Batch: 180 | Loss: 14.074 | Acc: 31.602,35.525,35.470,39.061,42.044,49.171,50.331,51.050,%
Batch: 200 | Loss: 14.089 | Acc: 31.791,35.522,35.522,39.055,41.791,48.955,50.299,50.896,%
Batch: 220 | Loss: 14.207 | Acc: 31.222,35.294,35.385,38.507,41.538,48.507,50.000,50.588,%
Batch: 240 | Loss: 14.233 | Acc: 31.037,35.062,35.228,38.257,40.788,47.967,49.668,50.207,%
Batch: 260 | Loss: 14.225 | Acc: 31.533,35.172,35.287,38.314,40.805,48.123,49.770,50.383,%
Batch: 280 | Loss: 14.262 | Acc: 31.068,34.769,35.018,38.149,40.498,47.544,49.288,49.786,%
Batch: 300 | Loss: 14.246 | Acc: 30.864,34.585,34.983,37.973,40.365,47.309,49.302,49.801,%
Batch: 320 | Loss: 14.164 | Acc: 30.966,34.704,35.140,38.193,40.436,47.664,49.595,50.093,%
Batch: 340 | Loss: 14.208 | Acc: 30.733,34.487,35.015,38.240,40.235,47.595,49.443,49.912,%
Batch: 360 | Loss: 14.199 | Acc: 30.776,34.515,35.069,38.338,40.277,47.535,49.391,49.695,%
Batch: 380 | Loss: 14.242 | Acc: 30.892,34.646,35.066,38.294,40.052,47.428,49.291,49.606,%
Batch: 400 | Loss: 14.233 | Acc: 30.848,34.838,35.112,38.080,39.925,47.506,49.227,49.551,%
Batch: 420 | Loss: 14.218 | Acc: 30.784,34.822,35.131,38.124,40.024,47.411,49.311,49.644,%
Batch: 440 | Loss: 14.192 | Acc: 30.952,34.762,35.079,38.073,40.045,47.551,49.410,49.683,%
Batch: 460 | Loss: 14.205 | Acc: 30.868,34.707,35.119,37.961,39.978,47.397,49.393,49.653,%
Batch: 480 | Loss: 14.171 | Acc: 30.790,34.553,35.073,37.942,40.146,47.568,49.563,49.792,%
Batch: 500 | Loss: 14.178 | Acc: 30.519,34.591,35.170,37.784,40.200,47.625,49.681,49.860,%
Batch: 520 | Loss: 14.189 | Acc: 30.480,34.491,35.106,37.620,40.173,47.678,49.712,49.904,%
Batch: 540 | Loss: 14.218 | Acc: 30.388,34.399,35.028,37.616,40.240,47.449,49.538,49.797,%
Batch: 560 | Loss: 14.245 | Acc: 30.321,34.456,35.134,37.611,40.160,47.326,49.465,49.750,%
Batch: 580 | Loss: 14.193 | Acc: 30.293,34.630,35.301,37.659,40.189,47.435,49.621,49.897,%
Batch: 600 | Loss: 14.216 | Acc: 30.200,34.293,35.008,37.554,40.116,47.304,49.501,49.734,%
Batch: 620 | Loss: 14.240 | Acc: 30.016,34.171,34.960,37.375,39.936,47.150,49.259,49.485,%
Batch: 640 | Loss: 14.254 | Acc: 30.031,34.150,34.977,37.504,39.906,47.129,49.376,49.594,%
Batch: 660 | Loss: 14.228 | Acc: 30.121,34.130,34.977,37.413,39.970,47.337,49.546,49.758,%
Batch: 680 | Loss: 14.225 | Acc: 30.206,34.185,35.125,37.548,39.941,47.342,49.604,49.765,%
Batch: 700 | Loss: 14.245 | Acc: 30.114,34.208,35.136,37.475,39.971,47.375,49.544,49.729,%
Batch: 720 | Loss: 14.229 | Acc: 30.153,34.244,35.118,37.476,40.000,47.462,49.598,49.834,%
Batch: 740 | Loss: 14.213 | Acc: 30.081,34.305,35.169,37.409,40.081,47.328,49.541,49.757,%
Batch: 760 | Loss: 14.187 | Acc: 30.039,34.336,35.177,37.490,40.092,47.398,49.658,49.842,%
Batch: 780 | Loss: 14.217 | Acc: 30.026,34.251,35.147,37.426,40.038,47.222,49.488,49.693,%
Batch: 800 | Loss: 14.241 | Acc: 29.888,34.232,35.119,37.278,39.938,47.116,49.351,49.526,%
Batch: 820 | Loss: 14.235 | Acc: 29.829,34.361,35.213,37.272,39.866,47.199,49.440,49.574,%
Batch: 840 | Loss: 14.240 | Acc: 29.822,34.340,35.232,37.301,39.810,47.158,49.405,49.560,%
Batch: 860 | Loss: 14.237 | Acc: 29.907,34.437,35.354,37.445,39.895,47.224,49.454,49.628,%
Batch: 880 | Loss: 14.232 | Acc: 29.852,34.393,35.346,37.480,39.864,47.196,49.410,49.580,%
Batch: 900 | Loss: 14.220 | Acc: 29.933,34.473,35.427,37.614,39.989,47.259,49.489,49.645,%
Batch: 920 | Loss: 14.211 | Acc: 29.935,34.495,35.429,37.709,40.043,47.329,49.598,49.750,%
Batch: 940 | Loss: 14.229 | Acc: 29.894,34.357,35.282,37.683,39.947,47.237,49.543,49.702,%
Batch: 960 | Loss: 14.217 | Acc: 29.938,34.412,35.317,37.794,39.969,47.253,49.542,49.709,%
Batch: 980 | Loss: 14.220 | Acc: 29.918,34.383,35.331,37.798,39.969,47.268,49.562,49.725,%

Epoch: 9
Batch: 0 | Loss: 11.295 | Acc: 39.062,43.750,43.750,45.312,50.781,62.500,62.500,60.156,%
Batch: 20 | Loss: 10.932 | Acc: 35.231,44.940,45.126,47.917,51.190,58.110,58.445,58.333,%
Batch: 40 | Loss: 10.916 | Acc: 34.985,43.636,43.921,47.237,50.038,58.194,58.556,58.841,%
Batch: 60 | Loss: 10.878 | Acc: 35.207,43.968,44.237,47.067,50.051,58.901,59.247,59.337,%
Batch: 80 | Loss: 10.888 | Acc: 35.214,44.271,44.290,47.155,50.164,58.738,59.336,59.365,%
Batch: 100 | Loss: 10.873 | Acc: 35.311,44.462,44.369,47.262,49.930,59.058,59.715,59.723,%
Batch: 120 | Loss: 10.869 | Acc: 35.085,44.557,44.363,47.036,49.864,59.072,59.782,59.892,%
Batch: 140 | Loss: 10.869 | Acc: 34.996,44.515,44.021,46.786,49.745,59.170,59.857,59.879,%
Batch: 160 | Loss: 10.880 | Acc: 34.923,44.682,44.206,46.744,49.665,59.103,59.778,59.792,%
Batch: 180 | Loss: 10.858 | Acc: 34.854,44.747,44.354,46.940,49.793,59.103,59.699,59.733,%
Batch: 200 | Loss: 10.858 | Acc: 34.857,44.842,44.419,46.992,49.775,59.146,59.721,59.709,%
Batch: 220 | Loss: 10.837 | Acc: 35.061,45.072,44.556,47.158,49.915,59.262,59.926,59.905,%
Batch: 240 | Loss: 10.832 | Acc: 35.069,45.157,44.593,47.134,49.919,59.252,59.920,59.900,%
Batch: 260 | Loss: 10.827 | Acc: 35.004,45.139,44.627,47.082,49.913,59.342,60.084,60.081,%
Batch: 280 | Loss: 10.834 | Acc: 34.775,45.015,44.654,47.092,49.842,59.389,60.081,60.062,%
Batch: 300 | Loss: 10.812 | Acc: 34.853,45.092,44.760,47.225,49.977,59.445,60.174,60.135,%
Batch: 320 | Loss: 10.797 | Acc: 34.840,45.093,44.745,47.194,50.068,59.570,60.317,60.268,%
Batch: 340 | Loss: 10.795 | Acc: 34.810,45.093,44.765,47.187,50.103,59.655,60.351,60.342,%
Batch: 360 | Loss: 10.765 | Acc: 34.855,45.146,44.901,47.366,50.303,59.858,60.606,60.602,%
Batch: 380 | Loss: 10.754 | Acc: 34.843,45.144,45.013,47.410,50.361,59.996,60.741,60.706,%
Batch: 0 | Loss: 10.691 | Acc: 50.000,60.000,60.000,30.000,20.000,50.000,50.000,50.000,%
Batch: 20 | Loss: 11.573 | Acc: 36.190,44.286,43.333,45.714,45.714,56.667,57.143,57.143,%
Batch: 40 | Loss: 11.148 | Acc: 37.805,42.195,42.439,47.805,48.780,59.268,60.244,61.463,%
Batch: 60 | Loss: 11.285 | Acc: 36.721,39.836,40.000,45.738,47.869,58.197,59.016,59.180,%
Batch: 80 | Loss: 11.606 | Acc: 35.556,39.383,39.136,44.938,48.272,56.790,57.531,57.778,%
Batch: 100 | Loss: 11.561 | Acc: 34.554,39.901,39.208,45.446,48.416,58.119,57.822,58.317,%
Batch: 120 | Loss: 11.515 | Acc: 34.959,40.165,39.174,45.289,47.769,57.686,57.934,58.347,%
Batch: 140 | Loss: 11.518 | Acc: 35.390,40.284,39.362,45.461,47.872,57.021,57.376,57.801,%
Batch: 160 | Loss: 11.608 | Acc: 34.845,39.441,38.882,45.217,47.888,57.019,56.708,57.267,%
Batch: 180 | Loss: 11.536 | Acc: 35.249,40.000,39.392,45.801,48.232,57.238,56.961,57.403,%
Batch: 200 | Loss: 11.588 | Acc: 35.672,40.000,39.502,45.771,48.209,56.816,56.766,57.114,%
Batch: 220 | Loss: 11.632 | Acc: 35.792,39.774,39.140,45.611,48.416,56.606,56.742,56.968,%
Batch: 240 | Loss: 11.656 | Acc: 35.436,39.419,38.714,45.311,48.216,56.349,56.556,56.846,%
Batch: 260 | Loss: 11.718 | Acc: 35.594,39.464,38.659,44.674,47.854,56.284,56.475,56.705,%
Batch: 280 | Loss: 11.746 | Acc: 35.409,39.181,38.327,44.270,47.580,56.050,56.192,56.548,%
Batch: 300 | Loss: 11.739 | Acc: 35.515,38.738,38.007,44.518,48.173,56.445,56.445,56.611,%
Batch: 320 | Loss: 11.698 | Acc: 35.421,38.816,37.975,44.704,48.224,56.417,56.293,56.667,%
Batch: 340 | Loss: 11.723 | Acc: 35.191,38.710,37.859,44.604,47.947,56.305,56.393,56.745,%
Batch: 360 | Loss: 11.717 | Acc: 35.429,38.947,37.784,44.765,47.895,56.260,56.177,56.510,%
Batch: 380 | Loss: 11.737 | Acc: 35.197,38.740,37.743,44.803,47.822,56.404,56.142,56.404,%
Batch: 400 | Loss: 11.734 | Acc: 35.287,38.554,37.556,44.688,47.830,56.409,56.060,56.309,%
Batch: 420 | Loss: 11.724 | Acc: 35.368,38.694,37.601,44.561,47.838,56.413,56.152,56.390,%
Batch: 440 | Loss: 11.688 | Acc: 35.805,38.526,37.551,44.580,48.073,56.735,56.372,56.553,%
Batch: 460 | Loss: 11.700 | Acc: 35.748,38.330,37.505,44.577,48.048,56.638,56.269,56.421,%
Batch: 480 | Loss: 11.688 | Acc: 35.696,38.254,37.443,44.657,48.046,56.715,56.341,56.403,%
Batch: 500 | Loss: 11.701 | Acc: 35.489,38.024,37.405,44.531,48.044,56.687,56.248,56.148,%
Batch: 520 | Loss: 11.698 | Acc: 35.643,38.042,37.409,44.607,47.908,56.833,56.353,56.219,%
Batch: 540 | Loss: 11.706 | Acc: 35.656,38.022,37.172,44.492,47.856,56.858,56.359,56.118,%
Batch: 560 | Loss: 11.740 | Acc: 35.686,37.879,37.041,44.225,47.594,56.578,56.043,55.918,%
Batch: 580 | Loss: 11.723 | Acc: 35.818,37.935,37.160,44.286,47.676,56.695,56.110,56.007,%
Batch: 600 | Loss: 11.763 | Acc: 35.874,37.687,36.955,44.093,47.654,56.323,55.757,55.674,%
Batch: 620 | Loss: 11.773 | Acc: 35.700,37.601,36.828,44.155,47.810,56.345,55.749,55.620,%
Batch: 640 | Loss: 11.774 | Acc: 35.679,37.598,36.849,44.212,47.754,56.287,55.710,55.647,%
Batch: 660 | Loss: 11.775 | Acc: 35.582,37.549,36.747,44.160,47.791,56.293,55.598,55.552,%
Batch: 680 | Loss: 11.787 | Acc: 35.521,37.577,36.711,44.170,47.680,56.241,55.595,55.492,%
Batch: 700 | Loss: 11.800 | Acc: 35.435,37.475,36.633,44.108,47.632,56.220,55.592,55.478,%
Batch: 720 | Loss: 11.775 | Acc: 35.451,37.698,36.782,44.300,47.767,56.408,55.742,55.576,%
Batch: 740 | Loss: 11.768 | Acc: 35.290,37.638,36.680,44.265,47.800,56.478,55.709,55.560,%
Batch: 760 | Loss: 11.744 | Acc: 35.191,37.753,36.794,44.415,47.989,56.689,55.874,55.742,%
Batch: 780 | Loss: 11.749 | Acc: 35.250,37.785,36.825,44.430,48.079,56.594,55.800,55.659,%
Batch: 800 | Loss: 11.763 | Acc: 35.206,37.803,36.916,44.444,48.090,56.554,55.743,55.593,%
Batch: 820 | Loss: 11.759 | Acc: 35.079,37.808,36.943,44.434,47.917,56.565,55.749,55.566,%
Batch: 840 | Loss: 11.773 | Acc: 35.018,37.836,36.968,44.352,47.800,56.433,55.624,55.446,%
Batch: 860 | Loss: 11.781 | Acc: 35.006,37.793,37.003,44.379,47.747,56.458,55.575,55.389,%
Batch: 880 | Loss: 11.797 | Acc: 34.972,37.673,36.947,44.336,47.628,56.345,55.437,55.244,%
Batch: 900 | Loss: 11.790 | Acc: 35.039,37.802,37.070,44.451,47.714,56.315,55.450,55.261,%
Batch: 920 | Loss: 11.776 | Acc: 35.016,37.839,37.101,44.484,47.850,56.439,55.592,55.385,%
Batch: 940 | Loss: 11.787 | Acc: 35.058,37.694,36.961,44.506,47.811,56.397,55.537,55.345,%
Batch: 960 | Loss: 11.781 | Acc: 35.078,37.742,36.920,44.558,47.856,56.400,55.609,55.421,%
Batch: 980 | Loss: 11.776 | Acc: 35.127,37.808,37.054,44.638,47.839,56.402,55.637,55.433,%

Epoch: 10
Batch: 0 | Loss: 11.113 | Acc: 31.250,45.312,42.969,42.969,45.312,56.250,57.031,60.156,%
Batch: 20 | Loss: 10.608 | Acc: 35.268,47.024,47.098,48.140,51.228,60.751,62.091,61.458,%
Batch: 40 | Loss: 10.609 | Acc: 35.366,46.818,46.380,47.713,51.086,61.623,62.176,62.138,%
Batch: 60 | Loss: 10.563 | Acc: 35.246,47.067,46.657,48.463,51.332,61.527,62.103,61.975,%
Batch: 80 | Loss: 10.585 | Acc: 35.272,47.039,46.441,48.274,51.157,61.574,62.172,62.008,%
Batch: 100 | Loss: 10.525 | Acc: 35.388,46.836,46.488,48.422,51.740,61.827,62.515,62.376,%
Batch: 120 | Loss: 10.490 | Acc: 35.479,46.959,46.662,48.554,51.950,62.009,62.765,62.668,%
Batch: 140 | Loss: 10.445 | Acc: 35.600,46.903,46.664,48.615,51.889,62.339,63.015,62.899,%
Batch: 160 | Loss: 10.434 | Acc: 35.675,46.890,46.608,48.690,52.067,62.379,63.077,62.927,%
Batch: 180 | Loss: 10.415 | Acc: 35.545,47.000,46.746,48.835,52.016,62.569,63.303,63.152,%
Batch: 200 | Loss: 10.403 | Acc: 35.487,46.941,46.708,48.830,52.095,62.586,63.308,63.235,%
Batch: 220 | Loss: 10.397 | Acc: 35.489,46.886,46.638,48.897,52.195,62.694,63.412,63.306,%
Batch: 240 | Loss: 10.403 | Acc: 35.360,46.846,46.612,48.950,52.237,62.665,63.379,63.314,%
Batch: 260 | Loss: 10.403 | Acc: 35.369,46.917,46.648,48.922,52.200,62.623,63.383,63.353,%
Batch: 280 | Loss: 10.397 | Acc: 35.320,46.911,46.683,49.046,52.313,62.658,63.404,63.367,%
Batch: 300 | Loss: 10.386 | Acc: 35.255,47.026,46.771,49.112,52.357,62.702,63.463,63.414,%
Batch: 320 | Loss: 10.368 | Acc: 35.305,47.199,46.933,49.197,52.492,62.841,63.571,63.559,%
Batch: 340 | Loss: 10.345 | Acc: 35.356,47.365,47.116,49.237,52.584,62.908,63.625,63.595,%
Batch: 360 | Loss: 10.349 | Acc: 35.271,47.368,47.217,49.188,52.580,62.931,63.656,63.623,%
Batch: 380 | Loss: 10.346 | Acc: 35.328,47.357,47.224,49.174,52.547,62.943,63.638,63.609,%
Batch: 0 | Loss: 14.145 | Acc: 30.000,20.000,40.000,30.000,20.000,40.000,20.000,30.000,%
Batch: 20 | Loss: 11.530 | Acc: 37.143,37.143,42.857,46.190,41.429,60.000,58.571,59.524,%
Batch: 40 | Loss: 11.278 | Acc: 39.024,37.805,42.927,45.610,44.146,60.488,60.732,61.463,%
Batch: 60 | Loss: 11.156 | Acc: 37.541,40.328,43.607,47.869,46.393,60.984,61.967,62.295,%
Batch: 80 | Loss: 11.567 | Acc: 36.790,37.284,41.975,45.679,45.309,59.877,60.123,60.247,%
Batch: 100 | Loss: 11.704 | Acc: 36.436,36.040,41.881,45.545,45.545,59.802,60.198,60.594,%
Batch: 120 | Loss: 11.820 | Acc: 36.033,35.372,42.066,44.711,44.628,59.587,59.917,60.165,%
Batch: 140 | Loss: 11.758 | Acc: 36.596,36.028,42.270,44.894,44.894,58.865,59.433,59.858,%
Batch: 160 | Loss: 11.818 | Acc: 36.398,35.652,41.739,44.348,44.410,58.882,59.317,59.627,%
Batch: 180 | Loss: 11.736 | Acc: 36.796,36.519,42.486,45.138,45.083,59.061,59.392,59.503,%
Batch: 200 | Loss: 11.766 | Acc: 37.214,37.015,42.886,45.871,45.821,59.254,59.254,59.502,%
Batch: 220 | Loss: 11.801 | Acc: 37.240,36.833,42.534,45.928,46.425,59.186,59.457,59.548,%
Batch: 240 | Loss: 11.801 | Acc: 37.095,36.515,42.656,46.390,46.515,59.336,59.585,59.585,%
Batch: 260 | Loss: 11.947 | Acc: 36.935,35.939,42.222,45.862,45.939,59.004,59.195,59.234,%
Batch: 280 | Loss: 11.913 | Acc: 36.619,36.085,42.064,45.480,45.979,59.253,59.680,59.751,%
Batch: 300 | Loss: 11.858 | Acc: 36.744,36.346,42.126,45.681,46.312,59.635,60.033,60.033,%
Batch: 320 | Loss: 11.794 | Acc: 36.854,36.449,42.523,46.106,46.822,59.813,60.218,60.249,%
Batch: 340 | Loss: 11.797 | Acc: 36.979,36.657,42.786,46.276,46.774,59.853,60.352,60.469,%
Batch: 360 | Loss: 11.873 | Acc: 37.008,36.260,42.742,45.956,46.371,59.723,60.166,60.277,%
Batch: 380 | Loss: 11.890 | Acc: 36.719,36.430,42.651,45.958,46.168,59.580,60.052,60.131,%
Batch: 400 | Loss: 11.867 | Acc: 36.608,36.608,42.818,46.309,46.334,59.626,60.200,60.200,%
Batch: 420 | Loss: 11.864 | Acc: 36.580,36.390,42.779,46.176,46.176,59.644,60.356,60.214,%
Batch: 440 | Loss: 11.826 | Acc: 36.848,36.712,43.039,46.304,46.327,59.728,60.567,60.431,%
Batch: 460 | Loss: 11.815 | Acc: 36.746,36.421,43.015,46.377,46.551,59.740,60.651,60.499,%
Batch: 480 | Loss: 11.801 | Acc: 36.715,36.445,43.077,46.424,46.424,59.626,60.478,60.395,%
Batch: 500 | Loss: 11.743 | Acc: 36.846,36.607,43.393,46.567,46.747,59.681,60.579,60.439,%
Batch: 520 | Loss: 11.757 | Acc: 36.852,36.564,43.455,46.392,46.622,59.597,60.499,60.384,%
Batch: 540 | Loss: 11.765 | Acc: 36.617,36.562,43.309,46.192,46.414,59.501,60.314,60.185,%
Batch: 560 | Loss: 11.779 | Acc: 36.578,36.738,43.333,46.364,46.453,59.340,60.214,60.089,%
Batch: 580 | Loss: 11.780 | Acc: 36.713,36.850,43.460,46.420,46.472,59.277,60.224,60.103,%
Batch: 600 | Loss: 11.780 | Acc: 36.772,36.805,43.494,46.522,46.522,59.151,60.116,59.983,%
Batch: 620 | Loss: 11.778 | Acc: 36.667,36.667,43.285,46.425,46.554,59.147,60.177,60.032,%
Batch: 640 | Loss: 11.790 | Acc: 36.739,36.599,43.105,46.349,46.427,59.002,60.094,59.891,%
Batch: 660 | Loss: 11.795 | Acc: 36.566,36.551,43.041,46.263,46.263,58.971,60.045,59.894,%
Batch: 680 | Loss: 11.838 | Acc: 36.432,36.314,42.819,46.050,45.977,58.678,59.824,59.750,%
Batch: 700 | Loss: 11.845 | Acc: 36.419,36.177,42.725,46.020,45.920,58.602,59.715,59.672,%
Batch: 720 | Loss: 11.824 | Acc: 36.394,36.172,42.732,45.992,46.019,58.766,59.764,59.736,%
Batch: 740 | Loss: 11.787 | Acc: 36.491,36.181,42.834,46.059,46.059,58.866,59.852,59.865,%
Batch: 760 | Loss: 11.779 | Acc: 36.452,36.268,42.970,46.176,46.163,58.922,59.934,59.921,%
Batch: 780 | Loss: 11.784 | Acc: 36.530,36.453,43.022,46.236,46.133,58.771,59.859,59.808,%
Batch: 800 | Loss: 11.809 | Acc: 36.367,36.429,42.996,46.267,46.167,58.689,59.850,59.788,%
Batch: 820 | Loss: 11.797 | Acc: 36.273,36.382,42.972,46.248,46.090,58.709,59.842,59.756,%
Batch: 840 | Loss: 11.801 | Acc: 36.266,36.397,42.961,46.183,45.981,58.633,59.786,59.727,%
Batch: 860 | Loss: 11.798 | Acc: 36.225,36.260,43.008,46.179,45.947,58.641,59.814,59.733,%
Batch: 880 | Loss: 11.802 | Acc: 36.186,36.322,43.087,46.163,45.914,58.593,59.682,59.580,%
Batch: 900 | Loss: 11.803 | Acc: 36.171,36.337,42.963,46.138,45.893,58.701,59.845,59.745,%
Batch: 920 | Loss: 11.793 | Acc: 36.265,36.363,42.975,46.156,45.961,58.773,59.902,59.794,%
Batch: 940 | Loss: 11.780 | Acc: 36.355,36.429,43.018,46.259,46.026,58.842,59.947,59.851,%
Batch: 960 | Loss: 11.781 | Acc: 36.296,36.483,42.924,46.254,46.035,58.824,59.938,59.834,%
Batch: 980 | Loss: 11.780 | Acc: 36.290,36.514,42.997,46.269,46.055,58.807,59.908,59.827,%

Epoch: 11
Batch: 0 | Loss: 9.776 | Acc: 38.281,53.906,49.219,53.125,50.781,66.406,66.406,65.625,%
Batch: 20 | Loss: 10.125 | Acc: 35.528,49.256,49.591,51.116,53.720,64.918,65.513,65.104,%
Batch: 40 | Loss: 10.155 | Acc: 35.575,48.857,48.761,50.343,53.506,64.386,64.710,64.558,%
Batch: 60 | Loss: 10.143 | Acc: 35.873,48.553,48.540,50.320,53.624,64.805,65.164,65.074,%
Batch: 80 | Loss: 10.110 | Acc: 35.938,48.380,48.438,50.395,53.501,64.689,65.210,64.998,%
Batch: 100 | Loss: 10.073 | Acc: 36.154,48.407,48.507,50.379,53.821,64.674,65.246,65.122,%
Batch: 120 | Loss: 10.073 | Acc: 36.112,48.354,48.521,50.149,53.848,64.850,65.451,65.302,%
Batch: 140 | Loss: 10.043 | Acc: 36.309,48.476,48.759,50.344,54.133,64.783,65.525,65.376,%
Batch: 160 | Loss: 10.046 | Acc: 36.335,48.491,48.670,50.345,54.095,64.523,65.295,65.125,%
Batch: 180 | Loss: 10.046 | Acc: 36.114,48.403,48.623,50.397,54.040,64.550,65.271,65.094,%
Batch: 200 | Loss: 10.040 | Acc: 36.221,48.414,48.644,50.482,54.221,64.552,65.271,65.069,%
Batch: 220 | Loss: 10.038 | Acc: 36.199,48.512,48.710,50.573,54.231,64.480,65.183,65.013,%
Batch: 240 | Loss: 10.001 | Acc: 36.327,48.713,48.875,50.869,54.467,64.675,65.330,65.187,%
Batch: 260 | Loss: 10.008 | Acc: 36.354,48.701,48.910,50.934,54.469,64.589,65.284,65.161,%
Batch: 280 | Loss: 10.148 | Acc: 35.793,48.159,48.362,50.286,53.834,63.826,64.571,64.418,%
Batch: 300 | Loss: 10.202 | Acc: 35.374,47.973,48.181,50.060,53.610,63.624,64.364,64.203,%
Batch: 320 | Loss: 10.211 | Acc: 35.139,47.963,48.124,50.017,53.687,63.658,64.379,64.221,%
Batch: 340 | Loss: 10.198 | Acc: 35.033,47.924,48.117,50.016,53.716,63.815,64.530,64.390,%
Batch: 360 | Loss: 10.192 | Acc: 34.953,47.896,48.061,49.994,53.634,63.918,64.623,64.495,%
Traceback (most recent call last):
  File "main.py", line 215, in <module>
    main_cifar(args)
  File "main.py", line 207, in main_cifar
    train(epoch)
  File "main.py", line 102, in train
    loss.backward()
  File "/usr/local/lib/python3.6/dist-packages/torch/tensor.py", line 166, in backward
    torch.autograd.backward(self, gradient, retain_graph, create_graph)
  File "/usr/local/lib/python3.6/dist-packages/torch/autograd/__init__.py", line 99, in backward
    allow_unreachable=True)  # allow_unreachable flag
KeyboardInterrupt
