
Training Setting: backend=modelC | dataset=cifar100 | adaptive=1 | batch_size=128 | epoch=0 | lr=1.0e-02 | circles=1 
Training: Epoch=0 | Loss: 31.481 |  Acc: 4.918,6.416,8.282,9.896,11.366,12.370,12.816,13.056,% 
Testing: Epoch=0 | Loss: 31.077 |  Acc: 6.510,7.310,9.520,13.370,16.110,18.420,19.380,18.890,% 

Training Setting: backend=modelC | dataset=cifar100 | adaptive=1 | batch_size=128 | epoch=1 | lr=1.0e-02 | circles=1 
Training: Epoch=1 | Loss: 27.027 |  Acc: 7.786,9.968,14.726,18.280,21.996,24.314,25.506,26.374,% 
Testing: Epoch=1 | Loss: 29.382 |  Acc: 6.740,7.540,12.010,16.500,24.130,27.280,28.950,29.620,% 

Training Setting: backend=modelC | dataset=cifar100 | adaptive=1 | batch_size=128 | epoch=2 | lr=1.0e-02 | circles=1 
Training: Epoch=2 | Loss: 24.657 |  Acc: 9.394,11.766,18.652,22.898,28.726,31.700,33.964,34.820,% 
Testing: Epoch=2 | Loss: 27.822 |  Acc: 8.020,9.100,14.370,21.990,28.350,32.680,35.610,36.140,% 

Training Setting: backend=modelC | dataset=cifar100 | adaptive=1 | batch_size=128 | epoch=3 | lr=1.0e-02 | circles=1 
Training: Epoch=3 | Loss: 22.956 |  Acc: 11.014,13.492,21.840,26.638,34.324,37.748,39.990,41.382,% 
Testing: Epoch=3 | Loss: 27.162 |  Acc: 8.220,8.000,14.740,21.050,28.670,33.660,36.830,37.440,% 

Training Setting: backend=modelC | dataset=cifar100 | adaptive=1 | batch_size=128 | epoch=4 | lr=1.0e-02 | circles=1 
Training: Epoch=4 | Loss: 21.598 |  Acc: 12.546,14.888,23.938,29.834,38.726,42.390,45.182,46.334,% 
Testing: Epoch=4 | Loss: 25.994 |  Acc: 8.070,6.930,17.060,27.430,36.290,41.510,46.170,46.760,% 

Training Setting: backend=modelC | dataset=cifar100 | adaptive=1 | batch_size=128 | epoch=5 | lr=1.0e-02 | circles=1 
Training: Epoch=5 | Loss: 20.504 |  Acc: 13.924,16.412,26.110,32.822,42.396,46.426,49.146,50.386,% 
Testing: Epoch=5 | Loss: 25.543 |  Acc: 9.150,7.480,16.650,25.700,37.290,42.890,47.400,47.760,% 

Training Setting: backend=modelC | dataset=cifar100 | adaptive=1 | batch_size=128 | epoch=6 | lr=1.0e-02 | circles=1 
Training: Epoch=6 | Loss: 19.676 |  Acc: 14.728,16.918,27.386,35.000,45.412,49.642,52.412,53.678,% 
Testing: Epoch=6 | Loss: 24.930 |  Acc: 9.150,7.870,18.820,28.960,40.500,46.930,51.030,51.450,% 

Training Setting: backend=modelC | dataset=cifar100 | adaptive=1 | batch_size=128 | epoch=7 | lr=1.0e-02 | circles=1 
Training: Epoch=7 | Loss: 18.894 |  Acc: 15.526,17.890,29.170,37.056,48.192,52.930,55.952,56.940,% 
Testing: Epoch=7 | Loss: 24.132 |  Acc: 9.150,7.670,18.300,29.670,43.570,49.560,53.470,54.300,% 

Training Setting: backend=modelC | dataset=cifar100 | adaptive=1 | batch_size=128 | epoch=8 | lr=1.0e-02 | circles=1 
Training: Epoch=8 | Loss: 18.289 |  Acc: 16.132,18.594,30.442,38.374,50.212,55.274,58.636,59.646,% 
Testing: Epoch=8 | Loss: 24.067 |  Acc: 9.520,9.100,20.530,30.920,42.560,50.410,53.910,54.280,% 

Training Setting: backend=modelC | dataset=cifar100 | adaptive=1 | batch_size=128 | epoch=9 | lr=1.0e-02 | circles=1 
Training: Epoch=9 | Loss: 17.753 |  Acc: 16.656,19.352,31.544,39.944,52.254,57.242,61.038,61.964,% 
Testing: Epoch=9 | Loss: 23.683 |  Acc: 9.090,7.590,21.530,32.150,47.810,53.340,58.650,58.520,% 

Training Setting: backend=modelC | dataset=cifar100 | adaptive=1 | batch_size=128 | epoch=10 | lr=1.0e-02 | circles=1 
Training: Epoch=10 | Loss: 17.250 |  Acc: 17.150,20.098,32.672,41.336,53.716,59.374,63.058,64.160,% 
Testing: Epoch=10 | Loss: 23.836 |  Acc: 8.920,7.740,20.150,31.790,46.280,52.990,57.150,57.410,% 

Training Setting: backend=modelC | dataset=cifar100 | adaptive=1 | batch_size=128 | epoch=11 | lr=1.0e-02 | circles=1 
Training: Epoch=11 | Loss: 16.847 |  Acc: 17.656,20.540,33.856,42.636,55.580,61.140,64.678,65.848,% 
Testing: Epoch=11 | Loss: 23.465 |  Acc: 8.180,7.430,20.750,31.070,46.740,54.160,58.660,58.570,% 

Training Setting: backend=modelC | dataset=cifar100 | adaptive=1 | batch_size=128 | epoch=12 | lr=1.0e-02 | circles=1 
Training: Epoch=12 | Loss: 16.456 |  Acc: 17.956,20.890,34.458,43.644,56.806,62.696,66.376,67.688,% 
Testing: Epoch=12 | Loss: 23.471 |  Acc: 9.620,7.650,21.330,33.510,49.510,56.750,60.410,60.260,% 

Training Setting: backend=modelC | dataset=cifar100 | adaptive=1 | batch_size=128 | epoch=13 | lr=1.0e-02 | circles=1 
Training: Epoch=13 | Loss: 16.146 |  Acc: 18.368,21.522,34.918,44.438,57.694,63.868,67.962,68.874,% 
Testing: Epoch=13 | Loss: 22.962 |  Acc: 9.810,7.770,22.800,34.730,49.440,56.720,60.970,61.040,% 

Training Setting: backend=modelC | dataset=cifar100 | adaptive=1 | batch_size=128 | epoch=14 | lr=1.0e-02 | circles=1 
Training: Epoch=14 | Loss: 15.862 |  Acc: 18.686,21.694,35.778,44.928,58.726,65.118,69.082,70.238,% 
Testing: Epoch=14 | Loss: 23.159 |  Acc: 8.850,7.930,21.600,33.180,50.350,57.560,60.910,60.500,% 

Training Setting: backend=modelC | dataset=cifar100 | adaptive=1 | batch_size=128 | epoch=15 | lr=1.0e-02 | circles=1 
Training: Epoch=15 | Loss: 15.546 |  Acc: 19.236,22.394,36.744,46.078,59.884,66.318,70.382,71.614,% 
Testing: Epoch=15 | Loss: 23.087 |  Acc: 9.760,7.940,21.550,32.200,48.180,56.540,60.250,60.430,% 

Training Setting: backend=modelC | dataset=cifar100 | adaptive=1 | batch_size=128 | epoch=16 | lr=1.0e-02 | circles=1 
Training: Epoch=16 | Loss: 15.303 |  Acc: 19.444,22.770,37.096,46.676,60.746,67.130,71.386,72.764,% 
Testing: Epoch=16 | Loss: 22.954 |  Acc: 8.690,8.310,22.050,35.680,50.570,58.430,62.090,62.000,% 

Training Setting: backend=modelC | dataset=cifar100 | adaptive=1 | batch_size=128 | epoch=17 | lr=1.0e-02 | circles=1 
Training: Epoch=17 | Loss: 15.098 |  Acc: 19.646,23.130,37.300,47.326,61.414,68.216,72.598,73.662,% 
Testing: Epoch=17 | Loss: 23.084 |  Acc: 8.800,7.960,21.570,34.080,51.570,58.700,61.930,61.790,% 

Training Setting: backend=modelC | dataset=cifar100 | adaptive=1 | batch_size=128 | epoch=18 | lr=1.0e-02 | circles=1 
Training: Epoch=18 | Loss: 14.895 |  Acc: 19.976,23.338,37.994,48.144,62.088,68.834,73.244,74.504,% 
Testing: Epoch=18 | Loss: 23.276 |  Acc: 9.060,9.310,22.860,33.860,50.560,57.710,61.930,62.030,% 

Training Setting: backend=modelC | dataset=cifar100 | adaptive=1 | batch_size=128 | epoch=19 | lr=1.0e-02 | circles=1 
Training: Epoch=19 | Loss: 14.675 |  Acc: 20.176,23.774,38.588,48.746,62.822,69.740,74.306,75.748,% 
Testing: Epoch=19 | Loss: 23.156 |  Acc: 8.680,7.370,21.370,32.040,49.170,56.600,61.130,60.420,% 

Training Setting: backend=modelC | dataset=cifar100 | adaptive=1 | batch_size=128 | epoch=20 | lr=1.0e-02 | circles=1 
Training: Epoch=20 | Loss: 14.473 |  Acc: 20.548,24.090,38.996,49.476,63.396,70.688,75.102,76.388,% 
Testing: Epoch=20 | Loss: 23.302 |  Acc: 10.380,9.980,21.850,34.430,51.380,59.010,62.900,62.790,% 

Training Setting: backend=modelC | dataset=cifar100 | adaptive=1 | batch_size=128 | epoch=21 | lr=1.0e-02 | circles=1 
Training: Epoch=21 | Loss: 14.337 |  Acc: 20.744,24.380,39.194,49.902,63.742,71.014,75.680,77.338,% 
Testing: Epoch=21 | Loss: 23.344 |  Acc: 9.230,6.610,20.880,33.620,49.840,57.830,61.370,61.060,% 

Training Setting: backend=modelC | dataset=cifar100 | adaptive=1 | batch_size=128 | epoch=22 | lr=1.0e-02 | circles=1 
Training: Epoch=22 | Loss: 14.195 |  Acc: 20.958,24.598,39.330,49.846,64.316,71.700,76.280,77.746,% 
Testing: Epoch=22 | Loss: 22.699 |  Acc: 8.160,7.800,24.020,35.260,52.680,59.980,63.130,62.340,% 

Training Setting: backend=modelC | dataset=cifar100 | adaptive=1 | batch_size=128 | epoch=23 | lr=1.0e-02 | circles=1 
Training: Epoch=23 | Loss: 14.042 |  Acc: 21.236,24.588,40.002,50.460,64.940,72.316,77.106,78.628,% 
Testing: Epoch=23 | Loss: 22.950 |  Acc: 10.240,6.380,23.090,35.760,51.230,58.010,60.870,60.090,% 

Training Setting: backend=modelC | dataset=cifar100 | adaptive=1 | batch_size=128 | epoch=24 | lr=1.0e-02 | circles=1 
Training: Epoch=24 | Loss: 13.944 |  Acc: 21.470,25.022,39.904,50.850,65.342,72.976,77.756,79.080,% 
Testing: Epoch=24 | Loss: 23.173 |  Acc: 7.420,6.310,21.310,34.700,51.250,59.210,62.920,62.350,% 

Training Setting: backend=modelC | dataset=cifar100 | adaptive=1 | batch_size=128 | epoch=25 | lr=1.0e-02 | circles=1 
Training: Epoch=25 | Loss: 13.767 |  Acc: 21.744,25.188,40.686,51.214,65.650,73.606,78.418,79.772,% 
Testing: Epoch=25 | Loss: 22.901 |  Acc: 9.260,8.660,23.710,35.310,52.390,60.640,64.060,63.440,% 

Training Setting: backend=modelC | dataset=cifar100 | adaptive=1 | batch_size=128 | epoch=26 | lr=1.0e-02 | circles=1 
Training: Epoch=26 | Loss: 13.640 |  Acc: 21.680,25.252,40.692,51.756,66.416,74.412,79.180,80.600,% 
Testing: Epoch=26 | Loss: 22.895 |  Acc: 8.820,6.880,23.800,35.620,52.900,59.400,62.120,61.900,% 

Training Setting: backend=modelC | dataset=cifar100 | adaptive=1 | batch_size=128 | epoch=27 | lr=1.0e-02 | circles=1 
Training: Epoch=27 | Loss: 13.539 |  Acc: 22.094,25.568,40.880,51.854,66.578,74.514,79.364,80.576,% 
Testing: Epoch=27 | Loss: 22.914 |  Acc: 8.710,6.060,23.320,33.200,49.450,57.420,59.100,59.400,% 

Training Setting: backend=modelC | dataset=cifar100 | adaptive=1 | batch_size=128 | epoch=28 | lr=1.0e-02 | circles=1 
Training: Epoch=28 | Loss: 13.415 |  Acc: 22.324,26.072,41.334,52.396,66.760,74.860,79.878,81.250,% 
Testing: Epoch=28 | Loss: 22.793 |  Acc: 9.020,7.730,22.430,34.620,51.010,58.940,61.570,60.450,% 

Training Setting: backend=modelC | dataset=cifar100 | adaptive=1 | batch_size=128 | epoch=29 | lr=1.0e-02 | circles=1 
Training: Epoch=29 | Loss: 13.338 |  Acc: 22.298,26.248,41.522,52.382,67.150,75.334,80.278,81.632,% 
Testing: Epoch=29 | Loss: 22.697 |  Acc: 10.260,7.900,23.150,35.120,51.510,57.850,61.500,60.030,% 

Training Setting: backend=modelC | dataset=cifar100 | adaptive=1 | batch_size=128 | epoch=30 | lr=1.0e-02 | circles=1 
Training: Epoch=30 | Loss: 13.237 |  Acc: 22.186,26.000,41.846,52.934,67.434,75.690,80.734,82.098,% 
Testing: Epoch=30 | Loss: 22.689 |  Acc: 9.200,7.260,23.810,37.760,53.900,61.640,64.220,63.740,% 

Training Setting: backend=modelC | dataset=cifar100 | adaptive=1 | batch_size=128 | epoch=31 | lr=1.0e-02 | circles=1 
Training: Epoch=31 | Loss: 13.146 |  Acc: 22.552,26.588,42.108,53.358,67.848,76.130,81.128,82.358,% 
Testing: Epoch=31 | Loss: 22.661 |  Acc: 9.760,7.890,24.200,37.230,54.130,61.580,64.790,64.070,% 

Training Setting: backend=modelC | dataset=cifar100 | adaptive=1 | batch_size=128 | epoch=32 | lr=1.0e-02 | circles=1 



==> Preparing data..
Dataset: CIFAR100
Downloading https://www.cs.toronto.edu/~kriz/cifar-100-python.tar.gz to ../../datasets/torchvision/cifar-100-python.tar.gz
169009152it [00:06, 27422910.41it/s]                   
Extracting ../../datasets/torchvision/cifar-100-python.tar.gz to ../../datasets/torchvision
Files already downloaded and verified
==> Building model..
PredNetBpD(
  (classifiers): ModuleList(
    (0): ClassifierModule(
      (relu): ReLU(inplace=True)
      (BN): BatchNorm2d(64, eps=1e-05, momentum=0.1, affine=True, track_running_stats=True)
      (linear): Linear(in_features=64, out_features=100, bias=True)
      (linear_bw): Linear(in_features=100, out_features=64, bias=True)
      (b0): ParameterList(  (0): Parameter containing: [torch.FloatTensor of size 1x100])
    )
    (1): ClassifierModule(
      (relu): ReLU(inplace=True)
      (BN): BatchNorm2d(64, eps=1e-05, momentum=0.1, affine=True, track_running_stats=True)
      (linear): Linear(in_features=164, out_features=100, bias=True)
      (linear_bw): Linear(in_features=100, out_features=164, bias=True)
      (b0): ParameterList(  (0): Parameter containing: [torch.FloatTensor of size 1x100])
    )
    (2): ClassifierModule(
      (relu): ReLU(inplace=True)
      (BN): BatchNorm2d(128, eps=1e-05, momentum=0.1, affine=True, track_running_stats=True)
      (linear): Linear(in_features=228, out_features=100, bias=True)
      (linear_bw): Linear(in_features=100, out_features=228, bias=True)
      (b0): ParameterList(  (0): Parameter containing: [torch.FloatTensor of size 1x100])
    )
    (3): ClassifierModule(
      (relu): ReLU(inplace=True)
      (BN): BatchNorm2d(128, eps=1e-05, momentum=0.1, affine=True, track_running_stats=True)
      (linear): Linear(in_features=228, out_features=100, bias=True)
      (linear_bw): Linear(in_features=100, out_features=228, bias=True)
      (b0): ParameterList(  (0): Parameter containing: [torch.FloatTensor of size 1x100])
    )
    (4): ClassifierModule(
      (relu): ReLU(inplace=True)
      (BN): BatchNorm2d(256, eps=1e-05, momentum=0.1, affine=True, track_running_stats=True)
      (linear): Linear(in_features=356, out_features=100, bias=True)
      (linear_bw): Linear(in_features=100, out_features=356, bias=True)
      (b0): ParameterList(  (0): Parameter containing: [torch.FloatTensor of size 1x100])
    )
    (5): ClassifierModule(
      (relu): ReLU(inplace=True)
      (BN): BatchNorm2d(256, eps=1e-05, momentum=0.1, affine=True, track_running_stats=True)
      (linear): Linear(in_features=356, out_features=100, bias=True)
      (linear_bw): Linear(in_features=100, out_features=356, bias=True)
      (b0): ParameterList(  (0): Parameter containing: [torch.FloatTensor of size 1x100])
    )
    (6): ClassifierModule(
      (relu): ReLU(inplace=True)
      (BN): BatchNorm2d(512, eps=1e-05, momentum=0.1, affine=True, track_running_stats=True)
      (linear): Linear(in_features=612, out_features=100, bias=True)
      (linear_bw): Linear(in_features=100, out_features=612, bias=True)
      (b0): ParameterList(  (0): Parameter containing: [torch.FloatTensor of size 1x100])
    )
    (7): ClassifierModule(
      (relu): ReLU(inplace=True)
      (BN): BatchNorm2d(512, eps=1e-05, momentum=0.1, affine=True, track_running_stats=True)
      (linear): Linear(in_features=612, out_features=100, bias=True)
      (linear_bw): Linear(in_features=100, out_features=612, bias=True)
      (b0): ParameterList(  (0): Parameter containing: [torch.FloatTensor of size 1x100])
    )
  )
  (PcConvs): ModuleList(
    (0): PcConvBp(
      (FFconv): Conv2d(3, 64, kernel_size=(3, 3), stride=(1, 1), padding=(1, 1), bias=False)
      (FBconv): ConvTranspose2d(64, 3, kernel_size=(3, 3), stride=(1, 1), padding=(1, 1), bias=False)
      (b0): ParameterList(  (0): Parameter containing: [torch.FloatTensor of size 1x64x1x1])
      (relu): ReLU(inplace=True)
      (bypass): Conv2d(3, 64, kernel_size=(1, 1), stride=(1, 1), bias=False)
    )
    (1): PcConvBp(
      (FFconv): Conv2d(64, 64, kernel_size=(3, 3), stride=(1, 1), padding=(1, 1), bias=False)
      (FBconv): ConvTranspose2d(64, 64, kernel_size=(3, 3), stride=(1, 1), padding=(1, 1), bias=False)
      (b0): ParameterList(  (0): Parameter containing: [torch.FloatTensor of size 1x64x1x1])
      (relu): ReLU(inplace=True)
      (bypass): Conv2d(64, 64, kernel_size=(1, 1), stride=(1, 1), bias=False)
    )
    (2): PcConvBp(
      (FFconv): Conv2d(64, 128, kernel_size=(3, 3), stride=(1, 1), padding=(1, 1), bias=False)
      (FBconv): ConvTranspose2d(128, 64, kernel_size=(3, 3), stride=(1, 1), padding=(1, 1), bias=False)
      (b0): ParameterList(  (0): Parameter containing: [torch.FloatTensor of size 1x128x1x1])
      (relu): ReLU(inplace=True)
      (bypass): Conv2d(64, 128, kernel_size=(1, 1), stride=(1, 1), bias=False)
    )
    (3): PcConvBp(
      (FFconv): Conv2d(128, 128, kernel_size=(3, 3), stride=(1, 1), padding=(1, 1), bias=False)
      (FBconv): ConvTranspose2d(128, 128, kernel_size=(3, 3), stride=(1, 1), padding=(1, 1), bias=False)
      (b0): ParameterList(  (0): Parameter containing: [torch.FloatTensor of size 1x128x1x1])
      (relu): ReLU(inplace=True)
      (bypass): Conv2d(128, 128, kernel_size=(1, 1), stride=(1, 1), bias=False)
    )
    (4): PcConvBp(
      (FFconv): Conv2d(128, 256, kernel_size=(3, 3), stride=(1, 1), padding=(1, 1), bias=False)
      (FBconv): ConvTranspose2d(256, 128, kernel_size=(3, 3), stride=(1, 1), padding=(1, 1), bias=False)
      (b0): ParameterList(  (0): Parameter containing: [torch.FloatTensor of size 1x256x1x1])
      (relu): ReLU(inplace=True)
      (bypass): Conv2d(128, 256, kernel_size=(1, 1), stride=(1, 1), bias=False)
    )
    (5): PcConvBp(
      (FFconv): Conv2d(256, 256, kernel_size=(3, 3), stride=(1, 1), padding=(1, 1), bias=False)
      (FBconv): ConvTranspose2d(256, 256, kernel_size=(3, 3), stride=(1, 1), padding=(1, 1), bias=False)
      (b0): ParameterList(  (0): Parameter containing: [torch.FloatTensor of size 1x256x1x1])
      (relu): ReLU(inplace=True)
      (bypass): Conv2d(256, 256, kernel_size=(1, 1), stride=(1, 1), bias=False)
    )
    (6): PcConvBp(
      (FFconv): Conv2d(256, 512, kernel_size=(3, 3), stride=(1, 1), padding=(1, 1), bias=False)
      (FBconv): ConvTranspose2d(512, 256, kernel_size=(3, 3), stride=(1, 1), padding=(1, 1), bias=False)
      (b0): ParameterList(  (0): Parameter containing: [torch.FloatTensor of size 1x512x1x1])
      (relu): ReLU(inplace=True)
      (bypass): Conv2d(256, 512, kernel_size=(1, 1), stride=(1, 1), bias=False)
    )
    (7): PcConvBp(
      (FFconv): Conv2d(512, 512, kernel_size=(3, 3), stride=(1, 1), padding=(1, 1), bias=False)
      (FBconv): ConvTranspose2d(512, 512, kernel_size=(3, 3), stride=(1, 1), padding=(1, 1), bias=False)
      (b0): ParameterList(  (0): Parameter containing: [torch.FloatTensor of size 1x512x1x1])
      (relu): ReLU(inplace=True)
      (bypass): Conv2d(512, 512, kernel_size=(1, 1), stride=(1, 1), bias=False)
    )
  )
  (BNs): ModuleList(
    (0): BatchNorm2d(3, eps=1e-05, momentum=0.1, affine=True, track_running_stats=True)
    (1): BatchNorm2d(64, eps=1e-05, momentum=0.1, affine=True, track_running_stats=True)
    (2): BatchNorm2d(64, eps=1e-05, momentum=0.1, affine=True, track_running_stats=True)
    (3): BatchNorm2d(128, eps=1e-05, momentum=0.1, affine=True, track_running_stats=True)
    (4): BatchNorm2d(128, eps=1e-05, momentum=0.1, affine=True, track_running_stats=True)
    (5): BatchNorm2d(256, eps=1e-05, momentum=0.1, affine=True, track_running_stats=True)
    (6): BatchNorm2d(256, eps=1e-05, momentum=0.1, affine=True, track_running_stats=True)
    (7): BatchNorm2d(512, eps=1e-05, momentum=0.1, affine=True, track_running_stats=True)
  )
  (maxpool2d): MaxPool2d(kernel_size=2, stride=2, padding=0, dilation=1, ceil_mode=False)
)

Epoch: 0
Batch: 0 | Loss: 38.086 | Acc: 0.781,0.781,0.000,1.562,0.781,1.562,0.781,0.781,%
Batch: 20 | Loss: 36.274 | Acc: 1.190,1.711,2.381,3.460,3.534,3.683,3.869,4.650,%
Batch: 40 | Loss: 35.517 | Acc: 1.810,2.801,3.468,3.811,4.421,4.878,4.935,5.507,%
Batch: 60 | Loss: 35.007 | Acc: 2.049,3.458,4.470,4.547,5.072,5.520,5.815,6.173,%
Batch: 80 | Loss: 34.613 | Acc: 2.411,3.800,4.736,5.150,5.710,6.356,6.510,6.655,%
Batch: 100 | Loss: 34.204 | Acc: 2.831,4.285,5.167,5.848,6.381,7.047,7.054,7.271,%
Batch: 120 | Loss: 33.943 | Acc: 2.925,4.378,5.378,6.166,6.747,7.438,7.425,7.645,%
Batch: 140 | Loss: 33.645 | Acc: 3.308,4.760,5.707,6.560,7.353,7.973,7.990,8.167,%
Batch: 160 | Loss: 33.423 | Acc: 3.455,5.013,6.051,7.007,7.846,8.531,8.555,8.705,%
Batch: 180 | Loss: 33.232 | Acc: 3.643,5.154,6.254,7.243,8.197,8.775,8.818,8.978,%
Batch: 200 | Loss: 33.052 | Acc: 3.778,5.337,6.483,7.568,8.535,9.056,9.212,9.328,%
Batch: 220 | Loss: 32.814 | Acc: 3.991,5.525,6.805,7.975,8.961,9.509,9.760,9.870,%
Batch: 240 | Loss: 32.619 | Acc: 4.136,5.738,7.025,8.289,9.252,9.900,10.114,10.338,%
Batch: 260 | Loss: 32.445 | Acc: 4.227,5.825,7.190,8.507,9.602,10.261,10.515,10.764,%
Batch: 280 | Loss: 32.312 | Acc: 4.348,5.850,7.240,8.685,9.748,10.587,10.771,11.082,%
Batch: 300 | Loss: 32.159 | Acc: 4.431,5.928,7.426,8.926,10.039,10.847,11.145,11.446,%
Batch: 320 | Loss: 31.997 | Acc: 4.534,6.106,7.662,9.180,10.407,11.251,11.607,11.862,%
Batch: 340 | Loss: 31.835 | Acc: 4.644,6.223,7.863,9.402,10.699,11.609,12.026,12.241,%
Batch: 360 | Loss: 31.682 | Acc: 4.742,6.295,8.031,9.607,11.005,11.944,12.353,12.584,%
Batch: 380 | Loss: 31.553 | Acc: 4.860,6.332,8.169,9.773,11.223,12.203,12.656,12.920,%
Batch: 0 | Loss: 31.019 | Acc: 7.031,7.031,11.719,14.844,17.188,21.875,17.969,23.438,%
Batch: 20 | Loss: 31.165 | Acc: 6.808,7.440,9.449,13.207,15.811,18.601,18.378,18.006,%
Batch: 40 | Loss: 31.123 | Acc: 6.498,7.203,9.432,13.072,15.892,18.579,19.512,19.188,%
Batch: 60 | Loss: 31.116 | Acc: 6.352,7.249,9.285,13.064,15.881,18.443,19.493,19.249,%

Epoch: 1
Batch: 0 | Loss: 29.603 | Acc: 3.125,7.031,9.375,13.281,13.281,13.281,18.750,21.875,%
Batch: 20 | Loss: 28.030 | Acc: 7.106,8.705,11.756,15.662,18.862,20.387,20.908,21.912,%
Batch: 40 | Loss: 28.062 | Acc: 6.936,8.746,12.538,15.892,18.883,20.312,21.246,21.989,%
Batch: 60 | Loss: 28.211 | Acc: 6.993,8.850,12.129,15.740,18.827,20.658,21.555,22.221,%
Batch: 80 | Loss: 27.998 | Acc: 7.137,9.144,12.558,16.213,19.174,21.518,22.116,23.119,%
Batch: 100 | Loss: 28.007 | Acc: 7.217,9.004,12.554,16.174,19.083,21.635,22.184,23.391,%
Batch: 120 | Loss: 27.935 | Acc: 7.483,9.252,12.849,16.400,19.486,21.746,22.463,23.560,%
Batch: 140 | Loss: 27.878 | Acc: 7.358,9.148,12.877,16.445,19.515,21.714,22.656,23.498,%
Batch: 160 | Loss: 27.753 | Acc: 7.424,9.215,13.116,16.785,19.949,22.011,23.010,23.869,%
Batch: 180 | Loss: 27.665 | Acc: 7.437,9.431,13.337,16.916,20.084,22.199,23.239,24.150,%
Batch: 200 | Loss: 27.619 | Acc: 7.400,9.492,13.476,17.040,20.367,22.407,23.274,24.316,%
Batch: 220 | Loss: 27.563 | Acc: 7.385,9.488,13.571,17.233,20.556,22.646,23.505,24.562,%
Batch: 240 | Loss: 27.495 | Acc: 7.453,9.508,13.774,17.369,20.714,22.848,23.707,24.805,%
Batch: 260 | Loss: 27.427 | Acc: 7.405,9.495,13.814,17.415,20.821,23.066,23.991,25.000,%
Batch: 280 | Loss: 27.393 | Acc: 7.437,9.514,13.904,17.479,20.907,23.159,24.213,25.111,%
Batch: 300 | Loss: 27.337 | Acc: 7.462,9.606,14.024,17.634,21.102,23.375,24.408,25.322,%
Batch: 320 | Loss: 27.287 | Acc: 7.557,9.721,14.145,17.733,21.296,23.569,24.625,25.509,%
Batch: 340 | Loss: 27.176 | Acc: 7.675,9.897,14.450,18.015,21.559,23.857,24.991,25.843,%
Batch: 360 | Loss: 27.111 | Acc: 7.748,9.957,14.586,18.157,21.775,24.037,25.219,26.104,%
Batch: 380 | Loss: 27.048 | Acc: 7.765,9.966,14.682,18.250,21.961,24.241,25.439,26.284,%
Batch: 0 | Loss: 29.007 | Acc: 6.250,9.375,14.062,23.438,24.219,31.250,32.031,31.250,%
Batch: 20 | Loss: 29.420 | Acc: 7.068,7.626,11.868,17.039,23.661,26.786,28.609,29.353,%
Batch: 40 | Loss: 29.441 | Acc: 6.688,7.355,11.909,16.902,23.742,26.925,28.620,29.135,%
Batch: 60 | Loss: 29.434 | Acc: 6.404,7.403,11.732,16.496,23.630,26.908,28.714,29.329,%

Epoch: 2
Batch: 0 | Loss: 24.929 | Acc: 8.594,14.062,20.312,24.219,31.250,34.375,35.156,29.688,%
Batch: 20 | Loss: 25.507 | Acc: 8.705,10.900,16.592,21.726,26.897,30.432,30.804,32.366,%
Batch: 40 | Loss: 25.283 | Acc: 8.537,11.071,16.578,20.998,26.258,29.783,31.288,32.241,%
Batch: 60 | Loss: 25.389 | Acc: 8.376,10.822,16.560,20.620,25.999,28.881,30.725,31.775,%
Batch: 80 | Loss: 25.292 | Acc: 8.478,11.111,16.715,20.747,26.196,29.109,31.144,32.002,%
Batch: 100 | Loss: 25.251 | Acc: 8.547,11.301,16.979,20.947,26.524,29.448,31.397,32.310,%
Batch: 120 | Loss: 25.210 | Acc: 8.723,11.209,17.149,21.300,26.995,29.875,31.844,32.567,%
Batch: 140 | Loss: 25.156 | Acc: 8.760,11.248,17.320,21.426,27.200,30.109,32.153,32.879,%
Batch: 160 | Loss: 25.082 | Acc: 8.924,11.292,17.663,21.676,27.397,30.139,32.337,33.036,%
Batch: 180 | Loss: 25.049 | Acc: 8.982,11.348,17.792,21.879,27.495,30.175,32.484,33.223,%
Batch: 200 | Loss: 25.015 | Acc: 9.014,11.439,17.910,21.953,27.635,30.477,32.700,33.396,%
Batch: 220 | Loss: 24.948 | Acc: 9.071,11.475,18.015,22.045,27.828,30.653,32.947,33.714,%
Batch: 240 | Loss: 24.934 | Acc: 9.083,11.550,17.969,22.095,27.768,30.683,32.890,33.720,%
Batch: 260 | Loss: 24.889 | Acc: 9.073,11.617,18.050,22.207,27.898,30.747,33.118,33.914,%
Batch: 280 | Loss: 24.845 | Acc: 9.114,11.638,18.149,22.323,28.005,30.886,33.271,34.058,%
Batch: 300 | Loss: 24.843 | Acc: 9.121,11.602,18.148,22.347,28.112,30.926,33.321,34.087,%
Batch: 320 | Loss: 24.825 | Acc: 9.085,11.556,18.156,22.449,28.179,31.053,33.348,34.163,%
Batch: 340 | Loss: 24.786 | Acc: 9.148,11.600,18.267,22.562,28.295,31.161,33.454,34.331,%
Batch: 360 | Loss: 24.734 | Acc: 9.265,11.686,18.445,22.687,28.437,31.363,33.609,34.462,%
Batch: 380 | Loss: 24.679 | Acc: 9.377,11.754,18.588,22.845,28.636,31.592,33.807,34.689,%
Batch: 0 | Loss: 27.489 | Acc: 5.469,9.375,17.188,28.125,25.781,29.688,31.250,40.625,%
Batch: 20 | Loss: 27.844 | Acc: 8.073,9.040,14.100,21.763,28.013,32.403,35.305,35.900,%
Batch: 40 | Loss: 27.835 | Acc: 7.736,8.975,14.177,22.161,28.678,32.870,35.595,36.319,%
Batch: 60 | Loss: 27.868 | Acc: 7.953,9.016,14.229,21.901,28.496,32.659,35.540,36.283,%

Epoch: 3
Batch: 0 | Loss: 24.192 | Acc: 10.938,15.625,25.781,22.656,32.812,37.500,42.188,34.375,%
Batch: 20 | Loss: 23.681 | Acc: 9.859,12.537,20.350,25.223,32.217,35.714,37.277,39.062,%
Batch: 40 | Loss: 23.651 | Acc: 10.366,12.405,20.770,25.305,31.402,34.928,37.576,39.196,%
Batch: 60 | Loss: 23.606 | Acc: 10.233,12.372,20.351,25.179,31.737,35.400,37.884,39.472,%
Batch: 80 | Loss: 23.501 | Acc: 10.272,12.606,20.525,25.473,32.263,36.130,38.590,40.143,%
Batch: 100 | Loss: 23.474 | Acc: 10.404,12.763,20.715,25.511,32.317,36.170,38.312,40.037,%
Batch: 120 | Loss: 23.456 | Acc: 10.447,12.752,20.790,25.407,32.244,36.170,38.507,39.992,%
Batch: 140 | Loss: 23.402 | Acc: 10.527,12.755,20.867,25.593,32.502,36.464,38.835,40.204,%
Batch: 160 | Loss: 23.405 | Acc: 10.656,12.811,20.909,25.548,32.565,36.500,38.805,40.101,%
Batch: 180 | Loss: 23.392 | Acc: 10.627,12.837,21.072,25.574,32.618,36.533,38.877,40.081,%
Batch: 200 | Loss: 23.315 | Acc: 10.650,12.893,21.218,25.843,32.910,36.762,39.059,40.232,%
Batch: 220 | Loss: 23.310 | Acc: 10.609,12.956,21.126,25.693,32.866,36.662,38.886,40.243,%
Batch: 240 | Loss: 23.273 | Acc: 10.604,12.941,21.133,25.781,33.052,36.793,38.978,40.314,%
Batch: 260 | Loss: 23.241 | Acc: 10.620,12.973,21.216,25.889,33.223,36.838,39.071,40.439,%
Batch: 280 | Loss: 23.224 | Acc: 10.704,13.076,21.302,25.856,33.266,36.783,39.132,40.411,%
Batch: 300 | Loss: 23.184 | Acc: 10.784,13.167,21.392,26.028,33.459,36.885,39.197,40.532,%
Batch: 320 | Loss: 23.148 | Acc: 10.784,13.225,21.532,26.124,33.596,37.045,39.330,40.654,%
Batch: 340 | Loss: 23.066 | Acc: 10.876,13.341,21.664,26.281,33.903,37.328,39.663,40.973,%
Batch: 360 | Loss: 23.015 | Acc: 10.914,13.405,21.775,26.467,34.063,37.537,39.742,41.097,%
Batch: 380 | Loss: 22.971 | Acc: 11.001,13.495,21.842,26.585,34.281,37.703,39.922,41.330,%
Batch: 0 | Loss: 26.523 | Acc: 5.469,8.594,15.625,22.656,28.906,35.156,39.062,41.406,%
Batch: 20 | Loss: 27.158 | Acc: 7.924,8.222,15.179,21.019,28.571,33.408,37.426,38.095,%
Batch: 40 | Loss: 27.205 | Acc: 7.812,7.927,14.768,20.865,28.678,33.117,36.795,37.424,%
Batch: 60 | Loss: 27.231 | Acc: 7.915,7.851,14.626,20.710,28.676,33.389,36.872,37.551,%

Epoch: 4
Batch: 0 | Loss: 22.869 | Acc: 10.156,18.750,31.250,35.156,39.844,40.625,42.188,44.531,%
Batch: 20 | Loss: 22.303 | Acc: 11.347,13.058,23.363,29.204,37.909,40.513,42.299,44.196,%
Batch: 40 | Loss: 22.158 | Acc: 11.814,14.253,23.323,28.697,37.424,40.530,43.197,44.455,%
Batch: 60 | Loss: 22.034 | Acc: 11.565,13.947,23.143,28.509,37.487,41.060,43.724,45.044,%
Batch: 80 | Loss: 22.025 | Acc: 11.526,14.062,23.389,28.926,37.683,41.310,43.866,45.139,%
Batch: 100 | Loss: 21.976 | Acc: 11.858,14.140,23.453,29.270,37.802,41.654,44.144,45.359,%
Batch: 120 | Loss: 21.956 | Acc: 11.983,14.269,23.412,29.119,37.577,41.439,44.137,45.319,%
Batch: 140 | Loss: 21.964 | Acc: 11.985,14.273,23.227,28.917,37.373,41.307,43.955,44.969,%
Batch: 160 | Loss: 21.878 | Acc: 12.063,14.460,23.404,29.217,37.689,41.576,44.245,45.206,%
Batch: 180 | Loss: 21.864 | Acc: 12.068,14.494,23.438,29.152,37.720,41.458,44.138,45.183,%
Batch: 200 | Loss: 21.820 | Acc: 12.146,14.533,23.566,29.233,37.900,41.682,44.345,45.371,%
Batch: 220 | Loss: 21.790 | Acc: 12.221,14.618,23.607,29.281,38.002,41.749,44.411,45.450,%
Batch: 240 | Loss: 21.736 | Acc: 12.296,14.763,23.655,29.412,38.265,41.999,44.703,45.766,%
Batch: 260 | Loss: 21.756 | Acc: 12.299,14.745,23.608,29.328,38.165,41.831,44.531,45.770,%
Batch: 280 | Loss: 21.737 | Acc: 12.367,14.763,23.649,29.457,38.151,41.846,44.579,45.891,%
Batch: 300 | Loss: 21.706 | Acc: 12.404,14.813,23.806,29.560,38.237,41.985,44.729,46.006,%
Batch: 320 | Loss: 21.684 | Acc: 12.376,14.768,23.832,29.580,38.439,42.059,44.838,46.065,%
Batch: 340 | Loss: 21.656 | Acc: 12.456,14.864,23.880,29.701,38.538,42.201,44.946,46.121,%
Batch: 360 | Loss: 21.622 | Acc: 12.470,14.883,23.933,29.822,38.714,42.335,45.105,46.308,%
Batch: 380 | Loss: 21.615 | Acc: 12.492,14.875,23.880,29.796,38.704,42.343,45.148,46.301,%
Batch: 0 | Loss: 25.438 | Acc: 7.812,7.031,18.750,30.469,39.844,46.875,51.562,50.781,%
Batch: 20 | Loss: 25.972 | Acc: 7.924,7.106,16.815,27.455,35.863,41.927,45.908,46.466,%
Batch: 40 | Loss: 26.053 | Acc: 7.908,7.088,16.540,27.001,36.319,41.597,45.808,46.094,%
Batch: 60 | Loss: 26.056 | Acc: 7.877,6.814,16.752,27.357,36.296,41.624,45.825,46.427,%

Epoch: 5
Batch: 0 | Loss: 19.846 | Acc: 14.844,17.969,30.469,38.281,48.438,46.875,45.312,48.438,%
Batch: 20 | Loss: 20.408 | Acc: 14.472,17.708,26.935,33.780,43.676,47.917,49.293,51.116,%
Batch: 40 | Loss: 20.520 | Acc: 14.215,17.226,26.753,33.098,42.588,46.856,49.143,50.553,%
Batch: 60 | Loss: 20.686 | Acc: 13.730,16.355,26.012,32.467,41.842,46.068,48.796,49.923,%
Batch: 80 | Loss: 20.702 | Acc: 13.927,16.426,25.791,32.253,41.840,45.669,48.736,50.000,%
Batch: 100 | Loss: 20.740 | Acc: 13.761,16.267,25.541,32.364,41.832,45.599,48.453,49.954,%
Batch: 120 | Loss: 20.765 | Acc: 13.895,16.064,25.433,32.212,41.652,45.538,48.528,49.871,%
Batch: 140 | Loss: 20.750 | Acc: 13.835,16.268,25.654,32.364,41.606,45.673,48.598,49.845,%
Batch: 160 | Loss: 20.731 | Acc: 13.742,16.183,25.655,32.327,41.479,45.609,48.607,49.835,%
Batch: 180 | Loss: 20.734 | Acc: 13.687,16.126,25.630,32.277,41.562,45.584,48.645,49.883,%
Batch: 200 | Loss: 20.703 | Acc: 13.608,16.138,25.704,32.319,41.713,45.596,48.764,49.949,%
Batch: 220 | Loss: 20.670 | Acc: 13.515,16.056,25.643,32.318,41.799,45.673,48.784,49.933,%
Batch: 240 | Loss: 20.645 | Acc: 13.644,16.247,25.723,32.349,41.860,45.789,48.833,50.016,%
Batch: 260 | Loss: 20.617 | Acc: 13.766,16.319,25.850,32.471,41.969,45.968,48.854,50.093,%
Batch: 280 | Loss: 20.570 | Acc: 13.843,16.331,25.954,32.568,42.104,46.110,48.918,50.164,%
Batch: 300 | Loss: 20.569 | Acc: 13.754,16.238,25.877,32.506,42.058,46.127,48.832,50.119,%
Batch: 320 | Loss: 20.540 | Acc: 13.848,16.309,25.925,32.552,42.202,46.252,48.997,50.253,%
Batch: 340 | Loss: 20.526 | Acc: 13.872,16.305,26.084,32.657,42.224,46.305,49.010,50.291,%
Batch: 360 | Loss: 20.507 | Acc: 13.883,16.350,26.136,32.748,42.302,46.401,49.106,50.348,%
Batch: 380 | Loss: 20.500 | Acc: 13.901,16.392,26.140,32.812,42.370,46.414,49.122,50.404,%
Batch: 0 | Loss: 25.059 | Acc: 6.250,11.719,17.188,28.906,32.812,43.750,50.781,48.438,%
Batch: 20 | Loss: 25.536 | Acc: 9.003,7.961,16.034,25.149,36.570,42.708,46.912,47.433,%
Batch: 40 | Loss: 25.578 | Acc: 9.375,7.565,16.349,25.648,37.595,43.045,47.008,47.351,%
Batch: 60 | Loss: 25.591 | Acc: 9.106,7.505,16.445,25.435,37.205,43.007,47.246,47.874,%

Epoch: 6
Batch: 0 | Loss: 19.934 | Acc: 14.844,17.188,26.562,25.000,39.062,46.094,52.344,57.812,%
Batch: 20 | Loss: 19.880 | Acc: 14.955,16.704,26.414,34.710,43.452,48.772,51.339,52.902,%
Batch: 40 | Loss: 19.710 | Acc: 15.015,16.825,27.058,35.194,43.998,49.524,52.058,53.411,%
Batch: 60 | Loss: 19.640 | Acc: 14.831,17.111,27.549,35.412,44.915,49.718,52.715,53.804,%
Batch: 80 | Loss: 19.704 | Acc: 14.853,17.159,27.498,35.340,45.129,49.431,52.517,53.549,%
Batch: 100 | Loss: 19.769 | Acc: 15.006,17.273,27.638,35.272,44.941,49.273,52.251,53.164,%
Batch: 120 | Loss: 19.795 | Acc: 14.837,17.033,27.563,35.163,44.783,49.051,51.898,53.022,%
Batch: 140 | Loss: 19.791 | Acc: 14.766,17.005,27.626,35.129,44.825,49.102,51.834,52.998,%
Batch: 160 | Loss: 19.784 | Acc: 14.795,16.887,27.480,34.982,45.002,49.194,51.956,53.227,%
Batch: 180 | Loss: 19.812 | Acc: 14.770,16.829,27.344,34.850,44.803,48.968,51.821,53.030,%
Batch: 200 | Loss: 19.816 | Acc: 14.797,16.803,27.313,34.771,44.877,48.982,51.854,53.055,%
Batch: 220 | Loss: 19.841 | Acc: 14.579,16.636,27.103,34.569,44.740,48.837,51.831,52.945,%
Batch: 240 | Loss: 19.821 | Acc: 14.552,16.610,27.110,34.667,44.810,48.933,51.883,52.956,%
Batch: 260 | Loss: 19.791 | Acc: 14.601,16.637,27.158,34.734,44.968,49.105,52.053,53.179,%
Batch: 280 | Loss: 19.779 | Acc: 14.666,16.707,27.241,34.809,45.090,49.180,52.130,53.250,%
Batch: 300 | Loss: 19.768 | Acc: 14.639,16.738,27.204,34.744,45.081,49.206,52.167,53.304,%
Batch: 320 | Loss: 19.738 | Acc: 14.659,16.818,27.280,34.864,45.171,49.362,52.310,53.456,%
Batch: 340 | Loss: 19.723 | Acc: 14.697,16.839,27.323,34.939,45.237,49.496,52.390,53.563,%
Batch: 360 | Loss: 19.693 | Acc: 14.785,16.904,27.346,35.042,45.343,49.515,52.396,53.597,%
Batch: 380 | Loss: 19.676 | Acc: 14.754,16.921,27.375,35.019,45.425,49.602,52.391,53.679,%
Batch: 0 | Loss: 24.518 | Acc: 5.469,9.375,21.094,30.469,42.969,50.000,51.562,51.562,%
Batch: 20 | Loss: 24.825 | Acc: 9.040,8.259,19.010,28.311,40.216,47.024,51.042,51.376,%
Batch: 40 | Loss: 24.952 | Acc: 8.956,8.136,18.598,28.544,40.149,46.418,50.343,50.877,%
Batch: 60 | Loss: 24.972 | Acc: 8.978,7.851,18.622,28.919,40.369,46.747,50.730,51.178,%

Epoch: 7
Batch: 0 | Loss: 18.436 | Acc: 13.281,14.062,30.469,39.062,47.656,48.438,57.031,57.812,%
Batch: 20 | Loss: 18.809 | Acc: 15.030,18.118,28.571,36.496,48.251,52.976,55.320,57.031,%
Batch: 40 | Loss: 18.808 | Acc: 14.691,18.045,29.116,37.252,49.162,53.582,56.193,57.279,%
Batch: 60 | Loss: 18.829 | Acc: 14.959,17.943,28.804,37.295,49.078,53.612,56.429,57.736,%
Batch: 80 | Loss: 18.871 | Acc: 14.998,18.017,28.636,37.047,48.534,53.414,56.154,57.350,%
Batch: 100 | Loss: 18.924 | Acc: 15.107,17.969,28.636,36.827,48.066,53.086,55.770,57.124,%
Batch: 120 | Loss: 18.964 | Acc: 14.934,17.756,28.512,36.570,47.934,52.841,55.630,57.141,%
Batch: 140 | Loss: 18.937 | Acc: 15.099,17.869,28.635,36.547,47.967,52.820,55.812,57.397,%
Batch: 160 | Loss: 18.937 | Acc: 15.242,17.852,28.717,36.709,48.112,52.717,55.857,57.308,%
Batch: 180 | Loss: 18.946 | Acc: 15.193,17.766,28.725,36.745,48.088,52.715,55.849,57.213,%
Batch: 200 | Loss: 18.957 | Acc: 15.217,17.666,28.762,36.808,48.029,52.717,55.924,57.214,%
Batch: 220 | Loss: 18.938 | Acc: 15.293,17.845,28.942,36.892,48.091,52.694,55.928,57.098,%
Batch: 240 | Loss: 18.922 | Acc: 15.327,17.833,28.922,36.907,48.016,52.700,55.955,57.125,%
Batch: 260 | Loss: 18.913 | Acc: 15.403,17.873,29.005,36.886,47.950,52.718,55.843,57.001,%
Batch: 280 | Loss: 18.917 | Acc: 15.469,17.880,29.112,36.916,48.015,52.672,55.805,56.923,%
Batch: 300 | Loss: 18.934 | Acc: 15.456,17.852,29.033,36.880,48.061,52.736,55.780,56.829,%
Batch: 320 | Loss: 18.906 | Acc: 15.503,17.954,29.157,37.038,48.194,52.860,55.895,56.895,%
Batch: 340 | Loss: 18.902 | Acc: 15.529,17.934,29.193,37.101,48.202,52.868,55.922,56.908,%
Batch: 360 | Loss: 18.897 | Acc: 15.538,17.904,29.220,37.147,48.215,52.887,55.941,56.906,%
Batch: 380 | Loss: 18.897 | Acc: 15.479,17.887,29.199,37.069,48.179,52.934,55.922,56.912,%
Batch: 0 | Loss: 23.800 | Acc: 6.250,10.938,17.969,32.031,41.406,49.219,56.250,57.812,%
Batch: 20 | Loss: 24.147 | Acc: 8.482,8.259,18.638,29.576,43.713,48.698,53.943,54.353,%
Batch: 40 | Loss: 24.170 | Acc: 8.918,8.098,18.350,29.592,43.350,49.123,53.525,54.097,%
Batch: 60 | Loss: 24.216 | Acc: 8.888,7.684,18.084,29.636,43.379,49.155,53.087,53.945,%

Epoch: 8
Batch: 0 | Loss: 18.453 | Acc: 10.938,17.188,30.469,42.188,47.656,55.469,58.594,61.719,%
Batch: 20 | Loss: 18.394 | Acc: 14.993,19.754,31.101,38.542,48.921,52.976,58.222,59.821,%
Batch: 40 | Loss: 18.246 | Acc: 15.968,19.207,30.755,38.510,50.267,54.897,58.994,60.709,%
Batch: 60 | Loss: 18.225 | Acc: 16.112,19.390,31.032,38.691,50.538,55.149,58.683,60.566,%
Batch: 80 | Loss: 18.262 | Acc: 16.001,19.194,30.758,38.609,50.521,55.257,58.574,60.147,%
Batch: 100 | Loss: 18.234 | Acc: 15.996,19.021,30.840,38.800,50.472,55.291,58.532,60.002,%
Batch: 120 | Loss: 18.310 | Acc: 15.987,18.737,30.669,38.436,50.200,55.068,58.568,59.788,%
Batch: 140 | Loss: 18.294 | Acc: 15.908,18.750,30.818,38.442,50.294,55.120,58.621,59.752,%
Batch: 160 | Loss: 18.303 | Acc: 15.906,18.745,30.721,38.383,50.078,55.003,58.492,59.768,%
Batch: 180 | Loss: 18.268 | Acc: 16.130,18.888,30.823,38.484,50.216,55.257,58.671,59.854,%
Batch: 200 | Loss: 18.288 | Acc: 16.115,18.859,30.869,38.600,50.171,55.224,58.671,59.771,%
Batch: 220 | Loss: 18.323 | Acc: 16.074,18.799,30.674,38.373,50.067,55.186,58.654,59.637,%
Batch: 240 | Loss: 18.347 | Acc: 16.020,18.614,30.517,38.330,50.023,55.021,58.458,59.505,%
Batch: 260 | Loss: 18.344 | Acc: 16.158,18.666,30.529,38.380,49.949,54.975,58.459,59.408,%
Batch: 280 | Loss: 18.320 | Acc: 16.159,18.680,30.566,38.384,50.067,55.141,58.577,59.542,%
Batch: 300 | Loss: 18.328 | Acc: 16.186,18.690,30.557,38.359,50.018,55.085,58.524,59.536,%
Batch: 320 | Loss: 18.310 | Acc: 16.219,18.672,30.551,38.345,50.129,55.160,58.672,59.643,%
Batch: 340 | Loss: 18.309 | Acc: 16.177,18.665,30.540,38.316,50.137,55.182,58.642,59.657,%
Batch: 360 | Loss: 18.293 | Acc: 16.220,18.683,30.557,38.433,50.195,55.229,58.624,59.671,%
Batch: 380 | Loss: 18.288 | Acc: 16.166,18.637,30.491,38.396,50.201,55.247,58.631,59.656,%
Batch: 0 | Loss: 23.804 | Acc: 10.938,10.938,23.438,27.344,39.844,55.469,57.812,57.812,%
Batch: 20 | Loss: 24.139 | Acc: 8.966,9.226,20.647,29.725,41.704,49.144,53.385,53.051,%
Batch: 40 | Loss: 24.124 | Acc: 9.261,9.032,20.179,30.812,42.054,49.581,53.277,53.659,%
Batch: 60 | Loss: 24.132 | Acc: 9.260,8.978,20.479,30.827,42.303,50.205,53.753,54.047,%

Epoch: 9
Batch: 0 | Loss: 18.183 | Acc: 22.656,25.781,28.125,39.062,50.781,56.250,61.719,61.719,%
Batch: 20 | Loss: 17.846 | Acc: 16.481,19.643,31.027,39.955,52.641,57.775,61.830,63.170,%
Batch: 40 | Loss: 17.594 | Acc: 16.159,19.379,31.612,40.339,53.087,58.632,62.348,63.110,%
Batch: 60 | Loss: 17.633 | Acc: 16.560,19.621,31.583,39.793,52.933,58.389,61.783,62.756,%
Batch: 80 | Loss: 17.751 | Acc: 16.512,19.618,31.414,39.670,52.431,57.928,61.400,62.307,%
Batch: 100 | Loss: 17.765 | Acc: 16.561,19.423,31.405,39.867,52.491,57.859,61.386,62.013,%
Batch: 120 | Loss: 17.728 | Acc: 16.522,19.383,31.566,39.966,52.608,57.896,61.351,62.067,%
Batch: 140 | Loss: 17.748 | Acc: 16.401,19.166,31.427,39.871,52.532,57.691,61.275,62.062,%
Batch: 160 | Loss: 17.759 | Acc: 16.372,19.293,31.468,39.839,52.329,57.361,60.991,61.927,%
Batch: 180 | Loss: 17.774 | Acc: 16.441,19.315,31.651,39.939,52.210,57.368,60.950,61.922,%
Batch: 200 | Loss: 17.798 | Acc: 16.441,19.286,31.534,39.789,52.052,57.315,60.829,61.890,%
Batch: 220 | Loss: 17.777 | Acc: 16.456,19.323,31.550,39.826,52.213,57.254,60.870,61.885,%
Batch: 240 | Loss: 17.775 | Acc: 16.458,19.356,31.555,39.802,52.224,57.206,60.886,61.813,%
Batch: 260 | Loss: 17.784 | Acc: 16.454,19.349,31.451,39.715,52.173,57.163,60.869,61.803,%
Batch: 280 | Loss: 17.798 | Acc: 16.542,19.376,31.411,39.752,52.124,57.126,60.804,61.710,%
Batch: 300 | Loss: 17.766 | Acc: 16.611,19.360,31.437,39.826,52.193,57.145,60.917,61.820,%
Batch: 320 | Loss: 17.762 | Acc: 16.577,19.346,31.447,39.863,52.234,57.151,60.957,61.887,%
Batch: 340 | Loss: 17.758 | Acc: 16.573,19.366,31.456,39.906,52.257,57.196,60.990,61.895,%
Batch: 360 | Loss: 17.748 | Acc: 16.627,19.399,31.551,39.928,52.253,57.237,61.015,61.924,%
Batch: 380 | Loss: 17.751 | Acc: 16.636,19.384,31.506,39.942,52.229,57.255,60.993,61.928,%
Batch: 0 | Loss: 22.852 | Acc: 7.031,10.938,21.094,37.500,49.219,63.281,61.719,58.594,%
Batch: 20 | Loss: 23.669 | Acc: 8.333,7.701,22.135,32.366,47.470,54.353,58.705,57.775,%
Batch: 40 | Loss: 23.716 | Acc: 8.918,7.393,21.418,32.184,47.351,53.582,58.365,58.365,%
Batch: 60 | Loss: 23.738 | Acc: 8.876,7.569,21.324,32.198,47.656,53.394,58.402,58.248,%

Epoch: 10
Batch: 0 | Loss: 17.356 | Acc: 19.531,16.406,32.812,36.719,47.656,50.781,62.500,67.969,%
Batch: 20 | Loss: 17.066 | Acc: 17.783,20.312,34.487,42.746,54.241,60.379,64.881,66.443,%
Batch: 40 | Loss: 17.206 | Acc: 17.188,20.312,33.498,41.997,53.944,59.642,64.310,64.977,%
Batch: 60 | Loss: 17.208 | Acc: 17.021,19.928,32.941,41.342,53.778,59.273,63.896,64.741,%
Batch: 80 | Loss: 17.182 | Acc: 17.043,19.657,32.677,41.599,53.704,59.443,63.995,64.834,%
Batch: 100 | Loss: 17.148 | Acc: 17.195,19.779,32.843,41.816,53.721,59.700,63.854,64.882,%
Batch: 120 | Loss: 17.179 | Acc: 17.142,20.035,32.735,41.658,53.706,59.517,63.669,64.702,%
Batch: 140 | Loss: 17.152 | Acc: 17.221,20.385,32.896,41.733,53.867,59.680,63.719,64.899,%
Batch: 160 | Loss: 17.192 | Acc: 17.188,20.269,32.856,41.605,53.683,59.598,63.534,64.771,%
Batch: 180 | Loss: 17.207 | Acc: 17.196,20.148,32.778,41.471,53.608,59.565,63.450,64.675,%
Batch: 200 | Loss: 17.220 | Acc: 17.141,20.060,32.641,41.395,53.455,59.441,63.413,64.482,%
Batch: 220 | Loss: 17.241 | Acc: 17.127,20.083,32.562,41.307,53.507,59.474,63.288,64.430,%
Batch: 240 | Loss: 17.241 | Acc: 17.145,20.144,32.589,41.325,53.627,59.469,63.246,64.341,%
Batch: 260 | Loss: 17.238 | Acc: 17.155,20.121,32.570,41.361,53.619,59.522,63.278,64.302,%
Batch: 280 | Loss: 17.222 | Acc: 17.213,20.171,32.673,41.431,53.642,59.461,63.220,64.288,%
Batch: 300 | Loss: 17.235 | Acc: 17.242,20.154,32.688,41.411,53.608,59.419,63.118,64.174,%
Batch: 320 | Loss: 17.239 | Acc: 17.139,20.130,32.606,41.406,53.631,59.334,63.101,64.177,%
Batch: 340 | Loss: 17.231 | Acc: 17.194,20.193,32.641,41.395,53.705,59.382,63.128,64.221,%
Batch: 360 | Loss: 17.245 | Acc: 17.123,20.122,32.611,41.350,53.670,59.364,63.076,64.186,%
Batch: 380 | Loss: 17.251 | Acc: 17.169,20.114,32.640,41.337,53.648,59.326,63.043,64.149,%
Batch: 0 | Loss: 23.296 | Acc: 8.594,13.281,18.750,31.250,49.219,58.594,63.281,60.938,%
Batch: 20 | Loss: 23.827 | Acc: 8.333,7.887,20.089,30.804,46.354,53.423,57.403,58.147,%
Batch: 40 | Loss: 23.901 | Acc: 8.556,7.603,19.264,30.945,45.903,52.782,57.184,57.146,%
Batch: 60 | Loss: 23.888 | Acc: 8.683,7.620,19.980,31.532,46.350,53.215,56.980,57.339,%

Epoch: 11
Batch: 0 | Loss: 15.962 | Acc: 24.219,27.344,39.062,50.000,63.281,66.406,73.438,74.219,%
Batch: 20 | Loss: 16.441 | Acc: 17.932,20.015,34.449,42.708,57.143,62.612,66.406,69.010,%
Batch: 40 | Loss: 16.653 | Acc: 18.045,20.503,34.089,42.283,56.460,61.966,65.206,67.130,%
Batch: 60 | Loss: 16.674 | Acc: 17.636,20.402,33.671,42.405,56.250,61.898,65.471,67.341,%
Batch: 80 | Loss: 16.656 | Acc: 17.824,20.766,33.922,42.573,56.453,61.757,65.500,67.216,%
Batch: 100 | Loss: 16.715 | Acc: 17.590,20.622,33.888,42.628,56.459,61.626,65.362,66.940,%
Batch: 120 | Loss: 16.699 | Acc: 17.698,20.571,34.117,42.659,56.198,61.473,65.322,66.890,%
Batch: 140 | Loss: 16.753 | Acc: 17.670,20.434,33.926,42.498,56.017,61.364,65.115,66.683,%
Batch: 160 | Loss: 16.779 | Acc: 17.736,20.429,34.040,42.484,55.828,61.238,64.960,66.494,%
Batch: 180 | Loss: 16.785 | Acc: 17.671,20.360,33.961,42.468,55.862,61.201,64.930,66.445,%
Batch: 200 | Loss: 16.771 | Acc: 17.743,20.421,33.924,42.650,55.768,61.287,64.949,66.422,%
Batch: 220 | Loss: 16.764 | Acc: 17.778,20.496,34.032,42.771,55.780,61.348,64.953,66.399,%
Batch: 240 | Loss: 16.785 | Acc: 17.658,20.481,33.895,42.758,55.673,61.365,64.922,66.390,%
Batch: 260 | Loss: 16.823 | Acc: 17.631,20.387,33.764,42.616,55.582,61.222,64.814,66.242,%
Batch: 280 | Loss: 16.845 | Acc: 17.602,20.371,33.672,42.502,55.530,61.135,64.713,66.075,%
Batch: 300 | Loss: 16.870 | Acc: 17.564,20.315,33.612,42.489,55.513,61.088,64.621,65.908,%
Batch: 320 | Loss: 16.861 | Acc: 17.572,20.381,33.679,42.550,55.593,61.120,64.673,65.934,%
Batch: 340 | Loss: 16.852 | Acc: 17.559,20.427,33.706,42.545,55.615,61.135,64.738,65.937,%
Batch: 360 | Loss: 16.866 | Acc: 17.540,20.440,33.704,42.529,55.488,61.082,64.640,65.807,%
Batch: 380 | Loss: 16.854 | Acc: 17.641,20.522,33.807,42.612,55.569,61.136,64.663,65.844,%
Batch: 0 | Loss: 23.188 | Acc: 10.938,10.156,16.406,28.906,50.781,59.375,62.500,62.500,%
Batch: 20 | Loss: 23.458 | Acc: 7.924,7.626,20.387,31.176,46.689,54.725,59.152,58.817,%
Batch: 40 | Loss: 23.541 | Acc: 8.194,7.508,20.065,30.697,46.303,53.678,58.155,58.155,%
Batch: 60 | Loss: 23.537 | Acc: 8.043,7.377,20.338,30.943,46.580,53.829,58.248,58.120,%

Epoch: 12
Batch: 0 | Loss: 16.263 | Acc: 18.750,21.094,33.594,42.188,57.031,63.281,70.312,72.656,%
Batch: 20 | Loss: 16.466 | Acc: 15.774,20.052,33.259,42.560,56.548,63.467,68.155,69.345,%
Batch: 40 | Loss: 16.397 | Acc: 16.692,20.293,33.079,42.645,57.165,63.529,67.778,69.074,%
Batch: 60 | Loss: 16.298 | Acc: 16.944,20.505,33.619,43.263,57.505,63.730,67.866,69.070,%
Batch: 80 | Loss: 16.381 | Acc: 17.062,20.370,33.632,43.220,56.916,63.358,67.168,68.789,%
Batch: 100 | Loss: 16.339 | Acc: 17.358,20.684,34.151,43.441,57.256,63.537,67.474,68.959,%
Batch: 120 | Loss: 16.360 | Acc: 17.446,20.771,34.259,43.369,57.018,63.307,67.110,68.763,%
Batch: 140 | Loss: 16.418 | Acc: 17.332,20.606,34.076,43.201,56.904,63.187,66.861,68.595,%
Batch: 160 | Loss: 16.394 | Acc: 17.547,20.788,34.225,43.270,57.109,63.223,66.964,68.580,%
Batch: 180 | Loss: 16.421 | Acc: 17.494,20.718,34.133,43.310,57.061,63.100,66.825,68.461,%
Batch: 200 | Loss: 16.476 | Acc: 17.444,20.631,34.072,43.175,56.825,62.900,66.632,68.315,%
Batch: 220 | Loss: 16.458 | Acc: 17.559,20.776,34.103,43.244,56.911,62.861,66.668,68.361,%
Batch: 240 | Loss: 16.441 | Acc: 17.664,20.763,34.138,43.348,56.924,62.853,66.672,68.254,%
Batch: 260 | Loss: 16.458 | Acc: 17.690,20.773,34.088,43.361,56.801,62.733,66.571,68.085,%
Batch: 280 | Loss: 16.447 | Acc: 17.724,20.771,34.247,43.539,56.881,62.861,66.609,68.002,%
Batch: 300 | Loss: 16.445 | Acc: 17.733,20.746,34.302,43.592,56.886,62.850,66.648,68.018,%
Batch: 320 | Loss: 16.437 | Acc: 17.791,20.802,34.450,43.631,56.931,62.909,66.637,67.971,%
Batch: 340 | Loss: 16.438 | Acc: 17.822,20.830,34.446,43.656,56.935,62.862,66.606,67.918,%
Batch: 360 | Loss: 16.443 | Acc: 17.852,20.793,34.436,43.642,56.910,62.853,66.551,67.841,%
Batch: 380 | Loss: 16.468 | Acc: 17.893,20.801,34.408,43.563,56.802,62.697,66.384,67.688,%
Batch: 0 | Loss: 22.949 | Acc: 7.031,13.281,21.875,30.469,55.469,60.938,66.406,60.938,%
Batch: 20 | Loss: 23.456 | Acc: 9.338,8.073,21.280,32.329,49.293,57.515,62.202,60.714,%
Batch: 40 | Loss: 23.524 | Acc: 9.508,7.698,21.075,33.003,49.009,56.593,60.976,60.271,%
Batch: 60 | Loss: 23.542 | Acc: 9.490,7.518,21.043,33.248,49.360,56.391,60.143,59.913,%

Epoch: 13
Batch: 0 | Loss: 15.834 | Acc: 21.875,19.531,31.250,43.750,63.281,69.531,74.219,71.875,%
Batch: 20 | Loss: 16.291 | Acc: 17.560,20.647,33.408,43.006,56.473,63.132,67.708,69.568,%
Batch: 40 | Loss: 16.055 | Acc: 18.216,20.960,35.023,44.455,57.508,64.291,68.388,70.027,%
Batch: 60 | Loss: 16.058 | Acc: 18.379,21.030,34.606,44.057,57.787,64.216,68.660,69.915,%
Batch: 80 | Loss: 16.151 | Acc: 17.949,20.602,33.902,43.673,57.407,63.870,68.383,69.715,%
Batch: 100 | Loss: 16.096 | Acc: 17.992,20.575,34.081,44.098,57.696,63.916,68.588,69.810,%
Batch: 120 | Loss: 16.110 | Acc: 18.040,20.835,34.291,44.279,57.709,63.979,68.505,69.738,%
Batch: 140 | Loss: 16.087 | Acc: 18.152,21.077,34.608,44.437,57.807,63.952,68.623,69.770,%
Batch: 160 | Loss: 16.140 | Acc: 18.119,21.167,34.661,44.264,57.536,63.660,68.372,69.420,%
Batch: 180 | Loss: 16.142 | Acc: 18.154,21.236,34.643,44.246,57.597,63.873,68.422,69.527,%
Batch: 200 | Loss: 16.126 | Acc: 18.186,21.253,34.573,44.220,57.762,64.062,68.474,69.551,%
Batch: 220 | Loss: 16.145 | Acc: 18.266,21.288,34.658,44.231,57.756,63.910,68.160,69.305,%
Batch: 240 | Loss: 16.135 | Acc: 18.264,21.266,34.761,44.275,57.696,63.936,68.154,69.214,%
Batch: 260 | Loss: 16.135 | Acc: 18.361,21.423,34.767,44.202,57.624,63.916,68.118,69.106,%
Batch: 280 | Loss: 16.161 | Acc: 18.327,21.386,34.800,44.217,57.635,63.837,68.063,69.039,%
Batch: 300 | Loss: 16.157 | Acc: 18.270,21.379,34.881,44.311,57.740,63.842,68.109,69.020,%
Batch: 320 | Loss: 16.151 | Acc: 18.273,21.357,34.913,44.349,57.701,63.792,68.073,68.930,%
Batch: 340 | Loss: 16.149 | Acc: 18.289,21.419,34.934,44.339,57.686,63.788,68.042,68.926,%
Batch: 360 | Loss: 16.137 | Acc: 18.345,21.540,34.981,44.367,57.691,63.822,68.012,68.899,%
Batch: 380 | Loss: 16.142 | Acc: 18.352,21.526,34.953,44.445,57.749,63.898,67.995,68.887,%
Batch: 0 | Loss: 22.526 | Acc: 8.594,11.719,24.219,35.938,48.438,63.281,60.938,63.281,%
Batch: 20 | Loss: 22.953 | Acc: 8.891,7.217,22.359,34.487,49.070,56.510,60.826,60.789,%
Batch: 40 | Loss: 23.015 | Acc: 9.204,7.565,22.256,34.013,48.609,55.850,60.671,60.595,%
Batch: 60 | Loss: 23.006 | Acc: 9.439,7.556,22.464,34.477,49.168,56.455,60.848,60.899,%

Epoch: 14
Batch: 0 | Loss: 16.063 | Acc: 20.312,21.094,33.594,45.312,58.594,65.625,70.312,73.438,%
Batch: 20 | Loss: 15.920 | Acc: 17.746,21.726,34.152,44.531,58.743,65.327,70.387,72.135,%
Batch: 40 | Loss: 15.628 | Acc: 18.331,21.494,35.461,46.037,60.461,66.425,70.522,72.504,%
Batch: 60 | Loss: 15.529 | Acc: 18.558,21.606,35.374,46.247,60.118,66.445,70.799,72.682,%
Batch: 80 | Loss: 15.613 | Acc: 18.837,21.962,35.600,45.833,59.404,66.165,70.602,72.319,%
Batch: 100 | Loss: 15.641 | Acc: 18.781,21.813,35.566,45.514,59.259,66.066,70.382,71.875,%
Batch: 120 | Loss: 15.686 | Acc: 18.550,21.707,35.460,45.209,59.097,65.741,70.293,71.701,%
Batch: 140 | Loss: 15.702 | Acc: 18.517,21.576,35.611,45.285,59.115,65.714,70.196,71.531,%
Batch: 160 | Loss: 15.720 | Acc: 18.478,21.681,35.666,45.196,59.113,65.712,69.953,71.293,%
Batch: 180 | Loss: 15.708 | Acc: 18.517,21.793,35.843,45.282,59.202,65.595,69.795,71.215,%
Batch: 200 | Loss: 15.713 | Acc: 18.575,21.828,35.899,45.309,59.270,65.606,69.780,71.109,%
Batch: 220 | Loss: 15.742 | Acc: 18.584,21.744,35.870,45.238,59.223,65.487,69.680,70.935,%
Batch: 240 | Loss: 15.759 | Acc: 18.614,21.765,35.902,45.131,59.132,65.456,69.606,70.870,%
Batch: 260 | Loss: 15.739 | Acc: 18.693,21.806,35.866,45.013,59.168,65.568,69.735,70.938,%
Batch: 280 | Loss: 15.767 | Acc: 18.756,21.861,35.918,45.040,59.100,65.508,69.567,70.793,%
Batch: 300 | Loss: 15.786 | Acc: 18.670,21.867,35.953,44.985,59.017,65.454,69.498,70.694,%
Batch: 320 | Loss: 15.813 | Acc: 18.658,21.826,35.845,44.947,58.876,65.323,69.358,70.583,%
Batch: 340 | Loss: 15.824 | Acc: 18.670,21.793,35.855,44.989,58.894,65.238,69.295,70.489,%
Batch: 360 | Loss: 15.836 | Acc: 18.596,21.801,35.894,45.031,58.812,65.175,69.189,70.360,%
Batch: 380 | Loss: 15.850 | Acc: 18.650,21.736,35.821,44.984,58.774,65.170,69.142,70.296,%
Batch: 0 | Loss: 22.660 | Acc: 10.156,10.938,25.000,33.594,50.000,61.719,65.625,65.625,%
Batch: 20 | Loss: 23.173 | Acc: 8.594,7.589,21.391,32.440,50.260,58.073,60.193,60.268,%
Batch: 40 | Loss: 23.210 | Acc: 8.441,7.641,21.456,33.003,49.981,57.184,60.556,59.947,%
Batch: 60 | Loss: 23.242 | Acc: 8.543,7.748,21.004,33.081,50.115,57.339,60.387,59.977,%

Epoch: 15
Batch: 0 | Loss: 14.711 | Acc: 21.094,26.562,39.062,50.781,60.938,67.969,72.656,74.219,%
Batch: 20 | Loss: 15.187 | Acc: 19.494,23.400,37.128,47.582,61.793,68.192,72.693,73.586,%
Batch: 40 | Loss: 15.227 | Acc: 19.398,22.923,37.386,46.989,61.852,67.969,72.180,73.095,%
Batch: 60 | Loss: 15.192 | Acc: 19.096,22.695,37.308,46.709,61.616,67.866,72.195,73.105,%
Batch: 80 | Loss: 15.267 | Acc: 19.078,22.560,37.307,46.663,61.275,67.631,72.106,73.100,%
Batch: 100 | Loss: 15.295 | Acc: 19.106,22.502,37.577,46.736,60.922,67.505,71.976,72.881,%
Batch: 120 | Loss: 15.347 | Acc: 19.157,22.353,37.403,46.513,60.744,67.336,71.746,72.753,%
Batch: 140 | Loss: 15.358 | Acc: 19.210,22.551,37.356,46.498,60.644,67.298,71.687,72.861,%
Batch: 160 | Loss: 15.381 | Acc: 19.308,22.530,37.131,46.215,60.501,67.052,71.365,72.501,%
Batch: 180 | Loss: 15.408 | Acc: 19.333,22.397,36.956,46.107,60.363,66.985,71.305,72.497,%
Batch: 200 | Loss: 15.448 | Acc: 19.310,22.396,36.812,46.210,60.242,66.838,71.109,72.322,%
Batch: 220 | Loss: 15.479 | Acc: 19.273,22.391,36.673,45.991,60.142,66.763,70.921,72.211,%
Batch: 240 | Loss: 15.480 | Acc: 19.337,22.452,36.728,46.022,60.150,66.811,70.925,72.183,%
Batch: 260 | Loss: 15.515 | Acc: 19.292,22.414,36.638,45.890,60.025,66.691,70.770,72.007,%
Batch: 280 | Loss: 15.499 | Acc: 19.292,22.395,36.624,46.021,60.042,66.787,70.807,72.078,%
Batch: 300 | Loss: 15.536 | Acc: 19.152,22.327,36.555,45.993,59.959,66.642,70.676,71.940,%
Batch: 320 | Loss: 15.533 | Acc: 19.113,22.308,36.651,46.067,59.979,66.645,70.646,71.880,%
Batch: 340 | Loss: 15.541 | Acc: 19.174,22.349,36.664,46.059,59.950,66.551,70.560,71.770,%
Batch: 360 | Loss: 15.554 | Acc: 19.185,22.371,36.686,46.027,59.929,66.447,70.453,71.700,%
Batch: 380 | Loss: 15.537 | Acc: 19.248,22.390,36.743,46.131,59.947,66.396,70.436,71.682,%
Batch: 0 | Loss: 22.339 | Acc: 8.594,12.500,23.438,33.594,52.344,64.062,66.406,64.062,%
Batch: 20 | Loss: 23.074 | Acc: 8.929,7.887,21.801,31.845,47.470,57.403,59.970,60.528,%
Batch: 40 | Loss: 23.122 | Acc: 9.108,7.870,21.361,31.936,47.561,56.726,60.556,60.309,%
Batch: 60 | Loss: 23.151 | Acc: 9.413,7.838,21.311,31.788,47.695,56.301,60.015,59.977,%

Epoch: 16
Batch: 0 | Loss: 13.974 | Acc: 18.750,24.219,39.062,55.469,64.062,71.875,76.562,82.031,%
Batch: 20 | Loss: 14.800 | Acc: 19.829,23.363,38.318,47.396,62.054,68.452,73.475,75.707,%
Batch: 40 | Loss: 14.968 | Acc: 19.112,22.313,37.957,47.142,61.890,67.988,73.209,74.867,%
Batch: 60 | Loss: 15.060 | Acc: 18.904,22.144,37.065,47.182,61.936,68.340,72.964,74.616,%
Batch: 80 | Loss: 15.113 | Acc: 18.740,22.135,36.989,46.943,61.651,68.326,73.003,74.682,%
Batch: 100 | Loss: 15.176 | Acc: 19.021,22.184,36.951,46.658,61.301,67.969,72.695,74.389,%
Batch: 120 | Loss: 15.130 | Acc: 19.247,22.553,36.925,46.965,61.402,67.917,72.579,74.380,%
Batch: 140 | Loss: 15.098 | Acc: 19.448,22.678,37.168,47.086,61.403,67.996,72.629,74.357,%
Batch: 160 | Loss: 15.125 | Acc: 19.337,22.501,37.267,47.084,61.384,67.915,72.467,74.262,%
Batch: 180 | Loss: 15.140 | Acc: 19.372,22.445,37.306,47.048,61.443,67.891,72.462,74.167,%
Batch: 200 | Loss: 15.164 | Acc: 19.314,22.481,37.158,46.891,61.365,67.794,72.287,73.931,%
Batch: 220 | Loss: 15.182 | Acc: 19.333,22.497,37.157,46.868,61.408,67.757,72.126,73.710,%
Batch: 240 | Loss: 15.218 | Acc: 19.265,22.471,37.007,46.726,61.310,67.606,72.001,73.580,%
Batch: 260 | Loss: 15.214 | Acc: 19.247,22.462,37.078,46.794,61.258,67.651,71.986,73.575,%
Batch: 280 | Loss: 15.229 | Acc: 19.331,22.576,37.077,46.797,61.268,67.521,71.928,73.468,%
Batch: 300 | Loss: 15.220 | Acc: 19.417,22.721,37.170,46.771,61.236,67.530,71.896,73.367,%
Batch: 320 | Loss: 15.258 | Acc: 19.366,22.702,37.023,46.668,60.945,67.353,71.649,73.133,%
Batch: 340 | Loss: 15.281 | Acc: 19.348,22.700,36.971,46.577,60.919,67.254,71.545,73.000,%
Batch: 360 | Loss: 15.286 | Acc: 19.391,22.741,37.000,46.652,60.862,67.268,71.537,72.961,%
Batch: 380 | Loss: 15.296 | Acc: 19.412,22.744,37.073,46.686,60.773,67.169,71.438,72.835,%
Batch: 0 | Loss: 22.456 | Acc: 7.812,10.938,21.875,35.938,55.469,67.188,69.531,68.750,%
Batch: 20 | Loss: 22.959 | Acc: 8.445,8.110,22.284,34.747,50.558,59.003,62.426,62.426,%
Batch: 40 | Loss: 22.988 | Acc: 8.213,8.213,21.532,34.947,50.553,58.556,62.062,61.966,%
Batch: 60 | Loss: 23.008 | Acc: 8.440,8.171,21.811,35.489,50.589,58.581,61.898,61.885,%

Epoch: 17
Batch: 0 | Loss: 15.595 | Acc: 20.312,20.312,31.250,42.969,66.406,67.969,72.656,76.562,%
Batch: 20 | Loss: 14.899 | Acc: 20.759,22.842,37.946,47.619,63.690,69.643,74.033,75.149,%
Batch: 40 | Loss: 14.866 | Acc: 19.531,22.809,37.138,48.190,63.739,70.636,74.943,75.915,%
Batch: 60 | Loss: 14.832 | Acc: 19.442,23.143,37.718,48.079,63.486,70.325,74.462,75.717,%
Batch: 80 | Loss: 14.884 | Acc: 19.367,23.003,37.365,47.917,62.944,70.100,74.045,75.415,%
Batch: 100 | Loss: 14.908 | Acc: 19.330,22.896,37.283,47.850,62.608,69.678,73.855,75.317,%
Batch: 120 | Loss: 14.922 | Acc: 19.434,23.095,37.416,47.889,62.390,69.467,73.851,75.252,%
Batch: 140 | Loss: 14.950 | Acc: 19.542,23.055,37.456,47.872,62.212,69.082,73.604,74.861,%
Batch: 160 | Loss: 15.010 | Acc: 19.405,22.943,37.301,47.714,61.961,68.716,73.224,74.554,%
Batch: 180 | Loss: 14.998 | Acc: 19.531,22.971,37.267,47.609,61.909,68.586,73.243,74.555,%
Batch: 200 | Loss: 14.999 | Acc: 19.570,23.095,37.352,47.532,61.800,68.637,73.162,74.495,%
Batch: 220 | Loss: 14.990 | Acc: 19.630,23.137,37.521,47.617,61.821,68.676,73.165,74.438,%
Batch: 240 | Loss: 14.992 | Acc: 19.700,23.185,37.458,47.637,61.790,68.718,73.224,74.413,%
Batch: 260 | Loss: 15.007 | Acc: 19.681,23.129,37.380,47.483,61.728,68.651,73.126,74.279,%
Batch: 280 | Loss: 15.018 | Acc: 19.676,23.123,37.344,47.434,61.666,68.586,72.984,74.110,%
Batch: 300 | Loss: 15.059 | Acc: 19.710,23.100,37.360,47.368,61.586,68.418,72.776,73.938,%
Batch: 320 | Loss: 15.072 | Acc: 19.758,23.114,37.364,47.401,61.473,68.307,72.644,73.807,%
Batch: 340 | Loss: 15.063 | Acc: 19.696,23.130,37.349,47.466,61.549,68.335,72.681,73.827,%
Batch: 360 | Loss: 15.082 | Acc: 19.633,23.100,37.346,47.444,61.500,68.276,72.648,73.775,%
Batch: 380 | Loss: 15.092 | Acc: 19.654,23.105,37.322,47.353,61.428,68.278,72.634,73.723,%
Batch: 0 | Loss: 22.469 | Acc: 8.594,10.938,23.438,35.938,54.688,64.844,67.969,64.844,%
Batch: 20 | Loss: 23.057 | Acc: 7.924,7.738,21.429,33.408,51.414,59.449,61.979,62.054,%
Batch: 40 | Loss: 23.113 | Acc: 8.384,7.679,21.151,33.556,51.124,58.918,61.776,61.986,%
Batch: 60 | Loss: 23.138 | Acc: 8.325,7.595,21.145,33.683,51.012,58.402,61.860,61.719,%

Epoch: 18
Batch: 0 | Loss: 15.314 | Acc: 17.969,20.312,31.250,45.312,60.938,71.094,73.438,75.000,%
Batch: 20 | Loss: 14.882 | Acc: 19.308,22.470,36.570,47.619,64.062,69.531,75.558,77.121,%
Batch: 40 | Loss: 14.683 | Acc: 19.588,23.095,37.500,48.647,63.834,69.531,74.752,76.543,%
Batch: 60 | Loss: 14.657 | Acc: 19.454,23.309,37.526,48.386,63.486,69.621,74.680,76.358,%
Batch: 80 | Loss: 14.683 | Acc: 19.435,22.811,37.934,48.553,63.040,69.686,74.971,76.418,%
Batch: 100 | Loss: 14.669 | Acc: 19.609,23.082,37.972,48.654,63.119,69.740,75.054,76.261,%
Batch: 120 | Loss: 14.669 | Acc: 19.744,22.986,37.881,48.489,63.262,69.783,74.981,76.156,%
Batch: 140 | Loss: 14.686 | Acc: 19.914,23.061,37.877,48.521,62.988,69.670,74.845,76.175,%
Batch: 160 | Loss: 14.708 | Acc: 20.012,23.141,37.951,48.418,62.815,69.711,74.709,76.082,%
Batch: 180 | Loss: 14.756 | Acc: 19.972,23.170,38.014,48.368,62.552,69.631,74.512,75.829,%
Batch: 200 | Loss: 14.795 | Acc: 19.877,23.060,37.795,48.239,62.364,69.411,74.289,75.634,%
Batch: 220 | Loss: 14.797 | Acc: 19.913,23.240,37.988,48.278,62.274,69.287,74.148,75.516,%
Batch: 240 | Loss: 14.811 | Acc: 19.956,23.214,37.921,48.334,62.228,69.184,74.008,75.321,%
Batch: 260 | Loss: 14.826 | Acc: 19.959,23.252,37.907,48.261,62.207,69.115,73.851,75.180,%
Batch: 280 | Loss: 14.836 | Acc: 19.987,23.279,37.934,48.271,62.183,69.117,73.816,75.136,%
Batch: 300 | Loss: 14.833 | Acc: 20.037,23.367,38.001,48.339,62.243,69.142,73.752,75.060,%
Batch: 320 | Loss: 14.843 | Acc: 19.977,23.323,38.084,48.265,62.174,69.069,73.666,74.942,%
Batch: 340 | Loss: 14.849 | Acc: 19.964,23.350,38.020,48.234,62.111,68.933,73.460,74.757,%
Batch: 360 | Loss: 14.878 | Acc: 19.953,23.344,38.017,48.135,61.994,68.832,73.316,74.548,%
Batch: 380 | Loss: 14.904 | Acc: 19.923,23.296,37.970,48.126,62.047,68.812,73.257,74.500,%
Batch: 0 | Loss: 22.603 | Acc: 6.250,10.938,24.219,37.500,53.125,62.500,61.719,63.281,%
Batch: 20 | Loss: 23.292 | Acc: 8.705,8.966,22.433,33.147,51.004,57.552,61.942,62.016,%
Batch: 40 | Loss: 23.312 | Acc: 8.651,9.280,22.828,33.784,50.438,57.336,61.623,61.871,%
Batch: 60 | Loss: 23.345 | Acc: 8.671,9.119,22.682,33.568,50.320,57.198,61.527,61.796,%

Epoch: 19
Batch: 0 | Loss: 14.118 | Acc: 25.000,26.562,42.969,52.344,64.062,73.438,78.906,82.031,%
Batch: 20 | Loss: 14.499 | Acc: 19.420,24.293,38.690,48.251,63.132,70.461,75.595,77.716,%
Batch: 40 | Loss: 14.412 | Acc: 20.560,24.809,38.872,48.742,63.167,70.465,75.400,77.534,%
Batch: 60 | Loss: 14.408 | Acc: 20.146,24.270,38.614,49.206,63.448,70.645,75.346,77.408,%
Batch: 80 | Loss: 14.429 | Acc: 20.187,24.074,38.850,49.315,63.706,70.631,75.222,77.238,%
Batch: 100 | Loss: 14.450 | Acc: 20.166,24.165,38.939,49.072,63.753,70.444,75.178,77.235,%
Batch: 120 | Loss: 14.429 | Acc: 20.403,24.219,39.043,49.122,63.837,70.474,75.194,77.202,%
Batch: 140 | Loss: 14.437 | Acc: 20.434,24.246,38.891,49.053,63.769,70.407,75.216,77.161,%
Batch: 160 | Loss: 14.464 | Acc: 20.405,24.161,38.825,48.835,63.504,70.395,75.155,77.096,%
Batch: 180 | Loss: 14.510 | Acc: 20.317,24.042,38.842,48.994,63.475,70.373,75.108,76.925,%
Batch: 200 | Loss: 14.555 | Acc: 20.250,23.842,38.759,48.888,63.441,70.215,75.019,76.699,%
Batch: 220 | Loss: 14.527 | Acc: 20.323,23.961,38.918,49.035,63.614,70.309,75.067,76.686,%
Batch: 240 | Loss: 14.549 | Acc: 20.293,23.878,38.855,49.079,63.579,70.270,74.916,76.575,%
Batch: 260 | Loss: 14.550 | Acc: 20.268,23.884,38.886,49.093,63.500,70.280,74.925,76.485,%
Batch: 280 | Loss: 14.555 | Acc: 20.340,23.896,38.843,49.010,63.420,70.304,74.853,76.373,%
Batch: 300 | Loss: 14.574 | Acc: 20.310,23.933,38.842,48.946,63.294,70.203,74.707,76.248,%
Batch: 320 | Loss: 14.589 | Acc: 20.330,23.946,38.805,48.941,63.242,70.186,74.684,76.193,%
Batch: 340 | Loss: 14.623 | Acc: 20.267,23.898,38.701,48.834,63.089,70.019,74.578,76.047,%
Batch: 360 | Loss: 14.657 | Acc: 20.206,23.840,38.615,48.786,62.957,69.839,74.431,75.898,%
Batch: 380 | Loss: 14.667 | Acc: 20.192,23.837,38.564,48.757,62.879,69.810,74.381,75.804,%
Batch: 0 | Loss: 22.407 | Acc: 5.469,10.938,23.438,32.031,50.781,63.281,64.844,64.062,%
Batch: 20 | Loss: 23.049 | Acc: 7.812,7.292,21.317,31.585,49.256,57.329,61.421,60.975,%
Batch: 40 | Loss: 23.177 | Acc: 8.213,7.279,21.094,31.784,49.123,56.784,61.128,60.423,%
Batch: 60 | Loss: 23.211 | Acc: 8.363,7.236,21.145,31.865,48.899,56.416,60.605,60.028,%

Epoch: 20
Batch: 0 | Loss: 15.432 | Acc: 12.500,18.750,33.594,46.875,60.156,64.844,69.531,71.094,%
Batch: 20 | Loss: 14.170 | Acc: 20.871,24.256,38.132,49.665,65.402,73.065,77.381,78.609,%
Batch: 40 | Loss: 14.027 | Acc: 20.617,24.123,39.120,50.362,65.873,73.476,77.191,78.868,%
Batch: 60 | Loss: 14.181 | Acc: 20.581,24.244,38.998,49.923,65.292,72.733,76.562,78.420,%
Batch: 80 | Loss: 14.183 | Acc: 20.882,24.431,38.686,49.855,65.114,72.386,76.437,78.164,%
Batch: 100 | Loss: 14.224 | Acc: 20.869,24.211,38.776,49.783,64.658,72.014,76.385,77.955,%
Batch: 120 | Loss: 14.229 | Acc: 20.913,24.322,39.082,49.793,64.669,71.894,76.317,77.893,%
Batch: 140 | Loss: 14.234 | Acc: 20.922,24.352,39.251,49.773,64.528,71.759,76.225,77.820,%
Batch: 160 | Loss: 14.255 | Acc: 20.740,24.267,39.213,49.840,64.334,71.632,76.053,77.722,%
Batch: 180 | Loss: 14.298 | Acc: 20.809,24.361,39.110,49.646,64.075,71.340,75.794,77.370,%
Batch: 200 | Loss: 14.324 | Acc: 20.818,24.335,39.066,49.635,63.942,71.140,75.645,77.247,%
Batch: 220 | Loss: 14.343 | Acc: 20.818,24.325,39.084,49.586,63.787,71.097,75.541,77.054,%
Batch: 240 | Loss: 14.349 | Acc: 20.821,24.326,39.134,49.608,63.787,71.094,75.502,76.942,%
Batch: 260 | Loss: 14.385 | Acc: 20.750,24.288,39.057,49.449,63.652,70.932,75.401,76.820,%
Batch: 280 | Loss: 14.399 | Acc: 20.660,24.285,39.065,49.438,63.548,70.910,75.361,76.732,%
Batch: 300 | Loss: 14.402 | Acc: 20.723,24.286,39.172,49.515,63.590,70.933,75.327,76.638,%
Batch: 320 | Loss: 14.423 | Acc: 20.658,24.248,39.082,49.443,63.510,70.838,75.280,76.567,%
Batch: 340 | Loss: 14.422 | Acc: 20.679,24.196,39.120,49.519,63.549,70.842,75.298,76.551,%
Batch: 360 | Loss: 14.449 | Acc: 20.585,24.082,38.954,49.459,63.420,70.750,75.208,76.469,%
Batch: 380 | Loss: 14.459 | Acc: 20.550,24.079,39.024,49.498,63.468,70.743,75.152,76.411,%
Batch: 0 | Loss: 22.615 | Acc: 9.375,9.375,18.750,34.375,54.688,65.625,69.531,67.969,%
Batch: 20 | Loss: 23.192 | Acc: 9.524,10.045,21.391,34.710,51.897,59.710,63.765,62.872,%
Batch: 40 | Loss: 23.299 | Acc: 9.813,9.851,21.551,34.356,51.200,59.204,63.091,62.671,%
Batch: 60 | Loss: 23.351 | Acc: 10.028,9.772,21.542,34.388,51.012,58.735,62.731,62.474,%

Epoch: 21
Batch: 0 | Loss: 13.795 | Acc: 19.531,24.219,42.188,56.250,61.719,72.656,75.000,78.906,%
Batch: 20 | Loss: 14.304 | Acc: 20.275,24.628,39.174,49.070,63.207,71.987,76.339,78.162,%
Batch: 40 | Loss: 13.969 | Acc: 21.075,24.962,40.339,50.724,64.653,72.771,77.382,79.116,%
Batch: 60 | Loss: 14.153 | Acc: 21.017,24.321,39.370,49.923,64.152,72.144,76.908,78.701,%
Batch: 80 | Loss: 14.188 | Acc: 20.949,24.479,39.400,49.807,64.265,72.116,76.958,78.848,%
Batch: 100 | Loss: 14.179 | Acc: 21.063,24.745,39.465,49.768,64.279,71.937,76.903,78.651,%
Batch: 120 | Loss: 14.150 | Acc: 20.978,25.019,39.663,49.948,64.360,71.991,76.879,78.538,%
Batch: 140 | Loss: 14.168 | Acc: 20.717,24.784,39.605,49.900,64.312,71.892,76.834,78.469,%
Batch: 160 | Loss: 14.188 | Acc: 20.696,24.743,39.572,49.990,64.344,71.841,76.713,78.348,%
Batch: 180 | Loss: 14.171 | Acc: 20.779,24.724,39.697,50.177,64.421,71.871,76.718,78.324,%
Batch: 200 | Loss: 14.227 | Acc: 20.670,24.600,39.420,50.132,64.253,71.665,76.458,78.191,%
Batch: 220 | Loss: 14.259 | Acc: 20.592,24.477,39.335,50.141,64.080,71.440,76.237,77.920,%
Batch: 240 | Loss: 14.279 | Acc: 20.611,24.472,39.121,50.026,64.079,71.350,76.141,77.733,%
Batch: 260 | Loss: 14.275 | Acc: 20.839,24.560,39.230,50.078,64.036,71.273,76.069,77.670,%
Batch: 280 | Loss: 14.257 | Acc: 20.891,24.597,39.290,50.186,64.062,71.313,76.112,77.755,%
Batch: 300 | Loss: 14.274 | Acc: 20.871,24.600,39.262,50.184,64.031,71.262,76.059,77.715,%
Batch: 320 | Loss: 14.281 | Acc: 20.877,24.521,39.313,50.153,64.036,71.242,76.005,77.684,%
Batch: 340 | Loss: 14.290 | Acc: 20.881,24.526,39.310,50.085,63.962,71.213,75.974,77.628,%
Batch: 360 | Loss: 14.338 | Acc: 20.763,24.420,39.160,49.874,63.721,71.007,75.773,77.413,%
Batch: 380 | Loss: 14.337 | Acc: 20.755,24.420,39.190,49.918,63.741,71.014,75.679,77.368,%
Batch: 0 | Loss: 22.388 | Acc: 7.812,8.594,22.656,36.719,54.688,61.719,63.281,64.062,%
Batch: 20 | Loss: 23.324 | Acc: 8.519,6.734,20.796,32.664,49.144,58.557,61.458,61.198,%
Batch: 40 | Loss: 23.363 | Acc: 8.670,6.726,20.713,33.537,49.447,58.155,61.909,61.052,%
Batch: 60 | Loss: 23.396 | Acc: 9.016,6.481,20.722,33.824,49.577,57.697,61.386,60.707,%

Epoch: 22
Batch: 0 | Loss: 12.745 | Acc: 23.438,33.594,51.562,56.250,67.969,71.875,75.000,83.594,%
Batch: 20 | Loss: 14.015 | Acc: 20.610,24.888,40.030,50.223,65.551,73.103,78.497,80.134,%
Batch: 40 | Loss: 13.793 | Acc: 20.979,24.466,39.787,50.972,66.044,73.838,79.192,80.507,%
Batch: 60 | Loss: 13.815 | Acc: 21.158,24.731,39.908,50.922,65.804,73.386,78.689,80.149,%
Batch: 80 | Loss: 13.825 | Acc: 21.451,25.135,40.403,50.916,65.586,73.264,78.318,79.929,%
Batch: 100 | Loss: 13.939 | Acc: 21.248,25.046,39.968,50.580,65.207,72.803,77.808,79.486,%
Batch: 120 | Loss: 13.984 | Acc: 21.132,25.019,39.837,50.413,65.018,72.605,77.602,79.442,%
Batch: 140 | Loss: 14.021 | Acc: 21.083,25.039,39.605,50.161,64.971,72.390,77.394,79.172,%
Batch: 160 | Loss: 14.055 | Acc: 21.002,24.830,39.538,50.087,64.747,72.302,77.227,78.931,%
Batch: 180 | Loss: 14.055 | Acc: 21.012,24.789,39.671,50.104,64.719,72.289,77.236,78.876,%
Batch: 200 | Loss: 14.062 | Acc: 21.004,24.670,39.541,50.144,64.817,72.229,77.044,78.657,%
Batch: 220 | Loss: 14.073 | Acc: 20.935,24.498,39.345,50.113,64.766,72.250,77.107,78.673,%
Batch: 240 | Loss: 14.086 | Acc: 21.039,24.601,39.380,50.088,64.750,72.202,76.926,78.508,%
Batch: 260 | Loss: 14.091 | Acc: 20.956,24.545,39.440,50.117,64.733,72.246,76.949,78.472,%
Batch: 280 | Loss: 14.125 | Acc: 20.919,24.469,39.357,50.003,64.624,72.086,76.754,78.270,%
Batch: 300 | Loss: 14.136 | Acc: 20.943,24.580,39.439,49.974,64.641,71.997,76.674,78.141,%
Batch: 320 | Loss: 14.125 | Acc: 20.970,24.662,39.513,50.024,64.669,71.975,76.636,78.113,%
Batch: 340 | Loss: 14.144 | Acc: 21.009,24.748,39.530,50.016,64.564,71.870,76.498,77.942,%
Batch: 360 | Loss: 14.159 | Acc: 20.966,24.710,39.443,49.922,64.485,71.808,76.385,77.880,%
Batch: 380 | Loss: 14.182 | Acc: 20.940,24.635,39.323,49.869,64.378,71.707,76.325,77.791,%
Batch: 0 | Loss: 21.911 | Acc: 7.812,9.375,23.438,39.062,56.250,65.625,67.188,66.406,%
Batch: 20 | Loss: 22.676 | Acc: 8.073,7.626,23.586,34.933,52.790,60.677,64.249,63.430,%
Batch: 40 | Loss: 22.714 | Acc: 7.870,7.793,23.590,35.232,52.877,60.442,63.567,62.919,%
Batch: 60 | Loss: 22.759 | Acc: 7.928,7.518,23.694,35.195,52.421,59.951,63.102,62.295,%

Epoch: 23
Batch: 0 | Loss: 14.040 | Acc: 15.625,20.312,42.969,48.438,68.750,69.531,75.000,78.906,%
Batch: 20 | Loss: 13.935 | Acc: 21.652,24.293,39.695,49.963,65.662,73.512,77.976,80.357,%
Batch: 40 | Loss: 13.766 | Acc: 22.085,24.676,40.568,50.343,65.892,73.418,78.735,81.059,%
Batch: 60 | Loss: 13.685 | Acc: 21.709,24.769,40.830,51.012,66.112,74.027,79.329,80.955,%
Batch: 80 | Loss: 13.679 | Acc: 21.721,24.730,40.683,50.868,66.078,73.929,79.041,80.691,%
Batch: 100 | Loss: 13.745 | Acc: 21.558,24.513,40.478,50.843,65.934,73.577,78.605,80.353,%
Batch: 120 | Loss: 13.817 | Acc: 21.294,24.496,40.244,50.723,65.619,73.166,78.164,79.920,%
Batch: 140 | Loss: 13.845 | Acc: 21.232,24.507,40.309,50.787,65.625,73.232,78.158,79.876,%
Batch: 160 | Loss: 13.849 | Acc: 21.365,24.500,40.314,50.791,65.703,73.336,78.130,79.862,%
Batch: 180 | Loss: 13.907 | Acc: 21.210,24.344,40.073,50.501,65.491,73.144,78.004,79.700,%
Batch: 200 | Loss: 13.930 | Acc: 21.241,24.413,40.112,50.501,65.442,73.053,77.849,79.571,%
Batch: 220 | Loss: 13.948 | Acc: 21.302,24.586,40.250,50.541,65.477,72.904,77.651,79.437,%
Batch: 240 | Loss: 13.957 | Acc: 21.382,24.627,40.242,50.532,65.424,72.873,77.564,79.321,%
Batch: 260 | Loss: 13.962 | Acc: 21.369,24.614,40.179,50.548,65.383,72.857,77.520,79.253,%
Batch: 280 | Loss: 13.968 | Acc: 21.416,24.691,40.161,50.562,65.339,72.779,77.469,79.151,%
Batch: 300 | Loss: 13.986 | Acc: 21.364,24.652,40.023,50.470,65.228,72.680,77.424,79.078,%
Batch: 320 | Loss: 14.002 | Acc: 21.342,24.657,40.063,50.560,65.146,72.588,77.349,78.987,%
Batch: 340 | Loss: 13.987 | Acc: 21.353,24.663,40.197,50.678,65.201,72.626,77.344,78.984,%
Batch: 360 | Loss: 14.012 | Acc: 21.312,24.626,40.129,50.612,65.106,72.535,77.268,78.876,%
Batch: 380 | Loss: 14.040 | Acc: 21.223,24.580,40.034,50.498,64.975,72.363,77.137,78.705,%
Batch: 0 | Loss: 22.435 | Acc: 10.938,8.594,24.219,35.156,49.219,60.156,60.156,57.812,%
Batch: 20 | Loss: 22.970 | Acc: 9.896,6.250,23.735,35.417,51.004,58.296,61.161,59.784,%
Batch: 40 | Loss: 23.020 | Acc: 9.737,6.193,23.457,35.976,50.896,57.927,60.614,59.280,%
Batch: 60 | Loss: 23.055 | Acc: 9.862,6.237,23.002,35.656,50.909,57.633,60.400,59.452,%

Epoch: 24
Batch: 0 | Loss: 13.982 | Acc: 15.625,22.656,38.281,45.312,66.406,70.312,76.562,76.562,%
Batch: 20 | Loss: 13.787 | Acc: 21.875,25.335,41.257,51.451,66.257,74.405,78.534,80.915,%
Batch: 40 | Loss: 13.729 | Acc: 21.665,25.762,40.663,51.734,66.806,74.733,78.887,81.021,%
Batch: 60 | Loss: 13.703 | Acc: 21.952,25.499,40.061,51.268,66.675,74.680,79.470,81.442,%
Batch: 80 | Loss: 13.653 | Acc: 22.020,25.617,40.172,51.524,66.802,74.431,79.350,81.298,%
Batch: 100 | Loss: 13.731 | Acc: 21.751,25.248,39.937,51.276,66.669,74.226,79.223,80.886,%
Batch: 120 | Loss: 13.755 | Acc: 21.591,25.149,39.792,51.227,66.652,74.206,79.119,80.863,%
Batch: 140 | Loss: 13.815 | Acc: 21.637,24.889,39.666,50.909,66.196,73.997,78.934,80.690,%
Batch: 160 | Loss: 13.797 | Acc: 21.564,24.927,39.810,51.048,66.348,73.981,78.829,80.493,%
Batch: 180 | Loss: 13.839 | Acc: 21.499,24.832,39.637,50.906,66.160,73.934,78.690,80.339,%
Batch: 200 | Loss: 13.858 | Acc: 21.459,24.845,39.797,50.976,66.142,73.745,78.568,80.220,%
Batch: 220 | Loss: 13.881 | Acc: 21.490,25.004,39.837,50.877,66.003,73.540,78.486,80.027,%
Batch: 240 | Loss: 13.898 | Acc: 21.363,24.981,39.824,50.801,65.875,73.301,78.375,79.885,%
Batch: 260 | Loss: 13.906 | Acc: 21.453,25.024,39.886,50.808,65.802,73.285,78.272,79.753,%
Batch: 280 | Loss: 13.922 | Acc: 21.439,24.911,39.855,50.784,65.697,73.187,78.117,79.526,%
Batch: 300 | Loss: 13.933 | Acc: 21.369,24.839,39.779,50.831,65.680,73.188,78.047,79.449,%
Batch: 320 | Loss: 13.921 | Acc: 21.374,24.881,39.812,50.888,65.710,73.187,78.059,79.439,%
Batch: 340 | Loss: 13.931 | Acc: 21.366,24.842,39.819,50.861,65.602,73.181,77.994,79.353,%
Batch: 360 | Loss: 13.931 | Acc: 21.455,24.955,39.894,50.959,65.491,73.163,77.924,79.265,%
Batch: 380 | Loss: 13.930 | Acc: 21.510,25.014,39.932,50.912,65.389,73.052,77.842,79.173,%
Batch: 0 | Loss: 22.260 | Acc: 5.469,8.594,24.219,37.500,53.125,62.500,64.844,64.844,%
Batch: 20 | Loss: 23.155 | Acc: 7.329,5.915,20.312,35.193,51.376,59.524,63.244,62.537,%
Batch: 40 | Loss: 23.205 | Acc: 7.450,6.288,20.694,34.508,51.220,59.051,62.938,62.195,%
Batch: 60 | Loss: 23.213 | Acc: 7.223,6.314,21.030,34.567,51.089,59.247,62.948,62.269,%

Epoch: 25
Batch: 0 | Loss: 13.835 | Acc: 21.094,27.344,40.625,50.000,64.844,75.000,79.688,75.000,%
Batch: 20 | Loss: 13.548 | Acc: 20.796,23.698,40.923,52.269,66.518,75.000,79.874,81.176,%
Batch: 40 | Loss: 13.428 | Acc: 21.132,24.638,40.911,52.534,67.264,74.905,80.069,81.650,%
Batch: 60 | Loss: 13.479 | Acc: 20.991,24.808,40.715,51.960,67.136,74.782,79.867,81.340,%
Batch: 80 | Loss: 13.562 | Acc: 21.132,24.460,40.355,51.852,67.101,74.711,79.832,81.366,%
Batch: 100 | Loss: 13.530 | Acc: 21.318,24.451,40.756,51.957,67.071,74.814,79.997,81.598,%
Batch: 120 | Loss: 13.505 | Acc: 21.404,24.542,40.812,52.163,67.039,74.729,79.797,81.470,%
Batch: 140 | Loss: 13.552 | Acc: 21.459,24.523,40.669,51.984,66.811,74.612,79.582,81.233,%
Batch: 160 | Loss: 13.577 | Acc: 21.443,24.602,40.659,51.926,66.697,74.500,79.455,81.051,%
Batch: 180 | Loss: 13.635 | Acc: 21.478,24.577,40.621,51.748,66.424,74.253,79.148,80.775,%
Batch: 200 | Loss: 13.652 | Acc: 21.533,24.806,40.703,51.718,66.387,74.285,79.093,80.733,%
Batch: 220 | Loss: 13.674 | Acc: 21.454,24.756,40.636,51.619,66.275,74.169,79.069,80.610,%
Batch: 240 | Loss: 13.703 | Acc: 21.450,24.818,40.573,51.481,66.118,74.099,78.932,80.501,%
Batch: 260 | Loss: 13.705 | Acc: 21.537,24.877,40.568,51.407,66.035,74.099,78.939,80.418,%
Batch: 280 | Loss: 13.744 | Acc: 21.552,24.956,40.492,51.229,65.722,73.882,78.742,80.202,%
Batch: 300 | Loss: 13.756 | Acc: 21.571,24.945,40.534,51.233,65.737,73.762,78.654,80.108,%
Batch: 320 | Loss: 13.756 | Acc: 21.622,25.024,40.537,51.178,65.739,73.730,78.653,80.026,%
Batch: 340 | Loss: 13.742 | Acc: 21.715,25.126,40.614,51.253,65.776,73.673,78.627,79.951,%
Batch: 360 | Loss: 13.743 | Acc: 21.702,25.147,40.686,51.292,65.757,73.721,78.558,79.887,%
Batch: 380 | Loss: 13.754 | Acc: 21.711,25.168,40.662,51.208,65.709,73.677,78.508,79.845,%
Batch: 0 | Loss: 22.048 | Acc: 7.812,12.500,25.781,38.281,57.031,68.750,67.188,69.531,%
Batch: 20 | Loss: 22.903 | Acc: 9.375,8.780,23.624,34.635,51.823,60.826,64.583,63.318,%
Batch: 40 | Loss: 22.944 | Acc: 9.337,8.422,23.666,34.585,52.077,60.537,63.948,63.319,%
Batch: 60 | Loss: 22.953 | Acc: 9.170,8.402,23.438,34.926,52.203,60.566,64.024,63.320,%

Epoch: 26
Batch: 0 | Loss: 12.910 | Acc: 20.312,29.688,46.094,60.156,70.312,78.125,82.812,83.594,%
Batch: 20 | Loss: 12.937 | Acc: 22.024,26.153,42.001,52.716,69.717,77.976,83.036,84.040,%
Batch: 40 | Loss: 13.046 | Acc: 22.389,26.277,42.016,52.153,68.636,77.039,82.203,83.270,%
Batch: 60 | Loss: 13.175 | Acc: 22.234,26.204,41.714,51.844,68.225,76.729,81.788,83.094,%
Batch: 80 | Loss: 13.264 | Acc: 22.174,25.801,41.165,51.823,68.017,76.572,81.790,83.353,%
Batch: 100 | Loss: 13.347 | Acc: 21.991,25.611,40.826,51.524,67.613,76.075,81.273,82.913,%
Batch: 120 | Loss: 13.396 | Acc: 22.191,25.600,40.799,51.595,67.233,75.743,80.843,82.574,%
Batch: 140 | Loss: 13.417 | Acc: 22.224,25.737,41.074,51.651,67.199,75.571,80.596,82.325,%
Batch: 160 | Loss: 13.413 | Acc: 22.147,25.655,41.120,51.795,67.134,75.519,80.527,82.279,%
Batch: 180 | Loss: 13.401 | Acc: 22.099,25.691,41.065,51.821,67.278,75.540,80.447,82.182,%
Batch: 200 | Loss: 13.447 | Acc: 21.937,25.517,40.889,51.578,67.203,75.408,80.340,82.023,%
Batch: 220 | Loss: 13.491 | Acc: 21.992,25.399,40.749,51.509,66.951,75.117,80.129,81.840,%
Batch: 240 | Loss: 13.502 | Acc: 21.943,25.438,40.816,51.669,66.915,75.113,80.015,81.697,%
Batch: 260 | Loss: 13.509 | Acc: 22.022,25.491,40.897,51.805,66.867,74.928,79.861,81.495,%
Batch: 280 | Loss: 13.545 | Acc: 21.853,25.384,40.845,51.807,66.818,74.847,79.679,81.258,%
Batch: 300 | Loss: 13.573 | Acc: 21.826,25.369,40.734,51.705,66.746,74.730,79.516,81.076,%
Batch: 320 | Loss: 13.581 | Acc: 21.792,25.355,40.686,51.713,66.657,74.735,79.488,81.029,%
Batch: 340 | Loss: 13.611 | Acc: 21.692,25.309,40.694,51.734,66.606,74.588,79.330,80.854,%
Batch: 360 | Loss: 13.614 | Acc: 21.782,25.355,40.746,51.785,66.582,74.546,79.289,80.761,%
Batch: 380 | Loss: 13.639 | Acc: 21.676,25.244,40.633,51.737,66.453,74.446,79.228,80.664,%
Batch: 0 | Loss: 22.019 | Acc: 7.812,10.938,25.000,34.375,57.031,62.500,66.406,67.969,%
Batch: 20 | Loss: 22.811 | Acc: 8.519,6.734,23.438,35.007,52.976,60.379,62.388,61.756,%
Batch: 40 | Loss: 22.909 | Acc: 8.822,6.650,23.418,35.080,53.258,59.242,61.947,61.433,%
Batch: 60 | Loss: 22.936 | Acc: 8.632,6.685,23.630,35.540,52.869,59.144,61.770,61.386,%

Epoch: 27
Batch: 0 | Loss: 13.484 | Acc: 25.000,28.906,42.188,48.438,64.062,73.438,80.469,78.906,%
Batch: 20 | Loss: 13.106 | Acc: 22.693,26.488,41.592,52.976,67.188,76.228,81.734,83.073,%
Batch: 40 | Loss: 13.304 | Acc: 22.713,25.762,41.216,52.496,66.749,75.838,81.383,82.755,%
Batch: 60 | Loss: 13.255 | Acc: 22.413,26.165,41.483,52.638,67.162,75.704,81.404,82.672,%
Batch: 80 | Loss: 13.349 | Acc: 22.299,25.646,41.146,51.871,67.043,75.598,81.144,82.272,%
Batch: 100 | Loss: 13.353 | Acc: 22.215,25.789,41.313,52.065,67.273,75.557,81.064,82.163,%
Batch: 120 | Loss: 13.383 | Acc: 22.172,25.794,40.857,51.834,66.968,75.446,81.005,82.154,%
Batch: 140 | Loss: 13.384 | Acc: 21.831,25.493,40.531,51.601,66.944,75.593,81.089,82.292,%
Batch: 160 | Loss: 13.376 | Acc: 21.953,25.495,40.737,51.757,67.076,75.607,80.770,82.026,%
Batch: 180 | Loss: 13.410 | Acc: 21.996,25.591,40.759,51.817,67.080,75.501,80.503,81.824,%
Batch: 200 | Loss: 13.424 | Acc: 21.926,25.606,40.714,51.811,66.950,75.272,80.286,81.608,%
Batch: 220 | Loss: 13.435 | Acc: 22.013,25.629,40.745,51.813,66.947,75.230,80.186,81.515,%
Batch: 240 | Loss: 13.445 | Acc: 22.115,25.658,40.849,51.955,66.886,75.178,80.096,81.325,%
Batch: 260 | Loss: 13.476 | Acc: 22.102,25.617,40.751,51.895,66.762,75.006,79.882,81.112,%
Batch: 280 | Loss: 13.488 | Acc: 22.050,25.581,40.742,51.838,66.690,74.872,79.738,81.014,%
Batch: 300 | Loss: 13.504 | Acc: 22.041,25.504,40.737,51.765,66.728,74.862,79.664,80.949,%
Batch: 320 | Loss: 13.491 | Acc: 22.096,25.591,40.934,51.947,66.791,74.871,79.697,80.880,%
Batch: 340 | Loss: 13.501 | Acc: 22.088,25.570,40.911,51.874,66.759,74.787,79.639,80.847,%
Batch: 360 | Loss: 13.512 | Acc: 22.070,25.569,40.930,51.840,66.722,74.667,79.543,80.748,%
Batch: 380 | Loss: 13.526 | Acc: 22.092,25.593,40.914,51.819,66.609,74.557,79.421,80.641,%
Batch: 0 | Loss: 22.528 | Acc: 7.812,7.812,22.656,25.781,53.906,59.375,59.375,58.594,%
Batch: 20 | Loss: 22.983 | Acc: 9.040,5.952,23.251,33.259,49.963,57.552,59.152,59.375,%
Batch: 40 | Loss: 22.946 | Acc: 8.689,5.831,23.590,33.136,49.390,57.412,59.032,59.108,%
Batch: 60 | Loss: 22.985 | Acc: 8.466,5.879,23.425,33.299,49.052,57.198,58.837,58.888,%

Epoch: 28
Batch: 0 | Loss: 13.723 | Acc: 23.438,28.125,36.719,51.562,67.969,75.000,79.688,82.031,%
Batch: 20 | Loss: 12.994 | Acc: 23.326,26.562,43.080,52.753,68.155,76.079,81.696,83.854,%
Batch: 40 | Loss: 12.966 | Acc: 22.809,26.467,43.007,53.449,68.007,76.486,82.222,83.937,%
Batch: 60 | Loss: 13.065 | Acc: 22.605,26.345,42.559,53.356,67.725,76.063,81.839,83.466,%
Batch: 80 | Loss: 13.127 | Acc: 22.425,26.148,42.178,53.164,67.766,75.965,81.433,82.996,%
Batch: 100 | Loss: 13.153 | Acc: 22.486,25.998,41.615,53.133,67.922,76.037,81.389,82.944,%
Batch: 120 | Loss: 13.175 | Acc: 22.508,26.111,41.645,52.912,67.691,75.897,81.431,82.871,%
Batch: 140 | Loss: 13.218 | Acc: 22.451,26.036,41.611,52.992,67.631,75.837,81.261,82.646,%
Batch: 160 | Loss: 13.290 | Acc: 22.312,25.854,41.256,52.620,67.255,75.563,80.978,82.405,%
Batch: 180 | Loss: 13.295 | Acc: 22.466,26.032,41.247,52.598,67.192,75.496,80.823,82.256,%
Batch: 200 | Loss: 13.285 | Acc: 22.477,26.081,41.457,52.779,67.292,75.501,80.834,82.249,%
Batch: 220 | Loss: 13.308 | Acc: 22.504,26.131,41.392,52.602,66.958,75.262,80.539,81.975,%
Batch: 240 | Loss: 13.294 | Acc: 22.488,26.151,41.520,52.626,67.042,75.279,80.543,81.970,%
Batch: 260 | Loss: 13.326 | Acc: 22.429,26.066,41.496,52.553,66.936,75.165,80.403,81.852,%
Batch: 280 | Loss: 13.341 | Acc: 22.378,26.045,41.509,52.605,66.934,75.072,80.296,81.742,%
Batch: 300 | Loss: 13.357 | Acc: 22.386,26.030,41.424,52.499,66.959,75.083,80.207,81.670,%
Batch: 320 | Loss: 13.369 | Acc: 22.313,26.049,41.389,52.507,66.939,75.058,80.157,81.635,%
Batch: 340 | Loss: 13.374 | Acc: 22.336,26.075,41.418,52.454,66.867,75.044,80.109,81.516,%
Batch: 360 | Loss: 13.402 | Acc: 22.297,26.058,41.372,52.385,66.776,74.963,79.932,81.332,%
Batch: 380 | Loss: 13.405 | Acc: 22.351,26.091,41.369,52.446,66.773,74.889,79.911,81.293,%
Batch: 0 | Loss: 21.699 | Acc: 6.250,9.375,21.094,34.375,60.156,70.312,69.531,71.875,%
Batch: 20 | Loss: 22.754 | Acc: 8.371,7.664,21.763,34.338,51.339,58.705,61.793,60.305,%
Batch: 40 | Loss: 22.844 | Acc: 8.594,7.508,21.913,34.337,51.067,58.594,61.109,59.909,%
Batch: 60 | Loss: 22.875 | Acc: 8.658,7.608,22.003,34.670,50.653,58.543,61.104,59.900,%

Epoch: 29
Batch: 0 | Loss: 14.182 | Acc: 20.312,21.094,38.281,50.000,60.938,72.656,78.125,82.031,%
Batch: 20 | Loss: 12.949 | Acc: 23.065,26.376,41.406,53.385,67.820,76.935,82.254,83.780,%
Batch: 40 | Loss: 12.933 | Acc: 23.018,27.077,42.492,53.220,68.388,77.515,82.946,84.337,%
Batch: 60 | Loss: 13.000 | Acc: 22.682,26.998,42.213,53.304,68.494,77.036,82.672,84.004,%
Batch: 80 | Loss: 13.045 | Acc: 22.444,27.006,41.956,53.086,68.326,76.871,82.658,83.912,%
Batch: 100 | Loss: 13.031 | Acc: 22.540,26.856,42.079,53.086,68.371,77.034,82.642,83.864,%
Batch: 120 | Loss: 13.073 | Acc: 22.353,26.679,41.871,52.783,68.124,76.782,82.257,83.691,%
Batch: 140 | Loss: 13.060 | Acc: 22.568,26.651,41.938,52.770,68.168,76.762,82.148,83.588,%
Batch: 160 | Loss: 13.073 | Acc: 22.564,26.606,41.891,52.897,68.090,76.694,81.949,83.341,%
Batch: 180 | Loss: 13.111 | Acc: 22.548,26.429,41.989,52.849,67.982,76.489,81.746,83.102,%
Batch: 200 | Loss: 13.172 | Acc: 22.415,26.310,41.877,52.678,67.782,76.209,81.475,82.937,%
Batch: 220 | Loss: 13.192 | Acc: 22.388,26.301,41.834,52.690,67.753,76.205,81.310,82.706,%
Batch: 240 | Loss: 13.240 | Acc: 22.274,26.219,41.821,52.606,67.651,76.037,81.127,82.553,%
Batch: 260 | Loss: 13.237 | Acc: 22.309,26.272,41.870,52.658,67.720,76.012,81.133,82.543,%
Batch: 280 | Loss: 13.246 | Acc: 22.309,26.337,41.804,52.686,67.641,75.898,81.030,82.434,%
Batch: 300 | Loss: 13.265 | Acc: 22.303,26.329,41.705,52.629,67.546,75.748,80.884,82.267,%
Batch: 320 | Loss: 13.287 | Acc: 22.340,26.375,41.599,52.502,67.387,75.623,80.678,82.070,%
Batch: 340 | Loss: 13.294 | Acc: 22.349,26.336,41.612,52.479,67.364,75.527,80.519,81.903,%
Batch: 360 | Loss: 13.301 | Acc: 22.327,26.311,41.605,52.432,67.278,75.487,80.430,81.813,%
Batch: 380 | Loss: 13.321 | Acc: 22.320,26.263,41.576,52.387,67.192,75.408,80.350,81.703,%
Batch: 0 | Loss: 21.832 | Acc: 7.812,8.594,27.344,42.188,56.250,62.500,64.844,62.500,%
Batch: 20 | Loss: 22.616 | Acc: 10.268,7.924,23.586,35.677,52.195,59.449,62.277,61.161,%
Batch: 40 | Loss: 22.681 | Acc: 10.232,8.079,23.323,35.099,52.210,58.537,61.738,60.671,%
Batch: 60 | Loss: 22.769 | Acc: 10.131,7.812,22.976,34.926,51.268,57.787,61.270,59.708,%

Epoch: 30
Batch: 0 | Loss: 12.396 | Acc: 27.344,33.594,46.094,59.375,72.656,81.250,85.938,88.281,%
Batch: 20 | Loss: 12.831 | Acc: 22.656,26.228,42.299,55.283,69.568,78.051,83.296,83.929,%
Batch: 40 | Loss: 13.000 | Acc: 22.485,26.448,42.778,54.021,68.712,77.496,82.431,83.518,%
Batch: 60 | Loss: 13.051 | Acc: 22.067,25.922,42.213,53.637,68.353,77.421,82.531,83.914,%
Batch: 80 | Loss: 13.128 | Acc: 22.174,26.080,41.657,52.874,67.978,77.112,82.243,83.613,%
Batch: 100 | Loss: 13.069 | Acc: 22.099,26.021,41.839,53.086,68.170,77.282,82.457,83.864,%
Batch: 120 | Loss: 13.060 | Acc: 22.178,26.072,41.800,53.170,68.169,77.111,82.438,83.710,%
Batch: 140 | Loss: 13.063 | Acc: 22.163,26.020,41.700,53.214,68.019,77.000,82.314,83.561,%
Batch: 160 | Loss: 13.134 | Acc: 21.948,25.835,41.557,53.043,67.789,76.727,82.031,83.371,%
Batch: 180 | Loss: 13.166 | Acc: 21.884,25.768,41.436,52.780,67.718,76.506,81.682,83.119,%
Batch: 200 | Loss: 13.151 | Acc: 22.019,25.941,41.632,53.090,67.759,76.341,81.549,82.984,%
Batch: 220 | Loss: 13.158 | Acc: 22.020,25.919,41.785,53.150,67.799,76.258,81.533,82.926,%
Batch: 240 | Loss: 13.182 | Acc: 21.995,25.866,41.756,53.157,67.829,76.109,81.470,82.806,%
Batch: 260 | Loss: 13.197 | Acc: 21.932,25.889,41.768,53.128,67.651,76.003,81.325,82.708,%
Batch: 280 | Loss: 13.199 | Acc: 21.975,25.917,41.723,53.106,67.552,75.923,81.208,82.593,%
Batch: 300 | Loss: 13.216 | Acc: 21.974,25.906,41.871,53.099,67.587,75.973,81.136,82.522,%
Batch: 320 | Loss: 13.227 | Acc: 22.038,25.932,41.864,53.084,67.523,75.840,80.994,82.394,%
Batch: 340 | Loss: 13.228 | Acc: 22.031,25.921,41.803,52.958,67.515,75.797,80.991,82.368,%
Batch: 360 | Loss: 13.229 | Acc: 22.085,25.976,41.830,52.971,67.482,75.762,80.860,82.239,%
Batch: 380 | Loss: 13.236 | Acc: 22.166,26.003,41.827,52.920,67.427,75.685,80.797,82.142,%
Batch: 0 | Loss: 21.941 | Acc: 5.469,7.812,21.875,39.844,57.031,66.406,68.750,71.094,%
Batch: 20 | Loss: 22.587 | Acc: 8.891,7.180,23.698,37.500,54.836,61.979,64.881,64.435,%
Batch: 40 | Loss: 22.701 | Acc: 9.127,7.146,23.380,37.500,54.230,61.700,64.291,63.643,%
Batch: 60 | Loss: 22.745 | Acc: 8.888,7.044,23.258,37.526,54.022,61.514,64.075,63.358,%

Epoch: 31
Batch: 0 | Loss: 11.635 | Acc: 25.781,28.906,46.875,56.250,70.312,77.344,82.812,84.375,%
Batch: 20 | Loss: 12.710 | Acc: 23.140,26.711,42.188,54.278,68.304,77.567,83.780,84.598,%
Batch: 40 | Loss: 12.787 | Acc: 22.656,26.353,42.283,53.906,68.845,77.896,83.460,84.680,%
Batch: 60 | Loss: 12.879 | Acc: 22.912,26.614,42.341,54.150,68.788,77.459,82.774,84.093,%
Batch: 80 | Loss: 12.875 | Acc: 22.878,26.804,42.438,53.800,68.731,77.363,82.571,84.057,%
Batch: 100 | Loss: 12.901 | Acc: 22.803,26.648,42.404,53.713,68.448,77.104,82.526,83.957,%
Batch: 120 | Loss: 12.915 | Acc: 23.037,26.911,42.685,53.713,68.530,77.195,82.528,83.975,%
Batch: 140 | Loss: 12.965 | Acc: 22.867,26.679,42.509,53.646,68.501,77.117,82.308,83.849,%
Batch: 160 | Loss: 12.971 | Acc: 22.773,26.757,42.488,53.630,68.600,77.106,82.318,83.749,%
Batch: 180 | Loss: 13.019 | Acc: 22.652,26.666,42.257,53.423,68.409,77.024,82.161,83.620,%
Batch: 200 | Loss: 13.057 | Acc: 22.575,26.609,42.215,53.292,68.218,76.870,81.926,83.345,%
Batch: 220 | Loss: 13.074 | Acc: 22.589,26.573,42.233,53.305,68.170,76.835,81.890,83.205,%
Batch: 240 | Loss: 13.089 | Acc: 22.553,26.507,42.081,53.180,68.072,76.715,81.824,83.085,%
Batch: 260 | Loss: 13.080 | Acc: 22.671,26.649,42.098,53.260,68.148,76.670,81.780,83.040,%
Batch: 280 | Loss: 13.103 | Acc: 22.678,26.599,42.057,53.242,68.091,76.518,81.567,82.804,%
Batch: 300 | Loss: 13.112 | Acc: 22.633,26.581,42.066,53.270,67.974,76.396,81.478,82.711,%
Batch: 320 | Loss: 13.119 | Acc: 22.629,26.570,42.083,53.376,67.937,76.280,81.308,82.603,%
Batch: 340 | Loss: 13.132 | Acc: 22.567,26.535,42.029,53.292,67.893,76.223,81.239,82.485,%
Batch: 360 | Loss: 13.132 | Acc: 22.511,26.541,42.027,53.361,67.910,76.223,81.233,82.440,%
Batch: 380 | Loss: 13.154 | Acc: 22.525,26.544,42.040,53.275,67.799,76.126,81.145,82.335,%
Batch: 0 | Loss: 22.172 | Acc: 6.250,7.031,24.219,39.062,58.594,64.844,66.406,66.406,%
Batch: 20 | Loss: 22.630 | Acc: 9.375,7.515,24.182,36.012,53.683,62.649,65.216,64.658,%
Batch: 40 | Loss: 22.680 | Acc: 9.489,7.450,24.276,36.871,53.468,61.928,64.920,64.310,%
Batch: 60 | Loss: 22.739 | Acc: 9.465,7.672,23.899,37.205,53.509,61.206,64.395,63.858,%

Epoch: 32
Batch: 0 | Loss: 14.287 | Acc: 16.406,17.969,37.500,42.188,61.719,72.656,83.594,82.812,%
Batch: 20 | Loss: 12.957 | Acc: 22.693,25.781,42.634,53.199,68.341,78.162,84.152,85.528,%
Batch: 40 | Loss: 12.888 | Acc: 22.752,26.258,42.893,53.049,69.017,78.125,83.518,85.061,%
Batch: 60 | Loss: 12.890 | Acc: 22.733,26.575,42.649,53.676,68.942,78.125,83.184,84.836,%
Batch: 80 | Loss: 12.918 | Acc: 22.502,26.437,42.506,53.916,68.731,77.932,83.034,84.365,%
Batch: 100 | Loss: 12.895 | Acc: 22.703,26.648,42.481,53.937,68.696,77.661,82.859,84.135,%
Traceback (most recent call last):
  File "main.py", line 259, in <module>
    main_cifar(args)
  File "main.py", line 248, in main_cifar
    train(epoch)
  File "main.py", line 146, in train
    train_loss += to_python_float(loss.data)
  File "main.py", line 113, in to_python_float
    return t.item()
KeyboardInterrupt
