
Training Setting: batch_size=128 | epoch=0 | lr=1.0e-02 | circles=0 
Training: Epoch=0 | Loss: 13.368 |  Acc: 24.328,27.292,35.040,40.552,44.826,47.030,47.246,47.566,% 
Testing: Epoch=0 | Loss: 11.528 |  Acc: 26.690,29.710,43.020,50.640,55.850,58.730,59.620,59.780,% 

Training Setting: batch_size=128 | epoch=1 | lr=1.0e-02 | circles=0 
Training: Epoch=1 | Loss: 10.754 |  Acc: 28.952,34.738,47.442,54.542,60.364,63.318,63.990,64.156,% 
Testing: Epoch=1 | Loss: 10.928 |  Acc: 26.360,32.680,45.820,53.310,59.120,61.970,62.760,62.900,% 

Training Setting: batch_size=128 | epoch=2 | lr=1.0e-02 | circles=0 
Training: Epoch=2 | Loss: 9.656 |  Acc: 31.484,38.120,52.402,60.070,66.384,69.618,70.560,70.472,% 
Testing: Epoch=2 | Loss: 9.680 |  Acc: 32.670,35.320,47.340,57.020,65.500,69.750,71.410,71.540,% 

Training Setting: batch_size=128 | epoch=3 | lr=1.0e-02 | circles=0 
Training: Epoch=3 | Loss: 8.823 |  Acc: 32.684,41.000,55.368,64.052,71.036,74.604,75.204,75.206,% 
Testing: Epoch=3 | Loss: 9.189 |  Acc: 28.650,33.330,52.140,63.560,70.550,73.880,74.770,75.320,% 

Training Setting: batch_size=128 | epoch=4 | lr=1.0e-02 | circles=0 
Training: Epoch=4 | Loss: 8.228 |  Acc: 33.768,43.004,57.598,67.148,74.544,78.022,78.714,78.696,% 
Testing: Epoch=4 | Loss: 8.530 |  Acc: 32.320,40.110,56.270,66.150,73.550,77.570,78.320,78.480,% 

Training Setting: batch_size=128 | epoch=5 | lr=1.0e-02 | circles=0 
Training: Epoch=5 | Loss: 7.743 |  Acc: 35.116,45.330,59.368,69.284,77.210,80.588,81.262,81.140,% 
Testing: Epoch=5 | Loss: 7.994 |  Acc: 33.590,43.720,57.970,68.680,75.950,78.770,79.820,79.870,% 

Training Setting: batch_size=128 | epoch=6 | lr=1.0e-02 | circles=0 
Training: Epoch=6 | Loss: 7.390 |  Acc: 35.630,46.556,61.016,71.096,79.292,82.538,83.036,83.056,% 
Testing: Epoch=6 | Loss: 7.911 |  Acc: 31.700,39.210,58.920,69.870,77.040,80.350,81.480,81.420,% 

Training Setting: batch_size=128 | epoch=7 | lr=1.0e-02 | circles=0 
Training: Epoch=7 | Loss: 7.082 |  Acc: 36.356,47.830,61.898,72.542,81.164,84.282,84.698,84.628,% 
Testing: Epoch=7 | Loss: 7.545 |  Acc: 35.660,45.900,59.520,69.330,78.450,81.320,81.870,81.760,% 

Training Setting: batch_size=128 | epoch=8 | lr=1.0e-02 | circles=0 
Training: Epoch=8 | Loss: 6.810 |  Acc: 36.850,49.302,63.262,74.162,82.372,85.544,86.054,85.978,% 
Testing: Epoch=8 | Loss: 7.524 |  Acc: 33.190,42.880,59.670,71.530,79.210,82.970,83.620,83.460,% 

Training Setting: batch_size=128 | epoch=9 | lr=1.0e-02 | circles=0 
Training: Epoch=9 | Loss: 6.639 |  Acc: 37.490,50.034,64.020,74.790,83.386,86.424,86.832,86.668,% 
Testing: Epoch=9 | Loss: 7.184 |  Acc: 33.500,42.750,62.310,73.640,81.530,84.200,84.930,84.830,% 

Training Setting: batch_size=128 | epoch=10 | lr=1.0e-02 | circles=0 
Training: Epoch=10 | Loss: 6.445 |  Acc: 37.832,50.804,64.978,75.772,84.286,87.228,87.772,87.568,% 
Testing: Epoch=10 | Loss: 6.848 |  Acc: 36.550,50.000,63.100,74.620,82.090,84.460,84.550,84.550,% 

Training Setting: batch_size=128 | epoch=11 | lr=1.0e-02 | circles=0 
Training: Epoch=11 | Loss: 6.267 |  Acc: 38.494,51.752,65.648,76.738,85.310,88.188,88.626,88.428,% 
Testing: Epoch=11 | Loss: 7.418 |  Acc: 30.970,43.010,60.100,72.120,79.790,82.570,83.000,82.980,% 

Training Setting: batch_size=128 | epoch=12 | lr=1.0e-02 | circles=0 
Training: Epoch=12 | Loss: 6.144 |  Acc: 38.764,52.272,66.212,77.262,85.854,88.962,89.230,89.036,% 
Testing: Epoch=12 | Loss: 6.867 |  Acc: 36.980,47.790,61.240,74.120,82.580,85.370,85.950,86.020,% 

Training Setting: batch_size=128 | epoch=13 | lr=1.0e-02 | circles=0 



==> Preparing data..
Files already downloaded and verified
Files already downloaded and verified
==> Building model..
Tied: False

Epoch: 0
Batch: 0 | Loss: 18.645 | Acc: 10.156,7.812,5.469,6.250,11.719,9.375,10.156,3.125,%
Batch: 20 | Loss: 17.469 | Acc: 11.421,14.174,14.211,18.601,21.168,21.726,22.024,24.293,%
Batch: 40 | Loss: 16.691 | Acc: 14.710,17.416,19.703,23.571,25.362,26.220,26.334,27.877,%
Batch: 60 | Loss: 16.206 | Acc: 16.919,19.057,22.272,26.063,28.227,29.175,29.022,30.020,%
Batch: 80 | Loss: 15.859 | Acc: 18.268,20.158,23.765,27.681,29.861,30.835,30.922,31.559,%
Batch: 100 | Loss: 15.580 | Acc: 18.990,21.187,25.116,29.007,31.482,32.735,32.843,33.455,%
Batch: 120 | Loss: 15.314 | Acc: 19.802,21.959,26.201,30.365,33.058,34.330,34.536,35.137,%
Batch: 140 | Loss: 15.091 | Acc: 20.396,22.523,27.122,31.455,34.104,35.672,35.827,36.469,%
Batch: 160 | Loss: 14.880 | Acc: 21.103,23.234,28.081,32.623,35.355,36.990,37.088,37.650,%
Batch: 180 | Loss: 14.681 | Acc: 21.620,23.748,28.816,33.607,36.589,38.299,38.385,38.898,%
Batch: 200 | Loss: 14.496 | Acc: 22.089,24.246,29.594,34.457,37.547,39.381,39.513,39.945,%
Batch: 220 | Loss: 14.338 | Acc: 22.412,24.661,30.409,35.273,38.561,40.455,40.519,40.979,%
Batch: 240 | Loss: 14.202 | Acc: 22.617,25.062,30.994,35.954,39.416,41.367,41.442,41.896,%
Batch: 260 | Loss: 14.061 | Acc: 23.003,25.518,31.726,36.692,40.287,42.325,42.388,42.798,%
Batch: 280 | Loss: 13.935 | Acc: 23.198,25.751,32.254,37.411,41.100,43.111,43.252,43.683,%
Batch: 300 | Loss: 13.818 | Acc: 23.401,25.989,32.709,37.975,41.772,43.836,44.028,44.388,%
Batch: 320 | Loss: 13.717 | Acc: 23.605,26.275,33.363,38.678,42.577,44.619,44.806,45.162,%
Batch: 340 | Loss: 13.615 | Acc: 23.788,26.611,33.871,39.273,43.253,45.317,45.503,45.862,%
Batch: 360 | Loss: 13.520 | Acc: 24.048,26.926,34.356,39.725,43.852,45.953,46.159,46.520,%
Batch: 380 | Loss: 13.415 | Acc: 24.270,27.206,34.820,40.291,44.509,46.666,46.873,47.203,%
Batch: 0 | Loss: 9.562 | Acc: 40.000,40.000,50.000,60.000,60.000,60.000,40.000,40.000,%
Batch: 20 | Loss: 11.101 | Acc: 27.619,30.952,43.333,48.571,59.048,58.095,59.048,58.571,%
Batch: 40 | Loss: 11.275 | Acc: 27.561,32.195,44.634,49.024,56.585,58.537,60.000,59.512,%
Batch: 60 | Loss: 11.364 | Acc: 26.230,30.656,42.951,49.016,55.902,58.197,60.492,60.164,%
Batch: 80 | Loss: 11.522 | Acc: 26.173,30.370,41.728,48.889,55.185,58.025,60.988,60.494,%
Batch: 100 | Loss: 11.539 | Acc: 26.040,30.396,41.980,49.406,55.248,57.921,60.099,60.099,%
Batch: 120 | Loss: 11.522 | Acc: 25.950,30.331,42.397,49.752,55.207,58.017,60.496,60.744,%
Batch: 140 | Loss: 11.564 | Acc: 25.177,30.567,42.057,49.007,54.823,57.660,59.645,59.716,%
Batch: 160 | Loss: 11.610 | Acc: 25.466,30.497,41.429,48.944,54.286,57.764,59.565,59.876,%
Batch: 180 | Loss: 11.509 | Acc: 26.409,30.773,42.486,49.834,55.193,58.232,60.276,60.442,%
Batch: 200 | Loss: 11.527 | Acc: 26.219,30.498,42.438,50.000,55.373,58.507,60.547,60.647,%
Batch: 220 | Loss: 11.551 | Acc: 26.154,29.910,42.579,50.271,55.611,58.326,60.045,60.136,%
Batch: 240 | Loss: 11.586 | Acc: 26.058,29.834,42.199,50.207,55.602,58.340,59.959,60.041,%
Batch: 260 | Loss: 11.622 | Acc: 25.939,30.000,42.146,50.115,55.249,57.854,59.425,59.464,%
Batch: 280 | Loss: 11.603 | Acc: 25.907,29.644,42.100,50.107,55.267,57.758,59.537,59.644,%
Batch: 300 | Loss: 11.564 | Acc: 25.947,29.568,41.960,50.365,55.748,58.339,60.066,60.100,%
Batch: 320 | Loss: 11.544 | Acc: 25.888,29.533,42.368,50.592,55.888,58.442,60.280,60.249,%
Batch: 340 | Loss: 11.563 | Acc: 26.129,29.648,42.346,50.499,55.660,58.240,59.971,59.853,%
Batch: 360 | Loss: 11.568 | Acc: 26.427,29.557,42.493,50.554,55.596,58.338,59.889,59.834,%
Batch: 380 | Loss: 11.587 | Acc: 26.273,29.370,42.231,50.499,55.512,58.373,59.790,59.790,%
Batch: 400 | Loss: 11.578 | Acc: 26.309,29.202,42.319,50.524,55.511,58.603,59.950,59.925,%
Batch: 420 | Loss: 11.568 | Acc: 26.128,29.192,42.352,50.689,55.677,58.717,59.881,59.905,%
Batch: 440 | Loss: 11.542 | Acc: 26.100,29.297,42.517,50.998,55.828,58.980,60.091,60.204,%
Batch: 460 | Loss: 11.543 | Acc: 26.312,29.566,42.798,50.954,55.748,58.829,60.000,60.108,%
Batch: 480 | Loss: 11.527 | Acc: 26.154,29.501,42.744,50.811,55.800,58.919,60.166,60.291,%
Batch: 500 | Loss: 11.494 | Acc: 26.347,29.521,42.814,50.998,56.108,59.202,60.419,60.459,%
Batch: 520 | Loss: 11.490 | Acc: 26.334,29.463,42.898,50.960,56.180,59.386,60.595,60.691,%
Batch: 540 | Loss: 11.491 | Acc: 26.340,29.556,42.847,50.813,56.174,59.464,60.776,60.869,%
Batch: 560 | Loss: 11.513 | Acc: 26.203,29.394,42.727,50.927,56.239,59.447,60.731,60.731,%
Batch: 580 | Loss: 11.487 | Acc: 26.231,29.535,42.857,50.929,56.420,59.587,60.792,60.843,%
Batch: 600 | Loss: 11.495 | Acc: 26.323,29.534,42.845,50.849,56.339,59.384,60.616,60.582,%
Batch: 620 | Loss: 11.515 | Acc: 26.200,29.436,42.705,50.628,56.119,59.211,60.451,60.354,%
Batch: 640 | Loss: 11.512 | Acc: 26.271,29.501,42.746,50.546,56.022,59.142,60.359,60.281,%
Batch: 660 | Loss: 11.520 | Acc: 26.203,29.592,42.844,50.484,55.915,59.168,60.303,60.257,%
Batch: 680 | Loss: 11.524 | Acc: 26.270,29.530,42.878,50.352,55.756,59.060,60.147,60.117,%
Batch: 700 | Loss: 11.541 | Acc: 26.391,29.558,42.939,50.214,55.635,58.859,59.971,59.971,%
Batch: 720 | Loss: 11.524 | Acc: 26.519,29.598,42.996,50.319,55.839,58.988,60.028,60.111,%
Batch: 740 | Loss: 11.488 | Acc: 26.545,29.744,43.090,50.391,55.992,59.136,60.202,60.243,%
Batch: 760 | Loss: 11.490 | Acc: 26.505,29.711,43.088,50.434,55.979,59.146,60.158,60.197,%
Batch: 780 | Loss: 11.479 | Acc: 26.620,29.795,43.252,50.563,56.082,59.168,60.141,60.192,%
Batch: 800 | Loss: 11.499 | Acc: 26.629,29.650,43.134,50.499,56.030,59.051,60.000,60.100,%
Batch: 820 | Loss: 11.495 | Acc: 26.614,29.659,43.155,50.646,56.090,59.062,59.951,60.024,%
Batch: 840 | Loss: 11.513 | Acc: 26.564,29.643,43.032,50.535,55.922,58.870,59.762,59.869,%
Batch: 860 | Loss: 11.522 | Acc: 26.539,29.617,43.008,50.557,55.935,58.850,59.768,59.930,%
Batch: 880 | Loss: 11.530 | Acc: 26.583,29.637,42.906,50.590,55.846,58.751,59.659,59.864,%
Batch: 900 | Loss: 11.531 | Acc: 26.737,29.734,42.997,50.599,55.849,58.668,59.656,59.845,%
Batch: 920 | Loss: 11.518 | Acc: 26.786,29.739,42.986,50.662,55.939,58.806,59.739,59.902,%
Batch: 940 | Loss: 11.525 | Acc: 26.727,29.713,43.071,50.691,55.909,58.725,59.596,59.766,%
Batch: 960 | Loss: 11.529 | Acc: 26.701,29.667,43.101,50.770,55.973,58.783,59.625,59.802,%
Batch: 980 | Loss: 11.533 | Acc: 26.677,29.643,43.068,50.714,55.882,58.726,59.623,59.776,%

Epoch: 1
Batch: 0 | Loss: 11.644 | Acc: 30.469,35.938,42.969,50.000,57.031,59.375,60.938,60.156,%
Batch: 20 | Loss: 11.319 | Acc: 28.832,33.929,44.978,51.897,56.845,60.007,60.268,60.193,%
Batch: 40 | Loss: 11.426 | Acc: 28.830,33.594,44.245,50.572,55.240,58.651,59.089,59.356,%
Batch: 60 | Loss: 11.416 | Acc: 28.291,33.133,44.378,50.525,55.418,59.234,59.618,59.721,%
Batch: 80 | Loss: 11.296 | Acc: 28.356,33.275,44.821,51.312,56.771,60.108,60.610,60.783,%
Batch: 100 | Loss: 11.233 | Acc: 28.442,33.470,44.918,51.624,56.954,60.326,60.953,61.108,%
Batch: 120 | Loss: 11.205 | Acc: 28.377,33.574,44.912,51.847,57.315,60.492,61.202,61.344,%
Batch: 140 | Loss: 11.176 | Acc: 28.308,33.594,45.263,52.150,57.524,60.749,61.403,61.525,%
Batch: 160 | Loss: 11.148 | Acc: 28.305,33.710,45.473,52.315,57.783,60.991,61.758,61.850,%
Batch: 180 | Loss: 11.099 | Acc: 28.462,33.758,45.727,52.585,58.214,61.348,62.086,62.194,%
Batch: 200 | Loss: 11.069 | Acc: 28.428,33.979,45.997,52.888,58.481,61.559,62.313,62.411,%
Batch: 220 | Loss: 11.026 | Acc: 28.383,34.181,46.157,53.136,58.742,61.761,62.564,62.610,%
Batch: 240 | Loss: 10.998 | Acc: 28.446,34.275,46.295,53.352,58.905,61.949,62.675,62.776,%
Batch: 260 | Loss: 10.970 | Acc: 28.436,34.321,46.381,53.475,58.965,62.009,62.730,62.862,%
Batch: 280 | Loss: 10.938 | Acc: 28.478,34.328,46.502,53.545,59.130,62.172,62.934,63.092,%
Batch: 300 | Loss: 10.908 | Acc: 28.558,34.393,46.670,53.758,59.372,62.378,63.089,63.248,%
Batch: 320 | Loss: 10.866 | Acc: 28.629,34.436,46.894,53.974,59.657,62.639,63.332,63.505,%
Batch: 340 | Loss: 10.828 | Acc: 28.645,34.400,47.029,54.177,59.939,62.908,63.634,63.801,%
Batch: 360 | Loss: 10.799 | Acc: 28.822,34.574,47.156,54.270,60.070,63.024,63.751,63.913,%
Batch: 380 | Loss: 10.766 | Acc: 28.947,34.750,47.357,54.460,60.257,63.207,63.931,64.108,%
Batch: 0 | Loss: 8.082 | Acc: 40.000,40.000,60.000,60.000,60.000,70.000,70.000,70.000,%
Batch: 20 | Loss: 10.379 | Acc: 25.238,32.857,45.714,52.381,60.952,66.190,61.905,62.381,%
Batch: 40 | Loss: 10.587 | Acc: 27.805,35.366,44.878,54.146,58.780,61.951,61.707,62.195,%
Batch: 60 | Loss: 10.704 | Acc: 26.721,32.951,45.246,53.279,58.033,61.639,61.803,62.459,%
Batch: 80 | Loss: 10.975 | Acc: 27.160,32.099,45.062,52.963,56.914,60.000,59.877,60.988,%
Batch: 100 | Loss: 10.983 | Acc: 26.832,31.485,45.248,53.366,57.624,60.594,60.396,61.386,%
Batch: 120 | Loss: 10.998 | Acc: 26.612,31.322,45.620,53.140,58.264,61.322,60.826,61.736,%
Batch: 140 | Loss: 11.031 | Acc: 25.957,30.851,45.674,52.695,57.801,60.638,60.780,61.631,%
Batch: 160 | Loss: 11.066 | Acc: 26.149,30.559,44.969,52.795,58.075,61.180,61.553,62.360,%
Batch: 180 | Loss: 10.952 | Acc: 26.851,31.547,45.691,53.370,58.287,61.492,62.210,62.928,%
Batch: 200 | Loss: 10.996 | Acc: 26.816,31.692,45.970,53.731,58.557,61.443,62.189,62.836,%
Batch: 220 | Loss: 10.985 | Acc: 26.380,31.719,45.792,53.167,58.326,61.041,62.081,62.670,%
Batch: 240 | Loss: 11.048 | Acc: 26.266,31.784,45.519,52.946,58.257,61.120,61.992,62.697,%
Batch: 260 | Loss: 11.072 | Acc: 26.284,31.877,45.249,52.720,57.969,60.958,61.762,62.414,%
Batch: 280 | Loss: 11.058 | Acc: 26.228,31.957,45.338,52.811,58.221,61.068,61.851,62.420,%
Batch: 300 | Loss: 11.015 | Acc: 26.146,31.993,45.382,53.090,58.638,61.462,62.159,62.691,%
Batch: 320 | Loss: 10.971 | Acc: 25.919,31.745,45.701,53.271,58.941,61.651,62.461,62.928,%
Batch: 340 | Loss: 10.977 | Acc: 25.953,31.613,45.367,53.343,59.062,61.848,62.551,62.933,%
Batch: 360 | Loss: 10.980 | Acc: 26.316,31.856,45.568,53.546,59.224,61.911,62.576,62.825,%
Batch: 380 | Loss: 10.999 | Acc: 26.247,31.864,45.223,53.386,59.055,61.864,62.415,62.651,%
Batch: 400 | Loss: 10.988 | Acc: 26.185,31.646,45.287,53.392,59.252,61.895,62.519,62.868,%
Batch: 420 | Loss: 10.982 | Acc: 26.152,31.663,45.344,53.420,59.216,61.829,62.447,62.850,%
Batch: 440 | Loss: 10.944 | Acc: 26.145,31.791,45.760,53.855,59.478,61.927,62.562,63.039,%
Batch: 460 | Loss: 10.929 | Acc: 26.312,31.931,45.944,53.991,59.501,62.017,62.646,63.124,%
Batch: 480 | Loss: 10.916 | Acc: 26.195,31.871,46.008,54.096,59.605,62.162,62.786,63.160,%
Batch: 500 | Loss: 10.901 | Acc: 26.327,32.036,46.148,54.072,59.461,62.076,62.834,63.194,%
Batch: 520 | Loss: 10.904 | Acc: 26.372,32.073,46.027,53.973,59.501,62.169,62.898,63.225,%
Batch: 540 | Loss: 10.884 | Acc: 26.359,32.200,45.896,53.863,59.649,62.477,63.142,63.549,%
Batch: 560 | Loss: 10.924 | Acc: 26.150,31.996,45.811,53.779,59.554,62.424,63.137,63.422,%
Batch: 580 | Loss: 10.897 | Acc: 26.110,32.117,45.938,53.890,59.776,62.530,63.219,63.477,%
Batch: 600 | Loss: 10.915 | Acc: 26.057,32.113,45.923,53.794,59.667,62.329,63.045,63.295,%
Batch: 620 | Loss: 10.926 | Acc: 25.974,32.158,45.765,53.575,59.420,62.110,62.915,63.172,%
Batch: 640 | Loss: 10.913 | Acc: 25.975,32.309,45.928,53.651,59.376,62.168,62.995,63.292,%
Batch: 660 | Loss: 10.926 | Acc: 25.961,32.360,45.779,53.616,59.198,62.088,62.890,63.177,%
Batch: 680 | Loss: 10.923 | Acc: 25.962,32.291,45.786,53.568,59.192,62.129,62.952,63.231,%
Batch: 700 | Loss: 10.938 | Acc: 26.034,32.368,45.678,53.409,59.016,62.011,62.825,63.024,%
Batch: 720 | Loss: 10.914 | Acc: 26.075,32.469,45.784,53.537,59.196,62.219,63.037,63.232,%
Batch: 740 | Loss: 10.874 | Acc: 26.127,32.551,45.789,53.630,59.298,62.402,63.185,63.374,%
Batch: 760 | Loss: 10.872 | Acc: 26.137,32.681,45.848,53.561,59.264,62.352,63.154,63.338,%
Batch: 780 | Loss: 10.864 | Acc: 26.236,32.778,45.915,53.649,59.373,62.382,63.201,63.329,%
Batch: 800 | Loss: 10.887 | Acc: 26.292,32.809,45.843,53.508,59.263,62.310,63.109,63.184,%
Batch: 820 | Loss: 10.882 | Acc: 26.297,32.789,45.920,53.593,59.330,62.387,63.155,63.264,%
Batch: 840 | Loss: 10.898 | Acc: 26.278,32.616,45.850,53.448,59.227,62.200,62.985,63.127,%
Batch: 860 | Loss: 10.911 | Acc: 26.318,32.648,45.889,53.519,59.245,62.149,62.997,63.124,%
Batch: 880 | Loss: 10.927 | Acc: 26.345,32.645,45.834,53.485,59.115,61.952,62.860,62.985,%
Batch: 900 | Loss: 10.932 | Acc: 26.448,32.775,45.871,53.574,59.201,61.998,62.819,62.963,%
Batch: 920 | Loss: 10.915 | Acc: 26.547,32.747,45.928,53.637,59.316,62.096,62.877,63.008,%
Batch: 940 | Loss: 10.925 | Acc: 26.461,32.699,45.930,53.549,59.256,62.009,62.774,62.922,%
Batch: 960 | Loss: 10.921 | Acc: 26.420,32.664,46.015,53.548,59.282,62.092,62.851,62.986,%
Batch: 980 | Loss: 10.933 | Acc: 26.340,32.610,45.892,53.364,59.144,61.998,62.773,62.926,%

Epoch: 2
Batch: 0 | Loss: 9.345 | Acc: 28.125,36.719,57.812,64.844,69.531,75.781,75.000,77.344,%
Batch: 20 | Loss: 9.964 | Acc: 30.246,36.235,50.558,58.445,64.769,67.076,68.341,68.973,%
Batch: 40 | Loss: 10.015 | Acc: 30.335,36.109,50.686,58.232,64.558,67.435,68.331,68.807,%
Batch: 60 | Loss: 10.011 | Acc: 30.443,36.860,50.832,58.069,64.434,67.674,68.558,68.763,%
Batch: 80 | Loss: 10.010 | Acc: 30.652,36.960,50.936,58.372,64.680,67.882,68.875,68.972,%
Batch: 100 | Loss: 9.944 | Acc: 30.616,37.136,51.284,58.632,65.099,68.356,69.361,69.415,%
Batch: 120 | Loss: 9.947 | Acc: 30.559,36.990,51.182,58.413,64.915,68.188,69.170,69.254,%
Batch: 140 | Loss: 9.916 | Acc: 30.469,37.079,51.064,58.228,64.772,68.146,69.166,69.243,%
Batch: 160 | Loss: 9.889 | Acc: 30.629,37.364,51.276,58.492,64.844,68.226,69.172,69.245,%
Batch: 180 | Loss: 9.854 | Acc: 30.853,37.509,51.420,58.697,65.107,68.487,69.449,69.510,%
Batch: 200 | Loss: 9.827 | Acc: 30.997,37.566,51.391,58.893,65.287,68.556,69.543,69.597,%
Batch: 220 | Loss: 9.819 | Acc: 31.031,37.694,51.562,59.067,65.360,68.655,69.595,69.613,%
Batch: 240 | Loss: 9.813 | Acc: 31.017,37.685,51.679,59.210,65.362,68.666,69.638,69.616,%
Batch: 260 | Loss: 9.786 | Acc: 31.157,37.707,51.709,59.249,65.502,68.798,69.765,69.738,%
Batch: 280 | Loss: 9.758 | Acc: 31.197,37.828,51.841,59.406,65.686,68.989,69.943,69.946,%
Batch: 300 | Loss: 9.737 | Acc: 31.253,37.889,51.905,59.518,65.864,69.082,70.037,70.022,%
Batch: 320 | Loss: 9.722 | Acc: 31.287,37.911,52.001,59.638,66.036,69.234,70.169,70.137,%
Batch: 340 | Loss: 9.704 | Acc: 31.351,37.951,52.103,59.719,66.147,69.371,70.306,70.267,%
Batch: 360 | Loss: 9.687 | Acc: 31.421,38.048,52.253,59.816,66.237,69.456,70.380,70.328,%
Batch: 380 | Loss: 9.659 | Acc: 31.500,38.152,52.368,59.996,66.351,69.570,70.501,70.427,%
Batch: 0 | Loss: 8.044 | Acc: 40.000,50.000,40.000,80.000,80.000,80.000,70.000,70.000,%
Batch: 20 | Loss: 9.606 | Acc: 30.476,33.333,44.762,58.571,68.095,71.905,73.810,71.429,%
Batch: 40 | Loss: 9.624 | Acc: 32.683,35.122,46.585,58.537,68.780,71.707,73.902,72.439,%
Batch: 60 | Loss: 9.606 | Acc: 32.623,36.230,47.377,56.066,66.721,70.000,72.787,71.967,%
Batch: 80 | Loss: 9.695 | Acc: 32.222,35.679,46.049,56.049,65.679,69.877,71.852,71.605,%
Batch: 100 | Loss: 9.689 | Acc: 31.881,35.941,46.238,56.733,66.238,70.495,71.980,71.485,%
Batch: 120 | Loss: 9.647 | Acc: 31.818,35.702,46.612,57.273,67.107,70.992,72.149,71.818,%
Batch: 140 | Loss: 9.611 | Acc: 31.986,35.816,46.879,57.872,67.021,71.348,72.270,71.773,%
Batch: 160 | Loss: 9.616 | Acc: 31.491,35.714,46.335,57.329,67.205,71.739,72.733,72.360,%
Batch: 180 | Loss: 9.546 | Acc: 32.155,36.464,47.017,57.459,67.514,71.657,72.652,72.376,%
Batch: 200 | Loss: 9.555 | Acc: 32.239,36.766,47.214,57.413,67.313,71.194,72.289,72.040,%
Batch: 220 | Loss: 9.588 | Acc: 32.624,36.878,47.285,57.376,66.833,70.814,72.036,71.719,%
Batch: 240 | Loss: 9.626 | Acc: 32.365,36.929,47.054,57.137,66.266,70.415,71.660,71.494,%
Batch: 260 | Loss: 9.691 | Acc: 32.146,36.628,47.050,56.973,65.862,70.115,71.494,71.341,%
Batch: 280 | Loss: 9.724 | Acc: 32.064,36.050,46.975,56.797,65.587,70.000,71.317,71.246,%
Batch: 300 | Loss: 9.688 | Acc: 32.060,36.113,47.342,56.944,65.914,70.133,71.462,71.395,%
Batch: 320 | Loss: 9.678 | Acc: 32.118,36.199,47.383,57.072,65.888,70.312,71.558,71.558,%
Batch: 340 | Loss: 9.695 | Acc: 32.346,36.158,47.390,56.921,65.660,70.205,71.525,71.466,%
Batch: 360 | Loss: 9.707 | Acc: 32.687,36.205,47.424,57.175,65.429,70.083,71.440,71.413,%
Batch: 380 | Loss: 9.714 | Acc: 32.467,35.958,47.139,57.165,65.407,70.000,71.365,71.470,%
Batch: 400 | Loss: 9.701 | Acc: 32.394,36.110,47.481,57.257,65.486,70.025,71.471,71.571,%
Batch: 420 | Loss: 9.709 | Acc: 32.375,36.128,47.530,57.387,65.439,70.048,71.473,71.544,%
Batch: 440 | Loss: 9.672 | Acc: 32.472,36.190,47.800,57.800,65.828,70.340,71.723,71.791,%
Batch: 460 | Loss: 9.669 | Acc: 32.538,35.792,47.679,57.787,65.965,70.412,71.822,71.931,%
Batch: 480 | Loss: 9.635 | Acc: 32.370,35.780,47.796,58.046,66.175,70.686,72.017,72.058,%
Batch: 500 | Loss: 9.633 | Acc: 32.395,35.729,47.864,57.964,65.948,70.439,71.896,71.916,%
Batch: 520 | Loss: 9.636 | Acc: 32.380,35.777,47.812,57.927,65.893,70.345,71.900,71.862,%
Batch: 540 | Loss: 9.637 | Acc: 32.384,35.656,47.689,57.689,65.841,70.370,71.774,71.793,%
Batch: 560 | Loss: 9.669 | Acc: 32.175,35.740,47.736,57.558,65.722,70.196,71.569,71.604,%
Batch: 580 | Loss: 9.661 | Acc: 32.358,35.731,47.745,57.642,65.904,70.241,71.583,71.652,%
Batch: 600 | Loss: 9.689 | Acc: 32.596,35.707,47.537,57.488,65.790,70.050,71.414,71.481,%
Batch: 620 | Loss: 9.697 | Acc: 32.496,35.652,47.552,57.327,65.636,69.952,71.401,71.498,%
Batch: 640 | Loss: 9.692 | Acc: 32.605,35.647,47.598,57.176,65.679,69.969,71.466,71.544,%
Batch: 660 | Loss: 9.707 | Acc: 32.360,35.522,47.519,57.095,65.522,69.909,71.407,71.467,%
Batch: 680 | Loss: 9.709 | Acc: 32.261,35.477,47.445,56.975,65.507,69.912,71.351,71.424,%
Batch: 700 | Loss: 9.724 | Acc: 32.425,35.364,47.318,56.805,65.350,69.729,71.241,71.312,%
Batch: 720 | Loss: 9.707 | Acc: 32.455,35.284,47.365,56.782,65.437,69.875,71.415,71.498,%
Batch: 740 | Loss: 9.687 | Acc: 32.470,35.209,47.260,56.788,65.520,70.000,71.471,71.579,%
Batch: 760 | Loss: 9.683 | Acc: 32.536,35.296,47.319,56.859,65.506,70.000,71.459,71.551,%
Batch: 780 | Loss: 9.676 | Acc: 32.676,35.391,47.388,56.978,65.531,70.000,71.460,71.549,%
Batch: 800 | Loss: 9.692 | Acc: 32.622,35.356,47.428,56.854,65.456,69.875,71.336,71.398,%
Batch: 820 | Loss: 9.683 | Acc: 32.607,35.371,47.442,56.955,65.566,69.963,71.413,71.498,%
Batch: 840 | Loss: 9.692 | Acc: 32.509,35.303,47.408,56.873,65.493,69.905,71.379,71.486,%
Batch: 860 | Loss: 9.696 | Acc: 32.462,35.261,47.480,56.934,65.563,69.884,71.405,71.510,%
Batch: 880 | Loss: 9.700 | Acc: 32.497,35.244,47.412,56.901,65.392,69.705,71.260,71.396,%
Batch: 900 | Loss: 9.700 | Acc: 32.686,35.339,47.381,57.070,65.450,69.767,71.343,71.432,%
Batch: 920 | Loss: 9.685 | Acc: 32.725,35.320,47.340,57.079,65.613,69.881,71.433,71.542,%
Batch: 940 | Loss: 9.686 | Acc: 32.731,35.441,47.450,57.067,65.632,69.862,71.403,71.520,%
Batch: 960 | Loss: 9.683 | Acc: 32.653,35.369,47.471,57.097,65.661,69.896,71.426,71.550,%
Batch: 980 | Loss: 9.677 | Acc: 32.650,35.392,47.452,57.074,65.647,69.867,71.437,71.570,%

Epoch: 3
Batch: 0 | Loss: 8.947 | Acc: 37.500,44.531,54.688,61.719,73.438,75.781,75.000,75.781,%
Batch: 20 | Loss: 9.095 | Acc: 32.031,39.844,54.241,61.793,69.494,73.698,74.256,74.219,%
Batch: 40 | Loss: 9.109 | Acc: 31.688,39.768,53.830,62.329,69.169,73.438,73.914,74.009,%
Batch: 60 | Loss: 9.081 | Acc: 32.108,40.254,54.137,62.615,69.685,73.322,73.681,73.860,%
Batch: 80 | Loss: 9.067 | Acc: 32.079,40.230,54.215,62.471,69.531,73.264,73.688,73.775,%
Batch: 100 | Loss: 9.058 | Acc: 31.768,39.712,53.906,62.307,69.585,73.267,73.855,73.948,%
Batch: 120 | Loss: 9.058 | Acc: 31.947,39.779,54.048,62.506,69.505,73.128,73.676,73.786,%
Batch: 140 | Loss: 9.048 | Acc: 32.037,39.805,54.200,62.672,69.620,73.194,73.709,73.798,%
Batch: 160 | Loss: 9.037 | Acc: 32.293,39.907,54.290,62.694,69.633,73.340,73.826,73.840,%
Batch: 180 | Loss: 8.998 | Acc: 32.428,40.176,54.649,62.979,69.928,73.584,74.068,74.059,%
Batch: 200 | Loss: 8.981 | Acc: 32.393,40.283,54.773,63.079,70.068,73.764,74.308,74.273,%
Batch: 220 | Loss: 8.973 | Acc: 32.328,40.236,54.811,63.214,70.171,73.784,74.289,74.275,%
Batch: 240 | Loss: 8.958 | Acc: 32.226,40.301,54.775,63.291,70.283,73.933,74.459,74.429,%
Batch: 260 | Loss: 8.946 | Acc: 32.331,40.383,54.879,63.422,70.381,74.003,74.554,74.527,%
Batch: 280 | Loss: 8.918 | Acc: 32.387,40.558,55.032,63.670,70.543,74.135,74.680,74.672,%
Batch: 300 | Loss: 8.909 | Acc: 32.460,40.692,55.053,63.707,70.606,74.138,74.696,74.686,%
Batch: 320 | Loss: 8.891 | Acc: 32.503,40.703,55.140,63.826,70.712,74.231,74.791,74.791,%
Batch: 340 | Loss: 8.872 | Acc: 32.535,40.749,55.178,63.898,70.773,74.292,74.872,74.888,%
Batch: 360 | Loss: 8.856 | Acc: 32.635,40.880,55.248,63.948,70.860,74.370,74.972,74.978,%
Batch: 380 | Loss: 8.833 | Acc: 32.702,40.969,55.358,64.021,70.983,74.549,75.146,75.148,%
Batch: 0 | Loss: 8.159 | Acc: 20.000,50.000,50.000,60.000,70.000,60.000,80.000,80.000,%
Batch: 20 | Loss: 9.131 | Acc: 27.619,32.381,52.381,60.952,68.571,73.333,75.238,77.619,%
Batch: 40 | Loss: 9.193 | Acc: 27.805,33.902,52.439,61.463,68.537,73.171,74.878,76.098,%
Batch: 60 | Loss: 9.070 | Acc: 27.541,34.262,52.623,62.295,68.689,74.098,75.902,76.885,%
Batch: 80 | Loss: 9.213 | Acc: 26.296,32.346,51.605,62.346,68.889,73.210,75.309,75.926,%
Batch: 100 | Loss: 9.281 | Acc: 25.941,32.772,51.980,61.980,68.614,72.970,75.149,75.941,%
Batch: 120 | Loss: 9.272 | Acc: 25.868,32.645,52.149,62.066,69.091,73.636,75.702,76.281,%
Batch: 140 | Loss: 9.189 | Acc: 25.745,33.404,52.128,62.766,69.291,73.972,75.957,76.525,%
Batch: 160 | Loss: 9.175 | Acc: 25.776,33.540,51.863,62.671,69.814,74.224,76.335,76.584,%
Batch: 180 | Loss: 9.119 | Acc: 26.740,34.254,52.320,63.149,70.276,74.530,76.519,76.740,%
Batch: 200 | Loss: 9.134 | Acc: 27.114,34.428,52.537,63.483,70.498,74.328,76.219,76.517,%
Batch: 220 | Loss: 9.152 | Acc: 27.511,34.525,52.579,63.620,70.362,73.937,75.837,76.199,%
Batch: 240 | Loss: 9.199 | Acc: 27.676,34.440,52.573,63.693,70.083,73.942,75.768,76.058,%
Batch: 260 | Loss: 9.283 | Acc: 27.625,34.330,52.069,63.333,70.077,73.716,75.441,75.670,%
Batch: 280 | Loss: 9.288 | Acc: 27.687,34.270,52.171,63.132,69.929,73.630,75.267,75.445,%
Batch: 300 | Loss: 9.225 | Acc: 27.874,34.186,52.259,63.289,70.399,74.020,75.748,75.980,%
Batch: 320 | Loss: 9.214 | Acc: 27.850,34.268,52.399,63.115,70.623,74.174,75.794,76.044,%
Batch: 340 | Loss: 9.216 | Acc: 27.742,34.428,52.434,63.050,70.557,74.076,75.718,76.012,%
Batch: 360 | Loss: 9.228 | Acc: 28.089,34.543,52.188,62.881,70.139,74.155,75.706,76.011,%
Batch: 380 | Loss: 9.233 | Acc: 28.005,34.462,51.811,62.598,70.131,74.199,75.643,76.010,%
Batch: 400 | Loss: 9.233 | Acc: 27.830,34.389,52.020,62.743,70.249,74.289,75.711,76.035,%
Batch: 420 | Loss: 9.224 | Acc: 27.886,34.466,52.185,62.874,70.380,74.133,75.677,76.057,%
Batch: 440 | Loss: 9.180 | Acc: 27.823,34.354,52.449,63.197,70.748,74.422,75.805,76.213,%
Batch: 460 | Loss: 9.171 | Acc: 27.852,34.143,52.321,63.254,70.759,74.360,75.727,76.161,%
Batch: 480 | Loss: 9.160 | Acc: 27.775,34.054,52.453,63.534,70.832,74.387,75.717,76.154,%
Batch: 500 | Loss: 9.153 | Acc: 28.064,33.972,52.615,63.493,70.679,74.311,75.609,76.048,%
Batch: 520 | Loss: 9.142 | Acc: 28.061,33.896,52.649,63.628,70.883,74.453,75.739,76.180,%
Batch: 540 | Loss: 9.136 | Acc: 28.207,33.715,52.514,63.586,70.906,74.566,75.860,76.303,%
Batch: 560 | Loss: 9.160 | Acc: 28.039,33.583,52.531,63.725,70.802,74.474,75.722,76.150,%
Batch: 580 | Loss: 9.141 | Acc: 28.227,33.701,52.788,63.890,70.878,74.458,75.714,76.179,%
Batch: 600 | Loss: 9.163 | Acc: 28.319,33.544,52.745,63.827,70.782,74.276,75.491,75.990,%
Batch: 620 | Loss: 9.192 | Acc: 28.245,33.575,52.576,63.607,70.548,73.994,75.250,75.765,%
Batch: 640 | Loss: 9.183 | Acc: 28.315,33.651,52.559,63.541,70.624,74.072,75.289,75.772,%
Batch: 660 | Loss: 9.191 | Acc: 28.245,33.631,52.496,63.570,70.530,74.085,75.295,75.749,%
Batch: 680 | Loss: 9.201 | Acc: 28.179,33.612,52.467,63.554,70.514,74.068,75.198,75.683,%
Batch: 700 | Loss: 9.225 | Acc: 28.274,33.481,52.354,63.452,70.456,73.994,75.078,75.549,%
Batch: 720 | Loss: 9.199 | Acc: 28.474,33.509,52.386,63.551,70.499,74.050,75.146,75.617,%
Batch: 740 | Loss: 9.170 | Acc: 28.502,33.509,52.362,63.563,70.661,74.116,75.142,75.628,%
Batch: 760 | Loss: 9.164 | Acc: 28.581,33.601,52.405,63.640,70.657,74.034,75.099,75.637,%
Batch: 780 | Loss: 9.161 | Acc: 28.707,33.636,52.497,63.688,70.666,73.905,75.006,75.583,%
Batch: 800 | Loss: 9.175 | Acc: 28.614,33.521,52.422,63.645,70.524,73.745,74.782,75.368,%
Batch: 820 | Loss: 9.166 | Acc: 28.575,33.544,52.473,63.691,70.560,73.837,74.896,75.469,%
Batch: 840 | Loss: 9.180 | Acc: 28.502,33.460,52.366,63.520,70.428,73.793,74.780,75.351,%
Batch: 860 | Loss: 9.192 | Acc: 28.490,33.484,52.358,63.577,70.453,73.821,74.762,75.308,%
Batch: 880 | Loss: 9.202 | Acc: 28.502,33.360,52.304,63.462,70.363,73.712,74.654,75.199,%
Batch: 900 | Loss: 9.201 | Acc: 28.546,33.274,52.209,63.518,70.422,73.762,74.650,75.228,%
Batch: 920 | Loss: 9.188 | Acc: 28.621,33.312,52.215,63.529,70.510,73.855,74.734,75.309,%
Batch: 940 | Loss: 9.192 | Acc: 28.608,33.358,52.253,63.539,70.510,73.847,74.729,75.271,%
Batch: 960 | Loss: 9.181 | Acc: 28.574,33.371,52.331,63.642,70.604,73.985,74.839,75.380,%
Batch: 980 | Loss: 9.186 | Acc: 28.583,33.394,52.294,63.639,70.561,73.914,74.791,75.331,%

Epoch: 4
Batch: 0 | Loss: 8.757 | Acc: 30.469,38.281,49.219,63.281,72.656,79.688,78.125,77.344,%
Batch: 20 | Loss: 8.392 | Acc: 33.482,41.815,56.845,66.034,72.247,76.897,77.902,78.237,%
Batch: 40 | Loss: 8.431 | Acc: 34.070,42.111,57.050,65.663,72.771,76.982,77.915,77.992,%
Batch: 60 | Loss: 8.441 | Acc: 33.773,42.085,56.916,65.407,72.541,76.498,77.433,77.446,%
Batch: 80 | Loss: 8.411 | Acc: 33.767,42.178,57.070,65.615,72.772,76.659,77.575,77.720,%
Batch: 100 | Loss: 8.384 | Acc: 33.563,42.481,57.124,65.811,73.205,77.104,77.893,78.017,%
Batch: 120 | Loss: 8.353 | Acc: 33.729,42.530,57.128,66.025,73.392,77.228,78.067,78.151,%
Batch: 140 | Loss: 8.324 | Acc: 33.799,42.686,57.275,66.307,73.587,77.311,78.108,78.225,%
Batch: 160 | Loss: 8.332 | Acc: 33.836,42.615,57.206,66.382,73.661,77.353,78.241,78.275,%
Batch: 180 | Loss: 8.339 | Acc: 33.719,42.490,57.066,66.337,73.735,77.344,78.207,78.216,%
Batch: 200 | Loss: 8.321 | Acc: 33.745,42.506,57.132,66.367,73.811,77.394,78.222,78.207,%
Batch: 220 | Loss: 8.299 | Acc: 33.774,42.527,57.356,66.650,74.060,77.538,78.337,78.312,%
Batch: 240 | Loss: 8.294 | Acc: 33.749,42.586,57.268,66.572,74.018,77.525,78.300,78.277,%
Batch: 260 | Loss: 8.303 | Acc: 33.702,42.580,57.196,66.562,74.006,77.455,78.221,78.200,%
Batch: 280 | Loss: 8.286 | Acc: 33.797,42.641,57.370,66.704,74.102,77.575,78.317,78.306,%
Batch: 300 | Loss: 8.290 | Acc: 33.664,42.642,57.343,66.718,74.125,77.608,78.312,78.299,%
Batch: 320 | Loss: 8.271 | Acc: 33.669,42.718,57.391,66.803,74.153,77.684,78.395,78.378,%
Batch: 340 | Loss: 8.262 | Acc: 33.658,42.815,57.464,66.862,74.221,77.742,78.482,78.459,%
Batch: 360 | Loss: 8.261 | Acc: 33.613,42.791,57.464,66.945,74.284,77.796,78.545,78.519,%
Batch: 380 | Loss: 8.239 | Acc: 33.702,42.950,57.568,67.073,74.459,77.953,78.650,78.638,%
Batch: 0 | Loss: 7.453 | Acc: 40.000,50.000,60.000,70.000,70.000,80.000,70.000,70.000,%
Batch: 20 | Loss: 8.270 | Acc: 34.286,40.000,55.714,64.286,74.762,80.476,80.476,80.476,%
Batch: 40 | Loss: 8.455 | Acc: 35.854,39.268,54.146,63.171,74.146,78.780,78.780,79.024,%
Batch: 60 | Loss: 8.350 | Acc: 33.443,40.164,53.770,64.262,73.934,79.180,79.508,79.672,%
Batch: 80 | Loss: 8.438 | Acc: 31.852,39.753,53.704,64.938,74.198,79.383,79.383,79.630,%
Batch: 100 | Loss: 8.534 | Acc: 31.188,39.802,54.356,65.149,73.861,78.515,79.604,79.406,%
Batch: 120 | Loss: 8.555 | Acc: 31.240,40.579,55.455,65.537,73.471,77.686,78.926,78.926,%
Batch: 140 | Loss: 8.420 | Acc: 31.631,40.638,55.461,66.099,73.972,78.227,79.433,79.574,%
Batch: 160 | Loss: 8.484 | Acc: 31.304,39.876,55.093,65.963,73.975,77.640,79.317,79.193,%
Batch: 180 | Loss: 8.371 | Acc: 32.099,40.663,55.691,66.796,74.475,78.177,79.945,79.613,%
Batch: 200 | Loss: 8.408 | Acc: 32.090,40.995,55.672,67.015,74.378,77.562,79.303,79.104,%
Batch: 220 | Loss: 8.452 | Acc: 32.127,41.312,55.701,66.742,73.982,77.330,78.733,78.688,%
Batch: 240 | Loss: 8.545 | Acc: 32.199,41.079,55.477,66.307,73.900,77.344,78.465,78.506,%
Batch: 260 | Loss: 8.636 | Acc: 32.146,40.690,55.057,65.939,73.602,76.973,78.199,78.276,%
Batch: 280 | Loss: 8.663 | Acc: 32.100,40.320,54.804,65.836,73.559,76.904,78.043,78.078,%
Batch: 300 | Loss: 8.599 | Acc: 32.193,40.465,55.449,66.279,73.987,77.475,78.372,78.405,%
Batch: 320 | Loss: 8.602 | Acc: 32.025,40.530,55.607,66.262,74.050,77.477,78.193,78.255,%
Batch: 340 | Loss: 8.607 | Acc: 32.053,40.323,55.718,66.041,74.076,77.449,78.094,78.182,%
Batch: 360 | Loss: 8.641 | Acc: 32.355,40.388,55.928,66.011,73.906,77.119,77.729,77.867,%
Batch: 380 | Loss: 8.634 | Acc: 32.126,40.079,55.827,66.010,73.753,77.192,77.822,77.953,%
Batch: 400 | Loss: 8.637 | Acc: 31.895,40.100,55.960,65.985,73.666,77.406,78.005,78.130,%
Batch: 420 | Loss: 8.637 | Acc: 31.853,40.166,56.033,65.914,73.634,77.411,77.933,78.100,%
Batch: 440 | Loss: 8.588 | Acc: 31.769,40.272,56.327,66.168,73.855,77.619,78.186,78.345,%
Batch: 460 | Loss: 8.597 | Acc: 31.779,40.260,56.291,66.074,73.666,77.505,78.091,78.243,%
Batch: 480 | Loss: 8.578 | Acc: 31.663,40.291,56.341,66.237,73.763,77.630,78.254,78.399,%
Batch: 500 | Loss: 8.545 | Acc: 31.657,40.200,56.627,66.168,73.733,77.804,78.343,78.443,%
Batch: 520 | Loss: 8.543 | Acc: 31.689,40.230,56.699,66.238,73.743,77.735,78.273,78.484,%
Batch: 540 | Loss: 8.535 | Acc: 31.793,40.092,56.562,66.229,73.771,77.763,78.207,78.429,%
Batch: 560 | Loss: 8.552 | Acc: 31.711,40.000,56.649,66.257,73.779,77.825,78.307,78.574,%
Batch: 580 | Loss: 8.527 | Acc: 31.962,40.172,56.833,66.351,73.890,77.849,78.365,78.606,%
Batch: 600 | Loss: 8.550 | Acc: 32.080,39.967,56.772,66.273,73.760,77.870,78.386,78.636,%
Batch: 620 | Loss: 8.554 | Acc: 31.916,39.758,56.731,66.135,73.607,77.858,78.422,78.712,%
Batch: 640 | Loss: 8.537 | Acc: 31.981,39.782,56.599,66.053,73.666,77.941,78.518,78.814,%
Batch: 660 | Loss: 8.551 | Acc: 31.846,39.788,56.581,66.036,73.676,77.912,78.427,78.729,%
Batch: 680 | Loss: 8.560 | Acc: 31.836,39.794,56.549,65.962,73.612,77.753,78.355,78.620,%
Batch: 700 | Loss: 8.578 | Acc: 31.940,39.743,56.405,65.820,73.481,77.618,78.302,78.545,%
Batch: 720 | Loss: 8.554 | Acc: 31.956,39.847,56.422,65.908,73.551,77.725,78.350,78.585,%
Batch: 740 | Loss: 8.523 | Acc: 31.997,39.879,56.451,66.005,73.644,77.854,78.421,78.610,%
Batch: 760 | Loss: 8.525 | Acc: 32.037,39.921,56.465,65.874,73.574,77.845,78.371,78.541,%
Batch: 780 | Loss: 8.532 | Acc: 32.190,40.051,56.479,65.915,73.483,77.682,78.220,78.387,%
Batch: 800 | Loss: 8.550 | Acc: 32.197,39.913,56.454,65.855,73.408,77.578,78.140,78.327,%
Batch: 820 | Loss: 8.534 | Acc: 32.180,40.037,56.456,65.981,73.496,77.625,78.234,78.392,%
Batch: 840 | Loss: 8.534 | Acc: 32.128,39.941,56.290,65.981,73.520,77.646,78.300,78.490,%
Batch: 860 | Loss: 8.545 | Acc: 32.091,40.070,56.388,66.028,73.484,77.607,78.293,78.502,%
Batch: 880 | Loss: 8.541 | Acc: 32.168,40.057,56.300,65.970,73.451,77.605,78.297,78.513,%
Batch: 900 | Loss: 8.535 | Acc: 32.331,40.255,56.382,66.004,73.496,77.625,78.346,78.546,%
Batch: 920 | Loss: 8.521 | Acc: 32.334,40.206,56.374,66.026,73.605,77.731,78.436,78.621,%
Batch: 940 | Loss: 8.524 | Acc: 32.349,40.202,56.397,66.047,73.571,77.683,78.417,78.565,%
Batch: 960 | Loss: 8.525 | Acc: 32.331,40.198,56.379,66.108,73.621,77.648,78.398,78.543,%
Batch: 980 | Loss: 8.531 | Acc: 32.324,40.194,56.361,66.137,73.568,77.574,78.328,78.491,%

Epoch: 5
Batch: 0 | Loss: 7.634 | Acc: 30.469,47.656,60.938,72.656,77.344,78.906,81.250,79.688,%
Batch: 20 | Loss: 7.789 | Acc: 35.007,46.429,59.821,68.118,76.302,79.390,79.762,79.315,%
Batch: 40 | Loss: 7.936 | Acc: 34.832,45.865,59.451,68.579,75.419,78.506,78.925,78.735,%
Batch: 60 | Loss: 7.933 | Acc: 34.708,45.351,58.876,68.302,75.576,78.714,79.111,79.060,%
Batch: 80 | Loss: 7.890 | Acc: 35.301,45.370,59.182,68.856,76.235,79.273,79.900,79.851,%
Batch: 100 | Loss: 7.890 | Acc: 35.032,45.320,58.942,68.812,76.238,79.510,80.152,80.036,%
Batch: 120 | Loss: 7.893 | Acc: 35.092,45.274,59.052,68.518,76.182,79.494,80.249,80.081,%
Batch: 140 | Loss: 7.867 | Acc: 34.863,45.185,59.314,68.822,76.413,79.704,80.380,80.197,%
Batch: 160 | Loss: 7.867 | Acc: 34.768,45.026,59.278,68.866,76.441,79.668,80.435,80.221,%
Batch: 180 | Loss: 7.843 | Acc: 34.845,44.963,59.487,69.026,76.554,79.774,80.559,80.378,%
Batch: 200 | Loss: 7.831 | Acc: 34.787,44.885,59.383,68.987,76.667,79.851,80.616,80.430,%
Batch: 220 | Loss: 7.812 | Acc: 34.831,45.001,59.244,68.895,76.799,80.062,80.833,80.656,%
Batch: 240 | Loss: 7.793 | Acc: 34.848,45.040,59.313,69.022,76.867,80.122,80.890,80.751,%
Batch: 260 | Loss: 7.790 | Acc: 34.932,45.016,59.273,68.957,76.841,80.154,80.900,80.792,%
Batch: 280 | Loss: 7.782 | Acc: 34.900,44.990,59.294,69.036,76.879,80.219,80.975,80.875,%
Batch: 300 | Loss: 7.767 | Acc: 34.925,45.063,59.372,69.157,77.001,80.316,81.061,80.985,%
Batch: 320 | Loss: 7.773 | Acc: 34.854,45.103,59.356,69.110,76.957,80.311,81.055,80.965,%
Batch: 340 | Loss: 7.764 | Acc: 34.982,45.253,59.439,69.174,77.032,80.379,81.129,81.025,%
Batch: 360 | Loss: 7.760 | Acc: 35.003,45.248,59.392,69.163,77.047,80.428,81.150,81.049,%
Batch: 380 | Loss: 7.751 | Acc: 35.097,45.290,59.361,69.224,77.159,80.551,81.236,81.127,%
Batch: 0 | Loss: 6.246 | Acc: 50.000,40.000,50.000,50.000,80.000,90.000,90.000,100.000,%
Batch: 20 | Loss: 7.647 | Acc: 36.190,46.667,53.333,62.381,77.143,80.952,82.381,81.905,%
Batch: 40 | Loss: 7.869 | Acc: 36.098,47.073,55.366,64.146,74.878,76.585,78.537,78.537,%
Batch: 60 | Loss: 7.774 | Acc: 33.934,43.607,55.410,66.230,75.246,78.197,80.000,79.344,%
Batch: 80 | Loss: 7.885 | Acc: 33.457,43.457,56.296,66.914,75.802,77.901,79.753,79.506,%
Batch: 100 | Loss: 7.915 | Acc: 33.168,44.356,57.030,67.030,75.446,77.723,79.406,79.010,%
Batch: 120 | Loss: 7.960 | Acc: 33.306,43.719,56.942,67.107,75.537,78.017,79.504,79.174,%
Batch: 140 | Loss: 7.884 | Acc: 33.475,43.617,57.021,67.447,76.028,78.794,80.213,79.929,%
Batch: 160 | Loss: 7.928 | Acc: 33.540,43.292,57.329,67.764,76.025,78.696,80.186,79.938,%
Batch: 180 | Loss: 7.890 | Acc: 33.867,44.530,58.398,68.343,76.298,78.785,80.221,80.055,%
Batch: 200 | Loss: 7.905 | Acc: 33.682,44.577,58.308,68.209,76.020,78.756,79.900,79.851,%
Batch: 220 | Loss: 7.948 | Acc: 33.575,44.434,58.281,68.235,75.747,78.597,79.548,79.457,%
Batch: 240 | Loss: 8.034 | Acc: 33.444,43.983,57.801,67.884,75.726,78.589,79.461,79.378,%
Batch: 260 | Loss: 8.078 | Acc: 33.640,44.253,57.778,67.854,75.441,78.506,79.540,79.425,%
Batch: 280 | Loss: 8.071 | Acc: 33.488,43.986,57.972,68.078,75.480,78.577,79.537,79.359,%
Batch: 300 | Loss: 8.021 | Acc: 33.721,44.153,58.439,68.439,75.980,78.937,79.900,79.635,%
Batch: 320 | Loss: 8.012 | Acc: 33.707,44.517,58.411,68.474,76.106,79.003,79.875,79.657,%
Batch: 340 | Loss: 8.024 | Acc: 33.871,44.428,58.328,68.152,76.012,78.856,79.707,79.531,%
Batch: 360 | Loss: 8.042 | Acc: 34.266,44.792,58.227,68.116,75.928,78.892,79.695,79.501,%
Batch: 380 | Loss: 8.051 | Acc: 34.042,44.462,58.241,68.110,75.879,78.898,79.764,79.528,%
Batch: 400 | Loss: 8.041 | Acc: 33.766,44.464,58.404,68.329,75.910,78.953,79.800,79.626,%
Batch: 420 | Loss: 8.048 | Acc: 33.824,44.584,58.599,68.480,75.938,78.907,79.857,79.691,%
Batch: 440 | Loss: 8.011 | Acc: 33.764,44.875,58.776,68.798,76.145,79.116,80.000,79.864,%
Batch: 460 | Loss: 8.003 | Acc: 33.753,44.902,58.742,68.677,76.182,78.980,79.892,79.783,%
Batch: 480 | Loss: 7.991 | Acc: 33.701,44.782,58.649,68.940,76.320,79.106,80.042,79.938,%
Batch: 500 | Loss: 7.988 | Acc: 33.752,44.551,58.922,68.982,76.347,79.142,80.060,79.980,%
Batch: 520 | Loss: 7.975 | Acc: 33.839,44.626,58.906,68.925,76.488,79.251,80.115,80.038,%
Batch: 540 | Loss: 7.964 | Acc: 33.808,44.436,58.817,69.020,76.580,79.298,80.166,80.092,%
Batch: 560 | Loss: 7.999 | Acc: 33.672,44.242,58.770,68.913,76.453,79.216,80.107,80.018,%
Batch: 580 | Loss: 7.983 | Acc: 33.821,44.406,58.812,68.967,76.454,79.174,80.086,80.000,%
Batch: 600 | Loss: 8.014 | Acc: 33.860,44.376,58.619,68.769,76.323,79.085,80.067,79.950,%
Batch: 620 | Loss: 8.019 | Acc: 33.833,44.300,58.486,68.631,76.151,79.018,80.000,79.952,%
Batch: 640 | Loss: 8.009 | Acc: 33.822,44.150,58.331,68.643,76.178,79.002,80.000,79.906,%
Batch: 660 | Loss: 8.011 | Acc: 33.873,44.221,58.260,68.654,76.188,79.032,80.015,79.909,%
Batch: 680 | Loss: 8.013 | Acc: 33.862,44.170,58.209,68.620,76.153,78.957,79.971,79.883,%
Batch: 700 | Loss: 8.028 | Acc: 33.852,44.123,58.074,68.502,76.034,78.873,79.900,79.829,%
Batch: 720 | Loss: 8.005 | Acc: 33.953,44.036,58.086,68.530,76.117,79.001,80.000,79.917,%
Batch: 740 | Loss: 7.976 | Acc: 33.981,43.995,58.111,68.691,76.289,79.069,80.040,79.987,%
Batch: 760 | Loss: 7.979 | Acc: 33.942,43.982,58.081,68.620,76.176,78.975,79.934,79.882,%
Batch: 780 | Loss: 7.985 | Acc: 34.059,43.969,58.143,68.643,76.095,78.860,79.821,79.782,%
Batch: 800 | Loss: 8.002 | Acc: 33.870,43.858,58.115,68.689,76.017,78.764,79.713,79.725,%
Batch: 820 | Loss: 7.988 | Acc: 33.812,43.861,58.063,68.758,76.078,78.855,79.829,79.805,%
Batch: 840 | Loss: 7.992 | Acc: 33.698,43.722,57.919,68.597,76.029,78.894,79.845,79.869,%
Batch: 860 | Loss: 8.011 | Acc: 33.670,43.740,57.944,68.618,76.005,78.780,79.768,79.779,%
Batch: 880 | Loss: 8.018 | Acc: 33.598,43.757,57.843,68.581,75.982,78.683,79.739,79.728,%
Batch: 900 | Loss: 8.009 | Acc: 33.674,43.696,57.858,68.602,75.982,78.801,79.822,79.822,%
Batch: 920 | Loss: 7.989 | Acc: 33.692,43.713,57.948,68.686,76.048,78.838,79.891,79.935,%
Batch: 940 | Loss: 7.987 | Acc: 33.613,43.815,58.002,68.672,76.015,78.842,79.851,79.904,%
Batch: 960 | Loss: 7.984 | Acc: 33.611,43.788,58.085,68.689,76.015,78.845,79.834,79.917,%
Batch: 980 | Loss: 7.990 | Acc: 33.537,43.751,57.992,68.695,75.963,78.807,79.817,79.898,%

Epoch: 6
Batch: 0 | Loss: 7.183 | Acc: 39.844,52.344,60.938,73.438,81.250,87.500,86.719,85.938,%
Batch: 20 | Loss: 7.660 | Acc: 34.784,46.131,59.152,70.573,77.455,81.362,82.478,82.254,%
Batch: 40 | Loss: 7.674 | Acc: 34.623,45.922,59.375,70.046,77.477,81.117,81.974,81.860,%
Batch: 60 | Loss: 7.677 | Acc: 34.823,45.710,59.670,69.762,77.549,81.148,81.775,81.647,%
Batch: 80 | Loss: 7.628 | Acc: 35.233,46.046,59.799,69.734,77.691,81.260,82.012,82.012,%
Batch: 100 | Loss: 7.589 | Acc: 35.497,46.210,60.102,69.833,77.970,81.498,82.140,82.217,%
Batch: 120 | Loss: 7.535 | Acc: 35.389,46.100,60.331,70.099,78.280,81.786,82.290,82.399,%
Batch: 140 | Loss: 7.522 | Acc: 35.428,46.038,60.433,70.329,78.480,81.904,82.369,82.458,%
Batch: 160 | Loss: 7.502 | Acc: 35.447,46.040,60.578,70.487,78.688,81.997,82.419,82.478,%
Batch: 180 | Loss: 7.489 | Acc: 35.389,46.068,60.687,70.533,78.829,82.152,82.545,82.584,%
Batch: 200 | Loss: 7.477 | Acc: 35.393,46.121,60.564,70.449,78.832,82.187,82.630,82.688,%
Batch: 220 | Loss: 7.476 | Acc: 35.428,46.126,60.602,70.447,78.772,82.180,82.650,82.728,%
Batch: 240 | Loss: 7.459 | Acc: 35.503,46.103,60.662,70.543,78.880,82.232,82.731,82.806,%
Batch: 260 | Loss: 7.443 | Acc: 35.542,46.264,60.761,70.672,78.954,82.307,82.824,82.884,%
Batch: 280 | Loss: 7.433 | Acc: 35.601,46.430,60.915,70.724,78.970,82.276,82.851,82.882,%
Batch: 300 | Loss: 7.432 | Acc: 35.629,46.423,60.948,70.793,79.026,82.296,82.880,82.919,%
Batch: 320 | Loss: 7.422 | Acc: 35.587,46.434,60.903,70.887,79.133,82.394,82.937,82.985,%
Batch: 340 | Loss: 7.410 | Acc: 35.653,46.550,61.020,70.972,79.213,82.448,82.971,83.005,%
Batch: 360 | Loss: 7.409 | Acc: 35.648,46.594,61.048,71.022,79.211,82.447,82.962,82.975,%
Batch: 380 | Loss: 7.396 | Acc: 35.644,46.574,61.044,71.061,79.230,82.495,82.983,83.009,%
Batch: 0 | Loss: 7.433 | Acc: 50.000,40.000,60.000,70.000,60.000,70.000,70.000,60.000,%
Batch: 20 | Loss: 7.627 | Acc: 30.952,35.714,59.048,69.048,79.048,83.333,84.286,83.333,%
Batch: 40 | Loss: 7.935 | Acc: 31.707,36.829,57.073,69.024,77.073,81.707,82.683,82.439,%
Batch: 60 | Loss: 7.795 | Acc: 32.459,38.525,57.705,70.000,76.721,81.803,82.295,82.295,%
Batch: 80 | Loss: 7.879 | Acc: 31.111,37.407,56.914,69.383,76.667,81.975,82.222,82.346,%
Batch: 100 | Loss: 7.909 | Acc: 30.000,37.624,57.228,69.307,76.337,81.089,81.683,81.782,%
Batch: 120 | Loss: 7.896 | Acc: 29.835,38.099,57.851,69.587,76.860,81.405,81.818,81.901,%
Batch: 140 | Loss: 7.829 | Acc: 29.645,38.582,58.298,69.362,77.021,81.489,81.915,82.270,%
Batch: 160 | Loss: 7.861 | Acc: 29.379,38.323,58.261,69.068,76.957,81.429,82.112,82.298,%
Batch: 180 | Loss: 7.790 | Acc: 30.276,39.061,58.950,69.558,77.182,81.381,82.155,82.210,%
Batch: 200 | Loss: 7.826 | Acc: 30.647,39.403,59.104,69.502,76.965,80.995,81.891,81.940,%
Batch: 220 | Loss: 7.863 | Acc: 31.131,39.955,59.231,69.593,77.059,80.633,81.765,81.719,%
Batch: 240 | Loss: 7.929 | Acc: 31.120,40.041,58.963,69.336,76.680,80.498,81.494,81.452,%
Batch: 260 | Loss: 7.971 | Acc: 30.920,39.770,58.544,69.310,76.552,80.230,81.303,81.264,%
Batch: 280 | Loss: 7.954 | Acc: 30.854,39.466,58.505,69.181,77.011,80.641,81.708,81.601,%
Batch: 300 | Loss: 7.919 | Acc: 30.930,39.601,58.804,69.502,77.409,80.930,81.960,81.894,%
Batch: 320 | Loss: 7.921 | Acc: 30.841,39.283,58.598,69.377,77.539,80.779,81.776,81.713,%
Batch: 340 | Loss: 7.947 | Acc: 30.792,39.208,58.534,69.267,77.507,80.616,81.554,81.525,%
Batch: 360 | Loss: 7.966 | Acc: 30.914,39.363,58.560,69.307,77.396,80.554,81.496,81.413,%
Batch: 380 | Loss: 7.980 | Acc: 30.656,39.029,58.373,69.134,77.270,80.472,81.312,81.312,%
Batch: 400 | Loss: 7.978 | Acc: 30.474,39.027,58.479,69.227,77.357,80.474,81.322,81.397,%
Batch: 420 | Loss: 7.969 | Acc: 30.570,38.907,58.622,69.264,77.292,80.546,81.449,81.473,%
Batch: 440 | Loss: 7.917 | Acc: 30.567,39.070,58.889,69.637,77.596,80.703,81.587,81.610,%
Batch: 460 | Loss: 7.905 | Acc: 30.694,39.089,58.698,69.675,77.679,80.824,81.779,81.757,%
Batch: 480 | Loss: 7.907 | Acc: 30.790,39.106,58.898,69.917,77.755,80.811,81.892,81.871,%
Batch: 500 | Loss: 7.903 | Acc: 30.878,39.202,59.142,69.721,77.565,80.639,81.717,81.677,%
Batch: 520 | Loss: 7.909 | Acc: 30.960,39.079,59.251,69.808,77.409,80.422,81.574,81.536,%
Batch: 540 | Loss: 7.910 | Acc: 31.054,39.020,59.150,69.704,77.375,80.388,81.553,81.553,%
Batch: 560 | Loss: 7.918 | Acc: 30.963,39.091,59.180,69.679,77.344,80.374,81.586,81.622,%
Batch: 580 | Loss: 7.903 | Acc: 31.222,39.208,59.312,69.776,77.384,80.379,81.583,81.566,%
Batch: 600 | Loss: 7.926 | Acc: 31.314,39.235,59.151,69.750,77.371,80.300,81.464,81.414,%
Batch: 620 | Loss: 7.934 | Acc: 31.240,39.130,58.921,69.710,77.230,80.242,81.401,81.369,%
Batch: 640 | Loss: 7.923 | Acc: 31.232,39.126,58.830,69.657,77.239,80.343,81.498,81.451,%
Batch: 660 | Loss: 7.931 | Acc: 31.210,38.986,58.805,69.713,77.262,80.454,81.498,81.483,%
Batch: 680 | Loss: 7.927 | Acc: 31.131,38.899,58.825,69.692,77.298,80.514,81.557,81.527,%
Batch: 700 | Loss: 7.950 | Acc: 31.227,38.787,58.702,69.643,77.090,80.314,81.427,81.427,%
Batch: 720 | Loss: 7.938 | Acc: 31.415,38.904,58.821,69.778,77.115,80.305,81.387,81.345,%
Batch: 740 | Loss: 7.909 | Acc: 31.457,38.934,58.880,69.798,77.247,80.445,81.552,81.498,%
Batch: 760 | Loss: 7.907 | Acc: 31.537,39.041,58.870,69.777,77.280,80.460,81.551,81.511,%
Batch: 780 | Loss: 7.910 | Acc: 31.665,39.296,58.988,69.770,77.157,80.371,81.460,81.383,%
Batch: 800 | Loss: 7.924 | Acc: 31.548,39.251,58.964,69.688,77.129,80.350,81.386,81.336,%
Batch: 820 | Loss: 7.911 | Acc: 31.547,39.220,58.989,69.829,77.162,80.378,81.474,81.389,%
Batch: 840 | Loss: 7.909 | Acc: 31.534,39.120,58.894,69.798,77.182,80.345,81.510,81.463,%
Batch: 860 | Loss: 7.924 | Acc: 31.556,39.141,58.920,69.814,77.143,80.267,81.417,81.370,%
Batch: 880 | Loss: 7.927 | Acc: 31.600,39.126,58.797,69.784,77.049,80.227,81.373,81.317,%
Batch: 900 | Loss: 7.921 | Acc: 31.743,39.212,58.824,69.711,77.114,80.300,81.443,81.365,%
Batch: 920 | Loss: 7.902 | Acc: 31.781,39.273,58.860,69.826,77.231,80.380,81.531,81.455,%
Batch: 940 | Loss: 7.900 | Acc: 31.775,39.309,58.874,69.745,77.194,80.414,81.562,81.488,%
Batch: 960 | Loss: 7.903 | Acc: 31.738,39.261,58.949,69.813,77.190,80.427,81.550,81.467,%
Batch: 980 | Loss: 7.906 | Acc: 31.713,39.205,58.960,69.827,77.125,80.398,81.539,81.478,%

Epoch: 7
Batch: 0 | Loss: 8.252 | Acc: 28.906,38.281,56.250,67.969,78.906,79.688,77.344,77.344,%
Batch: 20 | Loss: 7.100 | Acc: 36.793,47.507,62.872,73.214,81.808,84.933,85.379,85.231,%
Batch: 40 | Loss: 7.154 | Acc: 36.223,47.008,61.776,72.732,81.155,84.242,84.851,84.756,%
Batch: 60 | Loss: 7.101 | Acc: 36.373,47.106,61.821,72.643,81.212,84.477,84.990,84.926,%
Batch: 80 | Loss: 7.107 | Acc: 36.294,47.068,61.883,72.405,81.038,84.375,84.954,84.877,%
Batch: 100 | Loss: 7.085 | Acc: 36.208,47.324,62.113,72.788,81.211,84.514,84.978,84.924,%
Batch: 120 | Loss: 7.094 | Acc: 36.254,47.553,62.029,72.540,80.992,84.420,84.859,84.821,%
Batch: 140 | Loss: 7.114 | Acc: 36.115,47.435,61.957,72.346,80.973,84.286,84.707,84.613,%
Batch: 160 | Loss: 7.132 | Acc: 36.098,47.559,61.859,72.341,80.891,84.259,84.579,84.603,%
Batch: 180 | Loss: 7.106 | Acc: 36.093,47.367,61.848,72.402,81.090,84.375,84.694,84.690,%
Batch: 200 | Loss: 7.117 | Acc: 36.007,47.260,61.796,72.384,81.036,84.270,84.597,84.523,%
Batch: 220 | Loss: 7.104 | Acc: 36.143,47.313,61.775,72.476,81.155,84.354,84.704,84.576,%
Batch: 240 | Loss: 7.098 | Acc: 36.181,47.462,61.667,72.442,81.175,84.326,84.693,84.573,%
Batch: 260 | Loss: 7.087 | Acc: 36.321,47.587,61.794,72.545,81.247,84.372,84.752,84.659,%
Batch: 280 | Loss: 7.083 | Acc: 36.405,47.667,61.788,72.526,81.258,84.389,84.798,84.698,%
Batch: 300 | Loss: 7.086 | Acc: 36.314,47.646,61.784,72.475,81.271,84.383,84.790,84.673,%
Batch: 320 | Loss: 7.084 | Acc: 36.295,47.732,61.814,72.449,81.260,84.375,84.774,84.672,%
Batch: 340 | Loss: 7.081 | Acc: 36.329,47.739,61.881,72.505,81.184,84.309,84.714,84.620,%
Batch: 360 | Loss: 7.083 | Acc: 36.342,47.851,61.875,72.533,81.150,84.301,84.721,84.637,%
Batch: 380 | Loss: 7.081 | Acc: 36.387,47.898,61.887,72.507,81.166,84.293,84.728,84.650,%
Batch: 0 | Loss: 8.490 | Acc: 40.000,50.000,60.000,50.000,60.000,60.000,60.000,60.000,%
Batch: 20 | Loss: 7.269 | Acc: 35.238,47.619,56.190,68.095,80.476,83.810,83.333,85.714,%
Batch: 40 | Loss: 7.398 | Acc: 37.073,47.073,57.561,66.341,79.268,82.439,82.439,83.415,%
Batch: 60 | Loss: 7.174 | Acc: 35.902,46.885,59.180,68.525,81.967,83.934,83.607,84.262,%
Batch: 80 | Loss: 7.381 | Acc: 35.556,46.420,58.889,68.395,80.617,82.840,82.840,82.840,%
Batch: 100 | Loss: 7.517 | Acc: 34.950,46.139,58.713,68.119,79.703,82.079,82.079,82.277,%
Batch: 120 | Loss: 7.575 | Acc: 34.959,46.529,58.512,67.851,79.504,82.066,81.983,82.149,%
Batch: 140 | Loss: 7.475 | Acc: 35.106,46.099,58.794,68.440,79.574,82.340,82.908,82.908,%
Batch: 160 | Loss: 7.522 | Acc: 35.093,45.404,58.261,68.199,79.379,82.360,82.857,82.795,%
Batch: 180 | Loss: 7.455 | Acc: 35.801,46.243,59.227,68.564,79.503,82.431,83.149,82.983,%
Batch: 200 | Loss: 7.506 | Acc: 35.771,46.318,59.353,68.756,79.104,82.139,82.687,82.438,%
Batch: 220 | Loss: 7.532 | Acc: 35.928,46.516,59.774,69.050,78.733,81.629,82.036,81.900,%
Batch: 240 | Loss: 7.556 | Acc: 35.726,46.432,59.419,68.963,78.963,81.577,81.992,81.784,%
Batch: 260 | Loss: 7.593 | Acc: 35.862,46.169,59.157,68.812,78.736,81.226,81.839,81.494,%
Batch: 280 | Loss: 7.575 | Acc: 35.836,46.121,58.897,68.683,78.897,81.495,82.064,81.744,%
Batch: 300 | Loss: 7.521 | Acc: 35.814,46.445,59.269,69.136,79.103,81.794,82.326,81.960,%
Batch: 320 | Loss: 7.523 | Acc: 35.826,46.355,59.346,69.190,79.190,81.651,82.305,81.994,%
Batch: 340 | Loss: 7.533 | Acc: 35.894,46.422,59.326,69.120,79.003,81.613,82.199,81.935,%
Batch: 360 | Loss: 7.561 | Acc: 35.928,46.343,59.391,69.197,78.864,81.496,82.050,81.773,%
Batch: 380 | Loss: 7.576 | Acc: 35.591,45.774,59.186,69.081,78.714,81.339,81.942,81.627,%
Batch: 400 | Loss: 7.575 | Acc: 35.461,45.835,59.401,69.352,78.803,81.446,81.995,81.671,%
Batch: 420 | Loss: 7.574 | Acc: 35.558,45.914,59.596,69.501,78.717,81.473,82.019,81.710,%
Batch: 440 | Loss: 7.530 | Acc: 35.556,46.122,59.932,69.705,79.002,81.610,82.177,81.995,%
Batch: 460 | Loss: 7.536 | Acc: 35.705,46.182,59.957,69.653,78.915,81.584,82.169,82.017,%
Batch: 480 | Loss: 7.525 | Acc: 35.613,46.237,60.021,69.688,78.940,81.622,82.183,82.017,%
Batch: 500 | Loss: 7.507 | Acc: 35.689,46.367,60.120,69.621,78.782,81.557,82.076,82.016,%
Batch: 520 | Loss: 7.507 | Acc: 35.720,46.180,60.115,69.712,78.810,81.516,82.073,81.977,%
Batch: 540 | Loss: 7.508 | Acc: 35.675,45.970,59.908,69.704,78.872,81.571,82.089,82.033,%
Batch: 560 | Loss: 7.520 | Acc: 35.579,45.847,59.893,69.768,78.806,81.640,82.086,81.996,%
Batch: 580 | Loss: 7.498 | Acc: 35.835,46.024,59.983,69.828,78.830,81.687,82.151,82.048,%
Batch: 600 | Loss: 7.515 | Acc: 35.874,45.973,59.967,69.817,78.835,81.581,82.097,82.047,%
Batch: 620 | Loss: 7.514 | Acc: 35.765,45.910,59.887,69.710,78.824,81.562,82.126,82.077,%
Batch: 640 | Loss: 7.509 | Acc: 35.694,45.897,59.750,69.641,78.814,81.638,82.200,82.168,%
Batch: 660 | Loss: 7.533 | Acc: 35.658,46.036,59.622,69.395,78.684,81.619,82.179,82.163,%
Batch: 680 | Loss: 7.531 | Acc: 35.668,46.035,59.604,69.207,78.605,81.557,82.159,82.144,%
Batch: 700 | Loss: 7.551 | Acc: 35.663,45.892,59.544,69.073,78.531,81.398,81.983,81.940,%
Batch: 720 | Loss: 7.537 | Acc: 35.770,45.908,59.667,69.237,78.599,81.456,82.053,81.983,%
Batch: 740 | Loss: 7.516 | Acc: 35.830,46.032,59.649,69.258,78.745,81.538,82.132,82.051,%
Batch: 760 | Loss: 7.518 | Acc: 35.821,45.979,59.606,69.238,78.699,81.551,82.155,82.024,%
Batch: 780 | Loss: 7.523 | Acc: 36.005,46.146,59.629,69.206,78.604,81.460,82.100,81.985,%
Batch: 800 | Loss: 7.539 | Acc: 35.818,45.968,59.625,69.226,78.614,81.436,82.035,81.910,%
Batch: 820 | Loss: 7.533 | Acc: 35.786,46.054,59.622,69.257,78.636,81.462,82.034,81.912,%
Batch: 840 | Loss: 7.532 | Acc: 35.743,46.052,59.512,69.227,78.585,81.463,82.033,81.902,%
Batch: 860 | Loss: 7.547 | Acc: 35.772,46.063,59.535,69.199,78.595,81.417,82.009,81.847,%
Batch: 880 | Loss: 7.565 | Acc: 35.766,46.016,59.410,69.103,78.490,81.305,81.896,81.793,%
Batch: 900 | Loss: 7.559 | Acc: 35.805,46.027,59.412,69.134,78.535,81.398,81.998,81.887,%
Batch: 920 | Loss: 7.548 | Acc: 35.852,46.004,59.566,69.218,78.512,81.390,82.009,81.911,%
Batch: 940 | Loss: 7.547 | Acc: 35.781,46.004,59.596,69.224,78.480,81.350,81.945,81.849,%
Batch: 960 | Loss: 7.547 | Acc: 35.713,46.077,59.594,69.334,78.543,81.405,81.998,81.894,%
Batch: 980 | Loss: 7.546 | Acc: 35.668,46.014,59.582,69.317,78.481,81.356,81.947,81.814,%

Epoch: 8
Batch: 0 | Loss: 6.316 | Acc: 35.156,47.656,57.031,75.781,83.594,87.500,90.625,89.062,%
Batch: 20 | Loss: 6.885 | Acc: 36.049,49.107,61.570,73.251,82.143,85.119,86.124,85.938,%
Batch: 40 | Loss: 6.818 | Acc: 35.785,48.418,61.681,73.952,82.241,85.671,86.509,86.242,%
Batch: 60 | Loss: 6.744 | Acc: 36.168,49.103,62.807,74.283,82.531,86.258,86.911,86.706,%
Batch: 80 | Loss: 6.759 | Acc: 36.063,49.093,62.886,74.306,82.533,86.101,86.690,86.535,%
Batch: 100 | Loss: 6.769 | Acc: 36.131,48.917,62.840,74.319,82.642,86.023,86.564,86.463,%
Batch: 120 | Loss: 6.808 | Acc: 36.247,48.889,62.707,74.128,82.302,85.647,86.235,86.170,%
Batch: 140 | Loss: 6.823 | Acc: 36.242,48.848,62.655,74.091,82.192,85.588,86.176,86.087,%
Batch: 160 | Loss: 6.817 | Acc: 36.646,49.054,62.772,74.107,82.318,85.661,86.219,86.127,%
Batch: 180 | Loss: 6.797 | Acc: 36.619,49.063,62.867,74.137,82.368,85.704,86.317,86.166,%
Batch: 200 | Loss: 6.820 | Acc: 36.536,48.986,62.803,74.122,82.303,85.650,86.237,86.093,%
Batch: 220 | Loss: 6.826 | Acc: 36.645,49.049,62.889,74.130,82.307,85.584,86.164,86.015,%
Batch: 240 | Loss: 6.832 | Acc: 36.644,48.956,62.947,74.128,82.297,85.574,86.168,86.009,%
Batch: 260 | Loss: 6.828 | Acc: 36.542,48.886,62.928,74.066,82.310,85.563,86.156,86.009,%
Batch: 280 | Loss: 6.831 | Acc: 36.602,48.966,62.962,74.007,82.218,85.473,86.063,85.935,%
Batch: 300 | Loss: 6.811 | Acc: 36.776,49.214,63.164,74.092,82.283,85.548,86.114,85.987,%
Batch: 320 | Loss: 6.805 | Acc: 36.899,49.353,63.191,74.138,82.289,85.582,86.122,86.018,%
Batch: 340 | Loss: 6.807 | Acc: 36.868,49.395,63.219,74.152,82.265,85.569,86.086,85.990,%
Batch: 360 | Loss: 6.802 | Acc: 36.892,49.353,63.301,74.210,82.362,85.615,86.141,86.035,%
Batch: 380 | Loss: 6.807 | Acc: 36.885,49.313,63.240,74.167,82.355,85.573,86.081,85.999,%
Batch: 0 | Loss: 9.316 | Acc: 50.000,50.000,60.000,40.000,70.000,70.000,70.000,70.000,%
Batch: 20 | Loss: 7.204 | Acc: 34.762,42.857,59.524,66.667,79.524,85.238,86.667,88.571,%
Batch: 40 | Loss: 7.578 | Acc: 35.122,41.220,59.756,69.024,79.268,82.683,83.659,83.902,%
Batch: 60 | Loss: 7.364 | Acc: 33.443,41.475,60.164,70.000,80.328,84.426,84.918,85.246,%
Batch: 80 | Loss: 7.400 | Acc: 33.333,41.481,60.123,70.247,80.370,84.691,84.938,85.185,%
Batch: 100 | Loss: 7.499 | Acc: 32.772,41.584,60.297,70.000,79.109,83.564,83.663,83.861,%
Batch: 120 | Loss: 7.543 | Acc: 32.975,41.818,59.587,69.917,78.678,83.388,83.719,83.884,%
Batch: 140 | Loss: 7.461 | Acc: 32.979,41.348,59.504,70.284,78.936,83.688,83.901,84.184,%
Batch: 160 | Loss: 7.490 | Acc: 33.043,41.304,59.565,70.559,78.944,83.416,83.851,84.224,%
Batch: 180 | Loss: 7.444 | Acc: 33.812,42.376,59.890,71.160,79.006,83.425,83.978,84.254,%
Batch: 200 | Loss: 7.486 | Acc: 34.030,42.488,60.249,71.393,79.104,83.284,83.781,84.030,%
Batch: 220 | Loss: 7.502 | Acc: 33.937,42.715,60.452,71.312,79.005,83.258,83.529,83.756,%
Batch: 240 | Loss: 7.584 | Acc: 33.444,42.490,60.083,71.245,78.921,83.112,83.320,83.568,%
Batch: 260 | Loss: 7.625 | Acc: 33.793,42.490,59.693,71.379,79.042,82.989,83.218,83.448,%
Batch: 280 | Loss: 7.619 | Acc: 33.665,42.278,59.680,71.317,79.004,82.918,83.203,83.381,%
Batch: 300 | Loss: 7.569 | Acc: 33.588,42.525,60.033,71.761,79.302,83.123,83.455,83.588,%
Batch: 320 | Loss: 7.565 | Acc: 33.614,42.399,60.000,71.558,79.346,83.115,83.458,83.583,%
Batch: 340 | Loss: 7.581 | Acc: 33.548,42.405,59.736,71.349,79.120,82.903,83.314,83.372,%
Batch: 360 | Loss: 7.602 | Acc: 33.601,42.576,59.778,71.163,78.947,82.798,83.296,83.324,%
Batch: 380 | Loss: 7.589 | Acc: 33.360,42.310,59.606,71.181,78.976,82.730,83.333,83.412,%
Batch: 400 | Loss: 7.591 | Acc: 33.142,42.269,59.701,71.372,79.077,82.743,83.342,83.392,%
Batch: 420 | Loss: 7.585 | Acc: 33.135,42.447,60.024,71.330,79.002,82.755,83.278,83.349,%
Batch: 440 | Loss: 7.529 | Acc: 33.333,42.676,60.476,71.701,79.229,82.902,83.515,83.560,%
Batch: 460 | Loss: 7.521 | Acc: 33.275,42.733,60.369,71.649,79.241,82.928,83.514,83.557,%
Batch: 480 | Loss: 7.514 | Acc: 33.222,42.682,60.353,71.809,79.397,83.056,83.701,83.701,%
Batch: 500 | Loss: 7.508 | Acc: 33.253,42.615,60.359,71.756,79.421,83.034,83.752,83.733,%
Batch: 520 | Loss: 7.492 | Acc: 33.282,42.649,60.403,71.919,79.443,83.033,83.800,83.800,%
Batch: 540 | Loss: 7.498 | Acc: 33.142,42.680,60.296,71.885,79.445,83.013,83.789,83.808,%
Batch: 560 | Loss: 7.519 | Acc: 33.173,42.656,60.178,71.943,79.447,83.030,83.797,83.761,%
Batch: 580 | Loss: 7.499 | Acc: 33.442,42.823,60.327,71.997,79.466,82.995,83.683,83.666,%
Batch: 600 | Loss: 7.520 | Acc: 33.494,42.845,60.283,71.913,79.334,82.962,83.727,83.594,%
Batch: 620 | Loss: 7.520 | Acc: 33.317,42.786,60.129,71.771,79.308,83.011,83.768,83.639,%
Batch: 640 | Loss: 7.516 | Acc: 33.261,42.730,59.984,71.669,79.267,83.011,83.775,83.604,%
Batch: 660 | Loss: 7.521 | Acc: 33.207,42.784,60.000,71.619,79.274,82.995,83.722,83.570,%
Batch: 680 | Loss: 7.527 | Acc: 33.201,42.790,59.985,71.557,79.134,82.907,83.686,83.510,%
Batch: 700 | Loss: 7.563 | Acc: 33.210,42.653,59.829,71.469,78.973,82.825,83.566,83.338,%
Batch: 720 | Loss: 7.543 | Acc: 33.218,42.871,59.834,71.512,79.085,82.899,83.620,83.384,%
Batch: 740 | Loss: 7.525 | Acc: 33.293,42.942,59.892,71.552,79.136,82.915,83.644,83.414,%
Batch: 760 | Loss: 7.525 | Acc: 33.325,42.957,59.855,71.564,79.159,82.878,83.601,83.403,%
Batch: 780 | Loss: 7.521 | Acc: 33.367,43.073,59.923,71.575,79.168,82.881,83.675,83.483,%
Batch: 800 | Loss: 7.531 | Acc: 33.184,42.971,59.900,71.498,79.151,82.934,83.683,83.496,%
Batch: 820 | Loss: 7.526 | Acc: 33.179,42.923,59.854,71.486,79.208,82.996,83.739,83.557,%
Batch: 840 | Loss: 7.529 | Acc: 33.092,42.747,59.679,71.403,79.168,82.973,83.722,83.543,%
Batch: 860 | Loss: 7.541 | Acc: 33.171,42.822,59.652,71.382,79.164,82.904,83.693,83.519,%
Batch: 880 | Loss: 7.547 | Acc: 33.201,42.815,59.569,71.362,79.137,82.826,83.610,83.428,%
Batch: 900 | Loss: 7.538 | Acc: 33.285,42.952,59.645,71.354,79.145,82.897,83.696,83.529,%
Batch: 920 | Loss: 7.522 | Acc: 33.333,42.964,59.729,71.488,79.197,82.975,83.724,83.561,%
Batch: 940 | Loss: 7.524 | Acc: 33.294,42.933,59.692,71.445,79.171,82.986,83.709,83.528,%
Batch: 960 | Loss: 7.518 | Acc: 33.215,42.893,59.750,71.561,79.251,83.018,83.715,83.538,%
Batch: 980 | Loss: 7.515 | Acc: 33.211,42.875,59.694,71.509,79.286,83.068,83.721,83.568,%

Epoch: 9
Batch: 0 | Loss: 6.089 | Acc: 40.625,53.125,67.969,78.906,87.500,93.750,91.406,92.969,%
Batch: 20 | Loss: 6.815 | Acc: 36.979,49.442,63.356,74.033,83.147,86.198,86.347,86.161,%
Batch: 40 | Loss: 6.586 | Acc: 37.957,50.553,64.691,75.038,83.880,86.928,87.367,87.157,%
Batch: 60 | Loss: 6.592 | Acc: 37.679,50.423,64.498,74.821,83.773,86.796,87.193,87.039,%
Batch: 80 | Loss: 6.583 | Acc: 37.876,50.116,64.159,74.653,83.594,86.825,87.375,87.240,%
Batch: 100 | Loss: 6.603 | Acc: 37.809,50.286,64.008,74.783,83.578,86.788,87.268,87.144,%
Batch: 120 | Loss: 6.644 | Acc: 37.461,49.929,63.772,74.645,83.432,86.590,87.113,86.951,%
Batch: 140 | Loss: 6.651 | Acc: 37.395,49.900,63.730,74.535,83.405,86.536,86.996,86.835,%
Batch: 160 | Loss: 6.645 | Acc: 37.354,49.796,63.800,74.665,83.443,86.496,87.020,86.874,%
Batch: 180 | Loss: 6.661 | Acc: 37.263,49.853,63.726,74.555,83.378,86.335,86.861,86.723,%
Batch: 200 | Loss: 6.665 | Acc: 37.065,49.701,63.744,74.615,83.415,86.346,86.847,86.680,%
Batch: 220 | Loss: 6.675 | Acc: 37.235,49.714,63.744,74.608,83.332,86.284,86.758,86.581,%
Batch: 240 | Loss: 6.676 | Acc: 37.257,49.624,63.703,74.617,83.321,86.346,86.777,86.579,%
Batch: 260 | Loss: 6.656 | Acc: 37.278,49.781,63.853,74.674,83.366,86.425,86.844,86.647,%
Batch: 280 | Loss: 6.653 | Acc: 37.386,49.819,63.982,74.728,83.407,86.418,86.841,86.671,%
Batch: 300 | Loss: 6.655 | Acc: 37.391,49.899,63.909,74.644,83.345,86.420,86.854,86.690,%
Batch: 320 | Loss: 6.647 | Acc: 37.420,49.939,63.953,74.703,83.380,86.451,86.870,86.726,%
Batch: 340 | Loss: 6.636 | Acc: 37.443,50.021,64.065,74.794,83.461,86.494,86.904,86.755,%
Batch: 360 | Loss: 6.631 | Acc: 37.524,50.061,64.095,74.829,83.442,86.500,86.898,86.747,%
Batch: 380 | Loss: 6.633 | Acc: 37.555,50.033,64.079,74.834,83.419,86.467,86.889,86.729,%
Batch: 0 | Loss: 5.182 | Acc: 40.000,70.000,60.000,70.000,80.000,90.000,90.000,70.000,%
Batch: 20 | Loss: 6.710 | Acc: 34.762,49.048,61.429,71.905,81.905,84.762,87.619,87.143,%
Batch: 40 | Loss: 7.060 | Acc: 35.122,42.927,60.000,70.488,80.976,83.171,85.122,84.390,%
Batch: 60 | Loss: 6.882 | Acc: 34.098,42.951,60.492,72.623,82.295,84.426,86.066,85.410,%
Batch: 80 | Loss: 7.091 | Acc: 33.333,41.728,60.370,72.346,81.605,84.074,85.185,84.938,%
Batch: 100 | Loss: 7.193 | Acc: 32.970,42.475,60.297,72.376,81.584,83.762,84.554,84.455,%
Batch: 120 | Loss: 7.210 | Acc: 32.810,43.719,60.579,72.149,81.653,83.636,84.545,84.545,%
Batch: 140 | Loss: 7.157 | Acc: 32.766,42.908,60.355,72.340,81.348,83.688,84.823,84.610,%
Batch: 160 | Loss: 7.226 | Acc: 32.733,42.484,60.062,72.547,81.366,83.789,84.907,84.783,%
Batch: 180 | Loss: 7.171 | Acc: 33.204,43.260,61.105,72.983,81.326,83.757,84.917,84.917,%
Batch: 200 | Loss: 7.214 | Acc: 33.433,43.383,61.294,72.935,81.343,83.532,84.776,84.726,%
Batch: 220 | Loss: 7.215 | Acc: 33.710,43.303,61.493,72.715,81.403,83.303,84.389,84.389,%
Batch: 240 | Loss: 7.256 | Acc: 33.776,43.112,61.535,72.863,81.535,83.485,84.440,84.357,%
Batch: 260 | Loss: 7.305 | Acc: 33.831,42.950,61.379,72.720,81.533,83.448,84.406,84.330,%
Batch: 280 | Loss: 7.296 | Acc: 33.594,42.811,61.388,72.669,81.530,83.523,84.520,84.448,%
Batch: 300 | Loss: 7.257 | Acc: 33.555,42.824,61.661,73.156,81.993,83.787,84.585,84.485,%
Batch: 320 | Loss: 7.259 | Acc: 33.364,42.710,61.495,73.084,81.931,83.801,84.517,84.424,%
Batch: 340 | Loss: 7.274 | Acc: 33.314,42.669,61.496,72.874,81.848,83.783,84.457,84.282,%
Batch: 360 | Loss: 7.283 | Acc: 33.546,42.798,61.579,72.936,81.634,83.684,84.488,84.294,%
Batch: 380 | Loss: 7.302 | Acc: 33.333,42.572,61.312,72.730,81.522,83.675,84.383,84.252,%
Batch: 400 | Loss: 7.289 | Acc: 33.142,42.344,61.546,72.818,81.646,83.815,84.539,84.364,%
Batch: 420 | Loss: 7.280 | Acc: 33.088,42.494,61.710,73.040,81.639,83.777,84.537,84.394,%
Batch: 440 | Loss: 7.233 | Acc: 33.175,42.517,62.063,73.424,81.973,84.014,84.762,84.580,%
Batch: 460 | Loss: 7.224 | Acc: 33.189,42.603,62.061,73.406,81.909,84.078,84.816,84.642,%
Batch: 480 | Loss: 7.214 | Acc: 33.181,42.827,62.204,73.659,82.058,84.200,84.886,84.699,%
Batch: 500 | Loss: 7.197 | Acc: 33.194,42.914,62.295,73.673,81.956,84.271,84.970,84.651,%
Batch: 520 | Loss: 7.195 | Acc: 33.282,42.917,62.418,73.781,81.900,84.242,84.914,84.587,%
Batch: 540 | Loss: 7.183 | Acc: 33.179,42.754,62.329,73.678,81.922,84.399,85.028,84.677,%
Batch: 560 | Loss: 7.203 | Acc: 33.173,42.727,62.193,73.654,81.872,84.349,84.991,84.688,%
Batch: 580 | Loss: 7.184 | Acc: 33.442,42.840,62.392,73.632,81.790,84.337,85.009,84.733,%
Batch: 600 | Loss: 7.209 | Acc: 33.328,42.562,62.196,73.627,81.764,84.309,84.942,84.676,%
Batch: 620 | Loss: 7.213 | Acc: 33.253,42.415,62.045,73.510,81.707,84.203,84.879,84.622,%
Batch: 640 | Loss: 7.205 | Acc: 33.276,42.449,61.997,73.479,81.732,84.212,84.867,84.649,%
Batch: 660 | Loss: 7.202 | Acc: 33.283,42.481,61.982,73.449,81.664,84.266,84.932,84.735,%
Batch: 680 | Loss: 7.198 | Acc: 33.363,42.526,61.938,73.436,81.703,84.288,84.963,84.772,%
Batch: 700 | Loss: 7.219 | Acc: 33.367,42.340,61.840,73.324,81.526,84.151,84.850,84.679,%
Batch: 720 | Loss: 7.203 | Acc: 33.398,42.441,62.011,73.440,81.692,84.230,84.868,84.716,%
Batch: 740 | Loss: 7.185 | Acc: 33.387,42.497,62.065,73.576,81.754,84.305,84.912,84.737,%
Batch: 760 | Loss: 7.179 | Acc: 33.509,42.510,62.208,73.522,81.761,84.323,84.928,84.770,%
Batch: 780 | Loss: 7.178 | Acc: 33.611,42.612,62.279,73.444,81.639,84.289,84.942,84.789,%
Batch: 800 | Loss: 7.184 | Acc: 33.571,42.584,62.347,73.508,81.685,84.320,84.944,84.794,%
Batch: 820 | Loss: 7.175 | Acc: 33.666,42.753,62.424,73.557,81.693,84.348,84.994,84.823,%
Batch: 840 | Loss: 7.172 | Acc: 33.555,42.759,62.283,73.472,81.677,84.352,85.042,84.899,%
Batch: 860 | Loss: 7.191 | Acc: 33.519,42.846,62.300,73.438,81.568,84.228,84.936,84.797,%
Batch: 880 | Loss: 7.198 | Acc: 33.507,42.815,62.179,73.383,81.578,84.177,84.904,84.779,%
Batch: 900 | Loss: 7.193 | Acc: 33.640,42.886,62.231,73.441,81.632,84.240,85.006,84.895,%
Batch: 920 | Loss: 7.182 | Acc: 33.594,42.899,62.302,73.550,81.694,84.300,85.049,84.929,%
Batch: 940 | Loss: 7.186 | Acc: 33.592,42.848,62.285,73.486,81.573,84.261,84.995,84.888,%
Batch: 960 | Loss: 7.184 | Acc: 33.590,42.882,62.393,73.528,81.582,84.256,85.005,84.901,%
Batch: 980 | Loss: 7.184 | Acc: 33.578,42.793,62.365,73.537,81.549,84.220,84.995,84.883,%

Epoch: 10
Batch: 0 | Loss: 5.930 | Acc: 39.062,57.031,70.312,80.469,84.375,88.281,90.625,88.281,%
Batch: 20 | Loss: 6.443 | Acc: 37.909,51.525,64.249,75.074,83.929,86.793,87.835,87.463,%
Batch: 40 | Loss: 6.443 | Acc: 37.824,50.991,64.310,76.010,84.204,87.176,87.843,87.614,%
Batch: 60 | Loss: 6.442 | Acc: 38.051,50.704,64.472,76.230,84.503,87.359,88.012,87.679,%
Batch: 80 | Loss: 6.449 | Acc: 37.818,50.704,64.342,76.042,84.491,87.432,88.021,87.741,%
Batch: 100 | Loss: 6.416 | Acc: 37.856,50.774,64.542,76.091,84.739,87.709,88.304,88.018,%
Batch: 120 | Loss: 6.422 | Acc: 37.784,50.652,64.734,75.943,84.575,87.623,88.159,87.913,%
Batch: 140 | Loss: 6.411 | Acc: 37.711,50.499,64.722,75.936,84.563,87.694,88.242,88.037,%
Batch: 160 | Loss: 6.456 | Acc: 37.723,50.209,64.562,75.684,84.351,87.485,88.039,87.786,%
Batch: 180 | Loss: 6.468 | Acc: 37.819,50.354,64.516,75.544,84.241,87.349,87.876,87.638,%
Batch: 200 | Loss: 6.476 | Acc: 37.702,50.408,64.502,75.532,84.227,87.298,87.807,87.589,%
Batch: 220 | Loss: 6.464 | Acc: 37.769,50.527,64.561,75.580,84.283,87.267,87.800,87.592,%
Batch: 240 | Loss: 6.468 | Acc: 37.857,50.525,64.607,75.571,84.177,87.208,87.779,87.555,%
Batch: 260 | Loss: 6.456 | Acc: 37.853,50.590,64.778,75.697,84.267,87.255,87.823,87.599,%
Batch: 280 | Loss: 6.463 | Acc: 37.831,50.525,64.755,75.659,84.225,87.208,87.784,87.547,%
Batch: 300 | Loss: 6.459 | Acc: 37.796,50.576,64.859,75.714,84.211,87.238,87.822,87.560,%
Batch: 320 | Loss: 6.458 | Acc: 37.829,50.611,64.853,75.708,84.253,87.242,87.821,87.590,%
Batch: 340 | Loss: 6.466 | Acc: 37.848,50.683,64.835,75.671,84.192,87.136,87.704,87.477,%
Batch: 360 | Loss: 6.466 | Acc: 37.753,50.729,64.842,75.667,84.182,87.119,87.660,87.450,%
Batch: 380 | Loss: 6.447 | Acc: 37.795,50.818,64.963,75.769,84.287,87.201,87.748,87.543,%
Batch: 0 | Loss: 4.701 | Acc: 40.000,60.000,70.000,80.000,80.000,100.000,90.000,90.000,%
Batch: 20 | Loss: 6.479 | Acc: 37.619,50.476,61.429,75.714,85.238,85.714,83.333,83.333,%
Batch: 40 | Loss: 6.632 | Acc: 37.805,51.951,59.024,74.878,83.415,85.610,84.390,84.634,%
Batch: 60 | Loss: 6.493 | Acc: 35.738,51.311,60.328,76.230,84.590,86.721,85.902,85.902,%
Batch: 80 | Loss: 6.717 | Acc: 35.185,50.988,61.235,74.691,83.704,85.309,84.691,84.691,%
Batch: 100 | Loss: 6.846 | Acc: 35.644,51.188,61.485,74.257,82.574,84.059,83.960,84.059,%
Batch: 120 | Loss: 6.872 | Acc: 35.455,50.496,61.570,74.132,82.149,83.967,84.298,84.298,%
Batch: 140 | Loss: 6.822 | Acc: 35.957,49.716,61.986,74.468,82.482,84.326,84.539,84.539,%
Batch: 160 | Loss: 6.857 | Acc: 35.714,49.503,61.863,74.534,82.609,84.161,84.472,84.410,%
Batch: 180 | Loss: 6.819 | Acc: 36.133,50.387,62.597,74.862,82.541,84.309,84.530,84.586,%
Batch: 200 | Loss: 6.867 | Acc: 36.070,50.448,62.687,74.428,82.189,84.378,84.428,84.328,%
Batch: 220 | Loss: 6.881 | Acc: 36.018,50.362,62.896,74.434,81.855,84.299,84.389,84.344,%
Batch: 240 | Loss: 6.926 | Acc: 35.934,50.166,62.780,74.108,81.784,84.274,84.315,84.274,%
Batch: 260 | Loss: 6.961 | Acc: 36.092,50.268,62.337,73.946,81.686,84.406,84.483,84.483,%
Batch: 280 | Loss: 6.950 | Acc: 36.050,50.676,62.420,74.093,81.708,84.413,84.555,84.591,%
Batch: 300 | Loss: 6.912 | Acc: 35.814,50.930,62.791,74.419,82.027,84.585,84.618,84.585,%
Batch: 320 | Loss: 6.920 | Acc: 36.044,50.903,62.617,74.206,81.963,84.393,84.455,84.424,%
Batch: 340 | Loss: 6.914 | Acc: 36.305,50.909,62.463,73.959,81.906,84.428,84.428,84.428,%
Batch: 360 | Loss: 6.918 | Acc: 36.537,51.080,62.465,74.017,82.022,84.432,84.488,84.488,%
Batch: 380 | Loss: 6.921 | Acc: 36.457,50.446,62.415,74.094,82.047,84.409,84.488,84.514,%
Batch: 400 | Loss: 6.900 | Acc: 36.384,50.324,62.743,74.289,82.319,84.589,84.713,84.738,%
Batch: 420 | Loss: 6.900 | Acc: 36.318,50.451,62.755,74.276,82.257,84.584,84.774,84.798,%
Batch: 440 | Loss: 6.849 | Acc: 36.463,50.612,63.107,74.376,82.494,84.717,84.898,84.989,%
Batch: 460 | Loss: 6.835 | Acc: 36.594,50.477,63.037,74.295,82.560,84.729,84.859,84.924,%
Batch: 480 | Loss: 6.831 | Acc: 36.611,50.520,63.181,74.449,82.557,84.740,84.865,84.906,%
Batch: 500 | Loss: 6.834 | Acc: 36.667,50.599,63.253,74.331,82.555,84.750,84.810,84.770,%
Batch: 520 | Loss: 6.832 | Acc: 36.622,50.557,63.225,74.530,82.610,84.779,84.818,84.760,%
Batch: 540 | Loss: 6.823 | Acc: 36.470,50.536,63.031,74.566,82.662,84.843,84.880,84.750,%
Batch: 560 | Loss: 6.853 | Acc: 36.435,50.499,63.066,74.528,82.620,84.813,84.813,84.688,%
Batch: 580 | Loss: 6.831 | Acc: 36.644,50.688,63.373,74.664,82.565,84.750,84.802,84.682,%
Batch: 600 | Loss: 6.857 | Acc: 36.705,50.582,63.145,74.509,82.413,84.659,84.809,84.692,%
Batch: 620 | Loss: 6.863 | Acc: 36.570,50.531,63.156,74.396,82.287,84.605,84.831,84.654,%
Batch: 640 | Loss: 6.863 | Acc: 36.537,50.484,63.105,74.462,82.262,84.587,84.805,84.665,%
Batch: 660 | Loss: 6.864 | Acc: 36.505,50.393,63.071,74.433,82.300,84.584,84.811,84.675,%
Batch: 680 | Loss: 6.864 | Acc: 36.520,50.279,62.937,74.479,82.291,84.581,84.816,84.728,%
Batch: 700 | Loss: 6.882 | Acc: 36.419,50.185,62.796,74.337,82.154,84.522,84.708,84.636,%
Batch: 720 | Loss: 6.858 | Acc: 36.491,50.277,62.885,74.480,82.316,84.646,84.785,84.660,%
Batch: 740 | Loss: 6.831 | Acc: 36.532,50.270,62.982,74.548,82.429,84.750,84.845,84.710,%
Batch: 760 | Loss: 6.828 | Acc: 36.597,50.250,63.022,74.507,82.431,84.744,84.849,84.744,%
Batch: 780 | Loss: 6.826 | Acc: 36.786,50.346,63.150,74.469,82.369,84.686,84.827,84.725,%
Batch: 800 | Loss: 6.832 | Acc: 36.642,50.250,63.246,74.494,82.409,84.719,84.794,84.719,%
Batch: 820 | Loss: 6.824 | Acc: 36.699,50.244,63.350,74.616,82.436,84.738,84.762,84.702,%
Batch: 840 | Loss: 6.828 | Acc: 36.611,50.119,63.234,74.578,82.438,84.637,84.673,84.637,%
Batch: 860 | Loss: 6.858 | Acc: 36.632,50.128,63.264,74.541,82.311,84.506,84.541,84.530,%
Batch: 880 | Loss: 6.873 | Acc: 36.595,50.114,63.133,74.472,82.259,84.506,84.552,84.540,%
Batch: 900 | Loss: 6.866 | Acc: 36.693,50.178,63.141,74.550,82.275,84.517,84.573,84.550,%
Batch: 920 | Loss: 6.845 | Acc: 36.688,50.141,63.214,74.582,82.367,84.582,84.625,84.604,%
Batch: 940 | Loss: 6.850 | Acc: 36.706,50.191,63.188,74.633,82.264,84.548,84.601,84.559,%
Batch: 960 | Loss: 6.844 | Acc: 36.629,50.198,63.195,74.662,82.248,84.537,84.579,84.568,%
Batch: 980 | Loss: 6.844 | Acc: 36.595,50.092,63.160,74.659,82.192,84.516,84.618,84.608,%

Epoch: 11
Batch: 0 | Loss: 6.372 | Acc: 35.938,51.562,60.938,75.000,85.156,92.188,90.625,89.844,%
Batch: 20 | Loss: 6.338 | Acc: 37.314,51.153,64.323,75.074,85.119,88.914,88.951,88.951,%
Batch: 40 | Loss: 6.254 | Acc: 38.415,51.467,64.787,76.277,85.709,88.834,88.796,88.529,%
Batch: 60 | Loss: 6.257 | Acc: 38.589,51.575,64.703,76.306,85.451,88.525,88.819,88.678,%
Batch: 80 | Loss: 6.226 | Acc: 38.600,51.746,65.075,76.543,85.426,88.619,89.082,88.927,%
Batch: 100 | Loss: 6.224 | Acc: 38.800,52.104,65.084,76.733,85.543,88.676,89.171,88.946,%
Batch: 120 | Loss: 6.211 | Acc: 38.901,52.098,65.257,76.711,85.576,88.656,89.146,88.946,%
Batch: 140 | Loss: 6.249 | Acc: 38.520,51.845,65.287,76.485,85.461,88.470,88.946,88.763,%
Batch: 160 | Loss: 6.253 | Acc: 38.417,51.752,65.339,76.577,85.530,88.490,88.931,88.766,%
Batch: 180 | Loss: 6.262 | Acc: 38.415,51.705,65.306,76.554,85.553,88.484,88.955,88.778,%
Batch: 200 | Loss: 6.268 | Acc: 38.332,51.811,65.287,76.675,85.572,88.448,88.911,88.748,%
Batch: 220 | Loss: 6.257 | Acc: 38.401,51.944,65.416,76.760,85.549,88.430,88.921,88.744,%
Batch: 240 | Loss: 6.267 | Acc: 38.395,51.939,65.427,76.650,85.419,88.288,88.787,88.615,%
Batch: 260 | Loss: 6.269 | Acc: 38.347,51.838,65.433,76.598,85.399,88.335,88.823,88.646,%
Batch: 280 | Loss: 6.258 | Acc: 38.456,51.949,65.572,76.665,85.431,88.345,88.823,88.623,%
Batch: 300 | Loss: 6.252 | Acc: 38.479,51.962,65.685,76.716,85.470,88.349,88.850,88.632,%
Batch: 320 | Loss: 6.253 | Acc: 38.432,51.962,65.715,76.743,85.456,88.369,88.822,88.603,%
Batch: 340 | Loss: 6.244 | Acc: 38.437,51.943,65.817,76.780,85.461,88.339,88.799,88.577,%
Batch: 360 | Loss: 6.252 | Acc: 38.396,51.865,65.781,76.777,85.414,88.312,88.749,88.543,%
Batch: 380 | Loss: 6.262 | Acc: 38.460,51.757,65.695,76.768,85.378,88.228,88.665,88.462,%
Batch: 0 | Loss: 4.282 | Acc: 50.000,70.000,60.000,80.000,90.000,90.000,90.000,100.000,%
Batch: 20 | Loss: 6.890 | Acc: 32.381,46.667,60.476,72.381,80.952,86.190,87.619,88.571,%
Batch: 40 | Loss: 7.204 | Acc: 31.707,44.390,59.756,72.927,80.244,83.902,84.878,85.366,%
Batch: 60 | Loss: 7.212 | Acc: 31.639,41.311,58.689,73.443,80.492,84.098,84.590,84.754,%
Batch: 80 | Loss: 7.341 | Acc: 31.111,40.864,57.531,71.728,80.370,84.074,84.815,84.444,%
Batch: 100 | Loss: 7.414 | Acc: 30.198,42.277,57.921,71.683,80.000,83.564,84.059,83.861,%
Batch: 120 | Loss: 7.372 | Acc: 30.248,43.306,58.512,71.653,79.835,83.388,83.802,83.802,%
Batch: 140 | Loss: 7.350 | Acc: 30.142,42.340,58.794,71.560,79.645,83.191,83.759,83.830,%
Batch: 160 | Loss: 7.411 | Acc: 29.441,42.298,58.882,71.677,79.627,82.857,83.416,83.602,%
Batch: 180 | Loss: 7.376 | Acc: 30.166,42.818,59.227,71.713,79.834,82.818,83.260,83.370,%
Batch: 200 | Loss: 7.421 | Acc: 30.249,43.085,59.303,71.493,79.552,82.338,82.736,82.935,%
Batch: 220 | Loss: 7.440 | Acc: 30.498,42.851,59.095,71.312,79.548,82.262,82.534,82.760,%
Batch: 240 | Loss: 7.450 | Acc: 30.539,42.863,58.921,71.203,79.544,82.199,82.282,82.531,%
Batch: 260 | Loss: 7.519 | Acc: 30.307,42.797,58.774,71.111,79.349,82.069,82.222,82.414,%
Batch: 280 | Loss: 7.508 | Acc: 30.356,42.918,58.932,71.317,79.644,82.242,82.527,82.669,%
Batch: 300 | Loss: 7.484 | Acc: 30.432,43.289,59.336,71.794,79.867,82.392,82.691,82.691,%
Batch: 320 | Loss: 7.477 | Acc: 30.187,43.240,59.408,71.869,80.031,82.399,82.648,82.586,%
Batch: 340 | Loss: 7.476 | Acc: 30.059,43.079,59.326,71.730,80.000,82.405,82.669,82.669,%
Batch: 360 | Loss: 7.470 | Acc: 30.360,43.352,59.751,71.994,79.889,82.382,82.687,82.632,%
Batch: 380 | Loss: 7.482 | Acc: 30.315,43.202,59.606,71.916,79.843,82.493,82.756,82.703,%
Batch: 400 | Loss: 7.474 | Acc: 30.175,42.968,59.825,72.195,80.000,82.469,82.668,82.618,%
Batch: 420 | Loss: 7.470 | Acc: 30.285,42.969,59.881,72.280,79.976,82.660,82.922,82.922,%
Batch: 440 | Loss: 7.423 | Acc: 30.227,42.993,60.068,72.585,80.249,82.834,83.129,83.129,%
Batch: 460 | Loss: 7.402 | Acc: 30.347,43.145,60.065,72.560,80.282,83.015,83.275,83.319,%
Batch: 480 | Loss: 7.410 | Acc: 30.457,43.326,60.166,72.599,80.353,83.098,83.264,83.243,%
Batch: 500 | Loss: 7.412 | Acc: 30.559,43.234,60.279,72.455,80.439,83.114,83.253,83.154,%
Batch: 520 | Loss: 7.417 | Acc: 30.691,43.301,60.422,72.457,80.230,82.917,83.090,83.033,%
Batch: 540 | Loss: 7.408 | Acc: 30.739,43.327,60.351,72.551,80.277,82.884,83.124,83.068,%
Batch: 560 | Loss: 7.420 | Acc: 30.802,43.280,60.196,72.317,80.160,82.959,83.226,83.155,%
Batch: 580 | Loss: 7.397 | Acc: 30.947,43.322,60.430,72.358,80.241,83.029,83.270,83.201,%
Batch: 600 | Loss: 7.415 | Acc: 30.948,43.062,60.300,72.230,80.200,83.012,83.278,83.261,%
Batch: 620 | Loss: 7.420 | Acc: 30.773,42.995,60.161,72.174,80.209,83.027,83.253,83.205,%
Batch: 640 | Loss: 7.414 | Acc: 30.749,43.011,60.172,72.137,80.203,83.058,83.261,83.276,%
Batch: 660 | Loss: 7.421 | Acc: 30.787,42.965,60.106,72.088,80.197,83.071,83.283,83.238,%
Batch: 680 | Loss: 7.420 | Acc: 30.837,42.966,60.103,72.070,80.206,82.922,83.172,83.172,%
Batch: 700 | Loss: 7.445 | Acc: 30.842,42.910,60.029,71.812,79.900,82.682,82.953,82.996,%
Batch: 720 | Loss: 7.426 | Acc: 30.957,43.051,60.153,71.886,79.958,82.746,82.968,82.996,%
Batch: 740 | Loss: 7.401 | Acc: 30.985,43.077,60.189,71.984,80.054,82.888,83.104,83.117,%
Batch: 760 | Loss: 7.395 | Acc: 30.999,43.101,60.223,72.116,80.079,82.891,83.101,83.114,%
Batch: 780 | Loss: 7.399 | Acc: 31.088,43.227,60.294,72.100,79.974,82.817,83.060,83.060,%
Batch: 800 | Loss: 7.404 | Acc: 31.036,43.296,60.262,72.122,79.950,82.834,83.096,83.109,%
Batch: 820 | Loss: 7.400 | Acc: 31.035,43.374,60.110,72.107,79.988,82.850,83.106,83.130,%
Batch: 840 | Loss: 7.402 | Acc: 30.927,43.234,60.059,72.105,80.048,82.854,83.139,83.163,%
Batch: 860 | Loss: 7.419 | Acc: 30.987,43.264,60.128,72.172,79.930,82.729,83.043,83.089,%
Batch: 880 | Loss: 7.431 | Acc: 31.022,43.167,60.011,71.998,79.818,82.577,82.951,82.997,%
Batch: 900 | Loss: 7.423 | Acc: 31.088,43.296,60.100,72.042,79.845,82.619,82.952,82.997,%
Batch: 920 | Loss: 7.410 | Acc: 31.053,43.246,60.185,72.161,79.859,82.704,83.029,83.062,%
Batch: 940 | Loss: 7.418 | Acc: 30.988,43.124,60.149,72.136,79.830,82.667,82.986,82.997,%
Batch: 960 | Loss: 7.416 | Acc: 30.989,43.143,60.187,72.196,79.844,82.633,82.997,82.986,%
Batch: 980 | Loss: 7.415 | Acc: 30.968,43.099,60.153,72.202,79.817,82.620,83.007,82.997,%

Epoch: 12
Batch: 0 | Loss: 6.410 | Acc: 41.406,53.906,62.500,72.656,82.812,87.500,88.281,86.719,%
Batch: 20 | Loss: 6.021 | Acc: 39.100,53.013,66.518,77.381,86.272,89.397,89.583,89.472,%
Batch: 40 | Loss: 6.059 | Acc: 39.729,52.534,66.349,76.944,86.071,89.082,89.272,89.177,%
Batch: 60 | Loss: 6.106 | Acc: 38.998,51.998,66.150,76.972,86.078,88.883,89.127,89.037,%
Batch: 80 | Loss: 6.102 | Acc: 38.735,52.064,66.329,77.209,85.889,88.773,89.053,88.995,%
Batch: 100 | Loss: 6.074 | Acc: 38.846,52.382,66.422,77.452,85.992,88.946,89.132,89.062,%
Batch: 120 | Loss: 6.103 | Acc: 38.630,52.421,66.393,77.311,85.912,88.998,89.121,89.069,%
Batch: 140 | Loss: 6.111 | Acc: 38.520,52.366,66.340,77.338,85.910,89.051,89.284,89.173,%
Batch: 160 | Loss: 6.114 | Acc: 38.587,52.319,66.299,77.305,85.952,89.164,89.378,89.223,%
Batch: 180 | Loss: 6.142 | Acc: 38.631,52.197,66.311,77.262,85.804,89.032,89.239,89.071,%
Batch: 200 | Loss: 6.143 | Acc: 38.483,52.146,66.243,77.227,85.852,89.062,89.296,89.160,%
Batch: 220 | Loss: 6.146 | Acc: 38.557,52.132,66.162,77.241,85.870,89.087,89.310,89.172,%
Batch: 240 | Loss: 6.131 | Acc: 38.699,52.234,66.393,77.383,85.970,89.134,89.338,89.173,%
Batch: 260 | Loss: 6.134 | Acc: 38.715,52.332,66.293,77.320,85.899,89.036,89.272,89.104,%
Batch: 280 | Loss: 6.129 | Acc: 38.818,52.405,66.281,77.374,85.890,89.040,89.285,89.126,%
Batch: 300 | Loss: 6.125 | Acc: 38.790,52.416,66.375,77.414,85.932,89.073,89.294,89.130,%
Batch: 320 | Loss: 6.142 | Acc: 38.736,52.285,66.277,77.298,85.879,89.014,89.269,89.077,%
Batch: 340 | Loss: 6.139 | Acc: 38.831,52.332,66.308,77.309,85.869,88.998,89.253,89.067,%
Batch: 360 | Loss: 6.142 | Acc: 38.749,52.329,66.294,77.292,85.829,88.943,89.212,89.028,%
Batch: 380 | Loss: 6.147 | Acc: 38.773,52.272,66.197,77.225,85.817,88.931,89.198,89.007,%
Batch: 0 | Loss: 5.491 | Acc: 50.000,50.000,50.000,70.000,70.000,80.000,80.000,90.000,%
Batch: 20 | Loss: 6.374 | Acc: 37.619,50.000,60.952,72.381,85.714,87.619,87.619,90.000,%
Batch: 40 | Loss: 6.567 | Acc: 36.341,48.780,60.732,72.195,82.439,84.878,85.366,86.829,%
Batch: 60 | Loss: 6.472 | Acc: 36.393,47.377,59.836,73.115,83.443,86.885,87.049,87.705,%
Batch: 80 | Loss: 6.679 | Acc: 36.790,47.531,60.123,73.086,82.469,85.926,86.296,86.790,%
Batch: 100 | Loss: 6.793 | Acc: 36.139,48.218,60.099,72.673,82.376,85.446,86.040,86.535,%
Batch: 120 | Loss: 6.837 | Acc: 36.116,48.017,60.248,73.058,82.479,85.537,85.950,86.198,%
Batch: 140 | Loss: 6.763 | Acc: 36.241,47.801,60.426,73.546,82.695,86.170,86.525,86.879,%
Batch: 160 | Loss: 6.809 | Acc: 35.839,47.950,60.559,73.727,82.609,85.901,86.460,86.832,%
Batch: 180 | Loss: 6.745 | Acc: 36.961,48.785,61.160,74.144,82.928,86.133,86.519,86.851,%
Batch: 200 | Loss: 6.799 | Acc: 37.015,48.607,61.343,73.682,83.085,86.020,86.318,86.567,%
Batch: 220 | Loss: 6.821 | Acc: 36.878,48.371,61.493,73.394,82.941,86.018,86.154,86.380,%
Batch: 240 | Loss: 6.885 | Acc: 36.556,48.216,61.203,73.278,82.739,85.809,85.975,86.224,%
Batch: 260 | Loss: 6.930 | Acc: 36.858,48.199,61.188,73.180,82.490,85.517,85.747,85.939,%
Batch: 280 | Loss: 6.915 | Acc: 36.619,48.078,60.996,73.238,82.705,85.694,85.872,86.050,%
Batch: 300 | Loss: 6.861 | Acc: 36.545,48.239,61.595,73.688,82.791,85.781,86.047,86.113,%
Batch: 320 | Loss: 6.874 | Acc: 36.542,48.224,61.682,73.769,82.773,85.607,85.794,85.857,%
Batch: 340 | Loss: 6.873 | Acc: 36.628,48.065,61.642,73.636,82.639,85.543,85.806,85.806,%
Batch: 360 | Loss: 6.900 | Acc: 37.008,48.366,61.717,73.657,82.604,85.402,85.568,85.623,%
Batch: 380 | Loss: 6.914 | Acc: 36.667,47.874,61.654,73.701,82.493,85.354,85.459,85.538,%
Batch: 400 | Loss: 6.910 | Acc: 36.658,48.030,61.746,73.741,82.618,85.436,85.561,85.661,%
Batch: 420 | Loss: 6.907 | Acc: 36.675,48.290,61.876,73.777,82.542,85.534,85.677,85.748,%
Batch: 440 | Loss: 6.852 | Acc: 36.825,48.526,62.086,74.036,82.744,85.850,85.941,86.032,%
Batch: 460 | Loss: 6.852 | Acc: 36.941,48.395,61.866,74.013,82.733,85.879,86.030,86.117,%
Batch: 480 | Loss: 6.841 | Acc: 37.006,48.441,61.954,74.220,82.827,85.988,86.133,86.195,%
Batch: 500 | Loss: 6.835 | Acc: 37.026,48.423,62.116,74.232,82.794,85.928,86.048,86.108,%
Batch: 520 | Loss: 6.826 | Acc: 37.179,48.560,62.073,74.338,82.898,85.988,86.142,86.180,%
Batch: 540 | Loss: 6.814 | Acc: 37.043,48.466,62.070,74.325,83.031,86.063,86.229,86.266,%
Batch: 560 | Loss: 6.837 | Acc: 36.934,48.360,62.050,74.260,83.066,86.043,86.239,86.275,%
Batch: 580 | Loss: 6.803 | Acc: 37.212,48.554,62.186,74.423,83.184,86.145,86.420,86.472,%
Batch: 600 | Loss: 6.826 | Acc: 37.138,48.386,62.030,74.276,83.078,86.007,86.373,86.456,%
Batch: 620 | Loss: 6.842 | Acc: 36.908,48.245,61.836,74.122,83.027,85.910,86.345,86.425,%
Batch: 640 | Loss: 6.844 | Acc: 36.849,48.019,61.607,74.119,83.027,85.881,86.334,86.459,%
Batch: 660 | Loss: 6.849 | Acc: 36.793,48.079,61.589,74.145,82.995,85.840,86.309,86.415,%
Batch: 680 | Loss: 6.854 | Acc: 36.828,48.003,61.498,73.994,82.907,85.800,86.300,86.388,%
Batch: 700 | Loss: 6.881 | Acc: 36.705,47.889,61.441,73.909,82.725,85.606,86.134,86.205,%
Batch: 720 | Loss: 6.858 | Acc: 36.838,47.989,61.470,74.064,82.857,85.700,86.241,86.297,%
Batch: 740 | Loss: 6.843 | Acc: 36.856,47.962,61.471,74.116,82.888,85.722,86.248,86.302,%
Batch: 760 | Loss: 6.841 | Acc: 36.859,47.989,61.459,74.100,82.838,85.664,86.189,86.268,%
Batch: 780 | Loss: 6.837 | Acc: 37.068,48.015,61.485,74.200,82.791,85.595,86.133,86.210,%
Batch: 800 | Loss: 6.848 | Acc: 36.866,47.978,61.498,74.195,82.797,85.593,86.092,86.155,%
Batch: 820 | Loss: 6.841 | Acc: 36.967,47.978,61.376,74.166,82.838,85.652,86.114,86.163,%
Batch: 840 | Loss: 6.848 | Acc: 36.932,47.824,61.201,74.067,82.806,85.636,86.088,86.136,%
Batch: 860 | Loss: 6.870 | Acc: 36.980,47.816,61.185,74.019,82.718,85.540,86.005,86.074,%
Batch: 880 | Loss: 6.878 | Acc: 37.026,47.843,61.078,73.961,82.656,85.482,85.982,86.039,%
Batch: 900 | Loss: 6.884 | Acc: 37.092,47.891,61.121,74.040,82.664,85.438,85.938,86.004,%
Batch: 920 | Loss: 6.865 | Acc: 37.068,47.828,61.238,74.104,82.736,85.516,86.015,86.080,%
Batch: 940 | Loss: 6.865 | Acc: 37.078,47.875,61.243,74.145,82.689,85.494,86.004,86.068,%
Batch: 960 | Loss: 6.860 | Acc: 37.014,47.825,61.301,74.225,82.716,85.484,86.015,86.087,%
Batch: 980 | Loss: 6.859 | Acc: 37.044,47.798,61.264,74.128,82.620,85.464,86.014,86.086,%

Epoch: 13
Batch: 0 | Loss: 5.153 | Acc: 37.500,56.250,72.656,85.938,92.188,92.188,92.188,92.188,%
Batch: 20 | Loss: 5.756 | Acc: 37.872,53.051,68.824,80.208,87.835,91.629,92.188,92.299,%
Batch: 40 | Loss: 5.934 | Acc: 38.072,51.582,67.378,79.135,86.757,90.053,90.625,90.587,%
Batch: 60 | Loss: 6.020 | Acc: 38.384,51.498,66.726,78.522,86.270,89.472,90.036,90.087,%
Batch: 80 | Loss: 6.026 | Acc: 38.542,51.630,66.329,78.250,86.458,89.660,90.230,90.230,%
Batch: 100 | Loss: 6.018 | Acc: 38.451,51.911,66.592,78.349,86.448,89.581,90.084,90.076,%
Batch: 120 | Loss: 6.025 | Acc: 38.598,52.027,66.548,77.996,86.435,89.553,90.070,90.089,%
Batch: 140 | Loss: 6.031 | Acc: 38.625,52.277,66.711,78.081,86.514,89.622,90.137,90.148,%
Batch: 160 | Loss: 6.034 | Acc: 38.742,52.300,66.576,78.110,86.457,89.582,90.043,90.023,%
Batch: 180 | Loss: 6.038 | Acc: 38.825,52.365,66.480,78.103,86.434,89.628,90.068,90.081,%
Batch: 200 | Loss: 6.035 | Acc: 39.016,52.515,66.519,78.071,86.404,89.599,89.999,90.023,%
Batch: 220 | Loss: 6.041 | Acc: 38.889,52.432,66.480,78.044,86.348,89.635,90.024,90.049,%
Batch: 240 | Loss: 6.031 | Acc: 38.913,52.493,66.465,77.979,86.362,89.601,90.016,89.999,%
Batch: 260 | Loss: 6.027 | Acc: 38.907,52.514,66.577,78.110,86.422,89.589,89.999,89.987,%
Batch: 280 | Loss: 6.026 | Acc: 38.926,52.566,66.615,78.039,86.335,89.530,89.952,89.944,%
Batch: 300 | Loss: 6.032 | Acc: 38.891,52.536,66.598,77.990,86.335,89.509,89.916,89.888,%
Batch: 320 | Loss: 6.042 | Acc: 38.807,52.480,66.567,77.938,86.281,89.476,89.900,89.868,%
Traceback (most recent call last):
  File "main.py", line 215, in <module>
    main_cifar(args)
  File "main.py", line 207, in main_cifar
    train(epoch)
  File "main.py", line 103, in train
    optimizer.step()
  File "/usr/local/lib/python3.6/dist-packages/torch/optim/sgd.py", line 100, in step
    buf.mul_(momentum).add_(1 - dampening, d_p)
KeyboardInterrupt
