
Training Setting: batch_size=128 | epoch=0 | lr=1.0e-02 | circles=1 
Training: Epoch=0 | Loss: 12.975 |  Acc: 23.398,29.474,36.890,43.182,46.728,48.866,48.796,48.670,% 
Testing: Epoch=0 | Loss: 11.741 |  Acc: 23.810,30.350,39.460,48.380,52.530,56.000,58.060,58.120,% 

Training Setting: batch_size=128 | epoch=1 | lr=1.0e-02 | circles=1 
Training: Epoch=1 | Loss: 10.108 |  Acc: 28.310,37.832,49.270,59.866,64.016,66.172,66.376,66.238,% 
Testing: Epoch=1 | Loss: 10.122 |  Acc: 27.760,36.310,48.810,60.720,62.640,66.250,66.240,66.530,% 

Training Setting: batch_size=128 | epoch=2 | lr=1.0e-02 | circles=1 
Training: Epoch=2 | Loss: 8.818 |  Acc: 30.264,41.982,54.000,66.750,71.296,73.708,73.936,73.652,% 
Testing: Epoch=2 | Loss: 9.143 |  Acc: 29.020,40.030,50.720,64.660,68.990,72.550,72.480,72.150,% 

Training Setting: batch_size=128 | epoch=3 | lr=1.0e-02 | circles=1 
Training: Epoch=3 | Loss: 7.967 |  Acc: 31.880,45.692,57.120,71.838,76.154,78.334,78.408,78.220,% 
Testing: Epoch=3 | Loss: 7.953 |  Acc: 30.890,44.570,56.180,70.460,75.760,78.400,78.780,78.890,% 

Training Setting: batch_size=128 | epoch=4 | lr=1.0e-02 | circles=1 
Training: Epoch=4 | Loss: 7.385 |  Acc: 33.242,48.336,59.416,75.184,79.564,81.306,81.138,80.984,% 
Testing: Epoch=4 | Loss: 8.376 |  Acc: 31.000,44.860,56.630,70.750,74.680,76.920,76.910,76.460,% 

Training Setting: batch_size=128 | epoch=5 | lr=1.0e-02 | circles=1 
Training: Epoch=5 | Loss: 6.914 |  Acc: 33.696,51.054,61.754,77.824,82.044,83.340,83.272,83.056,% 
Testing: Epoch=5 | Loss: 7.431 |  Acc: 30.830,50.780,58.050,73.640,78.410,80.490,80.480,80.530,% 

Training Setting: batch_size=128 | epoch=6 | lr=1.0e-02 | circles=1 
Training: Epoch=6 | Loss: 6.548 |  Acc: 34.742,52.764,63.194,79.862,83.702,84.934,84.786,84.630,% 
Testing: Epoch=6 | Loss: 6.887 |  Acc: 32.290,51.130,60.700,76.850,81.560,83.720,83.830,83.960,% 

Training Setting: batch_size=128 | epoch=7 | lr=1.0e-02 | circles=1 
Training: Epoch=7 | Loss: 6.280 |  Acc: 35.438,54.350,64.760,81.502,84.978,86.056,85.974,85.754,% 
Testing: Epoch=7 | Loss: 6.837 |  Acc: 33.990,52.990,60.190,77.990,81.440,83.460,83.530,83.260,% 

Training Setting: batch_size=128 | epoch=8 | lr=1.0e-02 | circles=1 
Training: Epoch=8 | Loss: 6.026 |  Acc: 35.860,55.838,66.340,82.722,86.076,87.258,87.054,86.878,% 
Testing: Epoch=8 | Loss: 6.832 |  Acc: 31.980,54.960,64.990,78.860,81.110,83.000,82.930,82.780,% 

Training Setting: batch_size=128 | epoch=9 | lr=1.0e-02 | circles=1 



==> Preparing data..
Files already downloaded and verified
Files already downloaded and verified
==> Building model..
Tied: False

Epoch: 0
Batch: 0 | Loss: 18.528 | Acc: 8.594,19.531,5.469,14.062,10.938,10.938,13.281,17.969,%
Batch: 20 | Loss: 17.204 | Acc: 11.533,15.662,16.332,19.345,20.536,23.735,24.330,25.074,%
Batch: 40 | Loss: 16.481 | Acc: 15.111,18.064,19.436,23.590,25.457,27.763,27.477,28.011,%
Batch: 60 | Loss: 15.917 | Acc: 17.162,20.287,22.528,26.204,28.650,30.827,30.072,30.494,%
Batch: 80 | Loss: 15.552 | Acc: 18.470,21.605,24.470,28.250,30.527,32.600,31.983,32.176,%
Batch: 100 | Loss: 15.258 | Acc: 19.276,22.834,26.037,29.788,32.395,34.321,33.764,33.857,%
Batch: 120 | Loss: 15.020 | Acc: 19.828,23.760,27.299,31.250,33.962,35.970,35.408,35.479,%
Batch: 140 | Loss: 14.817 | Acc: 20.274,24.136,28.164,32.513,35.372,37.323,36.879,36.985,%
Batch: 160 | Loss: 14.593 | Acc: 20.764,24.927,29.493,33.749,36.622,38.674,38.223,38.281,%
Batch: 180 | Loss: 14.388 | Acc: 21.197,25.596,30.434,34.858,37.893,39.904,39.537,39.533,%
Batch: 200 | Loss: 14.209 | Acc: 21.381,25.944,31.157,35.864,39.074,41.056,40.780,40.757,%
Batch: 220 | Loss: 14.037 | Acc: 21.670,26.322,31.918,36.881,40.045,42.064,41.845,41.806,%
Batch: 240 | Loss: 13.880 | Acc: 21.901,26.754,32.819,37.879,41.079,43.111,42.910,42.862,%
Batch: 260 | Loss: 13.736 | Acc: 22.231,27.305,33.537,38.715,41.984,43.992,43.840,43.753,%
Batch: 280 | Loss: 13.596 | Acc: 22.523,27.716,34.253,39.563,42.877,44.898,44.795,44.726,%
Batch: 300 | Loss: 13.489 | Acc: 22.656,27.998,34.710,40.212,43.602,45.637,45.505,45.388,%
Batch: 320 | Loss: 13.363 | Acc: 22.817,28.283,35.202,40.839,44.363,46.432,46.298,46.206,%
Batch: 340 | Loss: 13.237 | Acc: 23.034,28.689,35.791,41.642,45.132,47.297,47.187,47.079,%
Batch: 360 | Loss: 13.121 | Acc: 23.271,29.108,36.314,42.326,45.843,48.000,47.912,47.808,%
Batch: 380 | Loss: 13.024 | Acc: 23.349,29.392,36.682,42.872,46.422,48.552,48.517,48.386,%
Batch: 0 | Loss: 7.769 | Acc: 60.000,40.000,50.000,60.000,70.000,80.000,70.000,70.000,%
Batch: 20 | Loss: 11.311 | Acc: 27.619,35.238,37.619,50.000,53.810,57.143,57.143,56.667,%
Batch: 40 | Loss: 11.618 | Acc: 26.341,34.146,38.537,50.000,52.683,56.829,56.829,57.805,%
Batch: 60 | Loss: 11.616 | Acc: 25.410,32.131,38.525,50.656,53.607,57.869,59.344,59.836,%
Batch: 80 | Loss: 11.937 | Acc: 24.815,30.864,37.037,48.519,52.222,55.679,57.531,58.025,%
Batch: 100 | Loss: 11.925 | Acc: 24.752,31.089,38.317,49.010,52.574,55.842,57.822,58.119,%
Batch: 120 | Loss: 11.851 | Acc: 24.628,30.661,38.430,48.678,52.645,56.198,58.017,58.347,%
Batch: 140 | Loss: 11.876 | Acc: 23.972,30.496,38.440,47.872,51.986,55.745,57.872,58.014,%
Batch: 160 | Loss: 11.952 | Acc: 23.602,30.248,37.950,47.205,51.304,55.155,57.267,57.329,%
Batch: 180 | Loss: 11.822 | Acc: 23.923,30.773,38.619,48.011,52.044,55.635,58.011,58.122,%
Batch: 200 | Loss: 11.839 | Acc: 23.532,30.547,38.557,48.259,51.741,55.473,57.761,57.910,%
Batch: 220 | Loss: 11.824 | Acc: 23.439,30.362,38.597,48.371,51.674,55.204,57.602,57.738,%
Batch: 240 | Loss: 11.849 | Acc: 23.278,30.539,38.838,48.506,51.950,55.353,57.593,57.801,%
Batch: 260 | Loss: 11.888 | Acc: 23.372,30.575,38.889,48.276,51.648,54.943,57.318,57.433,%
Batch: 280 | Loss: 11.884 | Acc: 23.381,30.249,38.683,47.829,51.388,54.840,57.011,57.189,%
Batch: 300 | Loss: 11.837 | Acc: 23.389,30.399,38.970,48.306,51.894,55.515,57.409,57.575,%
Batch: 320 | Loss: 11.822 | Acc: 22.960,30.187,39.003,48.255,51.963,55.732,57.477,57.726,%
Batch: 340 | Loss: 11.833 | Acc: 22.727,29.883,38.886,48.094,51.730,55.689,57.419,57.654,%
Batch: 360 | Loss: 11.809 | Acc: 22.992,30.083,39.224,48.283,51.828,55.762,57.562,57.839,%
Batch: 380 | Loss: 11.847 | Acc: 22.966,30.105,38.793,47.979,51.549,55.512,57.244,57.507,%
Batch: 400 | Loss: 11.833 | Acc: 22.843,30.150,38.828,47.980,51.621,55.711,57.406,57.656,%
Batch: 420 | Loss: 11.827 | Acc: 22.874,30.166,38.907,47.910,51.710,55.891,57.553,57.743,%
Batch: 440 | Loss: 11.792 | Acc: 22.812,30.045,38.866,47.891,51.769,55.918,57.846,58.005,%
Batch: 460 | Loss: 11.788 | Acc: 22.907,30.174,39.089,47.852,51.866,55.965,57.896,58.048,%
Batch: 480 | Loss: 11.768 | Acc: 22.911,30.042,39.023,47.921,51.996,56.133,58.087,58.233,%
Batch: 500 | Loss: 11.745 | Acc: 23.074,30.120,39.082,48.224,52.255,56.208,58.184,58.323,%
Batch: 520 | Loss: 11.741 | Acc: 23.186,30.038,38.868,48.157,52.284,56.219,58.157,58.330,%
Batch: 540 | Loss: 11.741 | Acc: 23.364,30.240,38.946,48.133,52.274,56.211,58.133,58.410,%
Batch: 560 | Loss: 11.774 | Acc: 23.173,30.071,38.895,48.039,52.299,56.078,58.021,58.235,%
Batch: 580 | Loss: 11.744 | Acc: 23.167,30.000,39.105,48.296,52.324,56.145,58.193,58.365,%
Batch: 600 | Loss: 11.768 | Acc: 23.111,30.017,39.085,48.286,52.379,56.023,58.087,58.236,%
Batch: 620 | Loss: 11.780 | Acc: 23.124,30.097,38.937,48.213,52.351,55.926,57.987,58.116,%
Batch: 640 | Loss: 11.765 | Acc: 23.292,30.156,39.080,48.315,52.465,55.991,58.019,58.144,%
Batch: 660 | Loss: 11.771 | Acc: 23.268,30.151,39.107,48.336,52.405,56.006,57.943,58.094,%
Batch: 680 | Loss: 11.766 | Acc: 23.275,30.206,39.104,48.370,52.438,56.021,57.915,58.106,%
Batch: 700 | Loss: 11.778 | Acc: 23.395,30.214,39.016,48.302,52.397,55.906,57.775,58.003,%
Batch: 720 | Loss: 11.748 | Acc: 23.481,30.264,39.334,48.530,52.635,56.075,57.933,58.058,%
Batch: 740 | Loss: 11.717 | Acc: 23.468,30.324,39.379,48.502,52.672,56.113,58.084,58.165,%
Batch: 760 | Loss: 11.707 | Acc: 23.561,30.329,39.461,48.515,52.707,56.202,58.200,58.305,%
Batch: 780 | Loss: 11.698 | Acc: 23.649,30.474,39.513,48.502,52.702,56.210,58.195,58.284,%
Batch: 800 | Loss: 11.720 | Acc: 23.658,30.362,39.526,48.464,52.647,56.117,58.077,58.177,%
Batch: 820 | Loss: 11.725 | Acc: 23.618,30.390,39.537,48.441,52.704,56.139,58.076,58.149,%
Batch: 840 | Loss: 11.733 | Acc: 23.603,30.345,39.405,48.359,52.616,56.040,58.062,58.133,%
Batch: 860 | Loss: 11.749 | Acc: 23.635,30.337,39.466,48.281,52.544,55.889,57.967,58.002,%
Batch: 880 | Loss: 11.757 | Acc: 23.621,30.295,39.455,48.320,52.531,55.868,57.957,57.946,%
Batch: 900 | Loss: 11.752 | Acc: 23.751,30.377,39.489,48.357,52.575,55.938,57.991,57.969,%
Batch: 920 | Loss: 11.742 | Acc: 23.833,30.413,39.522,48.317,52.552,55.972,58.024,57.991,%
Batch: 940 | Loss: 11.754 | Acc: 23.762,30.361,39.458,48.236,52.465,55.951,57.991,58.055,%
Batch: 960 | Loss: 11.748 | Acc: 23.777,30.333,39.553,48.345,52.549,56.015,58.096,58.169,%
Batch: 980 | Loss: 11.746 | Acc: 23.772,30.306,39.490,48.359,52.548,56.075,58.104,58.155,%

Epoch: 1
Batch: 0 | Loss: 11.024 | Acc: 21.875,29.688,44.531,57.031,61.719,61.719,61.719,62.500,%
Batch: 20 | Loss: 10.860 | Acc: 27.455,34.040,45.796,54.874,59.152,61.310,61.830,61.533,%
Batch: 40 | Loss: 10.778 | Acc: 27.934,35.823,46.989,56.212,60.232,62.195,62.729,62.576,%
Batch: 60 | Loss: 10.788 | Acc: 27.561,36.078,46.939,56.378,60.387,62.372,62.871,62.526,%
Batch: 80 | Loss: 10.746 | Acc: 27.662,36.159,46.865,56.269,60.340,62.635,62.895,62.683,%
Batch: 100 | Loss: 10.663 | Acc: 27.893,36.077,47.022,56.730,60.806,62.972,63.119,62.972,%
Batch: 120 | Loss: 10.643 | Acc: 27.608,35.808,46.978,56.786,61.002,62.971,63.075,63.004,%
Batch: 140 | Loss: 10.610 | Acc: 27.527,35.960,47.019,56.893,61.037,63.060,63.226,63.137,%
Batch: 160 | Loss: 10.564 | Acc: 27.790,36.180,47.220,57.216,61.272,63.403,63.592,63.461,%
Batch: 180 | Loss: 10.525 | Acc: 27.866,36.184,47.371,57.536,61.632,63.696,63.851,63.709,%
Batch: 200 | Loss: 10.504 | Acc: 27.942,36.346,47.520,57.727,61.804,63.903,64.020,63.825,%
Batch: 220 | Loss: 10.455 | Acc: 28.047,36.517,47.776,58.018,62.104,64.172,64.264,64.059,%
Batch: 240 | Loss: 10.396 | Acc: 28.183,36.732,47.993,58.373,62.412,64.494,64.685,64.523,%
Batch: 260 | Loss: 10.359 | Acc: 28.083,36.791,48.066,58.522,62.596,64.679,64.883,64.748,%
Batch: 280 | Loss: 10.316 | Acc: 28.050,37.061,48.287,58.777,62.873,64.977,65.200,65.069,%
Batch: 300 | Loss: 10.290 | Acc: 27.977,37.103,48.476,58.910,62.988,65.140,65.355,65.233,%
Batch: 320 | Loss: 10.254 | Acc: 27.994,37.254,48.625,59.095,63.225,65.362,65.581,65.455,%
Batch: 340 | Loss: 10.215 | Acc: 28.150,37.447,48.907,59.364,63.458,65.568,65.779,65.639,%
Batch: 360 | Loss: 10.173 | Acc: 28.162,37.558,49.020,59.539,63.666,65.794,66.028,65.885,%
Batch: 380 | Loss: 10.129 | Acc: 28.236,37.732,49.200,59.765,63.905,66.068,66.298,66.156,%
Batch: 0 | Loss: 7.025 | Acc: 30.000,40.000,60.000,70.000,70.000,70.000,70.000,80.000,%
Batch: 20 | Loss: 10.168 | Acc: 23.810,38.571,45.238,56.190,58.571,67.619,66.667,67.143,%
Batch: 40 | Loss: 10.256 | Acc: 26.341,38.293,47.073,59.512,60.000,66.341,66.341,66.585,%
Batch: 60 | Loss: 10.085 | Acc: 26.885,36.557,45.574,60.820,62.459,67.213,67.705,67.213,%
Batch: 80 | Loss: 10.230 | Acc: 25.432,35.432,45.926,60.370,62.099,66.667,66.914,66.790,%
Batch: 100 | Loss: 10.228 | Acc: 26.040,35.248,46.634,60.792,62.673,66.634,66.832,66.931,%
Batch: 120 | Loss: 10.195 | Acc: 25.868,35.702,47.521,60.661,62.479,66.446,66.860,67.107,%
Batch: 140 | Loss: 10.172 | Acc: 25.745,35.957,47.801,60.567,62.270,66.241,66.667,67.234,%
Batch: 160 | Loss: 10.255 | Acc: 25.404,35.528,47.391,60.062,61.863,65.590,66.460,66.832,%
Batch: 180 | Loss: 10.186 | Acc: 26.077,35.856,48.287,60.552,61.878,65.635,66.409,66.851,%
Batch: 200 | Loss: 10.159 | Acc: 26.368,35.871,48.358,60.697,61.841,65.821,66.567,67.015,%
Batch: 220 | Loss: 10.151 | Acc: 27.014,35.837,48.416,60.271,62.127,66.154,66.561,66.923,%
Batch: 240 | Loss: 10.193 | Acc: 26.722,35.934,48.340,60.332,62.116,66.100,66.307,66.763,%
Batch: 260 | Loss: 10.282 | Acc: 26.705,36.054,48.352,59.693,61.801,65.709,65.862,66.398,%
Batch: 280 | Loss: 10.288 | Acc: 26.833,35.801,48.149,59.964,61.744,65.765,65.872,66.512,%
Batch: 300 | Loss: 10.230 | Acc: 26.944,36.013,48.472,60.365,62.126,66.146,66.312,67.010,%
Batch: 320 | Loss: 10.222 | Acc: 26.667,36.293,48.723,60.374,61.807,65.888,65.950,66.698,%
Batch: 340 | Loss: 10.235 | Acc: 26.833,36.276,48.563,60.117,61.584,65.836,65.894,66.598,%
Batch: 360 | Loss: 10.253 | Acc: 27.008,36.399,48.753,60.194,61.524,65.596,65.623,66.371,%
Batch: 380 | Loss: 10.262 | Acc: 26.955,36.194,48.609,60.000,61.365,65.564,65.591,66.299,%
Batch: 400 | Loss: 10.257 | Acc: 26.708,36.209,48.853,60.175,61.621,65.686,65.561,66.359,%
Batch: 420 | Loss: 10.246 | Acc: 26.793,36.152,49.026,60.166,61.734,65.819,65.629,66.295,%
Batch: 440 | Loss: 10.209 | Acc: 26.825,36.349,49.433,60.431,62.018,66.054,65.828,66.463,%
Batch: 460 | Loss: 10.193 | Acc: 26.941,36.725,49.653,60.564,62.104,66.030,65.857,66.356,%
Batch: 480 | Loss: 10.164 | Acc: 27.006,36.798,49.730,60.686,62.225,66.175,66.071,66.570,%
Batch: 500 | Loss: 10.135 | Acc: 27.246,36.906,49.920,60.699,62.236,66.248,66.148,66.687,%
Batch: 520 | Loss: 10.135 | Acc: 27.351,36.756,49.866,60.672,62.246,66.315,66.219,66.699,%
Batch: 540 | Loss: 10.136 | Acc: 27.449,36.636,49.649,60.684,62.292,66.211,66.192,66.580,%
Batch: 560 | Loss: 10.144 | Acc: 27.291,36.613,49.643,60.802,62.299,66.185,66.132,66.542,%
Batch: 580 | Loss: 10.129 | Acc: 27.315,36.695,49.759,60.861,62.238,66.162,66.162,66.592,%
Batch: 600 | Loss: 10.157 | Acc: 27.371,36.606,49.667,60.682,62.196,66.106,66.140,66.589,%
Batch: 620 | Loss: 10.170 | Acc: 27.230,36.409,49.356,60.628,62.126,66.023,65.990,66.409,%
Batch: 640 | Loss: 10.154 | Acc: 27.363,36.365,49.236,60.702,62.184,66.100,66.069,66.443,%
Batch: 660 | Loss: 10.177 | Acc: 27.247,36.399,49.092,60.575,62.088,65.930,65.885,66.233,%
Batch: 680 | Loss: 10.180 | Acc: 27.298,36.358,48.943,60.411,62.129,65.932,65.932,66.270,%
Batch: 700 | Loss: 10.173 | Acc: 27.461,36.320,48.845,60.399,62.083,65.920,65.877,66.205,%
Batch: 720 | Loss: 10.147 | Acc: 27.503,36.366,48.890,60.444,62.247,66.006,65.978,66.311,%
Batch: 740 | Loss: 10.108 | Acc: 27.638,36.599,48.988,60.634,62.443,66.167,66.140,66.491,%
Batch: 760 | Loss: 10.103 | Acc: 27.661,36.531,49.041,60.710,62.576,66.176,66.137,66.544,%
Batch: 780 | Loss: 10.099 | Acc: 27.772,36.645,49.091,60.832,62.702,66.223,66.172,66.594,%
Batch: 800 | Loss: 10.112 | Acc: 27.665,36.554,48.939,60.749,62.572,66.130,66.105,66.517,%
Batch: 820 | Loss: 10.110 | Acc: 27.710,36.602,49.026,60.731,62.509,66.151,66.102,66.492,%
Batch: 840 | Loss: 10.109 | Acc: 27.765,36.576,48.966,60.725,62.556,66.147,66.112,66.492,%
Batch: 860 | Loss: 10.112 | Acc: 27.735,36.481,48.955,60.767,62.590,66.214,66.179,66.492,%
Batch: 880 | Loss: 10.121 | Acc: 27.696,36.470,49.001,60.715,62.520,66.152,66.129,66.436,%
Batch: 900 | Loss: 10.123 | Acc: 27.780,36.459,48.957,60.821,62.553,66.149,66.138,66.426,%
Batch: 920 | Loss: 10.116 | Acc: 27.839,36.417,48.893,60.814,62.573,66.091,66.156,66.439,%
Batch: 940 | Loss: 10.118 | Acc: 27.800,36.376,48.937,60.786,62.582,66.142,66.227,66.482,%
Batch: 960 | Loss: 10.117 | Acc: 27.794,36.368,48.949,60.812,62.653,66.202,66.233,66.524,%
Batch: 980 | Loss: 10.123 | Acc: 27.798,36.330,48.909,60.754,62.650,66.218,66.239,66.524,%

Epoch: 2
Batch: 0 | Loss: 8.441 | Acc: 38.281,47.656,57.812,67.969,72.656,76.562,75.000,74.219,%
Batch: 20 | Loss: 9.375 | Acc: 28.943,40.551,52.344,64.249,69.531,71.838,71.987,71.280,%
Batch: 40 | Loss: 9.323 | Acc: 29.040,40.053,52.153,64.234,69.093,71.380,71.665,71.132,%
Batch: 60 | Loss: 9.266 | Acc: 29.636,40.433,52.382,64.831,69.083,71.491,72.041,71.568,%
Batch: 80 | Loss: 9.267 | Acc: 29.736,40.326,52.267,64.419,69.030,71.518,72.010,71.566,%
Batch: 100 | Loss: 9.258 | Acc: 29.765,40.323,52.375,64.519,69.152,71.504,71.991,71.620,%
Batch: 120 | Loss: 9.247 | Acc: 29.636,40.470,52.182,64.327,68.989,71.462,71.985,71.681,%
Batch: 140 | Loss: 9.188 | Acc: 29.516,40.547,52.427,64.683,69.276,71.770,72.235,71.925,%
Batch: 160 | Loss: 9.148 | Acc: 29.542,40.809,52.839,64.912,69.449,71.957,72.428,72.113,%
Batch: 180 | Loss: 9.108 | Acc: 29.752,40.880,52.922,65.107,69.669,72.134,72.579,72.328,%
Batch: 200 | Loss: 9.062 | Acc: 29.785,41.134,53.121,65.372,70.044,72.454,72.851,72.520,%
Batch: 220 | Loss: 9.034 | Acc: 29.709,41.336,53.408,65.625,70.146,72.596,72.946,72.646,%
Batch: 240 | Loss: 9.010 | Acc: 29.814,41.494,53.563,65.787,70.193,72.672,72.964,72.692,%
Batch: 260 | Loss: 8.991 | Acc: 29.825,41.541,53.550,65.808,70.292,72.755,73.012,72.761,%
Batch: 280 | Loss: 8.933 | Acc: 30.046,41.709,53.828,66.153,70.638,73.087,73.324,73.045,%
Batch: 300 | Loss: 8.908 | Acc: 30.170,41.762,53.862,66.323,70.767,73.134,73.373,73.097,%
Batch: 320 | Loss: 8.876 | Acc: 30.174,41.781,53.916,66.455,70.943,73.328,73.574,73.296,%
Batch: 340 | Loss: 8.865 | Acc: 30.164,41.807,53.860,66.489,70.998,73.405,73.655,73.376,%
Batch: 360 | Loss: 8.853 | Acc: 30.198,41.867,53.917,66.629,71.100,73.476,73.699,73.455,%
Batch: 380 | Loss: 8.825 | Acc: 30.262,41.999,54.001,66.699,71.229,73.618,73.827,73.575,%
Batch: 0 | Loss: 6.289 | Acc: 50.000,50.000,50.000,60.000,80.000,90.000,90.000,90.000,%
Batch: 20 | Loss: 8.599 | Acc: 28.571,40.476,51.905,63.333,71.429,77.619,76.667,74.286,%
Batch: 40 | Loss: 8.950 | Acc: 28.537,40.488,52.439,64.878,70.244,75.610,75.610,73.902,%
Batch: 60 | Loss: 8.828 | Acc: 28.525,39.016,51.803,66.557,71.475,75.738,75.574,74.918,%
Batch: 80 | Loss: 9.016 | Acc: 28.148,38.148,50.741,65.556,69.506,75.185,75.062,74.568,%
Batch: 100 | Loss: 9.018 | Acc: 28.119,38.119,51.584,65.149,69.307,75.149,74.554,74.356,%
Batch: 120 | Loss: 8.971 | Acc: 28.099,38.760,51.322,65.537,69.752,75.041,74.711,74.380,%
Batch: 140 | Loss: 8.944 | Acc: 28.582,38.936,51.348,66.028,69.929,74.610,74.468,74.255,%
Batch: 160 | Loss: 8.992 | Acc: 28.199,39.006,51.180,66.087,70.000,74.596,74.348,74.348,%
Batch: 180 | Loss: 8.933 | Acc: 28.453,39.890,52.044,66.354,70.221,74.807,74.475,74.420,%
Batch: 200 | Loss: 9.021 | Acc: 28.408,39.950,51.692,66.020,70.000,74.080,73.731,73.831,%
Batch: 220 | Loss: 9.072 | Acc: 28.778,40.090,51.810,65.475,69.638,73.348,73.032,73.077,%
Batch: 240 | Loss: 9.109 | Acc: 28.921,40.290,51.535,65.270,69.627,73.278,72.988,73.071,%
Batch: 260 | Loss: 9.175 | Acc: 28.927,40.345,51.609,64.751,69.387,73.027,72.720,72.759,%
Batch: 280 | Loss: 9.181 | Acc: 28.897,39.822,51.459,64.377,69.288,73.025,72.705,72.847,%
Batch: 300 | Loss: 9.153 | Acc: 28.804,39.934,51.362,64.618,69.668,73.289,73.056,73.123,%
Batch: 320 | Loss: 9.186 | Acc: 28.660,40.218,51.246,64.673,69.502,72.928,72.866,72.835,%
Batch: 340 | Loss: 9.204 | Acc: 28.475,40.059,51.085,64.545,69.413,72.903,72.815,72.669,%
Batch: 360 | Loss: 9.215 | Acc: 28.975,40.332,51.274,64.626,69.418,72.825,72.770,72.659,%
Batch: 380 | Loss: 9.235 | Acc: 28.793,39.948,50.892,64.331,69.160,72.546,72.493,72.388,%
Batch: 400 | Loss: 9.234 | Acc: 28.703,39.925,50.873,64.364,69.202,72.544,72.544,72.394,%
Batch: 420 | Loss: 9.225 | Acc: 28.765,39.929,51.045,64.252,69.169,72.542,72.518,72.375,%
Batch: 440 | Loss: 9.178 | Acc: 28.776,40.000,51.497,64.467,69.456,72.812,72.766,72.562,%
Batch: 460 | Loss: 9.156 | Acc: 28.785,40.043,51.540,64.469,69.544,73.015,72.928,72.603,%
Batch: 480 | Loss: 9.125 | Acc: 28.732,40.042,51.663,64.657,69.647,73.077,72.911,72.640,%
Batch: 500 | Loss: 9.122 | Acc: 28.902,40.040,51.717,64.571,69.541,72.954,72.794,72.515,%
Batch: 520 | Loss: 9.126 | Acc: 28.925,40.038,51.747,64.760,69.520,72.994,72.802,72.457,%
Batch: 540 | Loss: 9.115 | Acc: 29.020,40.018,51.645,64.843,69.593,73.050,72.847,72.532,%
Batch: 560 | Loss: 9.133 | Acc: 28.913,39.929,51.569,64.724,69.465,72.995,72.852,72.549,%
Batch: 580 | Loss: 9.104 | Acc: 29.002,40.155,51.687,64.716,69.415,73.029,72.909,72.599,%
Batch: 600 | Loss: 9.139 | Acc: 29.052,40.050,51.514,64.676,69.218,72.829,72.779,72.429,%
Batch: 620 | Loss: 9.146 | Acc: 29.002,40.145,51.433,64.799,69.275,72.818,72.721,72.383,%
Batch: 640 | Loss: 9.142 | Acc: 29.111,39.922,51.279,64.805,69.267,72.777,72.637,72.293,%
Batch: 660 | Loss: 9.156 | Acc: 29.002,39.894,51.241,64.735,69.213,72.723,72.587,72.254,%
Batch: 680 | Loss: 9.156 | Acc: 29.001,39.853,51.116,64.552,69.119,72.761,72.614,72.320,%
Batch: 700 | Loss: 9.167 | Acc: 29.101,39.743,51.070,64.536,69.001,72.596,72.439,72.168,%
Batch: 720 | Loss: 9.145 | Acc: 29.237,39.903,51.207,64.619,69.057,72.580,72.427,72.122,%
Batch: 740 | Loss: 9.125 | Acc: 29.244,39.960,51.309,64.588,69.096,72.672,72.578,72.267,%
Batch: 760 | Loss: 9.121 | Acc: 29.225,40.000,51.327,64.678,69.106,72.615,72.576,72.273,%
Batch: 780 | Loss: 9.119 | Acc: 29.296,40.141,51.396,64.712,69.104,72.599,72.548,72.266,%
Batch: 800 | Loss: 9.125 | Acc: 29.313,40.112,51.223,64.682,69.101,72.609,72.584,72.310,%
Batch: 820 | Loss: 9.128 | Acc: 29.233,40.134,51.108,64.555,69.038,72.594,72.546,72.290,%
Batch: 840 | Loss: 9.146 | Acc: 29.120,40.083,50.868,64.388,68.930,72.533,72.485,72.212,%
Batch: 860 | Loss: 9.151 | Acc: 29.106,40.046,50.871,64.402,68.943,72.544,72.485,72.207,%
Batch: 880 | Loss: 9.159 | Acc: 29.069,39.921,50.795,64.461,68.956,72.577,72.520,72.236,%
Batch: 900 | Loss: 9.158 | Acc: 29.134,39.989,50.877,64.550,68.979,72.553,72.508,72.198,%
Batch: 920 | Loss: 9.144 | Acc: 29.121,39.989,50.869,64.604,69.066,72.562,72.476,72.128,%
Batch: 940 | Loss: 9.148 | Acc: 29.054,40.000,50.871,64.633,69.065,72.572,72.497,72.136,%
Batch: 960 | Loss: 9.149 | Acc: 29.032,40.021,50.822,64.610,69.032,72.539,72.487,72.112,%
Batch: 980 | Loss: 9.142 | Acc: 28.981,40.031,50.765,64.669,69.052,72.569,72.508,72.161,%

Epoch: 3
Batch: 0 | Loss: 7.869 | Acc: 32.812,42.188,57.812,70.312,78.125,82.031,83.594,82.812,%
Batch: 20 | Loss: 8.302 | Acc: 29.874,44.048,56.436,70.126,73.251,75.521,75.893,75.521,%
Batch: 40 | Loss: 8.242 | Acc: 31.441,44.360,56.707,70.122,73.914,76.315,76.601,76.334,%
Batch: 60 | Loss: 8.155 | Acc: 31.826,44.698,56.519,70.620,74.462,76.498,76.691,76.601,%
Batch: 80 | Loss: 8.127 | Acc: 31.887,44.782,56.520,71.142,74.865,77.083,77.450,77.218,%
Batch: 100 | Loss: 8.108 | Acc: 31.784,44.369,56.544,71.071,75.139,77.421,77.723,77.460,%
Batch: 120 | Loss: 8.092 | Acc: 31.812,44.757,56.696,71.249,75.291,77.602,77.783,77.563,%
Batch: 140 | Loss: 8.085 | Acc: 31.826,44.703,56.738,71.232,75.344,77.776,78.009,77.820,%
Batch: 160 | Loss: 8.082 | Acc: 31.992,44.716,56.687,71.181,75.442,77.810,78.028,77.824,%
Batch: 180 | Loss: 8.069 | Acc: 31.794,44.674,56.733,71.314,75.613,77.987,78.155,77.961,%
Batch: 200 | Loss: 8.057 | Acc: 31.705,44.799,56.685,71.354,75.723,78.043,78.195,78.024,%
Batch: 220 | Loss: 8.048 | Acc: 31.713,45.044,56.777,71.486,75.778,78.001,78.100,77.984,%
Batch: 240 | Loss: 8.035 | Acc: 31.668,45.167,56.840,71.574,75.820,78.028,78.151,78.015,%
Batch: 260 | Loss: 8.017 | Acc: 31.663,45.393,56.998,71.606,75.883,78.122,78.245,78.101,%
Batch: 280 | Loss: 8.004 | Acc: 31.789,45.421,57.015,71.605,75.973,78.172,78.258,78.133,%
Batch: 300 | Loss: 7.992 | Acc: 31.904,45.447,56.985,71.626,76.002,78.192,78.296,78.164,%
Batch: 320 | Loss: 7.996 | Acc: 31.895,45.500,57.043,71.634,76.017,78.193,78.273,78.140,%
Batch: 340 | Loss: 7.979 | Acc: 31.928,45.615,57.079,71.783,76.118,78.276,78.331,78.178,%
Batch: 360 | Loss: 7.972 | Acc: 31.795,45.570,57.083,71.806,76.162,78.339,78.376,78.201,%
Batch: 380 | Loss: 7.974 | Acc: 31.871,45.610,57.068,71.811,76.154,78.312,78.365,78.191,%
Batch: 0 | Loss: 7.479 | Acc: 40.000,40.000,60.000,60.000,70.000,70.000,70.000,70.000,%
Batch: 20 | Loss: 8.002 | Acc: 31.905,45.714,50.000,68.095,78.095,80.476,81.429,79.524,%
Batch: 40 | Loss: 7.942 | Acc: 33.415,44.878,53.171,69.512,77.805,79.024,79.512,78.049,%
Batch: 60 | Loss: 7.863 | Acc: 31.803,45.410,54.098,69.836,77.869,79.180,80.164,78.852,%
Batch: 80 | Loss: 8.017 | Acc: 30.494,44.198,54.321,69.383,77.160,78.395,78.395,77.654,%
Batch: 100 | Loss: 8.024 | Acc: 31.188,43.762,54.851,69.505,76.535,78.020,78.416,78.020,%
Batch: 120 | Loss: 8.061 | Acc: 30.083,44.628,54.628,69.504,76.446,78.347,78.678,78.512,%
Batch: 140 | Loss: 7.997 | Acc: 30.000,44.539,54.752,69.291,75.957,78.440,78.440,78.298,%
Batch: 160 | Loss: 8.066 | Acc: 29.752,43.851,54.720,69.068,75.901,78.447,78.758,78.447,%
Batch: 180 | Loss: 7.999 | Acc: 30.387,44.199,55.193,69.503,76.188,78.674,78.950,78.785,%
Batch: 200 | Loss: 8.012 | Acc: 30.348,44.378,55.721,69.502,76.070,78.458,78.756,78.607,%
Batch: 220 | Loss: 8.011 | Acc: 30.679,44.570,56.199,69.774,75.882,78.235,78.507,78.371,%
Batch: 240 | Loss: 8.033 | Acc: 30.539,44.523,56.058,69.336,75.726,78.133,78.257,78.050,%
Batch: 260 | Loss: 8.088 | Acc: 30.728,44.444,55.632,69.272,75.287,77.778,77.969,77.854,%
Batch: 280 | Loss: 8.073 | Acc: 30.569,44.235,55.480,69.359,75.409,78.007,78.327,78.185,%
Batch: 300 | Loss: 8.023 | Acc: 30.565,44.485,55.748,70.100,75.781,78.206,78.671,78.472,%
Batch: 320 | Loss: 8.006 | Acc: 30.093,44.673,55.888,69.875,75.763,78.349,78.629,78.536,%
Batch: 340 | Loss: 8.021 | Acc: 30.059,44.633,55.836,69.677,75.660,78.240,78.563,78.446,%
Batch: 360 | Loss: 8.049 | Acc: 30.443,44.848,55.900,69.529,75.346,78.089,78.283,78.255,%
Batch: 380 | Loss: 8.058 | Acc: 30.630,44.567,55.669,69.423,75.223,78.005,78.320,78.294,%
Batch: 400 | Loss: 8.036 | Acc: 30.549,44.713,55.910,69.626,75.312,78.180,78.579,78.529,%
Batch: 420 | Loss: 8.041 | Acc: 30.570,44.751,56.176,69.810,75.368,78.147,78.599,78.622,%
Batch: 440 | Loss: 7.990 | Acc: 30.544,44.875,56.440,70.136,75.714,78.481,78.934,78.957,%
Batch: 460 | Loss: 7.972 | Acc: 30.629,44.837,56.421,70.325,75.835,78.633,79.002,78.959,%
Batch: 480 | Loss: 7.960 | Acc: 30.520,44.906,56.383,70.541,76.029,78.794,79.127,79.085,%
Batch: 500 | Loss: 7.949 | Acc: 30.579,44.810,56.587,70.539,75.968,78.723,79.082,79.022,%
Batch: 520 | Loss: 7.951 | Acc: 30.672,44.760,56.622,70.499,75.873,78.752,79.098,79.098,%
Batch: 540 | Loss: 7.959 | Acc: 30.832,44.695,56.488,70.536,75.767,78.651,79.039,79.076,%
Batch: 560 | Loss: 7.992 | Acc: 30.642,44.670,56.399,70.570,75.704,78.556,78.984,79.020,%
Batch: 580 | Loss: 7.981 | Acc: 30.688,44.733,56.523,70.620,75.714,78.554,78.933,78.933,%
Batch: 600 | Loss: 8.018 | Acc: 30.616,44.709,56.423,70.483,75.591,78.386,78.819,78.835,%
Batch: 620 | Loss: 8.013 | Acc: 30.709,44.622,56.264,70.515,75.636,78.357,78.808,78.824,%
Batch: 640 | Loss: 8.011 | Acc: 30.858,44.555,56.084,70.499,75.679,78.424,78.846,78.877,%
Batch: 660 | Loss: 8.016 | Acc: 30.802,44.508,56.051,70.393,75.658,78.396,78.865,78.865,%
Batch: 680 | Loss: 8.017 | Acc: 30.837,44.376,55.932,70.264,75.639,78.341,78.855,78.913,%
Batch: 700 | Loss: 8.035 | Acc: 30.842,44.223,55.849,70.243,75.506,78.203,78.673,78.787,%
Batch: 720 | Loss: 8.016 | Acc: 30.915,44.272,55.922,70.430,75.603,78.239,78.752,78.890,%
Batch: 740 | Loss: 7.989 | Acc: 30.945,44.359,56.059,70.526,75.709,78.340,78.853,79.001,%
Batch: 760 | Loss: 7.980 | Acc: 30.894,44.389,56.150,70.526,75.690,78.292,78.778,78.936,%
Batch: 780 | Loss: 7.972 | Acc: 30.960,44.635,56.248,70.563,75.736,78.323,78.784,78.963,%
Batch: 800 | Loss: 7.977 | Acc: 31.024,44.619,56.255,70.562,75.730,78.277,78.727,78.914,%
Batch: 820 | Loss: 7.964 | Acc: 30.962,44.677,56.309,70.621,75.798,78.307,78.806,78.977,%
Batch: 840 | Loss: 7.971 | Acc: 30.820,44.554,56.243,70.476,75.684,78.264,78.740,78.882,%
Batch: 860 | Loss: 7.978 | Acc: 30.825,44.588,56.190,70.476,75.610,78.235,78.699,78.827,%
Batch: 880 | Loss: 7.987 | Acc: 30.817,44.484,56.141,70.341,75.607,78.161,78.638,78.763,%
Batch: 900 | Loss: 7.981 | Acc: 30.910,44.573,56.226,70.388,75.716,78.269,78.713,78.835,%
Batch: 920 | Loss: 7.959 | Acc: 30.901,44.604,56.287,70.499,75.885,78.447,78.838,78.947,%
Batch: 940 | Loss: 7.961 | Acc: 30.861,44.612,56.302,70.468,75.834,78.438,78.799,78.905,%
Batch: 960 | Loss: 7.949 | Acc: 30.864,44.620,56.327,70.520,75.879,78.512,78.907,79.022,%
Batch: 980 | Loss: 7.951 | Acc: 30.856,44.567,56.269,70.438,75.790,78.471,78.858,78.960,%

Epoch: 4
Batch: 0 | Loss: 7.896 | Acc: 31.250,42.969,60.156,71.875,76.562,76.562,76.562,77.344,%
Batch: 20 | Loss: 7.514 | Acc: 32.068,46.168,58.966,73.289,78.981,80.915,80.618,80.432,%
Batch: 40 | Loss: 7.597 | Acc: 32.450,46.704,58.136,73.037,78.525,80.621,80.393,80.183,%
Batch: 60 | Loss: 7.534 | Acc: 32.198,46.760,57.953,73.988,79.201,81.007,80.776,80.558,%
Batch: 80 | Loss: 7.509 | Acc: 32.726,47.164,58.420,74.171,79.282,81.134,80.768,80.700,%
Batch: 100 | Loss: 7.476 | Acc: 32.766,47.045,58.532,74.528,79.378,81.219,80.894,80.848,%
Batch: 120 | Loss: 7.485 | Acc: 32.670,47.178,58.594,74.471,79.468,81.269,81.050,80.979,%
Batch: 140 | Loss: 7.471 | Acc: 32.868,47.446,58.682,74.684,79.566,81.344,81.106,80.973,%
Batch: 160 | Loss: 7.481 | Acc: 32.885,47.462,58.540,74.626,79.391,81.158,80.949,80.799,%
Batch: 180 | Loss: 7.495 | Acc: 32.843,47.540,58.559,74.551,79.295,81.043,80.801,80.641,%
Batch: 200 | Loss: 7.463 | Acc: 33.050,47.742,58.889,74.720,79.419,81.180,80.970,80.822,%
Batch: 220 | Loss: 7.446 | Acc: 33.127,47.950,58.937,74.731,79.426,81.197,80.981,80.829,%
Batch: 240 | Loss: 7.421 | Acc: 33.150,47.967,59.048,74.818,79.522,81.295,81.065,80.926,%
Batch: 260 | Loss: 7.419 | Acc: 33.142,48.066,59.085,74.829,79.493,81.286,81.064,80.930,%
Batch: 280 | Loss: 7.420 | Acc: 33.152,48.193,59.175,74.897,79.460,81.250,81.019,80.852,%
Batch: 300 | Loss: 7.420 | Acc: 33.127,48.144,59.222,74.990,79.542,81.310,81.092,80.923,%
Batch: 320 | Loss: 7.417 | Acc: 33.214,48.184,59.319,74.985,79.507,81.301,81.089,80.919,%
Batch: 340 | Loss: 7.411 | Acc: 33.220,48.218,59.290,75.021,79.484,81.245,81.042,80.893,%
Batch: 360 | Loss: 7.398 | Acc: 33.263,48.282,59.375,75.117,79.540,81.306,81.129,80.977,%
Batch: 380 | Loss: 7.389 | Acc: 33.280,48.325,59.371,75.141,79.548,81.295,81.115,80.961,%
Batch: 0 | Loss: 7.193 | Acc: 30.000,60.000,50.000,60.000,90.000,90.000,90.000,90.000,%
Batch: 20 | Loss: 8.433 | Acc: 29.048,43.333,54.286,67.619,73.810,77.619,78.571,78.095,%
Batch: 40 | Loss: 8.070 | Acc: 30.976,45.122,58.780,69.512,76.098,78.537,80.244,78.780,%
Batch: 60 | Loss: 8.104 | Acc: 30.000,45.246,56.885,69.508,75.410,77.869,79.672,78.361,%
Batch: 80 | Loss: 8.340 | Acc: 29.506,44.815,55.802,69.753,74.938,77.407,78.889,77.531,%
Batch: 100 | Loss: 8.351 | Acc: 30.297,45.050,56.436,70.000,74.851,77.327,78.317,76.931,%
Batch: 120 | Loss: 8.470 | Acc: 30.083,44.876,56.281,69.091,73.636,76.364,77.273,76.198,%
Batch: 140 | Loss: 8.444 | Acc: 30.000,44.965,55.887,69.220,73.617,76.241,77.234,76.241,%
Batch: 160 | Loss: 8.532 | Acc: 29.814,44.845,56.149,68.944,73.230,75.839,76.832,75.963,%
Batch: 180 | Loss: 8.475 | Acc: 29.834,45.525,56.685,69.669,73.702,76.188,76.851,76.022,%
Batch: 200 | Loss: 8.480 | Acc: 30.100,45.721,56.667,70.149,73.781,76.020,76.667,75.970,%
Batch: 220 | Loss: 8.481 | Acc: 30.362,45.520,57.014,70.090,74.072,76.109,76.516,75.837,%
Batch: 240 | Loss: 8.512 | Acc: 30.539,45.394,56.680,69.627,74.108,76.058,76.515,75.851,%
Batch: 260 | Loss: 8.538 | Acc: 30.766,45.364,56.054,69.579,74.023,75.939,76.437,75.862,%
Batch: 280 | Loss: 8.498 | Acc: 30.890,45.196,56.157,69.822,74.093,76.157,76.726,76.192,%
Batch: 300 | Loss: 8.456 | Acc: 30.997,45.183,56.512,70.299,74.352,76.545,76.910,76.312,%
Batch: 320 | Loss: 8.455 | Acc: 30.779,45.452,56.604,70.187,74.081,76.480,76.760,76.293,%
Batch: 340 | Loss: 8.457 | Acc: 30.587,45.601,56.569,70.117,74.135,76.510,76.774,76.364,%
Batch: 360 | Loss: 8.474 | Acc: 30.914,45.596,56.510,70.028,73.989,76.399,76.482,76.066,%
Batch: 380 | Loss: 8.517 | Acc: 30.814,45.197,56.352,69.685,73.727,76.089,76.220,75.774,%
Batch: 400 | Loss: 8.512 | Acc: 30.823,45.212,56.359,69.751,73.791,76.185,76.234,75.786,%
Batch: 420 | Loss: 8.522 | Acc: 30.926,45.273,56.556,69.739,73.777,76.366,76.318,75.796,%
Batch: 440 | Loss: 8.447 | Acc: 30.930,45.374,56.735,70.136,74.127,76.780,76.667,76.122,%
Batch: 460 | Loss: 8.394 | Acc: 31.106,45.553,56.898,70.347,74.360,76.985,76.833,76.269,%
Batch: 480 | Loss: 8.398 | Acc: 30.915,45.468,56.881,70.603,74.491,77.048,76.861,76.362,%
Batch: 500 | Loss: 8.393 | Acc: 30.998,45.469,57.086,70.539,74.471,77.046,76.806,76.307,%
Batch: 520 | Loss: 8.417 | Acc: 30.979,45.432,56.967,70.461,74.415,76.987,76.699,76.180,%
Batch: 540 | Loss: 8.419 | Acc: 31.165,45.250,56.895,70.462,74.362,76.876,76.691,76.211,%
Batch: 560 | Loss: 8.459 | Acc: 31.070,45.098,56.827,70.374,74.474,76.845,76.667,76.185,%
Batch: 580 | Loss: 8.438 | Acc: 31.033,45.301,57.040,70.413,74.492,76.850,76.695,76.231,%
Batch: 600 | Loss: 8.471 | Acc: 31.048,45.308,56.938,70.349,74.409,76.689,76.572,76.090,%
Batch: 620 | Loss: 8.451 | Acc: 31.127,45.233,56.795,70.338,74.428,76.715,76.618,76.167,%
Batch: 640 | Loss: 8.442 | Acc: 31.123,45.226,56.677,70.437,74.431,76.771,76.693,76.240,%
Batch: 660 | Loss: 8.440 | Acc: 31.074,45.159,56.702,70.424,74.372,76.657,76.566,76.112,%
Batch: 680 | Loss: 8.421 | Acc: 31.087,45.037,56.623,70.514,74.479,76.784,76.667,76.211,%
Batch: 700 | Loss: 8.444 | Acc: 31.041,44.936,56.476,70.428,74.479,76.690,76.591,76.148,%
Batch: 720 | Loss: 8.433 | Acc: 31.040,44.924,56.657,70.513,74.549,76.727,76.630,76.200,%
Batch: 740 | Loss: 8.402 | Acc: 31.053,45.047,56.802,70.661,74.602,76.788,76.694,76.248,%
Batch: 760 | Loss: 8.384 | Acc: 31.012,45.085,56.886,70.841,74.704,76.859,76.807,76.360,%
Batch: 780 | Loss: 8.389 | Acc: 31.165,45.211,56.850,70.794,74.622,76.709,76.709,76.261,%
Batch: 800 | Loss: 8.396 | Acc: 31.111,45.081,56.829,70.737,74.569,76.767,76.717,76.230,%
Batch: 820 | Loss: 8.381 | Acc: 31.121,45.104,56.870,70.719,74.641,76.784,76.699,76.200,%
Batch: 840 | Loss: 8.377 | Acc: 31.058,45.006,56.742,70.630,74.590,76.801,76.730,76.243,%
Batch: 860 | Loss: 8.391 | Acc: 31.022,45.075,56.702,70.697,74.623,76.771,76.713,76.237,%
Batch: 880 | Loss: 8.400 | Acc: 30.976,45.006,56.606,70.590,74.540,76.765,76.731,76.243,%
Batch: 900 | Loss: 8.402 | Acc: 31.021,44.983,56.681,70.588,74.573,76.770,76.715,76.249,%
Batch: 920 | Loss: 8.382 | Acc: 31.053,45.027,56.764,70.706,74.647,76.862,76.830,76.374,%
Batch: 940 | Loss: 8.380 | Acc: 30.978,44.952,56.727,70.818,74.708,76.950,76.908,76.451,%
Batch: 960 | Loss: 8.379 | Acc: 30.999,44.922,56.681,70.822,74.703,76.920,76.889,76.431,%
Batch: 980 | Loss: 8.372 | Acc: 30.958,44.873,56.687,70.795,74.720,76.962,76.932,76.473,%

Epoch: 5
Batch: 0 | Loss: 6.934 | Acc: 36.719,47.656,57.812,75.781,80.469,84.375,83.594,82.031,%
Batch: 20 | Loss: 6.926 | Acc: 33.445,50.595,61.756,77.121,82.106,84.040,83.594,83.408,%
Batch: 40 | Loss: 6.895 | Acc: 33.822,51.067,62.309,77.401,82.298,83.880,83.575,83.270,%
Batch: 60 | Loss: 6.868 | Acc: 33.837,50.768,62.077,77.702,82.608,84.157,84.029,83.709,%
Batch: 80 | Loss: 6.872 | Acc: 33.709,50.887,61.912,77.527,82.369,83.893,83.767,83.613,%
Batch: 100 | Loss: 6.906 | Acc: 33.400,50.835,61.742,77.529,82.070,83.563,83.369,83.199,%
Batch: 120 | Loss: 6.934 | Acc: 33.374,50.807,61.635,77.286,81.812,83.303,83.174,83.006,%
Batch: 140 | Loss: 6.935 | Acc: 33.405,50.698,61.431,77.516,81.848,83.322,83.189,83.001,%
Batch: 160 | Loss: 6.918 | Acc: 33.429,50.665,61.418,77.713,81.973,83.487,83.317,83.113,%
Batch: 180 | Loss: 6.919 | Acc: 33.494,50.660,61.481,77.655,81.945,83.460,83.339,83.149,%
Batch: 200 | Loss: 6.937 | Acc: 33.469,50.540,61.435,77.608,81.868,83.310,83.244,83.073,%
Batch: 220 | Loss: 6.947 | Acc: 33.470,50.636,61.390,77.549,81.816,83.304,83.258,83.085,%
Batch: 240 | Loss: 6.948 | Acc: 33.558,50.600,61.479,77.684,81.895,83.279,83.234,83.059,%
Batch: 260 | Loss: 6.941 | Acc: 33.558,50.641,61.542,77.712,81.929,83.348,83.303,83.103,%
Batch: 280 | Loss: 6.933 | Acc: 33.552,50.731,61.635,77.750,82.001,83.394,83.316,83.118,%
Batch: 300 | Loss: 6.935 | Acc: 33.576,50.698,61.558,77.728,81.964,83.350,83.298,83.098,%
Batch: 320 | Loss: 6.924 | Acc: 33.669,50.862,61.544,77.775,82.017,83.363,83.280,83.097,%
Batch: 340 | Loss: 6.926 | Acc: 33.637,50.905,61.517,77.763,82.045,83.376,83.300,83.115,%
Batch: 360 | Loss: 6.921 | Acc: 33.706,50.991,61.572,77.772,82.010,83.392,83.315,83.120,%
Batch: 380 | Loss: 6.918 | Acc: 33.625,51.007,61.653,77.803,82.029,83.344,83.276,83.059,%
Batch: 0 | Loss: 8.125 | Acc: 40.000,50.000,50.000,60.000,90.000,90.000,90.000,90.000,%
Batch: 20 | Loss: 6.975 | Acc: 31.429,49.524,58.095,77.619,81.905,84.762,84.286,83.810,%
Batch: 40 | Loss: 7.013 | Acc: 31.463,50.244,59.268,75.366,80.000,81.951,81.951,81.463,%
Batch: 60 | Loss: 6.913 | Acc: 30.656,51.148,58.689,76.885,81.148,82.951,83.115,82.459,%
Batch: 80 | Loss: 7.191 | Acc: 29.877,50.494,58.519,75.556,80.000,81.728,81.975,81.728,%
Batch: 100 | Loss: 7.368 | Acc: 30.297,50.792,58.020,74.356,78.614,80.693,81.188,80.891,%
Batch: 120 | Loss: 7.542 | Acc: 29.174,50.579,57.025,73.554,77.769,80.000,80.661,80.413,%
Batch: 140 | Loss: 7.430 | Acc: 29.433,50.567,57.660,74.043,78.298,80.638,81.206,81.064,%
Batch: 160 | Loss: 7.468 | Acc: 29.068,50.124,57.391,73.540,77.950,80.683,81.242,81.118,%
Batch: 180 | Loss: 7.392 | Acc: 29.945,50.552,57.901,74.144,78.619,81.326,81.768,81.547,%
Batch: 200 | Loss: 7.411 | Acc: 29.701,50.896,58.109,74.129,78.408,80.945,81.343,81.194,%
Batch: 220 | Loss: 7.426 | Acc: 30.000,51.222,58.054,73.756,78.235,80.679,81.131,80.995,%
Batch: 240 | Loss: 7.487 | Acc: 29.959,51.411,57.842,73.444,78.050,80.415,80.954,80.788,%
Batch: 260 | Loss: 7.538 | Acc: 30.153,51.149,57.548,73.103,77.893,80.307,80.613,80.575,%
Batch: 280 | Loss: 7.541 | Acc: 30.214,50.996,57.402,73.132,77.829,80.356,80.641,80.641,%
Batch: 300 | Loss: 7.484 | Acc: 30.266,51.362,57.641,73.455,78.272,80.664,80.930,80.963,%
Batch: 320 | Loss: 7.502 | Acc: 29.969,51.464,57.477,73.302,78.193,80.405,80.561,80.654,%
Batch: 340 | Loss: 7.502 | Acc: 29.853,51.437,57.537,73.138,78.006,80.293,80.381,80.440,%
Batch: 360 | Loss: 7.549 | Acc: 30.222,51.357,57.535,72.853,77.645,80.083,80.111,80.139,%
Batch: 380 | Loss: 7.559 | Acc: 30.105,51.181,57.507,72.835,77.585,79.921,80.000,80.000,%
Batch: 400 | Loss: 7.542 | Acc: 29.875,51.222,57.830,72.943,77.731,80.000,80.100,80.125,%
Batch: 420 | Loss: 7.537 | Acc: 30.000,51.259,57.886,73.017,77.815,80.190,80.309,80.333,%
Batch: 440 | Loss: 7.492 | Acc: 30.136,51.542,58.073,73.356,78.118,80.476,80.544,80.612,%
Batch: 460 | Loss: 7.471 | Acc: 30.304,51.584,58.156,73.406,78.134,80.434,80.477,80.564,%
Batch: 480 | Loss: 7.470 | Acc: 30.229,51.538,58.212,73.514,78.212,80.437,80.520,80.561,%
Batch: 500 | Loss: 7.454 | Acc: 30.240,51.537,58.443,73.513,78.164,80.339,80.379,80.419,%
Batch: 520 | Loss: 7.454 | Acc: 30.269,51.459,58.541,73.493,78.253,80.345,80.384,80.461,%
Batch: 540 | Loss: 7.443 | Acc: 30.481,51.294,58.410,73.641,78.429,80.425,80.444,80.573,%
Batch: 560 | Loss: 7.476 | Acc: 30.374,51.176,58.414,73.440,78.289,80.428,80.428,80.553,%
Batch: 580 | Loss: 7.459 | Acc: 30.430,51.343,58.520,73.477,78.313,80.448,80.482,80.602,%
Batch: 600 | Loss: 7.480 | Acc: 30.399,51.298,58.403,73.394,78.186,80.333,80.366,80.499,%
Batch: 620 | Loss: 7.486 | Acc: 30.531,51.063,58.148,73.398,78.116,80.225,80.258,80.354,%
Batch: 640 | Loss: 7.477 | Acc: 30.624,50.983,58.128,73.526,78.175,80.328,80.374,80.437,%
Batch: 660 | Loss: 7.471 | Acc: 30.696,51.059,58.048,73.495,78.215,80.393,80.378,80.439,%
Batch: 680 | Loss: 7.468 | Acc: 30.764,50.954,57.885,73.510,78.253,80.396,80.367,80.411,%
Batch: 700 | Loss: 7.481 | Acc: 30.742,50.870,57.789,73.509,78.146,80.285,80.300,80.357,%
Batch: 720 | Loss: 7.468 | Acc: 30.791,50.929,57.878,73.648,78.239,80.333,80.333,80.416,%
Batch: 740 | Loss: 7.456 | Acc: 30.742,51.012,57.895,73.671,78.313,80.391,80.391,80.486,%
Batch: 760 | Loss: 7.451 | Acc: 30.775,51.051,58.003,73.745,78.331,80.381,80.407,80.473,%
Batch: 780 | Loss: 7.446 | Acc: 30.935,51.088,58.092,73.726,78.284,80.384,80.423,80.487,%
Batch: 800 | Loss: 7.449 | Acc: 31.024,51.024,58.052,73.733,78.365,80.462,80.499,80.512,%
Batch: 820 | Loss: 7.439 | Acc: 30.926,51.035,58.136,73.727,78.429,80.487,80.512,80.536,%
Batch: 840 | Loss: 7.451 | Acc: 30.713,50.892,57.836,73.627,78.347,80.416,80.428,80.452,%
Batch: 860 | Loss: 7.467 | Acc: 30.662,50.941,57.816,73.600,78.269,80.348,80.372,80.407,%
Batch: 880 | Loss: 7.472 | Acc: 30.715,50.863,57.764,73.485,78.263,80.352,80.352,80.409,%
Batch: 900 | Loss: 7.464 | Acc: 30.799,50.932,57.769,73.563,78.335,80.400,80.366,80.433,%
Batch: 920 | Loss: 7.446 | Acc: 30.814,50.934,57.796,73.626,78.458,80.413,80.391,80.434,%
Batch: 940 | Loss: 7.451 | Acc: 30.765,50.893,57.885,73.613,78.427,80.393,80.372,80.404,%
Batch: 960 | Loss: 7.447 | Acc: 30.780,50.947,57.960,73.642,78.429,80.427,80.416,80.458,%
Batch: 980 | Loss: 7.437 | Acc: 30.754,50.866,58.012,73.660,78.400,80.459,80.438,80.479,%

Epoch: 6
Batch: 0 | Loss: 6.800 | Acc: 28.906,50.781,61.719,79.688,85.156,86.719,85.938,85.156,%
Batch: 20 | Loss: 6.602 | Acc: 33.668,52.493,62.388,78.943,83.854,85.305,84.933,84.821,%
Batch: 40 | Loss: 6.627 | Acc: 34.375,52.039,62.729,79.192,83.670,84.947,84.909,84.623,%
Batch: 60 | Loss: 6.603 | Acc: 34.426,51.985,62.897,79.431,83.760,85.195,85.156,84.964,%
Batch: 80 | Loss: 6.627 | Acc: 34.394,51.842,62.558,79.311,83.652,85.118,85.214,84.925,%
Batch: 100 | Loss: 6.630 | Acc: 34.174,51.864,62.686,79.363,83.663,85.071,85.133,84.816,%
Batch: 120 | Loss: 6.629 | Acc: 34.362,51.827,62.771,79.378,83.613,84.963,84.975,84.659,%
Batch: 140 | Loss: 6.603 | Acc: 34.480,52.083,63.015,79.543,83.688,85.040,85.040,84.791,%
Batch: 160 | Loss: 6.628 | Acc: 34.608,52.057,62.874,79.634,83.589,84.889,84.802,84.559,%
Batch: 180 | Loss: 6.633 | Acc: 34.401,51.998,62.876,79.476,83.559,84.871,84.768,84.556,%
Batch: 200 | Loss: 6.628 | Acc: 34.457,51.881,62.780,79.532,83.524,84.861,84.733,84.569,%
Batch: 220 | Loss: 6.606 | Acc: 34.548,52.139,62.878,79.649,83.700,84.983,84.820,84.665,%
Batch: 240 | Loss: 6.597 | Acc: 34.463,52.107,62.853,79.726,83.694,85.027,84.822,84.657,%
Batch: 260 | Loss: 6.587 | Acc: 34.483,52.302,62.874,79.705,83.702,85.013,84.824,84.668,%
Batch: 280 | Loss: 6.590 | Acc: 34.467,52.374,62.967,79.662,83.613,84.953,84.781,84.614,%
Batch: 300 | Loss: 6.599 | Acc: 34.536,52.307,62.910,79.597,83.503,84.816,84.681,84.533,%
Batch: 320 | Loss: 6.581 | Acc: 34.628,52.405,62.938,79.688,83.596,84.901,84.757,84.623,%
Batch: 340 | Loss: 6.568 | Acc: 34.671,52.536,63.015,79.729,83.607,84.911,84.760,84.622,%
Batch: 360 | Loss: 6.566 | Acc: 34.730,52.597,63.056,79.770,83.646,84.933,84.793,84.641,%
Batch: 380 | Loss: 6.553 | Acc: 34.664,52.709,63.132,79.839,83.709,84.953,84.802,84.637,%
Batch: 0 | Loss: 7.458 | Acc: 30.000,50.000,50.000,60.000,70.000,90.000,90.000,90.000,%
Batch: 20 | Loss: 6.644 | Acc: 32.857,49.524,55.238,76.667,84.762,88.095,90.476,90.000,%
Batch: 40 | Loss: 6.672 | Acc: 35.366,51.220,57.805,77.073,83.659,86.098,87.805,87.561,%
Batch: 60 | Loss: 6.618 | Acc: 34.754,49.508,58.197,78.197,83.770,86.230,87.377,87.377,%
Batch: 80 | Loss: 6.866 | Acc: 32.469,49.630,57.778,77.284,82.469,85.185,85.802,85.926,%
Batch: 100 | Loss: 6.896 | Acc: 32.376,50.000,57.822,77.030,82.079,84.851,85.248,85.149,%
Batch: 120 | Loss: 6.994 | Acc: 32.397,49.256,57.603,76.364,81.405,84.628,84.959,84.711,%
Batch: 140 | Loss: 6.922 | Acc: 32.128,49.220,57.518,76.809,81.773,84.681,84.894,84.610,%
Batch: 160 | Loss: 6.921 | Acc: 31.491,49.441,58.012,76.522,81.801,84.658,84.596,84.534,%
Batch: 180 | Loss: 6.863 | Acc: 31.602,50.221,58.785,77.017,81.989,84.862,84.696,84.696,%
Batch: 200 | Loss: 6.880 | Acc: 31.443,50.597,59.005,76.915,81.841,84.677,84.627,84.627,%
Batch: 220 | Loss: 6.862 | Acc: 31.946,50.950,59.095,76.923,81.719,84.615,84.661,84.615,%
Batch: 240 | Loss: 6.927 | Acc: 31.784,50.830,59.046,76.639,81.494,84.357,84.440,84.398,%
Batch: 260 | Loss: 6.974 | Acc: 31.762,51.149,58.927,76.360,81.379,84.061,84.138,84.176,%
Batch: 280 | Loss: 6.935 | Acc: 31.851,51.139,59.324,76.726,81.495,84.306,84.484,84.413,%
Batch: 300 | Loss: 6.891 | Acc: 31.694,51.395,59.635,77.043,81.827,84.618,84.718,84.684,%
Batch: 320 | Loss: 6.896 | Acc: 31.682,51.589,59.813,76.978,81.776,84.393,84.455,84.424,%
Batch: 340 | Loss: 6.896 | Acc: 31.701,51.642,59.853,76.891,81.584,84.340,84.428,84.399,%
Batch: 360 | Loss: 6.927 | Acc: 32.022,51.828,59.861,76.787,81.357,84.127,84.266,84.238,%
Batch: 380 | Loss: 6.945 | Acc: 32.126,51.601,59.685,76.404,81.207,83.937,84.068,83.937,%
Batch: 400 | Loss: 6.932 | Acc: 31.771,51.596,59.975,76.434,81.247,83.915,84.065,83.965,%
Batch: 420 | Loss: 6.938 | Acc: 31.900,51.686,60.024,76.342,81.164,83.682,83.895,83.824,%
Batch: 440 | Loss: 6.887 | Acc: 32.018,51.927,60.408,76.667,81.587,83.991,84.195,84.150,%
Batch: 460 | Loss: 6.861 | Acc: 32.061,51.822,60.564,76.833,81.627,84.165,84.403,84.338,%
Batch: 480 | Loss: 6.871 | Acc: 32.183,51.954,60.894,77.006,81.746,84.262,84.428,84.345,%
Batch: 500 | Loss: 6.854 | Acc: 32.156,51.876,61.058,77.126,81.816,84.271,84.451,84.371,%
Batch: 520 | Loss: 6.882 | Acc: 32.111,51.939,61.113,76.948,81.574,84.069,84.280,84.223,%
Batch: 540 | Loss: 6.892 | Acc: 32.181,51.811,60.887,76.895,81.460,83.900,84.159,84.104,%
Batch: 560 | Loss: 6.923 | Acc: 31.961,51.711,60.927,76.881,81.426,83.797,84.029,84.011,%
Batch: 580 | Loss: 6.898 | Acc: 31.962,51.842,61.136,76.919,81.497,83.890,84.148,84.131,%
Batch: 600 | Loss: 6.919 | Acc: 31.880,51.764,61.015,76.772,81.381,83.694,83.960,83.977,%
Batch: 620 | Loss: 6.917 | Acc: 31.997,51.610,60.853,76.715,81.369,83.720,83.977,83.994,%
Batch: 640 | Loss: 6.902 | Acc: 32.075,51.529,60.827,76.880,81.482,83.807,84.119,84.119,%
Batch: 660 | Loss: 6.907 | Acc: 32.088,51.604,60.862,76.884,81.528,83.797,84.070,84.085,%
Batch: 680 | Loss: 6.906 | Acc: 32.217,51.557,60.749,76.887,81.527,83.847,84.112,84.141,%
Batch: 700 | Loss: 6.937 | Acc: 32.183,51.469,60.571,76.633,81.255,83.638,83.909,83.966,%
Batch: 720 | Loss: 6.922 | Acc: 32.302,51.484,60.638,76.741,81.373,83.689,83.925,83.967,%
Batch: 740 | Loss: 6.892 | Acc: 32.267,51.565,60.837,76.896,81.498,83.779,83.995,84.049,%
Batch: 760 | Loss: 6.890 | Acc: 32.326,51.564,60.920,76.938,81.603,83.850,84.047,84.074,%
Batch: 780 | Loss: 6.883 | Acc: 32.458,51.665,60.922,76.889,81.524,83.803,83.995,84.033,%
Batch: 800 | Loss: 6.896 | Acc: 32.472,51.586,60.924,76.841,81.511,83.770,83.933,83.970,%
Batch: 820 | Loss: 6.883 | Acc: 32.424,51.437,60.865,76.931,81.705,83.861,83.971,84.044,%
Batch: 840 | Loss: 6.883 | Acc: 32.295,51.320,60.725,76.944,81.712,83.900,83.995,84.090,%
Batch: 860 | Loss: 6.897 | Acc: 32.207,51.231,60.674,76.887,81.638,83.856,83.949,84.053,%
Batch: 880 | Loss: 6.910 | Acc: 32.100,51.101,60.522,76.856,81.600,83.791,83.905,83.995,%
Batch: 900 | Loss: 6.904 | Acc: 32.220,51.199,60.544,76.870,81.620,83.796,83.907,83.996,%
Batch: 920 | Loss: 6.883 | Acc: 32.226,51.260,60.662,76.960,81.737,83.844,83.920,84.028,%
Batch: 940 | Loss: 6.883 | Acc: 32.253,51.254,60.701,76.971,81.690,83.847,83.943,84.028,%
Batch: 960 | Loss: 6.886 | Acc: 32.258,51.217,60.780,76.889,81.582,83.694,83.788,83.892,%
Batch: 980 | Loss: 6.884 | Acc: 32.243,51.182,60.775,76.820,81.539,83.710,83.863,83.976,%

Epoch: 7
Batch: 0 | Loss: 6.344 | Acc: 29.688,47.656,62.500,82.812,86.719,87.500,88.281,87.500,%
Batch: 20 | Loss: 6.256 | Acc: 35.193,55.580,65.290,82.292,85.975,87.277,87.240,86.942,%
Batch: 40 | Loss: 6.329 | Acc: 34.623,54.688,64.558,81.784,85.366,86.776,86.662,86.509,%
Batch: 60 | Loss: 6.338 | Acc: 34.503,53.932,64.395,81.416,85.105,86.603,86.475,86.373,%
Batch: 80 | Loss: 6.272 | Acc: 34.452,54.263,64.892,81.838,85.359,86.709,86.622,86.574,%
Batch: 100 | Loss: 6.283 | Acc: 34.584,53.991,64.480,81.590,85.226,86.487,86.433,86.417,%
Batch: 120 | Loss: 6.241 | Acc: 34.698,54.326,64.941,81.734,85.260,86.467,86.441,86.396,%
Batch: 140 | Loss: 6.282 | Acc: 34.702,54.277,64.805,81.538,85.023,86.281,86.220,86.154,%
Batch: 160 | Loss: 6.289 | Acc: 34.812,54.348,64.742,81.580,84.918,86.093,86.069,85.971,%
Batch: 180 | Loss: 6.285 | Acc: 35.014,54.420,64.693,81.630,84.962,86.089,86.041,85.916,%
Batch: 200 | Loss: 6.292 | Acc: 35.145,54.291,64.599,81.635,84.942,86.066,86.011,85.852,%
Batch: 220 | Loss: 6.296 | Acc: 35.068,54.345,64.628,81.706,84.976,86.111,86.065,85.888,%
Batch: 240 | Loss: 6.290 | Acc: 35.072,54.292,64.691,81.730,84.984,86.100,86.067,85.889,%
Batch: 260 | Loss: 6.287 | Acc: 35.234,54.355,64.745,81.726,84.980,86.075,86.018,85.839,%
Batch: 280 | Loss: 6.289 | Acc: 35.184,54.301,64.705,81.659,84.892,86.029,85.979,85.782,%
Batch: 300 | Loss: 6.284 | Acc: 35.346,54.353,64.743,81.663,84.889,86.034,85.971,85.764,%
Batch: 320 | Loss: 6.283 | Acc: 35.412,54.322,64.783,81.686,84.952,86.069,86.006,85.816,%
Batch: 340 | Loss: 6.299 | Acc: 35.328,54.211,64.695,81.557,84.925,86.015,85.933,85.757,%
Batch: 360 | Loss: 6.287 | Acc: 35.379,54.287,64.716,81.549,84.946,86.072,85.961,85.771,%
Batch: 380 | Loss: 6.281 | Acc: 35.390,54.308,64.782,81.537,84.990,86.052,85.964,85.747,%
Batch: 0 | Loss: 6.176 | Acc: 30.000,50.000,50.000,70.000,80.000,90.000,80.000,80.000,%
Batch: 20 | Loss: 6.372 | Acc: 33.333,48.095,56.667,81.429,84.762,88.571,88.095,87.619,%
Batch: 40 | Loss: 6.672 | Acc: 33.415,50.488,56.829,78.537,82.439,83.902,83.902,82.439,%
Batch: 60 | Loss: 6.567 | Acc: 35.082,50.984,57.213,79.344,82.951,84.426,83.770,82.787,%
Batch: 80 | Loss: 6.821 | Acc: 33.951,52.099,57.407,78.765,82.593,84.444,83.827,82.840,%
Batch: 100 | Loss: 6.921 | Acc: 34.257,51.386,57.525,77.624,81.980,84.158,83.564,82.673,%
Batch: 120 | Loss: 6.944 | Acc: 34.050,51.240,58.760,77.769,81.322,83.802,83.306,82.397,%
Batch: 140 | Loss: 6.932 | Acc: 33.972,51.135,58.652,78.085,81.348,83.617,83.050,82.482,%
Batch: 160 | Loss: 6.958 | Acc: 33.354,51.801,58.882,77.764,81.615,83.665,83.106,82.671,%
Batch: 180 | Loss: 6.932 | Acc: 33.702,52.597,59.503,77.624,81.547,83.867,83.149,82.762,%
Batch: 200 | Loss: 6.933 | Acc: 33.682,52.637,59.801,77.512,81.343,83.483,82.935,82.736,%
Batch: 220 | Loss: 6.941 | Acc: 34.072,52.534,59.910,77.376,81.357,83.348,82.760,82.489,%
Batch: 240 | Loss: 6.975 | Acc: 33.776,52.158,59.585,77.261,81.037,83.029,82.573,82.282,%
Batch: 260 | Loss: 7.015 | Acc: 33.678,51.992,59.349,76.935,81.034,83.027,82.567,82.261,%
Batch: 280 | Loss: 6.979 | Acc: 33.594,52.278,59.786,77.260,81.423,83.310,82.883,82.598,%
Batch: 300 | Loss: 6.905 | Acc: 33.522,52.724,60.399,77.542,81.728,83.787,83.355,83.123,%
Batch: 320 | Loss: 6.924 | Acc: 33.645,52.741,60.125,77.290,81.215,83.333,83.022,82.773,%
Batch: 340 | Loss: 6.909 | Acc: 33.695,52.786,59.883,77.331,81.290,83.284,82.962,82.698,%
Batch: 360 | Loss: 6.926 | Acc: 33.934,52.881,59.723,77.396,81.191,83.296,82.936,82.715,%
Batch: 380 | Loss: 6.932 | Acc: 33.806,52.598,59.396,77.349,81.129,83.176,82.835,82.625,%
Batch: 400 | Loss: 6.915 | Acc: 33.566,52.718,59.352,77.581,81.322,83.292,83.042,82.818,%
Batch: 420 | Loss: 6.918 | Acc: 33.705,52.945,59.501,77.625,81.330,83.349,83.064,82.850,%
Batch: 440 | Loss: 6.871 | Acc: 33.855,53.197,59.773,77.846,81.565,83.560,83.333,83.084,%
Batch: 460 | Loss: 6.854 | Acc: 34.056,53.189,59.740,77.852,81.627,83.514,83.275,83.059,%
Batch: 480 | Loss: 6.843 | Acc: 34.200,53.243,59.834,77.983,81.705,83.493,83.285,83.056,%
Batch: 500 | Loss: 6.838 | Acc: 34.212,53.353,59.880,77.984,81.617,83.373,83.134,82.954,%
Batch: 520 | Loss: 6.844 | Acc: 34.127,53.340,60.019,78.100,81.536,83.340,83.109,82.917,%
Batch: 540 | Loss: 6.823 | Acc: 34.159,53.253,60.148,78.299,81.590,83.420,83.235,83.031,%
Batch: 560 | Loss: 6.855 | Acc: 33.993,53.280,60.089,78.182,81.551,83.387,83.155,82.977,%
Batch: 580 | Loss: 6.835 | Acc: 34.045,53.477,60.413,78.313,81.618,83.408,83.167,82.978,%
Batch: 600 | Loss: 6.864 | Acc: 34.126,53.444,60.183,78.303,81.581,83.344,83.095,82.912,%
Batch: 620 | Loss: 6.877 | Acc: 34.074,53.172,60.032,78.261,81.546,83.221,82.979,82.770,%
Batch: 640 | Loss: 6.868 | Acc: 34.041,53.058,59.922,78.222,81.654,83.339,83.105,82.902,%
Batch: 660 | Loss: 6.863 | Acc: 34.009,53.011,60.091,78.245,81.664,83.374,83.162,82.965,%
Batch: 680 | Loss: 6.858 | Acc: 34.053,52.893,60.015,78.326,81.689,83.451,83.275,83.113,%
Batch: 700 | Loss: 6.883 | Acc: 34.123,52.853,59.857,78.203,81.427,83.181,83.039,82.867,%
Batch: 720 | Loss: 6.857 | Acc: 34.272,52.940,60.125,78.322,81.567,83.315,83.162,82.996,%
Batch: 740 | Loss: 6.825 | Acc: 34.291,53.063,60.297,78.421,81.646,83.414,83.306,83.131,%
Batch: 760 | Loss: 6.825 | Acc: 34.323,53.075,60.250,78.397,81.682,83.351,83.246,83.049,%
Batch: 780 | Loss: 6.831 | Acc: 34.430,53.163,60.282,78.399,81.639,83.355,83.252,83.035,%
Batch: 800 | Loss: 6.836 | Acc: 34.320,53.134,60.350,78.315,81.561,83.308,83.258,83.046,%
Batch: 820 | Loss: 6.830 | Acc: 34.312,53.191,60.305,78.246,81.559,83.337,83.325,83.094,%
Batch: 840 | Loss: 6.842 | Acc: 34.150,53.199,60.190,78.133,81.415,83.294,83.329,83.068,%
Batch: 860 | Loss: 6.859 | Acc: 34.100,53.240,60.209,78.072,81.312,83.194,83.252,82.985,%
Batch: 880 | Loss: 6.868 | Acc: 34.098,53.190,60.102,77.980,81.305,83.190,83.235,82.974,%
Batch: 900 | Loss: 6.860 | Acc: 34.151,53.130,60.211,78.002,81.387,83.263,83.341,83.085,%
Batch: 920 | Loss: 6.845 | Acc: 34.126,53.192,60.250,78.056,81.455,83.312,83.420,83.181,%
Batch: 940 | Loss: 6.848 | Acc: 34.081,53.124,60.244,78.045,81.435,83.358,83.486,83.209,%
Batch: 960 | Loss: 6.846 | Acc: 33.996,53.143,60.323,78.054,81.446,83.371,83.496,83.215,%
Batch: 980 | Loss: 6.845 | Acc: 33.935,53.058,60.265,77.992,81.386,83.405,83.496,83.221,%

Epoch: 8
Batch: 0 | Loss: 6.147 | Acc: 43.750,61.719,66.406,82.812,82.812,87.500,89.062,87.500,%
Batch: 20 | Loss: 6.107 | Acc: 36.161,54.688,65.104,82.887,86.458,87.202,87.091,87.202,%
Batch: 40 | Loss: 6.053 | Acc: 36.509,55.545,66.006,82.774,86.433,87.309,87.309,87.290,%
Batch: 60 | Loss: 6.020 | Acc: 35.835,55.494,65.817,82.544,86.296,87.449,87.193,87.180,%
Batch: 80 | Loss: 6.030 | Acc: 35.243,55.218,65.953,82.668,86.468,87.568,87.240,87.172,%
Batch: 100 | Loss: 6.051 | Acc: 35.435,55.616,66.360,82.573,86.270,87.361,86.951,86.858,%
Batch: 120 | Loss: 6.090 | Acc: 35.473,55.249,66.019,82.302,85.963,87.248,86.900,86.719,%
Batch: 140 | Loss: 6.079 | Acc: 35.588,55.214,65.952,82.225,86.004,87.251,86.863,86.708,%
Batch: 160 | Loss: 6.075 | Acc: 35.622,55.168,65.809,82.313,86.098,87.316,86.908,86.777,%
Batch: 180 | Loss: 6.073 | Acc: 35.549,55.106,65.772,82.364,86.084,87.280,86.935,86.809,%
Batch: 200 | Loss: 6.041 | Acc: 35.836,55.453,66.111,82.599,86.182,87.368,87.072,86.952,%
Batch: 220 | Loss: 6.031 | Acc: 36.114,55.561,66.205,82.675,86.185,87.352,87.118,86.984,%
Batch: 240 | Loss: 6.040 | Acc: 36.194,55.524,66.176,82.699,86.122,87.273,87.040,86.910,%
Batch: 260 | Loss: 6.035 | Acc: 36.084,55.627,66.278,82.699,86.075,87.276,87.057,86.907,%
Batch: 280 | Loss: 6.030 | Acc: 36.035,55.791,66.345,82.693,86.043,87.261,87.080,86.908,%
Batch: 300 | Loss: 6.029 | Acc: 35.992,55.798,66.331,82.735,86.023,87.256,87.077,86.913,%
Batch: 320 | Loss: 6.018 | Acc: 35.899,55.912,66.411,82.783,86.098,87.283,87.115,86.940,%
Batch: 340 | Loss: 6.016 | Acc: 35.915,55.966,66.406,82.746,86.082,87.280,87.085,86.907,%
Batch: 360 | Loss: 6.024 | Acc: 35.864,55.886,66.298,82.713,86.080,87.275,87.069,86.892,%
Batch: 380 | Loss: 6.029 | Acc: 35.870,55.754,66.238,82.685,86.081,87.252,87.067,86.887,%
Batch: 0 | Loss: 5.287 | Acc: 40.000,50.000,50.000,90.000,80.000,90.000,90.000,90.000,%
Batch: 20 | Loss: 6.364 | Acc: 32.381,50.476,57.619,80.476,83.810,85.714,87.143,87.143,%
Batch: 40 | Loss: 6.471 | Acc: 32.927,53.659,59.756,79.024,82.683,85.122,85.610,84.634,%
Batch: 60 | Loss: 6.470 | Acc: 30.820,55.410,61.967,79.180,82.623,84.754,85.410,84.754,%
Batch: 80 | Loss: 6.830 | Acc: 30.123,54.568,61.358,77.778,81.111,83.951,84.321,83.951,%
Batch: 100 | Loss: 6.836 | Acc: 30.099,54.257,61.485,78.317,81.584,84.257,84.554,84.158,%
Batch: 120 | Loss: 6.932 | Acc: 30.165,53.636,61.983,78.017,81.157,83.884,83.884,83.388,%
Batch: 140 | Loss: 6.925 | Acc: 30.142,53.262,61.915,77.447,80.567,83.262,83.546,83.050,%
Batch: 160 | Loss: 6.950 | Acc: 30.000,53.602,62.547,77.391,80.497,83.168,83.354,82.795,%
Batch: 180 | Loss: 6.877 | Acc: 30.884,54.365,62.928,77.680,80.773,83.204,83.315,82.762,%
Batch: 200 | Loss: 6.889 | Acc: 30.746,54.975,63.085,77.463,80.846,83.134,83.284,82.687,%
Batch: 220 | Loss: 6.885 | Acc: 31.041,54.977,63.077,77.466,80.950,83.032,83.167,82.579,%
Batch: 240 | Loss: 6.913 | Acc: 31.079,54.772,63.112,77.552,80.996,82.988,83.112,82.614,%
Batch: 260 | Loss: 6.926 | Acc: 31.494,54.866,63.065,77.625,81.034,83.027,83.103,82.605,%
Batch: 280 | Loss: 6.900 | Acc: 31.530,54.947,63.452,78.043,81.317,83.203,83.238,82.811,%
Batch: 300 | Loss: 6.849 | Acc: 31.462,55.349,64.020,78.405,81.595,83.488,83.555,83.156,%
Batch: 320 | Loss: 6.857 | Acc: 31.215,55.639,64.268,78.380,81.620,83.458,83.551,83.115,%
Batch: 340 | Loss: 6.851 | Acc: 31.056,55.572,64.194,78.446,81.584,83.490,83.490,83.050,%
Batch: 360 | Loss: 6.840 | Acc: 31.247,55.402,64.238,78.421,81.607,83.629,83.573,83.158,%
Batch: 380 | Loss: 6.860 | Acc: 31.286,55.039,64.042,78.451,81.339,83.360,83.255,82.887,%
Batch: 400 | Loss: 6.842 | Acc: 31.097,55.112,64.389,78.429,81.347,83.441,83.367,82.993,%
Batch: 420 | Loss: 6.866 | Acc: 31.306,55.202,64.489,78.409,81.306,83.325,83.230,82.827,%
Batch: 440 | Loss: 6.833 | Acc: 31.497,55.510,64.626,78.730,81.497,83.447,83.356,82.948,%
Batch: 460 | Loss: 6.810 | Acc: 31.800,55.488,64.685,78.829,81.367,83.449,83.297,82.907,%
Batch: 480 | Loss: 6.805 | Acc: 31.767,55.634,65.010,78.981,81.559,83.514,83.389,82.973,%
Batch: 500 | Loss: 6.807 | Acc: 31.717,55.649,65.150,78.882,81.517,83.473,83.373,82.994,%
Batch: 520 | Loss: 6.805 | Acc: 31.593,55.681,65.240,78.772,81.497,83.378,83.301,82.917,%
Batch: 540 | Loss: 6.803 | Acc: 31.793,55.471,65.305,78.835,81.423,83.327,83.253,82.884,%
Batch: 560 | Loss: 6.835 | Acc: 31.676,55.455,65.169,78.752,81.373,83.280,83.244,82.870,%
Batch: 580 | Loss: 6.822 | Acc: 31.687,55.525,65.318,78.812,81.394,83.253,83.201,82.806,%
Batch: 600 | Loss: 6.844 | Acc: 31.681,55.541,65.158,78.735,81.314,83.128,83.095,82.745,%
Batch: 620 | Loss: 6.855 | Acc: 31.691,55.362,64.847,78.712,81.320,83.108,83.092,82.770,%
Batch: 640 | Loss: 6.844 | Acc: 31.778,55.179,64.711,78.768,81.342,83.167,83.167,82.871,%
Batch: 660 | Loss: 6.838 | Acc: 31.831,55.174,64.705,78.835,81.346,83.177,83.177,82.890,%
Batch: 680 | Loss: 6.837 | Acc: 31.850,55.007,64.655,78.899,81.336,83.186,83.216,82.922,%
Batch: 700 | Loss: 6.866 | Acc: 31.740,54.922,64.579,78.773,81.127,82.996,82.996,82.739,%
Batch: 720 | Loss: 6.847 | Acc: 31.845,55.007,64.785,78.932,81.207,83.065,83.010,82.760,%
Batch: 740 | Loss: 6.826 | Acc: 31.862,55.034,64.939,79.001,81.282,83.131,83.104,82.834,%
Batch: 760 | Loss: 6.827 | Acc: 31.932,54.980,64.862,78.975,81.314,83.193,83.154,82.891,%
Batch: 780 | Loss: 6.823 | Acc: 32.138,54.981,64.930,78.988,81.280,83.150,83.099,82.855,%
Batch: 800 | Loss: 6.818 | Acc: 32.247,55.069,65.069,79.026,81.361,83.171,83.109,82.884,%
Batch: 820 | Loss: 6.812 | Acc: 32.217,55.091,65.152,79.086,81.376,83.179,83.118,82.899,%
Batch: 840 | Loss: 6.824 | Acc: 32.021,54.863,64.970,79.025,81.284,83.175,83.092,82.854,%
Batch: 860 | Loss: 6.846 | Acc: 31.998,54.890,64.913,78.943,81.196,83.078,82.985,82.787,%
Batch: 880 | Loss: 6.858 | Acc: 32.009,54.858,64.847,78.888,81.112,83.042,82.963,82.758,%
Batch: 900 | Loss: 6.858 | Acc: 32.120,54.950,64.850,78.923,81.099,82.986,82.930,82.730,%
Batch: 920 | Loss: 6.834 | Acc: 32.161,54.973,64.984,79.055,81.216,83.105,83.029,82.845,%
Batch: 940 | Loss: 6.843 | Acc: 32.083,54.920,64.899,78.969,81.158,83.061,82.976,82.806,%
Batch: 960 | Loss: 6.832 | Acc: 31.998,54.964,64.943,78.980,81.155,83.091,82.997,82.830,%
Batch: 980 | Loss: 6.829 | Acc: 31.937,55.036,65.036,78.970,81.162,83.099,83.007,82.844,%

Epoch: 9
Batch: 0 | Loss: 6.468 | Acc: 30.469,50.000,63.281,81.250,84.375,84.375,84.375,84.375,%
Batch: 20 | Loss: 5.795 | Acc: 36.458,56.324,66.629,84.189,87.128,88.207,88.207,88.356,%
Batch: 40 | Loss: 5.896 | Acc: 35.652,56.479,66.711,83.956,87.005,88.091,88.167,88.243,%
Batch: 60 | Loss: 5.808 | Acc: 36.373,56.737,67.341,84.273,87.103,88.256,88.166,88.256,%
Batch: 80 | Loss: 5.826 | Acc: 35.995,56.954,67.197,83.960,87.018,88.194,88.108,88.079,%
Batch: 100 | Loss: 5.793 | Acc: 35.961,56.846,67.218,84.135,87.206,88.405,88.274,88.142,%
Batch: 120 | Loss: 5.809 | Acc: 35.744,56.573,66.962,84.026,87.151,88.230,88.107,87.984,%
Batch: 140 | Loss: 5.828 | Acc: 35.854,56.389,66.888,83.943,87.084,88.198,88.037,87.977,%
Batch: 160 | Loss: 5.832 | Acc: 35.962,56.633,67.042,83.701,86.855,88.082,87.854,87.772,%
Traceback (most recent call last):
  File "main.py", line 215, in <module>
    main_cifar(args)
  File "main.py", line 207, in main_cifar
    train(epoch)
  File "main.py", line 105, in train
    train_loss += to_python_float(loss.data)
  File "main.py", line 73, in to_python_float
    return t.item()
KeyboardInterrupt
